Depth  Name                                                          #Inst  Area (um^2) 
----------------------------------------------------------------------------------------
0      core_adapter                                                  25200  49864.36    
1      my_fpu_double                                                 24686  48622.938   
2      my_fpu_double/i_fpu_round                                     966    1941.534    
2      my_fpu_double/i_fpu_add                                       2616   5542.642    
2      my_fpu_double/add_274                                         7      15.428      
2      my_fpu_double/i_fpu_mul                                       14934  28392.308   
2      my_fpu_double/i_fpu_exceptions                                1526   3771.88     
2      my_fpu_double/i_fpu_sub                                       3535   6592.544    
3      my_fpu_double/i_fpu_mul/mult_220                              431    833.378     
3      my_fpu_double/i_fpu_mul/add_224                               41     147.364     
3      my_fpu_double/i_fpu_add/add_168                               101    247.38      
3      my_fpu_double/i_fpu_mul/add_230                               57     147.63      
3      my_fpu_double/i_fpu_mul/mult_215                              1075   1767.304    
3      my_fpu_double/i_fpu_mul/mult_217                              554    1079.428    
3      my_fpu_double/i_fpu_mul/add_227                               45     150.822     
3      my_fpu_double/i_fpu_sub/lte_gte_156                           201    175.028     
3      my_fpu_double/i_fpu_round/add_108                             211    182.476     
3      my_fpu_double/i_fpu_mul/sub_188                               42     36.708      
3      my_fpu_double/i_fpu_add/sub_0_root_sub_0_root_sub_159_2       14     46.018      
3      my_fpu_double/i_fpu_mul/mult_213                              931    1678.726    
3      my_fpu_double/i_fpu_mul/mult_222                              471    916.104     
3      my_fpu_double/i_fpu_mul/mult_219                              604    1182.902    
3      my_fpu_double/i_fpu_mul/add_225                               89     161.728     
3      my_fpu_double/i_fpu_add/add_176                               11     26.068      
3      my_fpu_double/i_fpu_mul/add_231                               65     121.03      
3      my_fpu_double/i_fpu_mul/add_0_root_add_1_root_add_181_3_ni    16     48.146      
3      my_fpu_double/i_fpu_mul/add_228                               33     113.316     
3      my_fpu_double/i_fpu_sub/sub_200                               163    281.162     
3      my_fpu_double/i_fpu_sub/sub_1_root_sub_191_2                  23     53.2        
3      my_fpu_double/i_fpu_mul/mult_216                              98     151.354     
3      my_fpu_double/i_fpu_round/add_111                             12     28.728      
3      my_fpu_double/i_fpu_mul/mult_221                              431    833.112     
3      my_fpu_double/i_fpu_mul/add_223                               95     160.132     
3      my_fpu_double/i_fpu_mul/add_229                               56     116.242     
3      my_fpu_double/i_fpu_add/add_1_root_sub_0_root_sub_159_2       31     30.856      
3      my_fpu_double/i_fpu_mul/mult_214                              1075   1767.304    
3      my_fpu_double/i_fpu_mul/mult_218                              554    1078.896    
3      my_fpu_double/i_fpu_mul/add_226                               56     143.374     
3      my_fpu_double/i_fpu_add/add_182                               11     26.068      
3      my_fpu_double/i_fpu_mul/add_1_root_add_1_root_add_181_3_ni    41     38.836      
