Checking routing tracks.....
Checking other grids.....
Checking FINFET Grid is on Manufacture Grid.....

Checking core/die box is on Grid.....

Checking snap rule ......

Checking Row is on grid......

Checking AreaIO row.....
Checking routing blockage.....
Checking components.....
Checking constraints (guide/region/fence).....
Checking groups.....

Checking Preroutes.....
No. of regular pre-routes not on tracks : 0 

Reporting Utilizations.....

Core utilization  = 99.719888
Effective Utilizations
Average module density = 1.000.
Density for the design = 1.000.
       = stdcell_area 234248 sites (62310 um^2) / alloc_area 234248 sites (62310 um^2).
Pin Density = 0.4044.
            = total # of pins 94740 / total area 234248.
