###############################################################
#  Generated by:      Cadence Innovus 18.10-p002_1
#  OS:                Linux x86_64(Host ID ensc-esil-03)
#  Generated on:      Sun Apr 18 22:28:40 2021
#  Design:            ensc450
#  Command:           report_timing -net -format {instance arc cell slew net annotation load delay arrival} -max_paths 10 > results/timing/04-place.setup.rpt
###############################################################
Path 1: MET Setup Check with Pin my_core_adapter/clk 
Endpoint:   my_core_adapter/addr_in[31] (v) checked with  leading edge of 'CLK'
Beginpoint: EXT_BUSY                    (^) triggered by  leading edge of 'CLK'
Path Groups: {CLK}
Analysis View: ensc450_av
Other End Arrival Time          0.000
- Setup                         7.116
+ Phase Shift                  12.000
= Required Time                 4.884
- Arrival Time                  4.002
= Slack Time                    0.882
     Clock Rise Edge                      0.000
     + Input Delay                        0.800
     = Beginpoint Arrival Time            0.800
     +-------------------------------------------------------------------------------------------------------------------+ 
     |    Instance     |     Arc      |     Cell     |  Slew |       Net        |    Arc     |  Load   | Delay | Arrival | 
     |                 |              |              |       |                  | Annotation |         |       |  Time   | 
     |-----------------+--------------+--------------+-------+------------------+------------+---------+-------+---------| 
     |                 | EXT_BUSY ^   |              | 0.002 | EXT_BUSY         |       SPEF |  26.691 |       |   0.800 | 
     | My_bus/U624     |              | AOI22_X1     | 0.006 | EXT_BUSY         |       SPEF |  26.691 | 0.006 |   0.806 | 
     | My_bus/U624     | B1 ^ -> ZN v | AOI22_X1     | 0.054 | My_bus/n302      |            |   3.186 | 0.044 |   0.851 | 
     | My_bus/U623     |              | NOR3_X1      | 0.054 | My_bus/n302      |       SPEF |   3.186 | 0.000 |   0.851 | 
     | My_bus/U623     | A3 v -> ZN ^ | NOR3_X1      | 0.340 | My_bus/n96       |            |  10.428 | 0.473 |   1.324 | 
     | My_bus/U616     |              | AOI211_X1    | 0.340 | My_bus/n96       |       SPEF |  10.428 | 0.000 |   1.324 | 
     | My_bus/U616     | A ^ -> ZN v  | AOI211_X1    | 0.085 | My_bus/n4        |            |   3.292 | 0.118 |   1.442 | 
     | My_bus/U615     |              | INV_X1       | 0.085 | My_bus/n4        |       SPEF |   3.292 | 0.000 |   1.442 | 
     | My_bus/U615     | A v -> ZN ^  | INV_X1       | 0.282 | My_bus/n55       |            |  35.034 | 0.350 |   1.793 | 
     | My_bus/U22      |              | NOR2_X4      | 0.283 | My_bus/n55       |       SPEF |  35.034 | 0.003 |   1.796 | 
     | My_bus/U22      | A2 ^ -> ZN v | NOR2_X4      | 0.101 | My_bus/n95       |            |  68.463 | 0.166 |   1.962 | 
     | My_bus/U21      |              | INV_X2       | 0.101 | My_bus/n95       |       SPEF |  68.463 | 0.000 |   1.962 | 
     | My_bus/U21      | A v -> ZN ^  | INV_X2       | 0.047 | My_bus/n296      |            |   6.294 | 0.099 |   2.061 | 
     | My_bus/U19      |              | OAI21_X4     | 0.047 | My_bus/n296      |       SPEF |   6.294 | 0.000 |   2.061 | 
     | My_bus/U19      | A ^ -> ZN v  | OAI21_X4     | 0.140 | My_bus/n98       |            |  73.125 | 0.121 |   2.182 | 
     | My_bus/U568     |              | AOI22_X1     | 0.143 | My_bus/n98       |       SPEF |  73.125 | 0.034 |   2.216 | 
     | My_bus/U568     | B2 v -> ZN ^ | AOI22_X1     | 0.522 | My_bus/n62       |            |  26.333 | 0.704 |   2.921 | 
     | My_bus/U566     |              | NAND4_X1     | 0.522 | My_bus/n62       |       SPEF |  26.333 | 0.004 |   2.924 | 
     | My_bus/U566     | A3 ^ -> ZN v | NAND4_X1     | 0.161 | My_bus/n285      |            |   5.586 | 0.249 |   3.173 | 
     | My_bus/U564     |              | NOR4_X1      | 0.161 | My_bus/n285      |       SPEF |   5.586 | 0.000 |   3.174 | 
     | My_bus/U564     | A1 v -> ZN ^ | NOR4_X1      | 0.179 | My_bus/n284      |            |   2.076 | 0.263 |   3.437 | 
     | My_bus/U563     |              | NAND4_X1     | 0.179 | My_bus/n284      |       SPEF |   2.076 | 0.000 |   3.437 | 
     | My_bus/U563     | A4 ^ -> ZN v | NAND4_X1     | 0.079 | My_bus/n262      |            |   5.354 | 0.168 |   3.605 | 
     | My_bus/U17      |              | NAND2_X2     | 0.079 | My_bus/n262      |       SPEF |   5.354 | 0.000 |   3.605 | 
     | My_bus/U17      | A2 v -> ZN ^ | NAND2_X2     | 0.054 | My_bus/n260      |            |   8.251 | 0.110 |   3.715 | 
     | My_bus/U16      |              | NOR2_X2      | 0.054 | My_bus/n260      |       SPEF |   8.251 | 0.000 |   3.716 | 
     | My_bus/U16      | A1 ^ -> ZN v | NOR2_X2      | 0.033 | YOUR_ADDRBUS[29] |            |  21.348 | 0.064 |   3.779 | 
     | My_bus/U23      |              | INV_X8       | 0.033 | YOUR_ADDRBUS[29] |       SPEF |  21.348 | 0.003 |   3.782 | 
     | My_bus/U23      | A v -> ZN ^  | INV_X8       | 0.137 | My_bus/n90       |            | 122.556 | 0.150 |   3.932 | 
     | My_bus/U208     |              | NOR2_X1      | 0.137 | My_bus/n90       |       SPEF | 122.556 | 0.002 |   3.934 | 
     | My_bus/U208     | A2 ^ -> ZN v | NOR2_X1      | 0.084 | YOUR_ADDRBUS[31] |            |   3.721 | 0.068 |   4.002 | 
     | my_core_adapter |              | core_adapter | 0.084 | YOUR_ADDRBUS[31] |       SPEF |   3.721 | 0.000 |   4.002 | 
     +-------------------------------------------------------------------------------------------------------------------+ 
Path 2: MET Setup Check with Pin my_core_adapter/clk 
Endpoint:   my_core_adapter/addr_in[30] (v) checked with  leading edge of 'CLK'
Beginpoint: EXT_BUSY                    (^) triggered by  leading edge of 'CLK'
Path Groups: {CLK}
Analysis View: ensc450_av
Other End Arrival Time          0.000
- Setup                         7.095
+ Phase Shift                  12.000
= Required Time                 4.905
- Arrival Time                  4.001
= Slack Time                    0.904
     Clock Rise Edge                      0.000
     + Input Delay                        0.800
     = Beginpoint Arrival Time            0.800
     +-------------------------------------------------------------------------------------------------------------------+ 
     |    Instance     |     Arc      |     Cell     |  Slew |       Net        |    Arc     |  Load   | Delay | Arrival | 
     |                 |              |              |       |                  | Annotation |         |       |  Time   | 
     |-----------------+--------------+--------------+-------+------------------+------------+---------+-------+---------| 
     |                 | EXT_BUSY ^   |              | 0.002 | EXT_BUSY         |       SPEF |  26.691 |       |   0.800 | 
     | My_bus/U624     |              | AOI22_X1     | 0.006 | EXT_BUSY         |       SPEF |  26.691 | 0.006 |   0.806 | 
     | My_bus/U624     | B1 ^ -> ZN v | AOI22_X1     | 0.054 | My_bus/n302      |            |   3.186 | 0.044 |   0.851 | 
     | My_bus/U623     |              | NOR3_X1      | 0.054 | My_bus/n302      |       SPEF |   3.186 | 0.000 |   0.851 | 
     | My_bus/U623     | A3 v -> ZN ^ | NOR3_X1      | 0.340 | My_bus/n96       |            |  10.428 | 0.473 |   1.324 | 
     | My_bus/U616     |              | AOI211_X1    | 0.340 | My_bus/n96       |       SPEF |  10.428 | 0.000 |   1.324 | 
     | My_bus/U616     | A ^ -> ZN v  | AOI211_X1    | 0.085 | My_bus/n4        |            |   3.292 | 0.118 |   1.442 | 
     | My_bus/U615     |              | INV_X1       | 0.085 | My_bus/n4        |       SPEF |   3.292 | 0.000 |   1.442 | 
     | My_bus/U615     | A v -> ZN ^  | INV_X1       | 0.282 | My_bus/n55       |            |  35.034 | 0.350 |   1.793 | 
     | My_bus/U22      |              | NOR2_X4      | 0.283 | My_bus/n55       |       SPEF |  35.034 | 0.003 |   1.796 | 
     | My_bus/U22      | A2 ^ -> ZN v | NOR2_X4      | 0.101 | My_bus/n95       |            |  68.463 | 0.166 |   1.962 | 
     | My_bus/U21      |              | INV_X2       | 0.101 | My_bus/n95       |       SPEF |  68.463 | 0.000 |   1.962 | 
     | My_bus/U21      | A v -> ZN ^  | INV_X2       | 0.047 | My_bus/n296      |            |   6.294 | 0.099 |   2.061 | 
     | My_bus/U19      |              | OAI21_X4     | 0.047 | My_bus/n296      |       SPEF |   6.294 | 0.000 |   2.061 | 
     | My_bus/U19      | A ^ -> ZN v  | OAI21_X4     | 0.140 | My_bus/n98       |            |  73.125 | 0.121 |   2.182 | 
     | My_bus/U568     |              | AOI22_X1     | 0.143 | My_bus/n98       |       SPEF |  73.125 | 0.034 |   2.216 | 
     | My_bus/U568     | B2 v -> ZN ^ | AOI22_X1     | 0.522 | My_bus/n62       |            |  26.333 | 0.704 |   2.921 | 
     | My_bus/U566     |              | NAND4_X1     | 0.522 | My_bus/n62       |       SPEF |  26.333 | 0.004 |   2.924 | 
     | My_bus/U566     | A3 ^ -> ZN v | NAND4_X1     | 0.161 | My_bus/n285      |            |   5.586 | 0.249 |   3.173 | 
     | My_bus/U564     |              | NOR4_X1      | 0.161 | My_bus/n285      |       SPEF |   5.586 | 0.000 |   3.174 | 
     | My_bus/U564     | A1 v -> ZN ^ | NOR4_X1      | 0.179 | My_bus/n284      |            |   2.076 | 0.263 |   3.437 | 
     | My_bus/U563     |              | NAND4_X1     | 0.179 | My_bus/n284      |       SPEF |   2.076 | 0.000 |   3.437 | 
     | My_bus/U563     | A4 ^ -> ZN v | NAND4_X1     | 0.079 | My_bus/n262      |            |   5.354 | 0.168 |   3.605 | 
     | My_bus/U17      |              | NAND2_X2     | 0.079 | My_bus/n262      |       SPEF |   5.354 | 0.000 |   3.605 | 
     | My_bus/U17      | A2 v -> ZN ^ | NAND2_X2     | 0.054 | My_bus/n260      |            |   8.251 | 0.110 |   3.715 | 
     | My_bus/U16      |              | NOR2_X2      | 0.054 | My_bus/n260      |       SPEF |   8.251 | 0.000 |   3.716 | 
     | My_bus/U16      | A1 ^ -> ZN v | NOR2_X2      | 0.033 | YOUR_ADDRBUS[29] |            |  21.348 | 0.064 |   3.779 | 
     | My_bus/U23      |              | INV_X8       | 0.033 | YOUR_ADDRBUS[29] |       SPEF |  21.348 | 0.003 |   3.782 | 
     | My_bus/U23      | A v -> ZN ^  | INV_X8       | 0.137 | My_bus/n90       |            | 122.556 | 0.150 |   3.932 | 
     | My_bus/U209     |              | NOR2_X1      | 0.137 | My_bus/n90       |       SPEF | 122.556 | 0.002 |   3.934 | 
     | My_bus/U209     | A2 ^ -> ZN v | NOR2_X1      | 0.080 | YOUR_ADDRBUS[30] |            |   3.473 | 0.067 |   4.001 | 
     | my_core_adapter |              | core_adapter | 0.080 | YOUR_ADDRBUS[30] |       SPEF |   3.473 | 0.000 |   4.001 | 
     +-------------------------------------------------------------------------------------------------------------------+ 
Path 3: MET Setup Check with Pin my_core_adapter/clk 
Endpoint:   my_core_adapter/addr_in[29] (^) checked with  leading edge of 'CLK'
Beginpoint: EXT_BUSY                    (^) triggered by  leading edge of 'CLK'
Path Groups: {CLK}
Analysis View: ensc450_av
Other End Arrival Time          0.000
- Setup                         6.921
+ Phase Shift                  12.000
= Required Time                 5.079
- Arrival Time                  4.113
= Slack Time                    0.967
     Clock Rise Edge                      0.000
     + Input Delay                        0.800
     = Beginpoint Arrival Time            0.800
     +------------------------------------------------------------------------------------------------------------------+ 
     |    Instance     |     Arc      |     Cell     |  Slew |       Net        |    Arc     |  Load  | Delay | Arrival | 
     |                 |              |              |       |                  | Annotation |        |       |  Time   | 
     |-----------------+--------------+--------------+-------+------------------+------------+--------+-------+---------| 
     |                 | EXT_BUSY ^   |              | 0.002 | EXT_BUSY         |       SPEF | 26.691 |       |   0.800 | 
     | My_bus/U624     |              | AOI22_X1     | 0.006 | EXT_BUSY         |       SPEF | 26.691 | 0.006 |   0.806 | 
     | My_bus/U624     | B1 ^ -> ZN v | AOI22_X1     | 0.054 | My_bus/n302      |            |  3.186 | 0.044 |   0.850 | 
     | My_bus/U623     |              | NOR3_X1      | 0.054 | My_bus/n302      |       SPEF |  3.186 | 0.000 |   0.851 | 
     | My_bus/U623     | A3 v -> ZN ^ | NOR3_X1      | 0.340 | My_bus/n96       |            | 10.428 | 0.473 |   1.324 | 
     | My_bus/U616     |              | AOI211_X1    | 0.340 | My_bus/n96       |       SPEF | 10.428 | 0.000 |   1.324 | 
     | My_bus/U616     | A ^ -> ZN v  | AOI211_X1    | 0.085 | My_bus/n4        |            |  3.292 | 0.118 |   1.442 | 
     | My_bus/U615     |              | INV_X1       | 0.085 | My_bus/n4        |       SPEF |  3.292 | 0.000 |   1.442 | 
     | My_bus/U615     | A v -> ZN ^  | INV_X1       | 0.282 | My_bus/n55       |            | 35.034 | 0.350 |   1.793 | 
     | My_bus/U22      |              | NOR2_X4      | 0.283 | My_bus/n55       |       SPEF | 35.034 | 0.003 |   1.796 | 
     | My_bus/U22      | A2 ^ -> ZN v | NOR2_X4      | 0.101 | My_bus/n95       |            | 68.463 | 0.166 |   1.962 | 
     | My_bus/U21      |              | INV_X2       | 0.101 | My_bus/n95       |       SPEF | 68.463 | 0.000 |   1.962 | 
     | My_bus/U21      | A v -> ZN ^  | INV_X2       | 0.047 | My_bus/n296      |            |  6.294 | 0.099 |   2.061 | 
     | My_bus/U19      |              | OAI21_X4     | 0.047 | My_bus/n296      |       SPEF |  6.294 | 0.000 |   2.061 | 
     | My_bus/U19      | A ^ -> ZN v  | OAI21_X4     | 0.140 | My_bus/n98       |            | 73.125 | 0.121 |   2.182 | 
     | My_bus/U591     |              | AOI22_X1     | 0.143 | My_bus/n98       |       SPEF | 73.125 | 0.034 |   2.216 | 
     | My_bus/U591     | B2 v -> ZN ^ | AOI22_X1     | 0.566 | My_bus/n59       |            | 28.741 | 0.751 |   2.967 | 
     | My_bus/U590     |              | INV_X1       | 0.567 | My_bus/n59       |       SPEF | 28.741 | 0.005 |   2.972 | 
     | My_bus/U590     | A ^ -> ZN v  | INV_X1       | 0.105 | My_bus/n288      |            |  3.371 | 0.068 |   3.040 | 
     | My_bus/U589     |              | NOR3_X1      | 0.105 | My_bus/n288      |       SPEF |  3.371 | 0.000 |   3.040 | 
     | My_bus/U589     | A3 v -> ZN ^ | NOR3_X1      | 0.088 | My_bus/n290      |            |  1.134 | 0.212 |   3.251 | 
     | My_bus/U583     |              | AND4_X1      | 0.088 | My_bus/n290      |       SPEF |  1.134 | 0.000 |   3.251 | 
     | My_bus/U583     | A3 ^ -> ZN ^ | AND4_X1      | 0.062 | My_bus/n278      |            |  4.720 | 0.223 |   3.475 | 
     | My_bus/U559     |              | NAND4_X1     | 0.062 | My_bus/n278      |       SPEF |  4.720 | 0.000 |   3.475 | 
     | My_bus/U559     | A3 ^ -> ZN v | NAND4_X1     | 0.104 | My_bus/n264      |            |  3.330 | 0.114 |   3.589 | 
     | My_bus/U558     |              | NAND2_X1     | 0.104 | My_bus/n264      |       SPEF |  3.330 | 0.000 |   3.589 | 
     | My_bus/U558     | A2 v -> ZN ^ | NAND2_X1     | 0.089 | My_bus/n259      |            |  8.863 | 0.164 |   3.752 | 
     | My_bus/U18      |              | INV_X2       | 0.089 | My_bus/n259      |       SPEF |  8.863 | 0.001 |   3.753 | 
     | My_bus/U18      | A ^ -> ZN v  | INV_X2       | 0.031 | My_bus/n8        |            | 13.131 | 0.064 |   3.817 | 
     | My_bus/U16      |              | NOR2_X2      | 0.031 | My_bus/n8        |       SPEF | 13.131 | 0.001 |   3.818 | 
     | My_bus/U16      | A2 v -> ZN ^ | NOR2_X2      | 0.224 | YOUR_ADDRBUS[29] |            | 22.755 | 0.292 |   4.110 | 
     | my_core_adapter |              | core_adapter | 0.224 | YOUR_ADDRBUS[29] |       SPEF | 22.755 | 0.003 |   4.113 | 
     +------------------------------------------------------------------------------------------------------------------+ 
Path 4: MET Setup Check with Pin my_core_adapter/clk 
Endpoint:   my_core_adapter/addr_in[28] (v) checked with  leading edge of 'CLK'
Beginpoint: EXT_BUSY                    (^) triggered by  leading edge of 'CLK'
Path Groups: {CLK}
Analysis View: ensc450_av
Other End Arrival Time          0.000
- Setup                         6.727
+ Phase Shift                  12.000
= Required Time                 5.273
- Arrival Time                  4.006
= Slack Time                    1.267
     Clock Rise Edge                      0.000
     + Input Delay                        0.800
     = Beginpoint Arrival Time            0.800
     +-------------------------------------------------------------------------------------------------------------------+ 
     |    Instance     |     Arc      |     Cell     |  Slew |       Net        |    Arc     |  Load   | Delay | Arrival | 
     |                 |              |              |       |                  | Annotation |         |       |  Time   | 
     |-----------------+--------------+--------------+-------+------------------+------------+---------+-------+---------| 
     |                 | EXT_BUSY ^   |              | 0.002 | EXT_BUSY         |       SPEF |  26.691 |       |   0.800 | 
     | My_bus/U624     |              | AOI22_X1     | 0.006 | EXT_BUSY         |       SPEF |  26.691 | 0.006 |   0.806 | 
     | My_bus/U624     | B1 ^ -> ZN v | AOI22_X1     | 0.054 | My_bus/n302      |            |   3.186 | 0.044 |   0.850 | 
     | My_bus/U623     |              | NOR3_X1      | 0.054 | My_bus/n302      |       SPEF |   3.186 | 0.000 |   0.851 | 
     | My_bus/U623     | A3 v -> ZN ^ | NOR3_X1      | 0.340 | My_bus/n96       |            |  10.428 | 0.473 |   1.324 | 
     | My_bus/U616     |              | AOI211_X1    | 0.340 | My_bus/n96       |       SPEF |  10.428 | 0.000 |   1.324 | 
     | My_bus/U616     | A ^ -> ZN v  | AOI211_X1    | 0.085 | My_bus/n4        |            |   3.292 | 0.118 |   1.442 | 
     | My_bus/U615     |              | INV_X1       | 0.085 | My_bus/n4        |       SPEF |   3.292 | 0.000 |   1.442 | 
     | My_bus/U615     | A v -> ZN ^  | INV_X1       | 0.282 | My_bus/n55       |            |  35.034 | 0.350 |   1.793 | 
     | My_bus/U22      |              | NOR2_X4      | 0.283 | My_bus/n55       |       SPEF |  35.034 | 0.003 |   1.796 | 
     | My_bus/U22      | A2 ^ -> ZN v | NOR2_X4      | 0.101 | My_bus/n95       |            |  68.463 | 0.166 |   1.962 | 
     | My_bus/U21      |              | INV_X2       | 0.101 | My_bus/n95       |       SPEF |  68.463 | 0.000 |   1.962 | 
     | My_bus/U21      | A v -> ZN ^  | INV_X2       | 0.047 | My_bus/n296      |            |   6.294 | 0.099 |   2.061 | 
     | My_bus/U19      |              | OAI21_X4     | 0.047 | My_bus/n296      |       SPEF |   6.294 | 0.000 |   2.061 | 
     | My_bus/U19      | A ^ -> ZN v  | OAI21_X4     | 0.140 | My_bus/n98       |            |  73.125 | 0.121 |   2.182 | 
     | My_bus/U568     |              | AOI22_X1     | 0.143 | My_bus/n98       |       SPEF |  73.125 | 0.034 |   2.216 | 
     | My_bus/U568     | B2 v -> ZN ^ | AOI22_X1     | 0.522 | My_bus/n62       |            |  26.333 | 0.704 |   2.921 | 
     | My_bus/U566     |              | NAND4_X1     | 0.522 | My_bus/n62       |       SPEF |  26.333 | 0.004 |   2.924 | 
     | My_bus/U566     | A3 ^ -> ZN v | NAND4_X1     | 0.161 | My_bus/n285      |            |   5.586 | 0.249 |   3.173 | 
     | My_bus/U564     |              | NOR4_X1      | 0.161 | My_bus/n285      |       SPEF |   5.586 | 0.000 |   3.174 | 
     | My_bus/U564     | A1 v -> ZN ^ | NOR4_X1      | 0.179 | My_bus/n284      |            |   2.076 | 0.263 |   3.437 | 
     | My_bus/U563     |              | NAND4_X1     | 0.179 | My_bus/n284      |       SPEF |   2.076 | 0.000 |   3.437 | 
     | My_bus/U563     | A4 ^ -> ZN v | NAND4_X1     | 0.079 | My_bus/n262      |            |   5.354 | 0.168 |   3.605 | 
     | My_bus/U17      |              | NAND2_X2     | 0.079 | My_bus/n262      |       SPEF |   5.354 | 0.000 |   3.605 | 
     | My_bus/U17      | A2 v -> ZN ^ | NAND2_X2     | 0.054 | My_bus/n260      |            |   8.251 | 0.110 |   3.715 | 
     | My_bus/U16      |              | NOR2_X2      | 0.054 | My_bus/n260      |       SPEF |   8.251 | 0.000 |   3.715 | 
     | My_bus/U16      | A1 ^ -> ZN v | NOR2_X2      | 0.033 | YOUR_ADDRBUS[29] |            |  21.348 | 0.064 |   3.779 | 
     | My_bus/U23      |              | INV_X8       | 0.033 | YOUR_ADDRBUS[29] |       SPEF |  21.348 | 0.003 |   3.782 | 
     | My_bus/U23      | A v -> ZN ^  | INV_X8       | 0.137 | My_bus/n90       |            | 122.556 | 0.150 |   3.932 | 
     | My_bus/U211     |              | NOR2_X1      | 0.137 | My_bus/n90       |       SPEF | 122.556 | 0.004 |   3.936 | 
     | My_bus/U211     | A2 ^ -> ZN v | NOR2_X1      | 0.080 | YOUR_ADDRBUS[28] |            |   3.885 | 0.070 |   4.006 | 
     | my_core_adapter |              | core_adapter | 0.080 | YOUR_ADDRBUS[28] |       SPEF |   3.885 | 0.000 |   4.006 | 
     +-------------------------------------------------------------------------------------------------------------------+ 
Path 5: MET Setup Check with Pin my_core_adapter/clk 
Endpoint:   my_core_adapter/addr_in[27] (v) checked with  leading edge of 'CLK'
Beginpoint: EXT_BUSY                    (^) triggered by  leading edge of 'CLK'
Path Groups: {CLK}
Analysis View: ensc450_av
Other End Arrival Time          0.000
- Setup                         6.541
+ Phase Shift                  12.000
= Required Time                 5.459
- Arrival Time                  4.005
= Slack Time                    1.454
     Clock Rise Edge                      0.000
     + Input Delay                        0.800
     = Beginpoint Arrival Time            0.800
     +-------------------------------------------------------------------------------------------------------------------+ 
     |    Instance     |     Arc      |     Cell     |  Slew |       Net        |    Arc     |  Load   | Delay | Arrival | 
     |                 |              |              |       |                  | Annotation |         |       |  Time   | 
     |-----------------+--------------+--------------+-------+------------------+------------+---------+-------+---------| 
     |                 | EXT_BUSY ^   |              | 0.002 | EXT_BUSY         |       SPEF |  26.691 |       |   0.800 | 
     | My_bus/U624     |              | AOI22_X1     | 0.006 | EXT_BUSY         |       SPEF |  26.691 | 0.006 |   0.806 | 
     | My_bus/U624     | B1 ^ -> ZN v | AOI22_X1     | 0.054 | My_bus/n302      |            |   3.186 | 0.044 |   0.850 | 
     | My_bus/U623     |              | NOR3_X1      | 0.054 | My_bus/n302      |       SPEF |   3.186 | 0.000 |   0.851 | 
     | My_bus/U623     | A3 v -> ZN ^ | NOR3_X1      | 0.340 | My_bus/n96       |            |  10.428 | 0.473 |   1.324 | 
     | My_bus/U616     |              | AOI211_X1    | 0.340 | My_bus/n96       |       SPEF |  10.428 | 0.000 |   1.324 | 
     | My_bus/U616     | A ^ -> ZN v  | AOI211_X1    | 0.085 | My_bus/n4        |            |   3.292 | 0.118 |   1.442 | 
     | My_bus/U615     |              | INV_X1       | 0.085 | My_bus/n4        |       SPEF |   3.292 | 0.000 |   1.442 | 
     | My_bus/U615     | A v -> ZN ^  | INV_X1       | 0.282 | My_bus/n55       |            |  35.034 | 0.350 |   1.793 | 
     | My_bus/U22      |              | NOR2_X4      | 0.283 | My_bus/n55       |       SPEF |  35.034 | 0.003 |   1.796 | 
     | My_bus/U22      | A2 ^ -> ZN v | NOR2_X4      | 0.101 | My_bus/n95       |            |  68.463 | 0.166 |   1.962 | 
     | My_bus/U21      |              | INV_X2       | 0.101 | My_bus/n95       |       SPEF |  68.463 | 0.000 |   1.962 | 
     | My_bus/U21      | A v -> ZN ^  | INV_X2       | 0.047 | My_bus/n296      |            |   6.294 | 0.099 |   2.061 | 
     | My_bus/U19      |              | OAI21_X4     | 0.047 | My_bus/n296      |       SPEF |   6.294 | 0.000 |   2.061 | 
     | My_bus/U19      | A ^ -> ZN v  | OAI21_X4     | 0.140 | My_bus/n98       |            |  73.125 | 0.121 |   2.182 | 
     | My_bus/U568     |              | AOI22_X1     | 0.143 | My_bus/n98       |       SPEF |  73.125 | 0.034 |   2.216 | 
     | My_bus/U568     | B2 v -> ZN ^ | AOI22_X1     | 0.522 | My_bus/n62       |            |  26.333 | 0.704 |   2.921 | 
     | My_bus/U566     |              | NAND4_X1     | 0.522 | My_bus/n62       |       SPEF |  26.333 | 0.004 |   2.924 | 
     | My_bus/U566     | A3 ^ -> ZN v | NAND4_X1     | 0.161 | My_bus/n285      |            |   5.586 | 0.249 |   3.173 | 
     | My_bus/U564     |              | NOR4_X1      | 0.161 | My_bus/n285      |       SPEF |   5.586 | 0.000 |   3.174 | 
     | My_bus/U564     | A1 v -> ZN ^ | NOR4_X1      | 0.179 | My_bus/n284      |            |   2.076 | 0.263 |   3.437 | 
     | My_bus/U563     |              | NAND4_X1     | 0.179 | My_bus/n284      |       SPEF |   2.076 | 0.000 |   3.437 | 
     | My_bus/U563     | A4 ^ -> ZN v | NAND4_X1     | 0.079 | My_bus/n262      |            |   5.354 | 0.168 |   3.605 | 
     | My_bus/U17      |              | NAND2_X2     | 0.079 | My_bus/n262      |       SPEF |   5.354 | 0.000 |   3.605 | 
     | My_bus/U17      | A2 v -> ZN ^ | NAND2_X2     | 0.054 | My_bus/n260      |            |   8.251 | 0.110 |   3.715 | 
     | My_bus/U16      |              | NOR2_X2      | 0.054 | My_bus/n260      |       SPEF |   8.251 | 0.000 |   3.715 | 
     | My_bus/U16      | A1 ^ -> ZN v | NOR2_X2      | 0.033 | YOUR_ADDRBUS[29] |            |  21.348 | 0.064 |   3.779 | 
     | My_bus/U23      |              | INV_X8       | 0.033 | YOUR_ADDRBUS[29] |       SPEF |  21.348 | 0.003 |   3.782 | 
     | My_bus/U23      | A v -> ZN ^  | INV_X8       | 0.137 | My_bus/n90       |            | 122.556 | 0.150 |   3.932 | 
     | My_bus/U212     |              | NOR2_X1      | 0.138 | My_bus/n90       |       SPEF | 122.556 | 0.005 |   3.937 | 
     | My_bus/U212     | A2 ^ -> ZN v | NOR2_X1      | 0.081 | YOUR_ADDRBUS[27] |            |   3.521 | 0.067 |   4.004 | 
     | my_core_adapter |              | core_adapter | 0.081 | YOUR_ADDRBUS[27] |       SPEF |   3.521 | 0.000 |   4.005 | 
     +-------------------------------------------------------------------------------------------------------------------+ 
Path 6: MET Setup Check with Pin my_core_adapter/clk 
Endpoint:   my_core_adapter/addr_in[26] (v) checked with  leading edge of 'CLK'
Beginpoint: EXT_BUSY                    (^) triggered by  leading edge of 'CLK'
Path Groups: {CLK}
Analysis View: ensc450_av
Other End Arrival Time          0.000
- Setup                         6.351
+ Phase Shift                  12.000
= Required Time                 5.649
- Arrival Time                  4.008
= Slack Time                    1.641
     Clock Rise Edge                      0.000
     + Input Delay                        0.800
     = Beginpoint Arrival Time            0.800
     +-------------------------------------------------------------------------------------------------------------------+ 
     |    Instance     |     Arc      |     Cell     |  Slew |       Net        |    Arc     |  Load   | Delay | Arrival | 
     |                 |              |              |       |                  | Annotation |         |       |  Time   | 
     |-----------------+--------------+--------------+-------+------------------+------------+---------+-------+---------| 
     |                 | EXT_BUSY ^   |              | 0.002 | EXT_BUSY         |       SPEF |  26.691 |       |   0.800 | 
     | My_bus/U624     |              | AOI22_X1     | 0.006 | EXT_BUSY         |       SPEF |  26.691 | 0.006 |   0.806 | 
     | My_bus/U624     | B1 ^ -> ZN v | AOI22_X1     | 0.054 | My_bus/n302      |            |   3.186 | 0.044 |   0.850 | 
     | My_bus/U623     |              | NOR3_X1      | 0.054 | My_bus/n302      |       SPEF |   3.186 | 0.000 |   0.851 | 
     | My_bus/U623     | A3 v -> ZN ^ | NOR3_X1      | 0.340 | My_bus/n96       |            |  10.428 | 0.473 |   1.324 | 
     | My_bus/U616     |              | AOI211_X1    | 0.340 | My_bus/n96       |       SPEF |  10.428 | 0.000 |   1.324 | 
     | My_bus/U616     | A ^ -> ZN v  | AOI211_X1    | 0.085 | My_bus/n4        |            |   3.292 | 0.118 |   1.442 | 
     | My_bus/U615     |              | INV_X1       | 0.085 | My_bus/n4        |       SPEF |   3.292 | 0.000 |   1.442 | 
     | My_bus/U615     | A v -> ZN ^  | INV_X1       | 0.282 | My_bus/n55       |            |  35.034 | 0.350 |   1.793 | 
     | My_bus/U22      |              | NOR2_X4      | 0.283 | My_bus/n55       |       SPEF |  35.034 | 0.003 |   1.796 | 
     | My_bus/U22      | A2 ^ -> ZN v | NOR2_X4      | 0.101 | My_bus/n95       |            |  68.463 | 0.166 |   1.962 | 
     | My_bus/U21      |              | INV_X2       | 0.101 | My_bus/n95       |       SPEF |  68.463 | 0.000 |   1.962 | 
     | My_bus/U21      | A v -> ZN ^  | INV_X2       | 0.047 | My_bus/n296      |            |   6.294 | 0.099 |   2.061 | 
     | My_bus/U19      |              | OAI21_X4     | 0.047 | My_bus/n296      |       SPEF |   6.294 | 0.000 |   2.061 | 
     | My_bus/U19      | A ^ -> ZN v  | OAI21_X4     | 0.140 | My_bus/n98       |            |  73.125 | 0.121 |   2.182 | 
     | My_bus/U568     |              | AOI22_X1     | 0.143 | My_bus/n98       |       SPEF |  73.125 | 0.034 |   2.216 | 
     | My_bus/U568     | B2 v -> ZN ^ | AOI22_X1     | 0.522 | My_bus/n62       |            |  26.333 | 0.704 |   2.921 | 
     | My_bus/U566     |              | NAND4_X1     | 0.522 | My_bus/n62       |       SPEF |  26.333 | 0.004 |   2.924 | 
     | My_bus/U566     | A3 ^ -> ZN v | NAND4_X1     | 0.161 | My_bus/n285      |            |   5.586 | 0.249 |   3.173 | 
     | My_bus/U564     |              | NOR4_X1      | 0.161 | My_bus/n285      |       SPEF |   5.586 | 0.000 |   3.174 | 
     | My_bus/U564     | A1 v -> ZN ^ | NOR4_X1      | 0.179 | My_bus/n284      |            |   2.076 | 0.263 |   3.437 | 
     | My_bus/U563     |              | NAND4_X1     | 0.179 | My_bus/n284      |       SPEF |   2.076 | 0.000 |   3.437 | 
     | My_bus/U563     | A4 ^ -> ZN v | NAND4_X1     | 0.079 | My_bus/n262      |            |   5.354 | 0.168 |   3.605 | 
     | My_bus/U17      |              | NAND2_X2     | 0.079 | My_bus/n262      |       SPEF |   5.354 | 0.000 |   3.605 | 
     | My_bus/U17      | A2 v -> ZN ^ | NAND2_X2     | 0.054 | My_bus/n260      |            |   8.251 | 0.110 |   3.715 | 
     | My_bus/U16      |              | NOR2_X2      | 0.054 | My_bus/n260      |       SPEF |   8.251 | 0.000 |   3.715 | 
     | My_bus/U16      | A1 ^ -> ZN v | NOR2_X2      | 0.033 | YOUR_ADDRBUS[29] |            |  21.348 | 0.064 |   3.779 | 
     | My_bus/U23      |              | INV_X8       | 0.033 | YOUR_ADDRBUS[29] |       SPEF |  21.348 | 0.003 |   3.782 | 
     | My_bus/U23      | A v -> ZN ^  | INV_X8       | 0.137 | My_bus/n90       |            | 122.556 | 0.150 |   3.932 | 
     | My_bus/U213     |              | NOR2_X1      | 0.138 | My_bus/n90       |       SPEF | 122.556 | 0.007 |   3.939 | 
     | My_bus/U213     | A2 ^ -> ZN v | NOR2_X1      | 0.075 | YOUR_ADDRBUS[26] |            |   3.754 | 0.069 |   4.008 | 
     | my_core_adapter |              | core_adapter | 0.075 | YOUR_ADDRBUS[26] |       SPEF |   3.754 | 0.000 |   4.008 | 
     +-------------------------------------------------------------------------------------------------------------------+ 
Path 7: MET Setup Check with Pin my_core_adapter/clk 
Endpoint:   my_core_adapter/addr_in[25] (v) checked with  leading edge of 'CLK'
Beginpoint: EXT_BUSY                    (^) triggered by  leading edge of 'CLK'
Path Groups: {CLK}
Analysis View: ensc450_av
Other End Arrival Time          0.000
- Setup                         6.166
+ Phase Shift                  12.000
= Required Time                 5.834
- Arrival Time                  4.008
= Slack Time                    1.826
     Clock Rise Edge                      0.000
     + Input Delay                        0.800
     = Beginpoint Arrival Time            0.800
     +-------------------------------------------------------------------------------------------------------------------+ 
     |    Instance     |     Arc      |     Cell     |  Slew |       Net        |    Arc     |  Load   | Delay | Arrival | 
     |                 |              |              |       |                  | Annotation |         |       |  Time   | 
     |-----------------+--------------+--------------+-------+------------------+------------+---------+-------+---------| 
     |                 | EXT_BUSY ^   |              | 0.002 | EXT_BUSY         |       SPEF |  26.691 |       |   0.800 | 
     | My_bus/U624     |              | AOI22_X1     | 0.006 | EXT_BUSY         |       SPEF |  26.691 | 0.006 |   0.806 | 
     | My_bus/U624     | B1 ^ -> ZN v | AOI22_X1     | 0.054 | My_bus/n302      |            |   3.186 | 0.044 |   0.851 | 
     | My_bus/U623     |              | NOR3_X1      | 0.054 | My_bus/n302      |       SPEF |   3.186 | 0.000 |   0.851 | 
     | My_bus/U623     | A3 v -> ZN ^ | NOR3_X1      | 0.340 | My_bus/n96       |            |  10.428 | 0.473 |   1.324 | 
     | My_bus/U616     |              | AOI211_X1    | 0.340 | My_bus/n96       |       SPEF |  10.428 | 0.000 |   1.324 | 
     | My_bus/U616     | A ^ -> ZN v  | AOI211_X1    | 0.085 | My_bus/n4        |            |   3.292 | 0.118 |   1.442 | 
     | My_bus/U615     |              | INV_X1       | 0.085 | My_bus/n4        |       SPEF |   3.292 | 0.000 |   1.442 | 
     | My_bus/U615     | A v -> ZN ^  | INV_X1       | 0.282 | My_bus/n55       |            |  35.034 | 0.350 |   1.793 | 
     | My_bus/U22      |              | NOR2_X4      | 0.283 | My_bus/n55       |       SPEF |  35.034 | 0.003 |   1.796 | 
     | My_bus/U22      | A2 ^ -> ZN v | NOR2_X4      | 0.101 | My_bus/n95       |            |  68.463 | 0.166 |   1.962 | 
     | My_bus/U21      |              | INV_X2       | 0.101 | My_bus/n95       |       SPEF |  68.463 | 0.000 |   1.962 | 
     | My_bus/U21      | A v -> ZN ^  | INV_X2       | 0.047 | My_bus/n296      |            |   6.294 | 0.099 |   2.061 | 
     | My_bus/U19      |              | OAI21_X4     | 0.047 | My_bus/n296      |       SPEF |   6.294 | 0.000 |   2.061 | 
     | My_bus/U19      | A ^ -> ZN v  | OAI21_X4     | 0.140 | My_bus/n98       |            |  73.125 | 0.121 |   2.182 | 
     | My_bus/U568     |              | AOI22_X1     | 0.143 | My_bus/n98       |       SPEF |  73.125 | 0.034 |   2.216 | 
     | My_bus/U568     | B2 v -> ZN ^ | AOI22_X1     | 0.522 | My_bus/n62       |            |  26.333 | 0.704 |   2.921 | 
     | My_bus/U566     |              | NAND4_X1     | 0.522 | My_bus/n62       |       SPEF |  26.333 | 0.004 |   2.924 | 
     | My_bus/U566     | A3 ^ -> ZN v | NAND4_X1     | 0.161 | My_bus/n285      |            |   5.586 | 0.249 |   3.173 | 
     | My_bus/U564     |              | NOR4_X1      | 0.161 | My_bus/n285      |       SPEF |   5.586 | 0.000 |   3.174 | 
     | My_bus/U564     | A1 v -> ZN ^ | NOR4_X1      | 0.179 | My_bus/n284      |            |   2.076 | 0.263 |   3.437 | 
     | My_bus/U563     |              | NAND4_X1     | 0.179 | My_bus/n284      |       SPEF |   2.076 | 0.000 |   3.437 | 
     | My_bus/U563     | A4 ^ -> ZN v | NAND4_X1     | 0.079 | My_bus/n262      |            |   5.354 | 0.168 |   3.605 | 
     | My_bus/U17      |              | NAND2_X2     | 0.079 | My_bus/n262      |       SPEF |   5.354 | 0.000 |   3.605 | 
     | My_bus/U17      | A2 v -> ZN ^ | NAND2_X2     | 0.054 | My_bus/n260      |            |   8.251 | 0.110 |   3.715 | 
     | My_bus/U16      |              | NOR2_X2      | 0.054 | My_bus/n260      |       SPEF |   8.251 | 0.000 |   3.716 | 
     | My_bus/U16      | A1 ^ -> ZN v | NOR2_X2      | 0.033 | YOUR_ADDRBUS[29] |            |  21.348 | 0.064 |   3.779 | 
     | My_bus/U23      |              | INV_X8       | 0.033 | YOUR_ADDRBUS[29] |       SPEF |  21.348 | 0.003 |   3.782 | 
     | My_bus/U23      | A v -> ZN ^  | INV_X8       | 0.137 | My_bus/n90       |            | 122.556 | 0.150 |   3.932 | 
     | My_bus/U214     |              | NOR2_X1      | 0.138 | My_bus/n90       |       SPEF | 122.556 | 0.007 |   3.939 | 
     | My_bus/U214     | A2 ^ -> ZN v | NOR2_X1      | 0.073 | YOUR_ADDRBUS[25] |            |   3.815 | 0.069 |   4.008 | 
     | my_core_adapter |              | core_adapter | 0.073 | YOUR_ADDRBUS[25] |       SPEF |   3.815 | 0.000 |   4.008 | 
     +-------------------------------------------------------------------------------------------------------------------+ 
Path 8: MET Setup Check with Pin my_core_adapter/clk 
Endpoint:   my_core_adapter/addr_in[24] (v) checked with  leading edge of 'CLK'
Beginpoint: EXT_BUSY                    (^) triggered by  leading edge of 'CLK'
Path Groups: {CLK}
Analysis View: ensc450_av
Other End Arrival Time          0.000
- Setup                         5.981
+ Phase Shift                  12.000
= Required Time                 6.019
- Arrival Time                  4.011
= Slack Time                    2.008
     Clock Rise Edge                      0.000
     + Input Delay                        0.800
     = Beginpoint Arrival Time            0.800
     +-------------------------------------------------------------------------------------------------------------------+ 
     |    Instance     |     Arc      |     Cell     |  Slew |       Net        |    Arc     |  Load   | Delay | Arrival | 
     |                 |              |              |       |                  | Annotation |         |       |  Time   | 
     |-----------------+--------------+--------------+-------+------------------+------------+---------+-------+---------| 
     |                 | EXT_BUSY ^   |              | 0.002 | EXT_BUSY         |       SPEF |  26.691 |       |   0.800 | 
     | My_bus/U624     |              | AOI22_X1     | 0.006 | EXT_BUSY         |       SPEF |  26.691 | 0.006 |   0.806 | 
     | My_bus/U624     | B1 ^ -> ZN v | AOI22_X1     | 0.054 | My_bus/n302      |            |   3.186 | 0.044 |   0.850 | 
     | My_bus/U623     |              | NOR3_X1      | 0.054 | My_bus/n302      |       SPEF |   3.186 | 0.000 |   0.851 | 
     | My_bus/U623     | A3 v -> ZN ^ | NOR3_X1      | 0.340 | My_bus/n96       |            |  10.428 | 0.473 |   1.324 | 
     | My_bus/U616     |              | AOI211_X1    | 0.340 | My_bus/n96       |       SPEF |  10.428 | 0.000 |   1.324 | 
     | My_bus/U616     | A ^ -> ZN v  | AOI211_X1    | 0.085 | My_bus/n4        |            |   3.292 | 0.118 |   1.442 | 
     | My_bus/U615     |              | INV_X1       | 0.085 | My_bus/n4        |       SPEF |   3.292 | 0.000 |   1.442 | 
     | My_bus/U615     | A v -> ZN ^  | INV_X1       | 0.282 | My_bus/n55       |            |  35.034 | 0.350 |   1.793 | 
     | My_bus/U22      |              | NOR2_X4      | 0.283 | My_bus/n55       |       SPEF |  35.034 | 0.003 |   1.796 | 
     | My_bus/U22      | A2 ^ -> ZN v | NOR2_X4      | 0.101 | My_bus/n95       |            |  68.463 | 0.166 |   1.962 | 
     | My_bus/U21      |              | INV_X2       | 0.101 | My_bus/n95       |       SPEF |  68.463 | 0.000 |   1.962 | 
     | My_bus/U21      | A v -> ZN ^  | INV_X2       | 0.047 | My_bus/n296      |            |   6.294 | 0.099 |   2.061 | 
     | My_bus/U19      |              | OAI21_X4     | 0.047 | My_bus/n296      |       SPEF |   6.294 | 0.000 |   2.061 | 
     | My_bus/U19      | A ^ -> ZN v  | OAI21_X4     | 0.140 | My_bus/n98       |            |  73.125 | 0.121 |   2.182 | 
     | My_bus/U568     |              | AOI22_X1     | 0.143 | My_bus/n98       |       SPEF |  73.125 | 0.034 |   2.216 | 
     | My_bus/U568     | B2 v -> ZN ^ | AOI22_X1     | 0.522 | My_bus/n62       |            |  26.333 | 0.704 |   2.921 | 
     | My_bus/U566     |              | NAND4_X1     | 0.522 | My_bus/n62       |       SPEF |  26.333 | 0.004 |   2.924 | 
     | My_bus/U566     | A3 ^ -> ZN v | NAND4_X1     | 0.161 | My_bus/n285      |            |   5.586 | 0.249 |   3.173 | 
     | My_bus/U564     |              | NOR4_X1      | 0.161 | My_bus/n285      |       SPEF |   5.586 | 0.000 |   3.174 | 
     | My_bus/U564     | A1 v -> ZN ^ | NOR4_X1      | 0.179 | My_bus/n284      |            |   2.076 | 0.263 |   3.437 | 
     | My_bus/U563     |              | NAND4_X1     | 0.179 | My_bus/n284      |       SPEF |   2.076 | 0.000 |   3.437 | 
     | My_bus/U563     | A4 ^ -> ZN v | NAND4_X1     | 0.079 | My_bus/n262      |            |   5.354 | 0.168 |   3.605 | 
     | My_bus/U17      |              | NAND2_X2     | 0.079 | My_bus/n262      |       SPEF |   5.354 | 0.000 |   3.605 | 
     | My_bus/U17      | A2 v -> ZN ^ | NAND2_X2     | 0.054 | My_bus/n260      |            |   8.251 | 0.110 |   3.715 | 
     | My_bus/U16      |              | NOR2_X2      | 0.054 | My_bus/n260      |       SPEF |   8.251 | 0.000 |   3.715 | 
     | My_bus/U16      | A1 ^ -> ZN v | NOR2_X2      | 0.033 | YOUR_ADDRBUS[29] |            |  21.348 | 0.064 |   3.779 | 
     | My_bus/U23      |              | INV_X8       | 0.033 | YOUR_ADDRBUS[29] |       SPEF |  21.348 | 0.003 |   3.782 | 
     | My_bus/U23      | A v -> ZN ^  | INV_X8       | 0.137 | My_bus/n90       |            | 122.556 | 0.150 |   3.932 | 
     | My_bus/U215     |              | NOR2_X1      | 0.138 | My_bus/n90       |       SPEF | 122.556 | 0.008 |   3.940 | 
     | My_bus/U215     | A2 ^ -> ZN v | NOR2_X1      | 0.069 | YOUR_ADDRBUS[24] |            |   4.081 | 0.071 |   4.011 | 
     | my_core_adapter |              | core_adapter | 0.069 | YOUR_ADDRBUS[24] |       SPEF |   4.081 | 0.000 |   4.011 | 
     +-------------------------------------------------------------------------------------------------------------------+ 
Path 9: MET Setup Check with Pin my_core_adapter/clk 
Endpoint:   my_core_adapter/addr_in[23] (v) checked with  leading edge of 'CLK'
Beginpoint: EXT_BUSY                    (^) triggered by  leading edge of 'CLK'
Path Groups: {CLK}
Analysis View: ensc450_av
Other End Arrival Time          0.000
- Setup                         5.793
+ Phase Shift                  12.000
= Required Time                 6.207
- Arrival Time                  4.013
= Slack Time                    2.193
     Clock Rise Edge                      0.000
     + Input Delay                        0.800
     = Beginpoint Arrival Time            0.800
     +-------------------------------------------------------------------------------------------------------------------+ 
     |    Instance     |     Arc      |     Cell     |  Slew |       Net        |    Arc     |  Load   | Delay | Arrival | 
     |                 |              |              |       |                  | Annotation |         |       |  Time   | 
     |-----------------+--------------+--------------+-------+------------------+------------+---------+-------+---------| 
     |                 | EXT_BUSY ^   |              | 0.002 | EXT_BUSY         |       SPEF |  26.691 |       |   0.800 | 
     | My_bus/U624     |              | AOI22_X1     | 0.006 | EXT_BUSY         |       SPEF |  26.691 | 0.006 |   0.806 | 
     | My_bus/U624     | B1 ^ -> ZN v | AOI22_X1     | 0.054 | My_bus/n302      |            |   3.186 | 0.044 |   0.850 | 
     | My_bus/U623     |              | NOR3_X1      | 0.054 | My_bus/n302      |       SPEF |   3.186 | 0.000 |   0.851 | 
     | My_bus/U623     | A3 v -> ZN ^ | NOR3_X1      | 0.340 | My_bus/n96       |            |  10.428 | 0.473 |   1.324 | 
     | My_bus/U616     |              | AOI211_X1    | 0.340 | My_bus/n96       |       SPEF |  10.428 | 0.000 |   1.324 | 
     | My_bus/U616     | A ^ -> ZN v  | AOI211_X1    | 0.085 | My_bus/n4        |            |   3.292 | 0.118 |   1.442 | 
     | My_bus/U615     |              | INV_X1       | 0.085 | My_bus/n4        |       SPEF |   3.292 | 0.000 |   1.442 | 
     | My_bus/U615     | A v -> ZN ^  | INV_X1       | 0.282 | My_bus/n55       |            |  35.034 | 0.350 |   1.793 | 
     | My_bus/U22      |              | NOR2_X4      | 0.283 | My_bus/n55       |       SPEF |  35.034 | 0.003 |   1.796 | 
     | My_bus/U22      | A2 ^ -> ZN v | NOR2_X4      | 0.101 | My_bus/n95       |            |  68.463 | 0.166 |   1.962 | 
     | My_bus/U21      |              | INV_X2       | 0.101 | My_bus/n95       |       SPEF |  68.463 | 0.000 |   1.962 | 
     | My_bus/U21      | A v -> ZN ^  | INV_X2       | 0.047 | My_bus/n296      |            |   6.294 | 0.099 |   2.061 | 
     | My_bus/U19      |              | OAI21_X4     | 0.047 | My_bus/n296      |       SPEF |   6.294 | 0.000 |   2.061 | 
     | My_bus/U19      | A ^ -> ZN v  | OAI21_X4     | 0.140 | My_bus/n98       |            |  73.125 | 0.121 |   2.182 | 
     | My_bus/U568     |              | AOI22_X1     | 0.143 | My_bus/n98       |       SPEF |  73.125 | 0.034 |   2.216 | 
     | My_bus/U568     | B2 v -> ZN ^ | AOI22_X1     | 0.522 | My_bus/n62       |            |  26.333 | 0.704 |   2.921 | 
     | My_bus/U566     |              | NAND4_X1     | 0.522 | My_bus/n62       |       SPEF |  26.333 | 0.004 |   2.924 | 
     | My_bus/U566     | A3 ^ -> ZN v | NAND4_X1     | 0.161 | My_bus/n285      |            |   5.586 | 0.249 |   3.173 | 
     | My_bus/U564     |              | NOR4_X1      | 0.161 | My_bus/n285      |       SPEF |   5.586 | 0.000 |   3.174 | 
     | My_bus/U564     | A1 v -> ZN ^ | NOR4_X1      | 0.179 | My_bus/n284      |            |   2.076 | 0.263 |   3.437 | 
     | My_bus/U563     |              | NAND4_X1     | 0.179 | My_bus/n284      |       SPEF |   2.076 | 0.000 |   3.437 | 
     | My_bus/U563     | A4 ^ -> ZN v | NAND4_X1     | 0.079 | My_bus/n262      |            |   5.354 | 0.168 |   3.605 | 
     | My_bus/U17      |              | NAND2_X2     | 0.079 | My_bus/n262      |       SPEF |   5.354 | 0.000 |   3.605 | 
     | My_bus/U17      | A2 v -> ZN ^ | NAND2_X2     | 0.054 | My_bus/n260      |            |   8.251 | 0.110 |   3.715 | 
     | My_bus/U16      |              | NOR2_X2      | 0.054 | My_bus/n260      |       SPEF |   8.251 | 0.000 |   3.715 | 
     | My_bus/U16      | A1 ^ -> ZN v | NOR2_X2      | 0.033 | YOUR_ADDRBUS[29] |            |  21.348 | 0.064 |   3.779 | 
     | My_bus/U23      |              | INV_X8       | 0.033 | YOUR_ADDRBUS[29] |       SPEF |  21.348 | 0.003 |   3.782 | 
     | My_bus/U23      | A v -> ZN ^  | INV_X8       | 0.137 | My_bus/n90       |            | 122.556 | 0.150 |   3.932 | 
     | My_bus/U216     |              | NOR2_X1      | 0.138 | My_bus/n90       |       SPEF | 122.556 | 0.010 |   3.941 | 
     | My_bus/U216     | A2 ^ -> ZN v | NOR2_X1      | 0.070 | YOUR_ADDRBUS[23] |            |   4.181 | 0.072 |   4.013 | 
     | my_core_adapter |              | core_adapter | 0.070 | YOUR_ADDRBUS[23] |       SPEF |   4.181 | 0.000 |   4.013 | 
     +-------------------------------------------------------------------------------------------------------------------+ 
Path 10: MET Setup Check with Pin my_core_adapter/clk 
Endpoint:   my_core_adapter/addr_in[22] (v) checked with  leading edge of 'CLK'
Beginpoint: EXT_BUSY                    (^) triggered by  leading edge of 'CLK'
Path Groups: {CLK}
Analysis View: ensc450_av
Other End Arrival Time          0.000
- Setup                         5.607
+ Phase Shift                  12.000
= Required Time                 6.393
- Arrival Time                  4.015
= Slack Time                    2.379
     Clock Rise Edge                      0.000
     + Input Delay                        0.800
     = Beginpoint Arrival Time            0.800
     +-------------------------------------------------------------------------------------------------------------------+ 
     |    Instance     |     Arc      |     Cell     |  Slew |       Net        |    Arc     |  Load   | Delay | Arrival | 
     |                 |              |              |       |                  | Annotation |         |       |  Time   | 
     |-----------------+--------------+--------------+-------+------------------+------------+---------+-------+---------| 
     |                 | EXT_BUSY ^   |              | 0.002 | EXT_BUSY         |       SPEF |  26.691 |       |   0.800 | 
     | My_bus/U624     |              | AOI22_X1     | 0.006 | EXT_BUSY         |       SPEF |  26.691 | 0.006 |   0.806 | 
     | My_bus/U624     | B1 ^ -> ZN v | AOI22_X1     | 0.054 | My_bus/n302      |            |   3.186 | 0.044 |   0.850 | 
     | My_bus/U623     |              | NOR3_X1      | 0.054 | My_bus/n302      |       SPEF |   3.186 | 0.000 |   0.851 | 
     | My_bus/U623     | A3 v -> ZN ^ | NOR3_X1      | 0.340 | My_bus/n96       |            |  10.428 | 0.473 |   1.324 | 
     | My_bus/U616     |              | AOI211_X1    | 0.340 | My_bus/n96       |       SPEF |  10.428 | 0.000 |   1.324 | 
     | My_bus/U616     | A ^ -> ZN v  | AOI211_X1    | 0.085 | My_bus/n4        |            |   3.292 | 0.118 |   1.442 | 
     | My_bus/U615     |              | INV_X1       | 0.085 | My_bus/n4        |       SPEF |   3.292 | 0.000 |   1.442 | 
     | My_bus/U615     | A v -> ZN ^  | INV_X1       | 0.282 | My_bus/n55       |            |  35.034 | 0.350 |   1.793 | 
     | My_bus/U22      |              | NOR2_X4      | 0.283 | My_bus/n55       |       SPEF |  35.034 | 0.003 |   1.796 | 
     | My_bus/U22      | A2 ^ -> ZN v | NOR2_X4      | 0.101 | My_bus/n95       |            |  68.463 | 0.166 |   1.962 | 
     | My_bus/U21      |              | INV_X2       | 0.101 | My_bus/n95       |       SPEF |  68.463 | 0.000 |   1.962 | 
     | My_bus/U21      | A v -> ZN ^  | INV_X2       | 0.047 | My_bus/n296      |            |   6.294 | 0.099 |   2.061 | 
     | My_bus/U19      |              | OAI21_X4     | 0.047 | My_bus/n296      |       SPEF |   6.294 | 0.000 |   2.061 | 
     | My_bus/U19      | A ^ -> ZN v  | OAI21_X4     | 0.140 | My_bus/n98       |            |  73.125 | 0.121 |   2.182 | 
     | My_bus/U568     |              | AOI22_X1     | 0.143 | My_bus/n98       |       SPEF |  73.125 | 0.034 |   2.216 | 
     | My_bus/U568     | B2 v -> ZN ^ | AOI22_X1     | 0.522 | My_bus/n62       |            |  26.333 | 0.704 |   2.921 | 
     | My_bus/U566     |              | NAND4_X1     | 0.522 | My_bus/n62       |       SPEF |  26.333 | 0.004 |   2.924 | 
     | My_bus/U566     | A3 ^ -> ZN v | NAND4_X1     | 0.161 | My_bus/n285      |            |   5.586 | 0.249 |   3.173 | 
     | My_bus/U564     |              | NOR4_X1      | 0.161 | My_bus/n285      |       SPEF |   5.586 | 0.000 |   3.174 | 
     | My_bus/U564     | A1 v -> ZN ^ | NOR4_X1      | 0.179 | My_bus/n284      |            |   2.076 | 0.263 |   3.437 | 
     | My_bus/U563     |              | NAND4_X1     | 0.179 | My_bus/n284      |       SPEF |   2.076 | 0.000 |   3.437 | 
     | My_bus/U563     | A4 ^ -> ZN v | NAND4_X1     | 0.079 | My_bus/n262      |            |   5.354 | 0.168 |   3.605 | 
     | My_bus/U17      |              | NAND2_X2     | 0.079 | My_bus/n262      |       SPEF |   5.354 | 0.000 |   3.605 | 
     | My_bus/U17      | A2 v -> ZN ^ | NAND2_X2     | 0.054 | My_bus/n260      |            |   8.251 | 0.110 |   3.715 | 
     | My_bus/U16      |              | NOR2_X2      | 0.054 | My_bus/n260      |       SPEF |   8.251 | 0.000 |   3.715 | 
     | My_bus/U16      | A1 ^ -> ZN v | NOR2_X2      | 0.033 | YOUR_ADDRBUS[29] |            |  21.348 | 0.064 |   3.779 | 
     | My_bus/U23      |              | INV_X8       | 0.033 | YOUR_ADDRBUS[29] |       SPEF |  21.348 | 0.003 |   3.782 | 
     | My_bus/U23      | A v -> ZN ^  | INV_X8       | 0.137 | My_bus/n90       |            | 122.556 | 0.150 |   3.932 | 
     | My_bus/U217     |              | NOR2_X1      | 0.138 | My_bus/n90       |       SPEF | 122.556 | 0.011 |   3.943 | 
     | My_bus/U217     | A2 ^ -> ZN v | NOR2_X1      | 0.069 | YOUR_ADDRBUS[22] |            |   4.197 | 0.072 |   4.014 | 
     | my_core_adapter |              | core_adapter | 0.069 | YOUR_ADDRBUS[22] |       SPEF |   4.197 | 0.000 |   4.015 | 
     +-------------------------------------------------------------------------------------------------------------------+ 

