###############################################################
#  Generated by:      Cadence Innovus 18.10-p002_1
#  OS:                Linux x86_64(Host ID ensc-esil-03)
#  Generated on:      Sun Apr 18 22:37:36 2021
#  Design:            ensc450
#  Command:           report_timing -net -format {instance arc cell slew net annotation load delay arrival} -max_paths 10 > results/timing/09-finishing.setup.rpt
###############################################################
Path 1: MET Setup Check with Pin my_core_adapter/clk 
Endpoint:   my_core_adapter/addr_in[31] (v) checked with  leading edge of 'CLK'
Beginpoint: EXT_BUSY                    (^) triggered by  leading edge of 'CLK'
Path Groups: {CLK}
Analysis View: ensc450_av
Other End Arrival Time          0.000
- Setup                         7.113
+ Phase Shift                  12.000
= Required Time                 4.887
- Arrival Time                  3.959
= Slack Time                    0.927
     Clock Rise Edge                      0.000
     + Input Delay                        0.800
     = Beginpoint Arrival Time            0.800
     +--------------------------------------------------------------------------------------------------------------------------+ 
     |      Instance       |     Arc      |     Cell     |  Slew |         Net         |    Arc     |  Load   | Delay | Arrival | 
     |                     |              |              |       |                     | Annotation |         |       |  Time   | 
     |---------------------+--------------+--------------+-------+---------------------+------------+---------+-------+---------| 
     |                     | EXT_BUSY ^   |              | 0.002 | EXT_BUSY            |       SPEF |  25.483 |       |   0.800 | 
     | My_bus/FE_RC_0_0    |              | NAND2_X1     | 0.013 | EXT_BUSY            |       SPEF |  25.483 | 0.014 |   0.814 | 
     | My_bus/FE_RC_0_0    | A1 ^ -> ZN v | NAND2_X1     | 0.050 | My_bus/n302         |            |   2.591 | 0.032 |   0.846 | 
     | My_bus/U623         |              | NOR3_X1      | 0.050 | My_bus/n302         |       SPEF |   2.591 | 0.000 |   0.847 | 
     | My_bus/U623         | A3 v -> ZN ^ | NOR3_X1      | 0.302 | My_bus/n96          |            |   8.794 | 0.428 |   1.275 | 
     | My_bus/U616         |              | AOI211_X1    | 0.302 | My_bus/n96          |       SPEF |   8.794 | 0.000 |   1.275 | 
     | My_bus/U616         | A ^ -> ZN v  | AOI211_X1    | 0.077 | My_bus/n4           |            |   3.190 | 0.111 |   1.386 | 
     | My_bus/U615         |              | INV_X1       | 0.077 | My_bus/n4           |       SPEF |   3.190 | 0.000 |   1.386 | 
     | My_bus/U615         | A v -> ZN ^  | INV_X1       | 0.266 | My_bus/n55          |            |  31.705 | 0.328 |   1.714 | 
     | My_bus/U24          |              | NOR2_X4      | 0.266 | My_bus/n55          |       SPEF |  31.705 | 0.002 |   1.716 | 
     | My_bus/U24          | A1 ^ -> ZN v | NOR2_X4      | 0.093 | My_bus/n94          |            |  61.757 | 0.145 |   1.861 | 
     | My_bus/U614         |              | INV_X1       | 0.093 | My_bus/n94          |       SPEF |  61.757 | 0.000 |   1.861 | 
     | My_bus/U614         | A v -> ZN ^  | INV_X1       | 0.037 | My_bus/n297         |            |   1.780 | 0.079 |   1.940 | 
     | My_bus/U15          |              | OAI21_X1     | 0.037 | My_bus/n297         |       SPEF |   1.780 | 0.000 |   1.940 | 
     | My_bus/U15          | A ^ -> ZN v  | OAI21_X1     | 0.056 | My_bus/n97          |            |   1.507 | 0.051 |   1.991 | 
     | My_bus/FE_OFC73_n97 |              | CLKBUF_X2    | 0.056 | My_bus/n97          |       SPEF |   1.507 | 0.000 |   1.991 | 
     | My_bus/FE_OFC73_n97 | A v -> Z v   | CLKBUF_X2    | 0.162 | My_bus/FE_OFN73_n97 |            |  65.737 | 0.255 |   2.246 | 
     | My_bus/U595         |              | AOI22_X1     | 0.165 | My_bus/FE_OFN73_n97 |       SPEF |  65.737 | 0.027 |   2.273 | 
     | My_bus/U595         | A2 v -> ZN ^ | AOI22_X1     | 0.184 | My_bus/n76          |            |   6.767 | 0.308 |   2.581 | 
     | My_bus/U593         |              | AND4_X1      | 0.184 | My_bus/n76          |       SPEF |   6.767 | 0.000 |   2.582 | 
     | My_bus/U593         | A3 ^ -> ZN ^ | AND4_X1      | 0.039 | My_bus/n294         |            |   1.796 | 0.225 |   2.807 | 
     | My_bus/U592         |              | NAND2_X1     | 0.039 | My_bus/n294         |       SPEF |   1.796 | 0.000 |   2.807 | 
     | My_bus/U592         | A2 ^ -> ZN v | NAND2_X1     | 0.035 | My_bus/n271         |            |   6.586 | 0.067 |   2.874 | 
     | My_bus/U589         |              | NOR3_X1      | 0.035 | My_bus/n271         |       SPEF |   6.586 | 0.000 |   2.874 | 
     | My_bus/U589         | A2 v -> ZN ^ | NOR3_X1      | 0.090 | My_bus/n290         |            |   1.174 | 0.164 |   3.038 | 
     | My_bus/U583         |              | AND4_X1      | 0.090 | My_bus/n290         |       SPEF |   1.174 | 0.000 |   3.038 | 
     | My_bus/U583         | A3 ^ -> ZN ^ | AND4_X1      | 0.056 | My_bus/n278         |            |   4.107 | 0.219 |   3.258 | 
     | My_bus/U574         |              | NAND3_X1     | 0.056 | My_bus/n278         |       SPEF |   4.107 | 0.000 |   3.258 | 
     | My_bus/U574         | A2 ^ -> ZN v | NAND3_X1     | 0.054 | My_bus/n261         |            |   5.241 | 0.095 |   3.352 | 
     | My_bus/U17          |              | NAND2_X1     | 0.054 | My_bus/n261         |       SPEF |   5.241 | 0.000 |   3.352 | 
     | My_bus/U17          | A1 v -> ZN ^ | NAND2_X1     | 0.102 | My_bus/n260         |            |  10.325 | 0.140 |   3.493 | 
     | My_bus/U16          |              | NOR2_X2      | 0.102 | My_bus/n260         |       SPEF |  10.325 | 0.001 |   3.494 | 
     | My_bus/U16          | A1 ^ -> ZN v | NOR2_X2      | 0.039 | YOUR_ADDRBUS[29]    |            |  17.940 | 0.078 |   3.572 | 
     | My_bus/U23          |              | INV_X4       | 0.039 | YOUR_ADDRBUS[29]    |       SPEF |  17.940 | 0.003 |   3.575 | 
     | My_bus/U23          | A v -> ZN ^  | INV_X4       | 0.270 | My_bus/n90          |            | 124.923 | 0.292 |   3.867 | 
     | My_bus/U208         |              | NOR2_X1      | 0.270 | My_bus/n90          |       SPEF | 124.923 | 0.001 |   3.869 | 
     | My_bus/U208         | A2 ^ -> ZN v | NOR2_X1      | 0.079 | YOUR_ADDRBUS[31]    |            |   4.171 | 0.090 |   3.959 | 
     | my_core_adapter     |              | core_adapter | 0.079 | YOUR_ADDRBUS[31]    |       SPEF |   4.171 | 0.000 |   3.959 | 
     +--------------------------------------------------------------------------------------------------------------------------+ 
Path 2: MET Setup Check with Pin my_core_adapter/clk 
Endpoint:   my_core_adapter/addr_in[30] (v) checked with  leading edge of 'CLK'
Beginpoint: EXT_BUSY                    (^) triggered by  leading edge of 'CLK'
Path Groups: {CLK}
Analysis View: ensc450_av
Other End Arrival Time          0.000
- Setup                         7.088
+ Phase Shift                  12.000
= Required Time                 4.912
- Arrival Time                  3.956
= Slack Time                    0.956
     Clock Rise Edge                      0.000
     + Input Delay                        0.800
     = Beginpoint Arrival Time            0.800
     +--------------------------------------------------------------------------------------------------------------------------+ 
     |      Instance       |     Arc      |     Cell     |  Slew |         Net         |    Arc     |  Load   | Delay | Arrival | 
     |                     |              |              |       |                     | Annotation |         |       |  Time   | 
     |---------------------+--------------+--------------+-------+---------------------+------------+---------+-------+---------| 
     |                     | EXT_BUSY ^   |              | 0.002 | EXT_BUSY            |       SPEF |  25.483 |       |   0.800 | 
     | My_bus/FE_RC_0_0    |              | NAND2_X1     | 0.013 | EXT_BUSY            |       SPEF |  25.483 | 0.014 |   0.814 | 
     | My_bus/FE_RC_0_0    | A1 ^ -> ZN v | NAND2_X1     | 0.050 | My_bus/n302         |            |   2.591 | 0.032 |   0.846 | 
     | My_bus/U623         |              | NOR3_X1      | 0.050 | My_bus/n302         |       SPEF |   2.591 | 0.000 |   0.847 | 
     | My_bus/U623         | A3 v -> ZN ^ | NOR3_X1      | 0.302 | My_bus/n96          |            |   8.794 | 0.428 |   1.275 | 
     | My_bus/U616         |              | AOI211_X1    | 0.302 | My_bus/n96          |       SPEF |   8.794 | 0.000 |   1.275 | 
     | My_bus/U616         | A ^ -> ZN v  | AOI211_X1    | 0.077 | My_bus/n4           |            |   3.190 | 0.111 |   1.386 | 
     | My_bus/U615         |              | INV_X1       | 0.077 | My_bus/n4           |       SPEF |   3.190 | 0.000 |   1.386 | 
     | My_bus/U615         | A v -> ZN ^  | INV_X1       | 0.266 | My_bus/n55          |            |  31.705 | 0.328 |   1.715 | 
     | My_bus/U24          |              | NOR2_X4      | 0.266 | My_bus/n55          |       SPEF |  31.705 | 0.002 |   1.716 | 
     | My_bus/U24          | A1 ^ -> ZN v | NOR2_X4      | 0.093 | My_bus/n94          |            |  61.757 | 0.145 |   1.861 | 
     | My_bus/U614         |              | INV_X1       | 0.093 | My_bus/n94          |       SPEF |  61.757 | 0.000 |   1.861 | 
     | My_bus/U614         | A v -> ZN ^  | INV_X1       | 0.037 | My_bus/n297         |            |   1.780 | 0.079 |   1.940 | 
     | My_bus/U15          |              | OAI21_X1     | 0.037 | My_bus/n297         |       SPEF |   1.780 | 0.000 |   1.940 | 
     | My_bus/U15          | A ^ -> ZN v  | OAI21_X1     | 0.056 | My_bus/n97          |            |   1.507 | 0.051 |   1.991 | 
     | My_bus/FE_OFC73_n97 |              | CLKBUF_X2    | 0.056 | My_bus/n97          |       SPEF |   1.507 | 0.000 |   1.991 | 
     | My_bus/FE_OFC73_n97 | A v -> Z v   | CLKBUF_X2    | 0.162 | My_bus/FE_OFN73_n97 |            |  65.737 | 0.255 |   2.246 | 
     | My_bus/U595         |              | AOI22_X1     | 0.165 | My_bus/FE_OFN73_n97 |       SPEF |  65.737 | 0.027 |   2.273 | 
     | My_bus/U595         | A2 v -> ZN ^ | AOI22_X1     | 0.184 | My_bus/n76          |            |   6.767 | 0.308 |   2.582 | 
     | My_bus/U593         |              | AND4_X1      | 0.184 | My_bus/n76          |       SPEF |   6.767 | 0.000 |   2.582 | 
     | My_bus/U593         | A3 ^ -> ZN ^ | AND4_X1      | 0.039 | My_bus/n294         |            |   1.796 | 0.225 |   2.807 | 
     | My_bus/U592         |              | NAND2_X1     | 0.039 | My_bus/n294         |       SPEF |   1.796 | 0.000 |   2.807 | 
     | My_bus/U592         | A2 ^ -> ZN v | NAND2_X1     | 0.035 | My_bus/n271         |            |   6.586 | 0.067 |   2.874 | 
     | My_bus/U589         |              | NOR3_X1      | 0.035 | My_bus/n271         |       SPEF |   6.586 | 0.000 |   2.875 | 
     | My_bus/U589         | A2 v -> ZN ^ | NOR3_X1      | 0.090 | My_bus/n290         |            |   1.174 | 0.164 |   3.039 | 
     | My_bus/U583         |              | AND4_X1      | 0.090 | My_bus/n290         |       SPEF |   1.174 | 0.000 |   3.039 | 
     | My_bus/U583         | A3 ^ -> ZN ^ | AND4_X1      | 0.056 | My_bus/n278         |            |   4.107 | 0.219 |   3.258 | 
     | My_bus/U574         |              | NAND3_X1     | 0.056 | My_bus/n278         |       SPEF |   4.107 | 0.000 |   3.258 | 
     | My_bus/U574         | A2 ^ -> ZN v | NAND3_X1     | 0.054 | My_bus/n261         |            |   5.241 | 0.095 |   3.352 | 
     | My_bus/U17          |              | NAND2_X1     | 0.054 | My_bus/n261         |       SPEF |   5.241 | 0.000 |   3.353 | 
     | My_bus/U17          | A1 v -> ZN ^ | NAND2_X1     | 0.102 | My_bus/n260         |            |  10.325 | 0.140 |   3.493 | 
     | My_bus/U16          |              | NOR2_X2      | 0.102 | My_bus/n260         |       SPEF |  10.325 | 0.001 |   3.494 | 
     | My_bus/U16          | A1 ^ -> ZN v | NOR2_X2      | 0.039 | YOUR_ADDRBUS[29]    |            |  17.940 | 0.078 |   3.572 | 
     | My_bus/U23          |              | INV_X4       | 0.039 | YOUR_ADDRBUS[29]    |       SPEF |  17.940 | 0.003 |   3.575 | 
     | My_bus/U23          | A v -> ZN ^  | INV_X4       | 0.270 | My_bus/n90          |            | 124.923 | 0.292 |   3.867 | 
     | My_bus/U209         |              | NOR2_X1      | 0.270 | My_bus/n90          |       SPEF | 124.923 | 0.002 |   3.869 | 
     | My_bus/U209         | A2 ^ -> ZN v | NOR2_X1      | 0.069 | YOUR_ADDRBUS[30]    |            |   3.711 | 0.086 |   3.955 | 
     | my_core_adapter     |              | core_adapter | 0.069 | YOUR_ADDRBUS[30]    |       SPEF |   3.711 | 0.000 |   3.956 | 
     +--------------------------------------------------------------------------------------------------------------------------+ 
Path 3: MET Setup Check with Pin my_core_adapter/clk 
Endpoint:   my_core_adapter/addr_in[29] (^) checked with  leading edge of 'CLK'
Beginpoint: EXT_BUSY                    (^) triggered by  leading edge of 'CLK'
Path Groups: {CLK}
Analysis View: ensc450_av
Other End Arrival Time          0.000
- Setup                         6.919
+ Phase Shift                  12.000
= Required Time                 5.081
- Arrival Time                  3.866
= Slack Time                    1.215
     Clock Rise Edge                      0.000
     + Input Delay                        0.800
     = Beginpoint Arrival Time            0.800
     +-------------------------------------------------------------------------------------------------------------------------+ 
     |      Instance       |     Arc      |     Cell     |  Slew |         Net         |    Arc     |  Load  | Delay | Arrival | 
     |                     |              |              |       |                     | Annotation |        |       |  Time   | 
     |---------------------+--------------+--------------+-------+---------------------+------------+--------+-------+---------| 
     |                     | EXT_BUSY ^   |              | 0.002 | EXT_BUSY            |       SPEF | 25.483 |       |   0.800 | 
     | My_bus/FE_RC_0_0    |              | NAND2_X1     | 0.013 | EXT_BUSY            |       SPEF | 25.483 | 0.014 |   0.814 | 
     | My_bus/FE_RC_0_0    | A1 ^ -> ZN v | NAND2_X1     | 0.050 | My_bus/n302         |            |  2.591 | 0.032 |   0.846 | 
     | My_bus/U623         |              | NOR3_X1      | 0.050 | My_bus/n302         |       SPEF |  2.591 | 0.000 |   0.847 | 
     | My_bus/U623         | A3 v -> ZN ^ | NOR3_X1      | 0.302 | My_bus/n96          |            |  8.794 | 0.428 |   1.275 | 
     | My_bus/U616         |              | AOI211_X1    | 0.302 | My_bus/n96          |       SPEF |  8.794 | 0.000 |   1.275 | 
     | My_bus/U616         | A ^ -> ZN v  | AOI211_X1    | 0.077 | My_bus/n4           |            |  3.190 | 0.111 |   1.386 | 
     | My_bus/U615         |              | INV_X1       | 0.077 | My_bus/n4           |       SPEF |  3.190 | 0.000 |   1.386 | 
     | My_bus/U615         | A v -> ZN ^  | INV_X1       | 0.266 | My_bus/n55          |            | 31.705 | 0.328 |   1.715 | 
     | My_bus/U24          |              | NOR2_X4      | 0.266 | My_bus/n55          |       SPEF | 31.705 | 0.002 |   1.716 | 
     | My_bus/U24          | A1 ^ -> ZN v | NOR2_X4      | 0.093 | My_bus/n94          |            | 61.757 | 0.145 |   1.861 | 
     | My_bus/U614         |              | INV_X1       | 0.093 | My_bus/n94          |       SPEF | 61.757 | 0.000 |   1.861 | 
     | My_bus/U614         | A v -> ZN ^  | INV_X1       | 0.037 | My_bus/n297         |            |  1.780 | 0.079 |   1.940 | 
     | My_bus/U15          |              | OAI21_X1     | 0.037 | My_bus/n297         |       SPEF |  1.780 | 0.000 |   1.940 | 
     | My_bus/U15          | A ^ -> ZN v  | OAI21_X1     | 0.056 | My_bus/n97          |            |  1.507 | 0.051 |   1.991 | 
     | My_bus/FE_OFC73_n97 |              | CLKBUF_X2    | 0.056 | My_bus/n97          |       SPEF |  1.507 | 0.000 |   1.991 | 
     | My_bus/FE_OFC73_n97 | A v -> Z v   | CLKBUF_X2    | 0.162 | My_bus/FE_OFN73_n97 |            | 65.737 | 0.255 |   2.246 | 
     | My_bus/U595         |              | AOI22_X1     | 0.165 | My_bus/FE_OFN73_n97 |       SPEF | 65.737 | 0.027 |   2.273 | 
     | My_bus/U595         | A2 v -> ZN ^ | AOI22_X1     | 0.184 | My_bus/n76          |            |  6.767 | 0.308 |   2.582 | 
     | My_bus/U593         |              | AND4_X1      | 0.184 | My_bus/n76          |       SPEF |  6.767 | 0.000 |   2.582 | 
     | My_bus/U593         | A3 ^ -> ZN ^ | AND4_X1      | 0.039 | My_bus/n294         |            |  1.796 | 0.225 |   2.807 | 
     | My_bus/U592         |              | NAND2_X1     | 0.039 | My_bus/n294         |       SPEF |  1.796 | 0.000 |   2.807 | 
     | My_bus/U592         | A2 ^ -> ZN v | NAND2_X1     | 0.035 | My_bus/n271         |            |  6.586 | 0.067 |   2.874 | 
     | My_bus/U589         |              | NOR3_X1      | 0.035 | My_bus/n271         |       SPEF |  6.586 | 0.000 |   2.875 | 
     | My_bus/U589         | A2 v -> ZN ^ | NOR3_X1      | 0.090 | My_bus/n290         |            |  1.174 | 0.164 |   3.039 | 
     | My_bus/U583         |              | AND4_X1      | 0.090 | My_bus/n290         |       SPEF |  1.174 | 0.000 |   3.039 | 
     | My_bus/U583         | A3 ^ -> ZN ^ | AND4_X1      | 0.056 | My_bus/n278         |            |  4.107 | 0.219 |   3.258 | 
     | My_bus/U559         |              | NAND4_X1     | 0.056 | My_bus/n278         |       SPEF |  4.107 | 0.000 |   3.258 | 
     | My_bus/U559         | A3 ^ -> ZN v | NAND4_X1     | 0.086 | My_bus/n264         |            |  3.648 | 0.113 |   3.371 | 
     | My_bus/U558         |              | NAND2_X1     | 0.086 | My_bus/n264         |       SPEF |  3.648 | 0.000 |   3.371 | 
     | My_bus/U558         | A2 v -> ZN ^ | NAND2_X1     | 0.091 | My_bus/n259         |            |  8.976 | 0.156 |   3.527 | 
     | My_bus/U18          |              | INV_X1       | 0.091 | My_bus/n259         |       SPEF |  8.976 | 0.001 |   3.528 | 
     | My_bus/U18          | A ^ -> ZN v  | INV_X1       | 0.035 | My_bus/n8           |            |  8.884 | 0.073 |   3.601 | 
     | My_bus/U16          |              | NOR2_X2      | 0.035 | My_bus/n8           |       SPEF |  8.884 | 0.000 |   3.601 | 
     | My_bus/U16          | A2 v -> ZN ^ | NOR2_X2      | 0.196 | YOUR_ADDRBUS[29]    |            | 18.802 | 0.262 |   3.863 | 
     | my_core_adapter     |              | core_adapter | 0.196 | YOUR_ADDRBUS[29]    |       SPEF | 18.802 | 0.003 |   3.866 | 
     +-------------------------------------------------------------------------------------------------------------------------+ 
Path 4: MET Setup Check with Pin my_core_adapter/clk 
Endpoint:   my_core_adapter/addr_in[28] (v) checked with  leading edge of 'CLK'
Beginpoint: EXT_BUSY                    (^) triggered by  leading edge of 'CLK'
Path Groups: {CLK}
Analysis View: ensc450_av
Other End Arrival Time          0.000
- Setup                         6.720
+ Phase Shift                  12.000
= Required Time                 5.280
- Arrival Time                  3.962
= Slack Time                    1.318
     Clock Rise Edge                      0.000
     + Input Delay                        0.800
     = Beginpoint Arrival Time            0.800
     +--------------------------------------------------------------------------------------------------------------------------+ 
     |      Instance       |     Arc      |     Cell     |  Slew |         Net         |    Arc     |  Load   | Delay | Arrival | 
     |                     |              |              |       |                     | Annotation |         |       |  Time   | 
     |---------------------+--------------+--------------+-------+---------------------+------------+---------+-------+---------| 
     |                     | EXT_BUSY ^   |              | 0.002 | EXT_BUSY            |       SPEF |  25.483 |       |   0.800 | 
     | My_bus/FE_RC_0_0    |              | NAND2_X1     | 0.013 | EXT_BUSY            |       SPEF |  25.483 | 0.014 |   0.814 | 
     | My_bus/FE_RC_0_0    | A1 ^ -> ZN v | NAND2_X1     | 0.050 | My_bus/n302         |            |   2.591 | 0.032 |   0.846 | 
     | My_bus/U623         |              | NOR3_X1      | 0.050 | My_bus/n302         |       SPEF |   2.591 | 0.000 |   0.847 | 
     | My_bus/U623         | A3 v -> ZN ^ | NOR3_X1      | 0.302 | My_bus/n96          |            |   8.794 | 0.428 |   1.275 | 
     | My_bus/U616         |              | AOI211_X1    | 0.302 | My_bus/n96          |       SPEF |   8.794 | 0.000 |   1.275 | 
     | My_bus/U616         | A ^ -> ZN v  | AOI211_X1    | 0.077 | My_bus/n4           |            |   3.190 | 0.111 |   1.386 | 
     | My_bus/U615         |              | INV_X1       | 0.077 | My_bus/n4           |       SPEF |   3.190 | 0.000 |   1.386 | 
     | My_bus/U615         | A v -> ZN ^  | INV_X1       | 0.266 | My_bus/n55          |            |  31.705 | 0.328 |   1.715 | 
     | My_bus/U24          |              | NOR2_X4      | 0.266 | My_bus/n55          |       SPEF |  31.705 | 0.002 |   1.716 | 
     | My_bus/U24          | A1 ^ -> ZN v | NOR2_X4      | 0.093 | My_bus/n94          |            |  61.757 | 0.145 |   1.861 | 
     | My_bus/U614         |              | INV_X1       | 0.093 | My_bus/n94          |       SPEF |  61.757 | 0.000 |   1.861 | 
     | My_bus/U614         | A v -> ZN ^  | INV_X1       | 0.037 | My_bus/n297         |            |   1.780 | 0.079 |   1.940 | 
     | My_bus/U15          |              | OAI21_X1     | 0.037 | My_bus/n297         |       SPEF |   1.780 | 0.000 |   1.940 | 
     | My_bus/U15          | A ^ -> ZN v  | OAI21_X1     | 0.056 | My_bus/n97          |            |   1.507 | 0.051 |   1.991 | 
     | My_bus/FE_OFC73_n97 |              | CLKBUF_X2    | 0.056 | My_bus/n97          |       SPEF |   1.507 | 0.000 |   1.991 | 
     | My_bus/FE_OFC73_n97 | A v -> Z v   | CLKBUF_X2    | 0.162 | My_bus/FE_OFN73_n97 |            |  65.737 | 0.255 |   2.246 | 
     | My_bus/U595         |              | AOI22_X1     | 0.165 | My_bus/FE_OFN73_n97 |       SPEF |  65.737 | 0.027 |   2.273 | 
     | My_bus/U595         | A2 v -> ZN ^ | AOI22_X1     | 0.184 | My_bus/n76          |            |   6.767 | 0.308 |   2.582 | 
     | My_bus/U593         |              | AND4_X1      | 0.184 | My_bus/n76          |       SPEF |   6.767 | 0.000 |   2.582 | 
     | My_bus/U593         | A3 ^ -> ZN ^ | AND4_X1      | 0.039 | My_bus/n294         |            |   1.796 | 0.225 |   2.807 | 
     | My_bus/U592         |              | NAND2_X1     | 0.039 | My_bus/n294         |       SPEF |   1.796 | 0.000 |   2.807 | 
     | My_bus/U592         | A2 ^ -> ZN v | NAND2_X1     | 0.035 | My_bus/n271         |            |   6.586 | 0.067 |   2.874 | 
     | My_bus/U589         |              | NOR3_X1      | 0.035 | My_bus/n271         |       SPEF |   6.586 | 0.000 |   2.875 | 
     | My_bus/U589         | A2 v -> ZN ^ | NOR3_X1      | 0.090 | My_bus/n290         |            |   1.174 | 0.164 |   3.039 | 
     | My_bus/U583         |              | AND4_X1      | 0.090 | My_bus/n290         |       SPEF |   1.174 | 0.000 |   3.039 | 
     | My_bus/U583         | A3 ^ -> ZN ^ | AND4_X1      | 0.056 | My_bus/n278         |            |   4.107 | 0.219 |   3.258 | 
     | My_bus/U574         |              | NAND3_X1     | 0.056 | My_bus/n278         |       SPEF |   4.107 | 0.000 |   3.258 | 
     | My_bus/U574         | A2 ^ -> ZN v | NAND3_X1     | 0.054 | My_bus/n261         |            |   5.241 | 0.095 |   3.352 | 
     | My_bus/U17          |              | NAND2_X1     | 0.054 | My_bus/n261         |       SPEF |   5.241 | 0.000 |   3.353 | 
     | My_bus/U17          | A1 v -> ZN ^ | NAND2_X1     | 0.102 | My_bus/n260         |            |  10.325 | 0.140 |   3.493 | 
     | My_bus/U16          |              | NOR2_X2      | 0.102 | My_bus/n260         |       SPEF |  10.325 | 0.001 |   3.494 | 
     | My_bus/U16          | A1 ^ -> ZN v | NOR2_X2      | 0.039 | YOUR_ADDRBUS[29]    |            |  17.940 | 0.078 |   3.572 | 
     | My_bus/U23          |              | INV_X4       | 0.039 | YOUR_ADDRBUS[29]    |       SPEF |  17.940 | 0.003 |   3.575 | 
     | My_bus/U23          | A v -> ZN ^  | INV_X4       | 0.270 | My_bus/n90          |            | 124.923 | 0.292 |   3.867 | 
     | My_bus/U211         |              | NOR2_X1      | 0.270 | My_bus/n90          |       SPEF | 124.923 | 0.003 |   3.870 | 
     | My_bus/U211         | A2 ^ -> ZN v | NOR2_X1      | 0.067 | YOUR_ADDRBUS[28]    |            |   4.331 | 0.092 |   3.962 | 
     | my_core_adapter     |              | core_adapter | 0.067 | YOUR_ADDRBUS[28]    |       SPEF |   4.331 | 0.001 |   3.962 | 
     +--------------------------------------------------------------------------------------------------------------------------+ 
Path 5: MET Setup Check with Pin my_core_adapter/clk 
Endpoint:   my_core_adapter/addr_in[27] (v) checked with  leading edge of 'CLK'
Beginpoint: EXT_BUSY                    (^) triggered by  leading edge of 'CLK'
Path Groups: {CLK}
Analysis View: ensc450_av
Other End Arrival Time          0.000
- Setup                         6.531
+ Phase Shift                  12.000
= Required Time                 5.469
- Arrival Time                  3.963
= Slack Time                    1.506
     Clock Rise Edge                      0.000
     + Input Delay                        0.800
     = Beginpoint Arrival Time            0.800
     +--------------------------------------------------------------------------------------------------------------------------+ 
     |      Instance       |     Arc      |     Cell     |  Slew |         Net         |    Arc     |  Load   | Delay | Arrival | 
     |                     |              |              |       |                     | Annotation |         |       |  Time   | 
     |---------------------+--------------+--------------+-------+---------------------+------------+---------+-------+---------| 
     |                     | EXT_BUSY ^   |              | 0.002 | EXT_BUSY            |       SPEF |  25.483 |       |   0.800 | 
     | My_bus/FE_RC_0_0    |              | NAND2_X1     | 0.013 | EXT_BUSY            |       SPEF |  25.483 | 0.014 |   0.814 | 
     | My_bus/FE_RC_0_0    | A1 ^ -> ZN v | NAND2_X1     | 0.050 | My_bus/n302         |            |   2.591 | 0.032 |   0.846 | 
     | My_bus/U623         |              | NOR3_X1      | 0.050 | My_bus/n302         |       SPEF |   2.591 | 0.000 |   0.847 | 
     | My_bus/U623         | A3 v -> ZN ^ | NOR3_X1      | 0.302 | My_bus/n96          |            |   8.794 | 0.428 |   1.275 | 
     | My_bus/U616         |              | AOI211_X1    | 0.302 | My_bus/n96          |       SPEF |   8.794 | 0.000 |   1.275 | 
     | My_bus/U616         | A ^ -> ZN v  | AOI211_X1    | 0.077 | My_bus/n4           |            |   3.190 | 0.111 |   1.386 | 
     | My_bus/U615         |              | INV_X1       | 0.077 | My_bus/n4           |       SPEF |   3.190 | 0.000 |   1.386 | 
     | My_bus/U615         | A v -> ZN ^  | INV_X1       | 0.266 | My_bus/n55          |            |  31.705 | 0.328 |   1.715 | 
     | My_bus/U24          |              | NOR2_X4      | 0.266 | My_bus/n55          |       SPEF |  31.705 | 0.002 |   1.716 | 
     | My_bus/U24          | A1 ^ -> ZN v | NOR2_X4      | 0.093 | My_bus/n94          |            |  61.757 | 0.145 |   1.861 | 
     | My_bus/U614         |              | INV_X1       | 0.093 | My_bus/n94          |       SPEF |  61.757 | 0.000 |   1.861 | 
     | My_bus/U614         | A v -> ZN ^  | INV_X1       | 0.037 | My_bus/n297         |            |   1.780 | 0.079 |   1.940 | 
     | My_bus/U15          |              | OAI21_X1     | 0.037 | My_bus/n297         |       SPEF |   1.780 | 0.000 |   1.940 | 
     | My_bus/U15          | A ^ -> ZN v  | OAI21_X1     | 0.056 | My_bus/n97          |            |   1.507 | 0.051 |   1.991 | 
     | My_bus/FE_OFC73_n97 |              | CLKBUF_X2    | 0.056 | My_bus/n97          |       SPEF |   1.507 | 0.000 |   1.991 | 
     | My_bus/FE_OFC73_n97 | A v -> Z v   | CLKBUF_X2    | 0.162 | My_bus/FE_OFN73_n97 |            |  65.737 | 0.255 |   2.246 | 
     | My_bus/U595         |              | AOI22_X1     | 0.165 | My_bus/FE_OFN73_n97 |       SPEF |  65.737 | 0.027 |   2.273 | 
     | My_bus/U595         | A2 v -> ZN ^ | AOI22_X1     | 0.184 | My_bus/n76          |            |   6.767 | 0.308 |   2.582 | 
     | My_bus/U593         |              | AND4_X1      | 0.184 | My_bus/n76          |       SPEF |   6.767 | 0.000 |   2.582 | 
     | My_bus/U593         | A3 ^ -> ZN ^ | AND4_X1      | 0.039 | My_bus/n294         |            |   1.796 | 0.225 |   2.807 | 
     | My_bus/U592         |              | NAND2_X1     | 0.039 | My_bus/n294         |       SPEF |   1.796 | 0.000 |   2.807 | 
     | My_bus/U592         | A2 ^ -> ZN v | NAND2_X1     | 0.035 | My_bus/n271         |            |   6.586 | 0.067 |   2.874 | 
     | My_bus/U589         |              | NOR3_X1      | 0.035 | My_bus/n271         |       SPEF |   6.586 | 0.000 |   2.875 | 
     | My_bus/U589         | A2 v -> ZN ^ | NOR3_X1      | 0.090 | My_bus/n290         |            |   1.174 | 0.164 |   3.039 | 
     | My_bus/U583         |              | AND4_X1      | 0.090 | My_bus/n290         |       SPEF |   1.174 | 0.000 |   3.039 | 
     | My_bus/U583         | A3 ^ -> ZN ^ | AND4_X1      | 0.056 | My_bus/n278         |            |   4.107 | 0.219 |   3.258 | 
     | My_bus/U574         |              | NAND3_X1     | 0.056 | My_bus/n278         |       SPEF |   4.107 | 0.000 |   3.258 | 
     | My_bus/U574         | A2 ^ -> ZN v | NAND3_X1     | 0.054 | My_bus/n261         |            |   5.241 | 0.095 |   3.352 | 
     | My_bus/U17          |              | NAND2_X1     | 0.054 | My_bus/n261         |       SPEF |   5.241 | 0.000 |   3.353 | 
     | My_bus/U17          | A1 v -> ZN ^ | NAND2_X1     | 0.102 | My_bus/n260         |            |  10.325 | 0.140 |   3.493 | 
     | My_bus/U16          |              | NOR2_X2      | 0.102 | My_bus/n260         |       SPEF |  10.325 | 0.001 |   3.494 | 
     | My_bus/U16          | A1 ^ -> ZN v | NOR2_X2      | 0.039 | YOUR_ADDRBUS[29]    |            |  17.940 | 0.078 |   3.572 | 
     | My_bus/U23          |              | INV_X4       | 0.039 | YOUR_ADDRBUS[29]    |       SPEF |  17.940 | 0.003 |   3.575 | 
     | My_bus/U23          | A v -> ZN ^  | INV_X4       | 0.270 | My_bus/n90          |            | 124.923 | 0.292 |   3.867 | 
     | My_bus/U212         |              | NOR2_X1      | 0.270 | My_bus/n90          |       SPEF | 124.923 | 0.004 |   3.871 | 
     | My_bus/U212         | A2 ^ -> ZN v | NOR2_X1      | 0.064 | YOUR_ADDRBUS[27]    |            |   4.359 | 0.092 |   3.963 | 
     | my_core_adapter     |              | core_adapter | 0.064 | YOUR_ADDRBUS[27]    |       SPEF |   4.359 | 0.001 |   3.963 | 
     +--------------------------------------------------------------------------------------------------------------------------+ 
Path 6: MET Setup Check with Pin my_core_adapter/clk 
Endpoint:   my_core_adapter/addr_in[26] (v) checked with  leading edge of 'CLK'
Beginpoint: EXT_BUSY                    (^) triggered by  leading edge of 'CLK'
Path Groups: {CLK}
Analysis View: ensc450_av
Other End Arrival Time          0.000
- Setup                         6.345
+ Phase Shift                  12.000
= Required Time                 5.655
- Arrival Time                  3.966
= Slack Time                    1.689
     Clock Rise Edge                      0.000
     + Input Delay                        0.800
     = Beginpoint Arrival Time            0.800
     +--------------------------------------------------------------------------------------------------------------------------+ 
     |      Instance       |     Arc      |     Cell     |  Slew |         Net         |    Arc     |  Load   | Delay | Arrival | 
     |                     |              |              |       |                     | Annotation |         |       |  Time   | 
     |---------------------+--------------+--------------+-------+---------------------+------------+---------+-------+---------| 
     |                     | EXT_BUSY ^   |              | 0.002 | EXT_BUSY            |       SPEF |  25.483 |       |   0.800 | 
     | My_bus/FE_RC_0_0    |              | NAND2_X1     | 0.013 | EXT_BUSY            |       SPEF |  25.483 | 0.014 |   0.814 | 
     | My_bus/FE_RC_0_0    | A1 ^ -> ZN v | NAND2_X1     | 0.050 | My_bus/n302         |            |   2.591 | 0.032 |   0.846 | 
     | My_bus/U623         |              | NOR3_X1      | 0.050 | My_bus/n302         |       SPEF |   2.591 | 0.000 |   0.847 | 
     | My_bus/U623         | A3 v -> ZN ^ | NOR3_X1      | 0.302 | My_bus/n96          |            |   8.794 | 0.428 |   1.275 | 
     | My_bus/U616         |              | AOI211_X1    | 0.302 | My_bus/n96          |       SPEF |   8.794 | 0.000 |   1.275 | 
     | My_bus/U616         | A ^ -> ZN v  | AOI211_X1    | 0.077 | My_bus/n4           |            |   3.190 | 0.111 |   1.386 | 
     | My_bus/U615         |              | INV_X1       | 0.077 | My_bus/n4           |       SPEF |   3.190 | 0.000 |   1.386 | 
     | My_bus/U615         | A v -> ZN ^  | INV_X1       | 0.266 | My_bus/n55          |            |  31.705 | 0.328 |   1.715 | 
     | My_bus/U24          |              | NOR2_X4      | 0.266 | My_bus/n55          |       SPEF |  31.705 | 0.002 |   1.716 | 
     | My_bus/U24          | A1 ^ -> ZN v | NOR2_X4      | 0.093 | My_bus/n94          |            |  61.757 | 0.145 |   1.861 | 
     | My_bus/U614         |              | INV_X1       | 0.093 | My_bus/n94          |       SPEF |  61.757 | 0.000 |   1.861 | 
     | My_bus/U614         | A v -> ZN ^  | INV_X1       | 0.037 | My_bus/n297         |            |   1.780 | 0.079 |   1.940 | 
     | My_bus/U15          |              | OAI21_X1     | 0.037 | My_bus/n297         |       SPEF |   1.780 | 0.000 |   1.940 | 
     | My_bus/U15          | A ^ -> ZN v  | OAI21_X1     | 0.056 | My_bus/n97          |            |   1.507 | 0.051 |   1.991 | 
     | My_bus/FE_OFC73_n97 |              | CLKBUF_X2    | 0.056 | My_bus/n97          |       SPEF |   1.507 | 0.000 |   1.991 | 
     | My_bus/FE_OFC73_n97 | A v -> Z v   | CLKBUF_X2    | 0.162 | My_bus/FE_OFN73_n97 |            |  65.737 | 0.255 |   2.246 | 
     | My_bus/U595         |              | AOI22_X1     | 0.165 | My_bus/FE_OFN73_n97 |       SPEF |  65.737 | 0.027 |   2.273 | 
     | My_bus/U595         | A2 v -> ZN ^ | AOI22_X1     | 0.184 | My_bus/n76          |            |   6.767 | 0.308 |   2.582 | 
     | My_bus/U593         |              | AND4_X1      | 0.184 | My_bus/n76          |       SPEF |   6.767 | 0.000 |   2.582 | 
     | My_bus/U593         | A3 ^ -> ZN ^ | AND4_X1      | 0.039 | My_bus/n294         |            |   1.796 | 0.225 |   2.807 | 
     | My_bus/U592         |              | NAND2_X1     | 0.039 | My_bus/n294         |       SPEF |   1.796 | 0.000 |   2.807 | 
     | My_bus/U592         | A2 ^ -> ZN v | NAND2_X1     | 0.035 | My_bus/n271         |            |   6.586 | 0.067 |   2.874 | 
     | My_bus/U589         |              | NOR3_X1      | 0.035 | My_bus/n271         |       SPEF |   6.586 | 0.000 |   2.875 | 
     | My_bus/U589         | A2 v -> ZN ^ | NOR3_X1      | 0.090 | My_bus/n290         |            |   1.174 | 0.164 |   3.039 | 
     | My_bus/U583         |              | AND4_X1      | 0.090 | My_bus/n290         |       SPEF |   1.174 | 0.000 |   3.039 | 
     | My_bus/U583         | A3 ^ -> ZN ^ | AND4_X1      | 0.056 | My_bus/n278         |            |   4.107 | 0.219 |   3.258 | 
     | My_bus/U574         |              | NAND3_X1     | 0.056 | My_bus/n278         |       SPEF |   4.107 | 0.000 |   3.258 | 
     | My_bus/U574         | A2 ^ -> ZN v | NAND3_X1     | 0.054 | My_bus/n261         |            |   5.241 | 0.095 |   3.352 | 
     | My_bus/U17          |              | NAND2_X1     | 0.054 | My_bus/n261         |       SPEF |   5.241 | 0.000 |   3.353 | 
     | My_bus/U17          | A1 v -> ZN ^ | NAND2_X1     | 0.102 | My_bus/n260         |            |  10.325 | 0.140 |   3.493 | 
     | My_bus/U16          |              | NOR2_X2      | 0.102 | My_bus/n260         |       SPEF |  10.325 | 0.001 |   3.494 | 
     | My_bus/U16          | A1 ^ -> ZN v | NOR2_X2      | 0.039 | YOUR_ADDRBUS[29]    |            |  17.940 | 0.078 |   3.572 | 
     | My_bus/U23          |              | INV_X4       | 0.039 | YOUR_ADDRBUS[29]    |       SPEF |  17.940 | 0.003 |   3.575 | 
     | My_bus/U23          | A v -> ZN ^  | INV_X4       | 0.270 | My_bus/n90          |            | 124.923 | 0.292 |   3.867 | 
     | My_bus/U213         |              | NOR2_X1      | 0.270 | My_bus/n90          |       SPEF | 124.923 | 0.004 |   3.871 | 
     | My_bus/U213         | A2 ^ -> ZN v | NOR2_X1      | 0.064 | YOUR_ADDRBUS[26]    |            |   4.562 | 0.094 |   3.965 | 
     | my_core_adapter     |              | core_adapter | 0.064 | YOUR_ADDRBUS[26]    |       SPEF |   4.562 | 0.001 |   3.966 | 
     +--------------------------------------------------------------------------------------------------------------------------+ 
Path 7: MET Setup Check with Pin my_core_adapter/clk 
Endpoint:   my_core_adapter/addr_in[25] (v) checked with  leading edge of 'CLK'
Beginpoint: EXT_BUSY                    (^) triggered by  leading edge of 'CLK'
Path Groups: {CLK}
Analysis View: ensc450_av
Other End Arrival Time          0.000
- Setup                         6.161
+ Phase Shift                  12.000
= Required Time                 5.839
- Arrival Time                  3.966
= Slack Time                    1.873
     Clock Rise Edge                      0.000
     + Input Delay                        0.800
     = Beginpoint Arrival Time            0.800
     +--------------------------------------------------------------------------------------------------------------------------+ 
     |      Instance       |     Arc      |     Cell     |  Slew |         Net         |    Arc     |  Load   | Delay | Arrival | 
     |                     |              |              |       |                     | Annotation |         |       |  Time   | 
     |---------------------+--------------+--------------+-------+---------------------+------------+---------+-------+---------| 
     |                     | EXT_BUSY ^   |              | 0.002 | EXT_BUSY            |       SPEF |  25.483 |       |   0.800 | 
     | My_bus/FE_RC_0_0    |              | NAND2_X1     | 0.013 | EXT_BUSY            |       SPEF |  25.483 | 0.014 |   0.814 | 
     | My_bus/FE_RC_0_0    | A1 ^ -> ZN v | NAND2_X1     | 0.050 | My_bus/n302         |            |   2.591 | 0.032 |   0.846 | 
     | My_bus/U623         |              | NOR3_X1      | 0.050 | My_bus/n302         |       SPEF |   2.591 | 0.000 |   0.847 | 
     | My_bus/U623         | A3 v -> ZN ^ | NOR3_X1      | 0.302 | My_bus/n96          |            |   8.794 | 0.428 |   1.275 | 
     | My_bus/U616         |              | AOI211_X1    | 0.302 | My_bus/n96          |       SPEF |   8.794 | 0.000 |   1.275 | 
     | My_bus/U616         | A ^ -> ZN v  | AOI211_X1    | 0.077 | My_bus/n4           |            |   3.190 | 0.111 |   1.386 | 
     | My_bus/U615         |              | INV_X1       | 0.077 | My_bus/n4           |       SPEF |   3.190 | 0.000 |   1.386 | 
     | My_bus/U615         | A v -> ZN ^  | INV_X1       | 0.266 | My_bus/n55          |            |  31.705 | 0.328 |   1.715 | 
     | My_bus/U24          |              | NOR2_X4      | 0.266 | My_bus/n55          |       SPEF |  31.705 | 0.002 |   1.716 | 
     | My_bus/U24          | A1 ^ -> ZN v | NOR2_X4      | 0.093 | My_bus/n94          |            |  61.757 | 0.145 |   1.861 | 
     | My_bus/U614         |              | INV_X1       | 0.093 | My_bus/n94          |       SPEF |  61.757 | 0.000 |   1.861 | 
     | My_bus/U614         | A v -> ZN ^  | INV_X1       | 0.037 | My_bus/n297         |            |   1.780 | 0.079 |   1.940 | 
     | My_bus/U15          |              | OAI21_X1     | 0.037 | My_bus/n297         |       SPEF |   1.780 | 0.000 |   1.940 | 
     | My_bus/U15          | A ^ -> ZN v  | OAI21_X1     | 0.056 | My_bus/n97          |            |   1.507 | 0.051 |   1.991 | 
     | My_bus/FE_OFC73_n97 |              | CLKBUF_X2    | 0.056 | My_bus/n97          |       SPEF |   1.507 | 0.000 |   1.991 | 
     | My_bus/FE_OFC73_n97 | A v -> Z v   | CLKBUF_X2    | 0.162 | My_bus/FE_OFN73_n97 |            |  65.737 | 0.255 |   2.246 | 
     | My_bus/U595         |              | AOI22_X1     | 0.165 | My_bus/FE_OFN73_n97 |       SPEF |  65.737 | 0.027 |   2.273 | 
     | My_bus/U595         | A2 v -> ZN ^ | AOI22_X1     | 0.184 | My_bus/n76          |            |   6.767 | 0.308 |   2.582 | 
     | My_bus/U593         |              | AND4_X1      | 0.184 | My_bus/n76          |       SPEF |   6.767 | 0.000 |   2.582 | 
     | My_bus/U593         | A3 ^ -> ZN ^ | AND4_X1      | 0.039 | My_bus/n294         |            |   1.796 | 0.225 |   2.807 | 
     | My_bus/U592         |              | NAND2_X1     | 0.039 | My_bus/n294         |       SPEF |   1.796 | 0.000 |   2.807 | 
     | My_bus/U592         | A2 ^ -> ZN v | NAND2_X1     | 0.035 | My_bus/n271         |            |   6.586 | 0.067 |   2.874 | 
     | My_bus/U589         |              | NOR3_X1      | 0.035 | My_bus/n271         |       SPEF |   6.586 | 0.000 |   2.875 | 
     | My_bus/U589         | A2 v -> ZN ^ | NOR3_X1      | 0.090 | My_bus/n290         |            |   1.174 | 0.164 |   3.039 | 
     | My_bus/U583         |              | AND4_X1      | 0.090 | My_bus/n290         |       SPEF |   1.174 | 0.000 |   3.039 | 
     | My_bus/U583         | A3 ^ -> ZN ^ | AND4_X1      | 0.056 | My_bus/n278         |            |   4.107 | 0.219 |   3.258 | 
     | My_bus/U574         |              | NAND3_X1     | 0.056 | My_bus/n278         |       SPEF |   4.107 | 0.000 |   3.258 | 
     | My_bus/U574         | A2 ^ -> ZN v | NAND3_X1     | 0.054 | My_bus/n261         |            |   5.241 | 0.095 |   3.352 | 
     | My_bus/U17          |              | NAND2_X1     | 0.054 | My_bus/n261         |       SPEF |   5.241 | 0.000 |   3.353 | 
     | My_bus/U17          | A1 v -> ZN ^ | NAND2_X1     | 0.102 | My_bus/n260         |            |  10.325 | 0.140 |   3.493 | 
     | My_bus/U16          |              | NOR2_X2      | 0.102 | My_bus/n260         |       SPEF |  10.325 | 0.001 |   3.494 | 
     | My_bus/U16          | A1 ^ -> ZN v | NOR2_X2      | 0.039 | YOUR_ADDRBUS[29]    |            |  17.940 | 0.078 |   3.572 | 
     | My_bus/U23          |              | INV_X4       | 0.039 | YOUR_ADDRBUS[29]    |       SPEF |  17.940 | 0.003 |   3.575 | 
     | My_bus/U23          | A v -> ZN ^  | INV_X4       | 0.270 | My_bus/n90          |            | 124.923 | 0.292 |   3.867 | 
     | My_bus/U214         |              | NOR2_X1      | 0.270 | My_bus/n90          |       SPEF | 124.923 | 0.005 |   3.872 | 
     | My_bus/U214         | A2 ^ -> ZN v | NOR2_X1      | 0.064 | YOUR_ADDRBUS[25]    |            |   4.513 | 0.093 |   3.965 | 
     | my_core_adapter     |              | core_adapter | 0.064 | YOUR_ADDRBUS[25]    |       SPEF |   4.513 | 0.001 |   3.966 | 
     +--------------------------------------------------------------------------------------------------------------------------+ 
Path 8: MET Setup Check with Pin my_core_adapter/clk 
Endpoint:   my_core_adapter/addr_in[24] (v) checked with  leading edge of 'CLK'
Beginpoint: EXT_BUSY                    (^) triggered by  leading edge of 'CLK'
Path Groups: {CLK}
Analysis View: ensc450_av
Other End Arrival Time          0.000
- Setup                         5.978
+ Phase Shift                  12.000
= Required Time                 6.022
- Arrival Time                  3.970
= Slack Time                    2.052
     Clock Rise Edge                      0.000
     + Input Delay                        0.800
     = Beginpoint Arrival Time            0.800
     +--------------------------------------------------------------------------------------------------------------------------+ 
     |      Instance       |     Arc      |     Cell     |  Slew |         Net         |    Arc     |  Load   | Delay | Arrival | 
     |                     |              |              |       |                     | Annotation |         |       |  Time   | 
     |---------------------+--------------+--------------+-------+---------------------+------------+---------+-------+---------| 
     |                     | EXT_BUSY ^   |              | 0.002 | EXT_BUSY            |       SPEF |  25.483 |       |   0.800 | 
     | My_bus/FE_RC_0_0    |              | NAND2_X1     | 0.013 | EXT_BUSY            |       SPEF |  25.483 | 0.014 |   0.814 | 
     | My_bus/FE_RC_0_0    | A1 ^ -> ZN v | NAND2_X1     | 0.050 | My_bus/n302         |            |   2.591 | 0.032 |   0.846 | 
     | My_bus/U623         |              | NOR3_X1      | 0.050 | My_bus/n302         |       SPEF |   2.591 | 0.000 |   0.847 | 
     | My_bus/U623         | A3 v -> ZN ^ | NOR3_X1      | 0.302 | My_bus/n96          |            |   8.794 | 0.428 |   1.275 | 
     | My_bus/U616         |              | AOI211_X1    | 0.302 | My_bus/n96          |       SPEF |   8.794 | 0.000 |   1.275 | 
     | My_bus/U616         | A ^ -> ZN v  | AOI211_X1    | 0.077 | My_bus/n4           |            |   3.190 | 0.111 |   1.386 | 
     | My_bus/U615         |              | INV_X1       | 0.077 | My_bus/n4           |       SPEF |   3.190 | 0.000 |   1.386 | 
     | My_bus/U615         | A v -> ZN ^  | INV_X1       | 0.266 | My_bus/n55          |            |  31.705 | 0.328 |   1.715 | 
     | My_bus/U24          |              | NOR2_X4      | 0.266 | My_bus/n55          |       SPEF |  31.705 | 0.002 |   1.716 | 
     | My_bus/U24          | A1 ^ -> ZN v | NOR2_X4      | 0.093 | My_bus/n94          |            |  61.757 | 0.145 |   1.861 | 
     | My_bus/U614         |              | INV_X1       | 0.093 | My_bus/n94          |       SPEF |  61.757 | 0.000 |   1.861 | 
     | My_bus/U614         | A v -> ZN ^  | INV_X1       | 0.037 | My_bus/n297         |            |   1.780 | 0.079 |   1.940 | 
     | My_bus/U15          |              | OAI21_X1     | 0.037 | My_bus/n297         |       SPEF |   1.780 | 0.000 |   1.940 | 
     | My_bus/U15          | A ^ -> ZN v  | OAI21_X1     | 0.056 | My_bus/n97          |            |   1.507 | 0.051 |   1.991 | 
     | My_bus/FE_OFC73_n97 |              | CLKBUF_X2    | 0.056 | My_bus/n97          |       SPEF |   1.507 | 0.000 |   1.991 | 
     | My_bus/FE_OFC73_n97 | A v -> Z v   | CLKBUF_X2    | 0.162 | My_bus/FE_OFN73_n97 |            |  65.737 | 0.255 |   2.246 | 
     | My_bus/U595         |              | AOI22_X1     | 0.165 | My_bus/FE_OFN73_n97 |       SPEF |  65.737 | 0.027 |   2.273 | 
     | My_bus/U595         | A2 v -> ZN ^ | AOI22_X1     | 0.184 | My_bus/n76          |            |   6.767 | 0.308 |   2.582 | 
     | My_bus/U593         |              | AND4_X1      | 0.184 | My_bus/n76          |       SPEF |   6.767 | 0.000 |   2.582 | 
     | My_bus/U593         | A3 ^ -> ZN ^ | AND4_X1      | 0.039 | My_bus/n294         |            |   1.796 | 0.225 |   2.807 | 
     | My_bus/U592         |              | NAND2_X1     | 0.039 | My_bus/n294         |       SPEF |   1.796 | 0.000 |   2.807 | 
     | My_bus/U592         | A2 ^ -> ZN v | NAND2_X1     | 0.035 | My_bus/n271         |            |   6.586 | 0.067 |   2.874 | 
     | My_bus/U589         |              | NOR3_X1      | 0.035 | My_bus/n271         |       SPEF |   6.586 | 0.000 |   2.875 | 
     | My_bus/U589         | A2 v -> ZN ^ | NOR3_X1      | 0.090 | My_bus/n290         |            |   1.174 | 0.164 |   3.039 | 
     | My_bus/U583         |              | AND4_X1      | 0.090 | My_bus/n290         |       SPEF |   1.174 | 0.000 |   3.039 | 
     | My_bus/U583         | A3 ^ -> ZN ^ | AND4_X1      | 0.056 | My_bus/n278         |            |   4.107 | 0.219 |   3.258 | 
     | My_bus/U574         |              | NAND3_X1     | 0.056 | My_bus/n278         |       SPEF |   4.107 | 0.000 |   3.258 | 
     | My_bus/U574         | A2 ^ -> ZN v | NAND3_X1     | 0.054 | My_bus/n261         |            |   5.241 | 0.095 |   3.352 | 
     | My_bus/U17          |              | NAND2_X1     | 0.054 | My_bus/n261         |       SPEF |   5.241 | 0.000 |   3.353 | 
     | My_bus/U17          | A1 v -> ZN ^ | NAND2_X1     | 0.102 | My_bus/n260         |            |  10.325 | 0.140 |   3.493 | 
     | My_bus/U16          |              | NOR2_X2      | 0.102 | My_bus/n260         |       SPEF |  10.325 | 0.001 |   3.494 | 
     | My_bus/U16          | A1 ^ -> ZN v | NOR2_X2      | 0.039 | YOUR_ADDRBUS[29]    |            |  17.940 | 0.078 |   3.572 | 
     | My_bus/U23          |              | INV_X4       | 0.039 | YOUR_ADDRBUS[29]    |       SPEF |  17.940 | 0.003 |   3.575 | 
     | My_bus/U23          | A v -> ZN ^  | INV_X4       | 0.270 | My_bus/n90          |            | 124.923 | 0.292 |   3.867 | 
     | My_bus/U215         |              | NOR2_X1      | 0.270 | My_bus/n90          |       SPEF | 124.923 | 0.005 |   3.872 | 
     | My_bus/U215         | A2 ^ -> ZN v | NOR2_X1      | 0.065 | YOUR_ADDRBUS[24]    |            |   4.874 | 0.097 |   3.969 | 
     | my_core_adapter     |              | core_adapter | 0.065 | YOUR_ADDRBUS[24]    |       SPEF |   4.874 | 0.001 |   3.970 | 
     +--------------------------------------------------------------------------------------------------------------------------+ 
Path 9: MET Setup Check with Pin my_core_adapter/clk 
Endpoint:   my_core_adapter/addr_in[23] (v) checked with  leading edge of 'CLK'
Beginpoint: EXT_BUSY                    (^) triggered by  leading edge of 'CLK'
Path Groups: {CLK}
Analysis View: ensc450_av
Other End Arrival Time          0.000
- Setup                         5.791
+ Phase Shift                  12.000
= Required Time                 6.209
- Arrival Time                  3.972
= Slack Time                    2.237
     Clock Rise Edge                      0.000
     + Input Delay                        0.800
     = Beginpoint Arrival Time            0.800
     +--------------------------------------------------------------------------------------------------------------------------+ 
     |      Instance       |     Arc      |     Cell     |  Slew |         Net         |    Arc     |  Load   | Delay | Arrival | 
     |                     |              |              |       |                     | Annotation |         |       |  Time   | 
     |---------------------+--------------+--------------+-------+---------------------+------------+---------+-------+---------| 
     |                     | EXT_BUSY ^   |              | 0.002 | EXT_BUSY            |       SPEF |  25.483 |       |   0.800 | 
     | My_bus/FE_RC_0_0    |              | NAND2_X1     | 0.013 | EXT_BUSY            |       SPEF |  25.483 | 0.014 |   0.814 | 
     | My_bus/FE_RC_0_0    | A1 ^ -> ZN v | NAND2_X1     | 0.050 | My_bus/n302         |            |   2.591 | 0.032 |   0.846 | 
     | My_bus/U623         |              | NOR3_X1      | 0.050 | My_bus/n302         |       SPEF |   2.591 | 0.000 |   0.847 | 
     | My_bus/U623         | A3 v -> ZN ^ | NOR3_X1      | 0.302 | My_bus/n96          |            |   8.794 | 0.428 |   1.275 | 
     | My_bus/U616         |              | AOI211_X1    | 0.302 | My_bus/n96          |       SPEF |   8.794 | 0.000 |   1.275 | 
     | My_bus/U616         | A ^ -> ZN v  | AOI211_X1    | 0.077 | My_bus/n4           |            |   3.190 | 0.111 |   1.386 | 
     | My_bus/U615         |              | INV_X1       | 0.077 | My_bus/n4           |       SPEF |   3.190 | 0.000 |   1.386 | 
     | My_bus/U615         | A v -> ZN ^  | INV_X1       | 0.266 | My_bus/n55          |            |  31.705 | 0.328 |   1.715 | 
     | My_bus/U24          |              | NOR2_X4      | 0.266 | My_bus/n55          |       SPEF |  31.705 | 0.002 |   1.716 | 
     | My_bus/U24          | A1 ^ -> ZN v | NOR2_X4      | 0.093 | My_bus/n94          |            |  61.757 | 0.145 |   1.861 | 
     | My_bus/U614         |              | INV_X1       | 0.093 | My_bus/n94          |       SPEF |  61.757 | 0.000 |   1.861 | 
     | My_bus/U614         | A v -> ZN ^  | INV_X1       | 0.037 | My_bus/n297         |            |   1.780 | 0.079 |   1.940 | 
     | My_bus/U15          |              | OAI21_X1     | 0.037 | My_bus/n297         |       SPEF |   1.780 | 0.000 |   1.940 | 
     | My_bus/U15          | A ^ -> ZN v  | OAI21_X1     | 0.056 | My_bus/n97          |            |   1.507 | 0.051 |   1.991 | 
     | My_bus/FE_OFC73_n97 |              | CLKBUF_X2    | 0.056 | My_bus/n97          |       SPEF |   1.507 | 0.000 |   1.991 | 
     | My_bus/FE_OFC73_n97 | A v -> Z v   | CLKBUF_X2    | 0.162 | My_bus/FE_OFN73_n97 |            |  65.737 | 0.255 |   2.246 | 
     | My_bus/U595         |              | AOI22_X1     | 0.165 | My_bus/FE_OFN73_n97 |       SPEF |  65.737 | 0.027 |   2.273 | 
     | My_bus/U595         | A2 v -> ZN ^ | AOI22_X1     | 0.184 | My_bus/n76          |            |   6.767 | 0.308 |   2.582 | 
     | My_bus/U593         |              | AND4_X1      | 0.184 | My_bus/n76          |       SPEF |   6.767 | 0.000 |   2.582 | 
     | My_bus/U593         | A3 ^ -> ZN ^ | AND4_X1      | 0.039 | My_bus/n294         |            |   1.796 | 0.225 |   2.807 | 
     | My_bus/U592         |              | NAND2_X1     | 0.039 | My_bus/n294         |       SPEF |   1.796 | 0.000 |   2.807 | 
     | My_bus/U592         | A2 ^ -> ZN v | NAND2_X1     | 0.035 | My_bus/n271         |            |   6.586 | 0.067 |   2.874 | 
     | My_bus/U589         |              | NOR3_X1      | 0.035 | My_bus/n271         |       SPEF |   6.586 | 0.000 |   2.875 | 
     | My_bus/U589         | A2 v -> ZN ^ | NOR3_X1      | 0.090 | My_bus/n290         |            |   1.174 | 0.164 |   3.039 | 
     | My_bus/U583         |              | AND4_X1      | 0.090 | My_bus/n290         |       SPEF |   1.174 | 0.000 |   3.039 | 
     | My_bus/U583         | A3 ^ -> ZN ^ | AND4_X1      | 0.056 | My_bus/n278         |            |   4.107 | 0.219 |   3.258 | 
     | My_bus/U574         |              | NAND3_X1     | 0.056 | My_bus/n278         |       SPEF |   4.107 | 0.000 |   3.258 | 
     | My_bus/U574         | A2 ^ -> ZN v | NAND3_X1     | 0.054 | My_bus/n261         |            |   5.241 | 0.095 |   3.352 | 
     | My_bus/U17          |              | NAND2_X1     | 0.054 | My_bus/n261         |       SPEF |   5.241 | 0.000 |   3.353 | 
     | My_bus/U17          | A1 v -> ZN ^ | NAND2_X1     | 0.102 | My_bus/n260         |            |  10.325 | 0.140 |   3.493 | 
     | My_bus/U16          |              | NOR2_X2      | 0.102 | My_bus/n260         |       SPEF |  10.325 | 0.001 |   3.494 | 
     | My_bus/U16          | A1 ^ -> ZN v | NOR2_X2      | 0.039 | YOUR_ADDRBUS[29]    |            |  17.940 | 0.078 |   3.572 | 
     | My_bus/U23          |              | INV_X4       | 0.039 | YOUR_ADDRBUS[29]    |       SPEF |  17.940 | 0.003 |   3.575 | 
     | My_bus/U23          | A v -> ZN ^  | INV_X4       | 0.270 | My_bus/n90          |            | 124.923 | 0.292 |   3.867 | 
     | My_bus/U216         |              | NOR2_X1      | 0.270 | My_bus/n90          |       SPEF | 124.923 | 0.006 |   3.873 | 
     | My_bus/U216         | A2 ^ -> ZN v | NOR2_X1      | 0.065 | YOUR_ADDRBUS[23]    |            |   4.993 | 0.098 |   3.971 | 
     | my_core_adapter     |              | core_adapter | 0.065 | YOUR_ADDRBUS[23]    |       SPEF |   4.993 | 0.001 |   3.972 | 
     +--------------------------------------------------------------------------------------------------------------------------+ 
Path 10: MET Setup Check with Pin my_core_adapter/clk 
Endpoint:   my_core_adapter/addr_in[22] (v) checked with  leading edge of 'CLK'
Beginpoint: EXT_BUSY                    (^) triggered by  leading edge of 'CLK'
Path Groups: {CLK}
Analysis View: ensc450_av
Other End Arrival Time          0.000
- Setup                         5.605
+ Phase Shift                  12.000
= Required Time                 6.395
- Arrival Time                  3.975
= Slack Time                    2.420
     Clock Rise Edge                      0.000
     + Input Delay                        0.800
     = Beginpoint Arrival Time            0.800
     +--------------------------------------------------------------------------------------------------------------------------+ 
     |      Instance       |     Arc      |     Cell     |  Slew |         Net         |    Arc     |  Load   | Delay | Arrival | 
     |                     |              |              |       |                     | Annotation |         |       |  Time   | 
     |---------------------+--------------+--------------+-------+---------------------+------------+---------+-------+---------| 
     |                     | EXT_BUSY ^   |              | 0.002 | EXT_BUSY            |       SPEF |  25.483 |       |   0.800 | 
     | My_bus/FE_RC_0_0    |              | NAND2_X1     | 0.013 | EXT_BUSY            |       SPEF |  25.483 | 0.014 |   0.814 | 
     | My_bus/FE_RC_0_0    | A1 ^ -> ZN v | NAND2_X1     | 0.050 | My_bus/n302         |            |   2.591 | 0.032 |   0.846 | 
     | My_bus/U623         |              | NOR3_X1      | 0.050 | My_bus/n302         |       SPEF |   2.591 | 0.000 |   0.847 | 
     | My_bus/U623         | A3 v -> ZN ^ | NOR3_X1      | 0.302 | My_bus/n96          |            |   8.794 | 0.428 |   1.275 | 
     | My_bus/U616         |              | AOI211_X1    | 0.302 | My_bus/n96          |       SPEF |   8.794 | 0.000 |   1.275 | 
     | My_bus/U616         | A ^ -> ZN v  | AOI211_X1    | 0.077 | My_bus/n4           |            |   3.190 | 0.111 |   1.386 | 
     | My_bus/U615         |              | INV_X1       | 0.077 | My_bus/n4           |       SPEF |   3.190 | 0.000 |   1.386 | 
     | My_bus/U615         | A v -> ZN ^  | INV_X1       | 0.266 | My_bus/n55          |            |  31.705 | 0.328 |   1.715 | 
     | My_bus/U24          |              | NOR2_X4      | 0.266 | My_bus/n55          |       SPEF |  31.705 | 0.002 |   1.716 | 
     | My_bus/U24          | A1 ^ -> ZN v | NOR2_X4      | 0.093 | My_bus/n94          |            |  61.757 | 0.145 |   1.861 | 
     | My_bus/U614         |              | INV_X1       | 0.093 | My_bus/n94          |       SPEF |  61.757 | 0.000 |   1.861 | 
     | My_bus/U614         | A v -> ZN ^  | INV_X1       | 0.037 | My_bus/n297         |            |   1.780 | 0.079 |   1.940 | 
     | My_bus/U15          |              | OAI21_X1     | 0.037 | My_bus/n297         |       SPEF |   1.780 | 0.000 |   1.940 | 
     | My_bus/U15          | A ^ -> ZN v  | OAI21_X1     | 0.056 | My_bus/n97          |            |   1.507 | 0.051 |   1.991 | 
     | My_bus/FE_OFC73_n97 |              | CLKBUF_X2    | 0.056 | My_bus/n97          |       SPEF |   1.507 | 0.000 |   1.991 | 
     | My_bus/FE_OFC73_n97 | A v -> Z v   | CLKBUF_X2    | 0.162 | My_bus/FE_OFN73_n97 |            |  65.737 | 0.255 |   2.246 | 
     | My_bus/U595         |              | AOI22_X1     | 0.165 | My_bus/FE_OFN73_n97 |       SPEF |  65.737 | 0.027 |   2.273 | 
     | My_bus/U595         | A2 v -> ZN ^ | AOI22_X1     | 0.184 | My_bus/n76          |            |   6.767 | 0.308 |   2.582 | 
     | My_bus/U593         |              | AND4_X1      | 0.184 | My_bus/n76          |       SPEF |   6.767 | 0.000 |   2.582 | 
     | My_bus/U593         | A3 ^ -> ZN ^ | AND4_X1      | 0.039 | My_bus/n294         |            |   1.796 | 0.225 |   2.807 | 
     | My_bus/U592         |              | NAND2_X1     | 0.039 | My_bus/n294         |       SPEF |   1.796 | 0.000 |   2.807 | 
     | My_bus/U592         | A2 ^ -> ZN v | NAND2_X1     | 0.035 | My_bus/n271         |            |   6.586 | 0.067 |   2.874 | 
     | My_bus/U589         |              | NOR3_X1      | 0.035 | My_bus/n271         |       SPEF |   6.586 | 0.000 |   2.875 | 
     | My_bus/U589         | A2 v -> ZN ^ | NOR3_X1      | 0.090 | My_bus/n290         |            |   1.174 | 0.164 |   3.039 | 
     | My_bus/U583         |              | AND4_X1      | 0.090 | My_bus/n290         |       SPEF |   1.174 | 0.000 |   3.039 | 
     | My_bus/U583         | A3 ^ -> ZN ^ | AND4_X1      | 0.056 | My_bus/n278         |            |   4.107 | 0.219 |   3.258 | 
     | My_bus/U574         |              | NAND3_X1     | 0.056 | My_bus/n278         |       SPEF |   4.107 | 0.000 |   3.258 | 
     | My_bus/U574         | A2 ^ -> ZN v | NAND3_X1     | 0.054 | My_bus/n261         |            |   5.241 | 0.095 |   3.352 | 
     | My_bus/U17          |              | NAND2_X1     | 0.054 | My_bus/n261         |       SPEF |   5.241 | 0.000 |   3.353 | 
     | My_bus/U17          | A1 v -> ZN ^ | NAND2_X1     | 0.102 | My_bus/n260         |            |  10.325 | 0.140 |   3.493 | 
     | My_bus/U16          |              | NOR2_X2      | 0.102 | My_bus/n260         |       SPEF |  10.325 | 0.001 |   3.494 | 
     | My_bus/U16          | A1 ^ -> ZN v | NOR2_X2      | 0.039 | YOUR_ADDRBUS[29]    |            |  17.940 | 0.078 |   3.572 | 
     | My_bus/U23          |              | INV_X4       | 0.039 | YOUR_ADDRBUS[29]    |       SPEF |  17.940 | 0.003 |   3.575 | 
     | My_bus/U23          | A v -> ZN ^  | INV_X4       | 0.270 | My_bus/n90          |            | 124.923 | 0.292 |   3.867 | 
     | My_bus/U217         |              | NOR2_X1      | 0.270 | My_bus/n90          |       SPEF | 124.923 | 0.007 |   3.874 | 
     | My_bus/U217         | A2 ^ -> ZN v | NOR2_X1      | 0.066 | YOUR_ADDRBUS[22]    |            |   5.283 | 0.100 |   3.974 | 
     | my_core_adapter     |              | core_adapter | 0.066 | YOUR_ADDRBUS[22]    |       SPEF |   5.283 | 0.001 |   3.975 | 
     +--------------------------------------------------------------------------------------------------------------------------+ 

