###############################################################
#  Generated by:      Cadence Innovus 18.10-p002_1
#  OS:                Linux x86_64(Host ID ensc-esil-03)
#  Generated on:      Sun Apr 18 22:39:47 2021
#  Design:            ensc450
#  Command:           report_timing -net -format {instance arc cell slew net annotation load delay arrival} -max_paths 10 > results/timing/pt5-09-finishing.hold.rpt
###############################################################
Path 1: MET Hold Check with Pin My_DMA/wstart_reg_reg[18]/CK 
Endpoint:   My_DMA/wstart_reg_reg[18]/D  (v) checked with  leading edge of 'CLK'
Beginpoint: My_DMA/wstart_reg_reg[18]/QN (^) triggered by  leading edge of 'CLK'
Path Groups: {CLK}
Analysis View: ensc450_av
Other End Arrival Time          0.000
+ Hold                          0.003
+ Phase Shift                   0.000
= Required Time                 0.003
  Arrival Time                  0.217
  Slack Time                    0.214
     Clock Rise Edge                 0.000
     + Clock Network Latency (Ideal) 0.000
     = Beginpoint Arrival Time       0.000
     +---------------------------------------------------------------------------------------------------------------------+ 
     |         Instance          |     Arc      |   Cell   |  Slew |     Net     |    Arc     |   Load   | Delay | Arrival | 
     |                           |              |          |       |             | Annotation |          |       |  Time   | 
     |---------------------------+--------------+----------+-------+-------------+------------+----------+-------+---------| 
     | My_DMA/wstart_reg_reg[18] | CK ^         |          | 0.000 | clk         |            | 6239.164 |       |   0.000 | 
     | My_DMA/wstart_reg_reg[18] | CK ^ -> QN ^ | DFF_X1   | 0.032 | My_DMA/n250 |            |    1.783 | 0.185 |   0.185 | 
     | My_DMA/U201               |              | OAI22_X1 | 0.032 | My_DMA/n250 |       SPEF |    1.783 | 0.000 |   0.185 | 
     | My_DMA/U201               | A1 ^ -> ZN v | OAI22_X1 | 0.014 | My_DMA/n694 |            |    1.299 | 0.032 |   0.217 | 
     | My_DMA/wstart_reg_reg[18] |              | DFF_X1   | 0.014 | My_DMA/n694 |       SPEF |    1.299 | 0.000 |   0.217 | 
     +---------------------------------------------------------------------------------------------------------------------+ 
Path 2: MET Hold Check with Pin My_DMA/wstart_reg_reg[0]/CK 
Endpoint:   My_DMA/wstart_reg_reg[0]/D  (v) checked with  leading edge of 'CLK'
Beginpoint: My_DMA/wstart_reg_reg[0]/QN (^) triggered by  leading edge of 'CLK'
Path Groups: {CLK}
Analysis View: ensc450_av
Other End Arrival Time          0.000
+ Hold                          0.003
+ Phase Shift                   0.000
= Required Time                 0.003
  Arrival Time                  0.217
  Slack Time                    0.214
     Clock Rise Edge                 0.000
     + Clock Network Latency (Ideal) 0.000
     = Beginpoint Arrival Time       0.000
     +--------------------------------------------------------------------------------------------------------------------+ 
     |         Instance         |     Arc      |   Cell   |  Slew |     Net     |    Arc     |   Load   | Delay | Arrival | 
     |                          |              |          |       |             | Annotation |          |       |  Time   | 
     |--------------------------+--------------+----------+-------+-------------+------------+----------+-------+---------| 
     | My_DMA/wstart_reg_reg[0] | CK ^         |          | 0.000 | clk         |            | 6239.164 |       |   0.000 | 
     | My_DMA/wstart_reg_reg[0] | CK ^ -> QN ^ | DFF_X1   | 0.031 | My_DMA/n230 |            |    1.766 | 0.185 |   0.185 | 
     | My_DMA/U183              |              | OAI22_X1 | 0.031 | My_DMA/n230 |       SPEF |    1.766 | 0.000 |   0.185 | 
     | My_DMA/U183              | A1 ^ -> ZN v | OAI22_X1 | 0.014 | My_DMA/n676 |            |    1.381 | 0.032 |   0.217 | 
     | My_DMA/wstart_reg_reg[0] |              | DFF_X1   | 0.014 | My_DMA/n676 |       SPEF |    1.381 | 0.000 |   0.217 | 
     +--------------------------------------------------------------------------------------------------------------------+ 
Path 3: MET Hold Check with Pin My_DMA/rstart_reg_reg[16]/CK 
Endpoint:   My_DMA/rstart_reg_reg[16]/D  (v) checked with  leading edge of 'CLK'
Beginpoint: My_DMA/rstart_reg_reg[16]/QN (^) triggered by  leading edge of 'CLK'
Path Groups: {CLK}
Analysis View: ensc450_av
Other End Arrival Time          0.000
+ Hold                          0.003
+ Phase Shift                   0.000
= Required Time                 0.003
  Arrival Time                  0.218
  Slack Time                    0.215
     Clock Rise Edge                 0.000
     + Clock Network Latency (Ideal) 0.000
     = Beginpoint Arrival Time       0.000
     +---------------------------------------------------------------------------------------------------------------------+ 
     |         Instance          |     Arc      |   Cell   |  Slew |     Net     |    Arc     |   Load   | Delay | Arrival | 
     |                           |              |          |       |             | Annotation |          |       |  Time   | 
     |---------------------------+--------------+----------+-------+-------------+------------+----------+-------+---------| 
     | My_DMA/rstart_reg_reg[16] | CK ^         |          | 0.000 | clk         |            | 6239.164 |       |   0.000 | 
     | My_DMA/rstart_reg_reg[16] | CK ^ -> QN ^ | DFF_X1   | 0.031 | My_DMA/n318 |            |    1.766 | 0.185 |   0.185 | 
     | My_DMA/U269               |              | OAI22_X1 | 0.031 | My_DMA/n318 |       SPEF |    1.766 | 0.000 |   0.185 | 
     | My_DMA/U269               | A1 ^ -> ZN v | OAI22_X1 | 0.014 | My_DMA/n756 |            |    1.461 | 0.033 |   0.218 | 
     | My_DMA/rstart_reg_reg[16] |              | DFF_X1   | 0.014 | My_DMA/n756 |       SPEF |    1.461 | 0.000 |   0.218 | 
     +---------------------------------------------------------------------------------------------------------------------+ 
Path 4: MET Hold Check with Pin My_DMA/wstart_reg_reg[2]/CK 
Endpoint:   My_DMA/wstart_reg_reg[2]/D  (v) checked with  leading edge of 'CLK'
Beginpoint: My_DMA/wstart_reg_reg[2]/QN (^) triggered by  leading edge of 'CLK'
Path Groups: {CLK}
Analysis View: ensc450_av
Other End Arrival Time          0.000
+ Hold                          0.003
+ Phase Shift                   0.000
= Required Time                 0.003
  Arrival Time                  0.218
  Slack Time                    0.215
     Clock Rise Edge                 0.000
     + Clock Network Latency (Ideal) 0.000
     = Beginpoint Arrival Time       0.000
     +--------------------------------------------------------------------------------------------------------------------+ 
     |         Instance         |     Arc      |   Cell   |  Slew |     Net     |    Arc     |   Load   | Delay | Arrival | 
     |                          |              |          |       |             | Annotation |          |       |  Time   | 
     |--------------------------+--------------+----------+-------+-------------+------------+----------+-------+---------| 
     | My_DMA/wstart_reg_reg[2] | CK ^         |          | 0.000 | clk         |            | 6239.164 |       |   0.000 | 
     | My_DMA/wstart_reg_reg[2] | CK ^ -> QN ^ | DFF_X1   | 0.032 | My_DMA/n234 |            |    1.795 | 0.185 |   0.185 | 
     | My_DMA/U185              |              | OAI22_X1 | 0.032 | My_DMA/n234 |       SPEF |    1.795 | 0.000 |   0.185 | 
     | My_DMA/U185              | A1 ^ -> ZN v | OAI22_X1 | 0.014 | My_DMA/n678 |            |    1.365 | 0.032 |   0.218 | 
     | My_DMA/wstart_reg_reg[2] |              | DFF_X1   | 0.014 | My_DMA/n678 |       SPEF |    1.365 | 0.000 |   0.218 | 
     +--------------------------------------------------------------------------------------------------------------------+ 
Path 5: MET Hold Check with Pin My_DMA/rstart_reg_reg[20]/CK 
Endpoint:   My_DMA/rstart_reg_reg[20]/D  (v) checked with  leading edge of 'CLK'
Beginpoint: My_DMA/rstart_reg_reg[20]/QN (^) triggered by  leading edge of 'CLK'
Path Groups: {CLK}
Analysis View: ensc450_av
Other End Arrival Time          0.000
+ Hold                          0.003
+ Phase Shift                   0.000
= Required Time                 0.003
  Arrival Time                  0.218
  Slack Time                    0.215
     Clock Rise Edge                 0.000
     + Clock Network Latency (Ideal) 0.000
     = Beginpoint Arrival Time       0.000
     +---------------------------------------------------------------------------------------------------------------------+ 
     |         Instance          |     Arc      |   Cell   |  Slew |     Net     |    Arc     |   Load   | Delay | Arrival | 
     |                           |              |          |       |             | Annotation |          |       |  Time   | 
     |---------------------------+--------------+----------+-------+-------------+------------+----------+-------+---------| 
     | My_DMA/rstart_reg_reg[20] | CK ^         |          | 0.000 | clk         |            | 6239.164 |       |   0.000 | 
     | My_DMA/rstart_reg_reg[20] | CK ^ -> QN ^ | DFF_X1   | 0.032 | My_DMA/n322 |            |    1.785 | 0.185 |   0.185 | 
     | My_DMA/U273               |              | OAI22_X1 | 0.032 | My_DMA/n322 |       SPEF |    1.785 | 0.000 |   0.185 | 
     | My_DMA/U273               | A1 ^ -> ZN v | OAI22_X1 | 0.014 | My_DMA/n760 |            |    1.439 | 0.033 |   0.218 | 
     | My_DMA/rstart_reg_reg[20] |              | DFF_X1   | 0.014 | My_DMA/n760 |       SPEF |    1.439 | 0.000 |   0.218 | 
     +---------------------------------------------------------------------------------------------------------------------+ 
Path 6: MET Hold Check with Pin My_DMA/wstart_reg_reg[3]/CK 
Endpoint:   My_DMA/wstart_reg_reg[3]/D  (v) checked with  leading edge of 'CLK'
Beginpoint: My_DMA/wstart_reg_reg[3]/QN (^) triggered by  leading edge of 'CLK'
Path Groups: {CLK}
Analysis View: ensc450_av
Other End Arrival Time          0.000
+ Hold                          0.003
+ Phase Shift                   0.000
= Required Time                 0.003
  Arrival Time                  0.218
  Slack Time                    0.215
     Clock Rise Edge                 0.000
     + Clock Network Latency (Ideal) 0.000
     = Beginpoint Arrival Time       0.000
     +--------------------------------------------------------------------------------------------------------------------+ 
     |         Instance         |     Arc      |   Cell   |  Slew |     Net     |    Arc     |   Load   | Delay | Arrival | 
     |                          |              |          |       |             | Annotation |          |       |  Time   | 
     |--------------------------+--------------+----------+-------+-------------+------------+----------+-------+---------| 
     | My_DMA/wstart_reg_reg[3] | CK ^         |          | 0.000 | clk         |            | 6239.164 |       |   0.000 | 
     | My_DMA/wstart_reg_reg[3] | CK ^ -> QN ^ | DFF_X1   | 0.032 | My_DMA/n235 |            |    1.799 | 0.185 |   0.185 | 
     | My_DMA/U186              |              | OAI22_X1 | 0.032 | My_DMA/n235 |       SPEF |    1.799 | 0.000 |   0.185 | 
     | My_DMA/U186              | A1 ^ -> ZN v | OAI22_X1 | 0.014 | My_DMA/n679 |            |    1.385 | 0.032 |   0.218 | 
     | My_DMA/wstart_reg_reg[3] |              | DFF_X1   | 0.014 | My_DMA/n679 |       SPEF |    1.385 | 0.000 |   0.218 | 
     +--------------------------------------------------------------------------------------------------------------------+ 
Path 7: MET Hold Check with Pin My_DMA/rstart_reg_reg[19]/CK 
Endpoint:   My_DMA/rstart_reg_reg[19]/D  (v) checked with  leading edge of 'CLK'
Beginpoint: My_DMA/rstart_reg_reg[19]/QN (^) triggered by  leading edge of 'CLK'
Path Groups: {CLK}
Analysis View: ensc450_av
Other End Arrival Time          0.000
+ Hold                          0.003
+ Phase Shift                   0.000
= Required Time                 0.003
  Arrival Time                  0.218
  Slack Time                    0.215
     Clock Rise Edge                 0.000
     + Clock Network Latency (Ideal) 0.000
     = Beginpoint Arrival Time       0.000
     +---------------------------------------------------------------------------------------------------------------------+ 
     |         Instance          |     Arc      |   Cell   |  Slew |     Net     |    Arc     |   Load   | Delay | Arrival | 
     |                           |              |          |       |             | Annotation |          |       |  Time   | 
     |---------------------------+--------------+----------+-------+-------------+------------+----------+-------+---------| 
     | My_DMA/rstart_reg_reg[19] | CK ^         |          | 0.000 | clk         |            | 6239.164 |       |   0.000 | 
     | My_DMA/rstart_reg_reg[19] | CK ^ -> QN ^ | DFF_X1   | 0.032 | My_DMA/n321 |            |    1.801 | 0.185 |   0.185 | 
     | My_DMA/U272               |              | OAI22_X1 | 0.032 | My_DMA/n321 |       SPEF |    1.801 | 0.000 |   0.185 | 
     | My_DMA/U272               | A1 ^ -> ZN v | OAI22_X1 | 0.014 | My_DMA/n759 |            |    1.381 | 0.032 |   0.218 | 
     | My_DMA/rstart_reg_reg[19] |              | DFF_X1   | 0.014 | My_DMA/n759 |       SPEF |    1.381 | 0.000 |   0.218 | 
     +---------------------------------------------------------------------------------------------------------------------+ 
Path 8: MET Hold Check with Pin My_DMA/wstart_reg_reg[16]/CK 
Endpoint:   My_DMA/wstart_reg_reg[16]/D  (v) checked with  leading edge of 'CLK'
Beginpoint: My_DMA/wstart_reg_reg[16]/QN (^) triggered by  leading edge of 'CLK'
Path Groups: {CLK}
Analysis View: ensc450_av
Other End Arrival Time          0.000
+ Hold                          0.003
+ Phase Shift                   0.000
= Required Time                 0.003
  Arrival Time                  0.218
  Slack Time                    0.215
     Clock Rise Edge                 0.000
     + Clock Network Latency (Ideal) 0.000
     = Beginpoint Arrival Time       0.000
     +---------------------------------------------------------------------------------------------------------------------+ 
     |         Instance          |     Arc      |   Cell   |  Slew |     Net     |    Arc     |   Load   | Delay | Arrival | 
     |                           |              |          |       |             | Annotation |          |       |  Time   | 
     |---------------------------+--------------+----------+-------+-------------+------------+----------+-------+---------| 
     | My_DMA/wstart_reg_reg[16] | CK ^         |          | 0.000 | clk         |            | 6239.164 |       |   0.000 | 
     | My_DMA/wstart_reg_reg[16] | CK ^ -> QN ^ | DFF_X1   | 0.032 | My_DMA/n248 |            |    1.798 | 0.185 |   0.185 | 
     | My_DMA/U199               |              | OAI22_X1 | 0.032 | My_DMA/n248 |       SPEF |    1.798 | 0.000 |   0.185 | 
     | My_DMA/U199               | A1 ^ -> ZN v | OAI22_X1 | 0.014 | My_DMA/n692 |            |    1.451 | 0.033 |   0.218 | 
     | My_DMA/wstart_reg_reg[16] |              | DFF_X1   | 0.014 | My_DMA/n692 |       SPEF |    1.451 | 0.000 |   0.218 | 
     +---------------------------------------------------------------------------------------------------------------------+ 
Path 9: MET Hold Check with Pin My_DMA/rstart_reg_reg[5]/CK 
Endpoint:   My_DMA/rstart_reg_reg[5]/D  (v) checked with  leading edge of 'CLK'
Beginpoint: My_DMA/rstart_reg_reg[5]/QN (^) triggered by  leading edge of 'CLK'
Path Groups: {CLK}
Analysis View: ensc450_av
Other End Arrival Time          0.000
+ Hold                          0.003
+ Phase Shift                   0.000
= Required Time                 0.003
  Arrival Time                  0.218
  Slack Time                    0.215
     Clock Rise Edge                 0.000
     + Clock Network Latency (Ideal) 0.000
     = Beginpoint Arrival Time       0.000
     +--------------------------------------------------------------------------------------------------------------------+ 
     |         Instance         |     Arc      |   Cell   |  Slew |     Net     |    Arc     |   Load   | Delay | Arrival | 
     |                          |              |          |       |             | Annotation |          |       |  Time   | 
     |--------------------------+--------------+----------+-------+-------------+------------+----------+-------+---------| 
     | My_DMA/rstart_reg_reg[5] | CK ^         |          | 0.000 | clk         |            | 6239.164 |       |   0.000 | 
     | My_DMA/rstart_reg_reg[5] | CK ^ -> QN ^ | DFF_X1   | 0.032 | My_DMA/n307 |            |    1.791 | 0.185 |   0.185 | 
     | My_DMA/U258              |              | OAI22_X1 | 0.032 | My_DMA/n307 |       SPEF |    1.791 | 0.000 |   0.185 | 
     | My_DMA/U258              | A1 ^ -> ZN v | OAI22_X1 | 0.014 | My_DMA/n745 |            |    1.479 | 0.033 |   0.218 | 
     | My_DMA/rstart_reg_reg[5] |              | DFF_X1   | 0.014 | My_DMA/n745 |       SPEF |    1.479 | 0.000 |   0.218 | 
     +--------------------------------------------------------------------------------------------------------------------+ 
Path 10: MET Hold Check with Pin My_DMA/wstep_reg_reg[21]/CK 
Endpoint:   My_DMA/wstep_reg_reg[21]/D  (v) checked with  leading edge of 'CLK'
Beginpoint: My_DMA/wstep_reg_reg[21]/QN (^) triggered by  leading edge of 'CLK'
Path Groups: {CLK}
Analysis View: ensc450_av
Other End Arrival Time          0.000
+ Hold                          0.003
+ Phase Shift                   0.000
= Required Time                 0.003
  Arrival Time                  0.219
  Slack Time                    0.215
     Clock Rise Edge                 0.000
     + Clock Network Latency (Ideal) 0.000
     = Beginpoint Arrival Time       0.000
     +--------------------------------------------------------------------------------------------------------------------+ 
     |         Instance         |     Arc      |   Cell   |  Slew |     Net     |    Arc     |   Load   | Delay | Arrival | 
     |                          |              |          |       |             | Annotation |          |       |  Time   | 
     |--------------------------+--------------+----------+-------+-------------+------------+----------+-------+---------| 
     | My_DMA/wstep_reg_reg[21] | CK ^         |          | 0.000 | clk         |            | 6239.164 |       |   0.000 | 
     | My_DMA/wstep_reg_reg[21] | CK ^ -> QN ^ | DFF_X1   | 0.031 | My_DMA/n206 |            |    1.671 | 0.184 |   0.184 | 
     | My_DMA/U169              |              | OAI22_X1 | 0.031 | My_DMA/n206 |       SPEF |    1.671 | 0.000 |   0.184 | 
     | My_DMA/U169              | A2 ^ -> ZN v | OAI22_X1 | 0.016 | My_DMA/n665 |            |    1.344 | 0.035 |   0.219 | 
     | My_DMA/wstep_reg_reg[21] |              | DFF_X1   | 0.016 | My_DMA/n665 |       SPEF |    1.344 | 0.000 |   0.219 | 
     +--------------------------------------------------------------------------------------------------------------------+ 

