###############################################################
#  Generated by:      Cadence Innovus 18.10-p002_1
#  OS:                Linux x86_64(Host ID ensc-esil-03)
#  Generated on:      Sun Apr 18 22:29:12 2021
#  Design:            ensc450
#  Command:           report_timing -net -format {instance arc cell slew net annotation load delay arrival} -max_paths 10 >  results/timing/pt5-06-cts_setup.rpt
###############################################################
Path 1: MET Setup Check with Pin my_core_adapter/clk 
Endpoint:   my_core_adapter/addr_in[31] (v) checked with  leading edge of 'CLK'
Beginpoint: EXT_BUSY                    (^) triggered by  leading edge of 'CLK'
Path Groups: {CLK}
Analysis View: ensc450_av
Other End Arrival Time          0.000
- Setup                         7.113
+ Phase Shift                  12.000
= Required Time                 4.887
- Arrival Time                  3.983
= Slack Time                    0.903
     Clock Rise Edge                      0.000
     + Input Delay                        0.800
     = Beginpoint Arrival Time            0.800
     +--------------------------------------------------------------------------------------------------------------------------+ 
     |      Instance       |     Arc      |     Cell     |  Slew |         Net         |    Arc     |  Load   | Delay | Arrival | 
     |                     |              |              |       |                     | Annotation |         |       |  Time   | 
     |---------------------+--------------+--------------+-------+---------------------+------------+---------+-------+---------| 
     |                     | EXT_BUSY ^   |              | 0.002 | EXT_BUSY            |       SPEF |  27.823 |       |   0.800 | 
     | My_bus/U624         |              | AOI22_X1     | 0.006 | EXT_BUSY            |       SPEF |  27.823 | 0.007 |   0.806 | 
     | My_bus/U624         | B1 ^ -> ZN v | AOI22_X1     | 0.053 | My_bus/n302         |            |   2.878 | 0.043 |   0.850 | 
     | My_bus/U623         |              | NOR3_X1      | 0.053 | My_bus/n302         |       SPEF |   2.878 | 0.000 |   0.850 | 
     | My_bus/U623         | A3 v -> ZN ^ | NOR3_X1      | 0.298 | My_bus/n96          |            |   8.898 | 0.425 |   1.275 | 
     | My_bus/U616         |              | AOI211_X1    | 0.298 | My_bus/n96          |       SPEF |   8.898 | 0.000 |   1.275 | 
     | My_bus/U616         | A ^ -> ZN v  | AOI211_X1    | 0.076 | My_bus/n4           |            |   3.150 | 0.112 |   1.387 | 
     | My_bus/U615         |              | INV_X1       | 0.076 | My_bus/n4           |       SPEF |   3.150 | 0.000 |   1.387 | 
     | My_bus/U615         | A v -> ZN ^  | INV_X1       | 0.271 | My_bus/n55          |            |  33.568 | 0.333 |   1.720 | 
     | My_bus/U24          |              | NOR2_X4      | 0.271 | My_bus/n55          |       SPEF |  33.568 | 0.003 |   1.722 | 
     | My_bus/U24          | A1 ^ -> ZN v | NOR2_X4      | 0.094 | My_bus/n94          |            |  63.468 | 0.151 |   1.873 | 
     | My_bus/U614         |              | INV_X1       | 0.094 | My_bus/n94          |       SPEF |  63.468 | 0.000 |   1.874 | 
     | My_bus/U614         | A v -> ZN ^  | INV_X1       | 0.037 | My_bus/n297         |            |   1.800 | 0.079 |   1.952 | 
     | My_bus/U15          |              | OAI21_X1     | 0.037 | My_bus/n297         |       SPEF |   1.800 | 0.000 |   1.952 | 
     | My_bus/U15          | A ^ -> ZN v  | OAI21_X1     | 0.058 | My_bus/n97          |            |   1.580 | 0.052 |   2.004 | 
     | My_bus/FE_OFC73_n97 |              | CLKBUF_X2    | 0.058 | My_bus/n97          |       SPEF |   1.580 | 0.000 |   2.005 | 
     | My_bus/FE_OFC73_n97 | A v -> Z v   | CLKBUF_X2    | 0.166 | My_bus/FE_OFN73_n97 |            |  68.322 | 0.269 |   2.274 | 
     | My_bus/U595         |              | AOI22_X1     | 0.167 | My_bus/FE_OFN73_n97 |       SPEF |  68.322 | 0.018 |   2.292 | 
     | My_bus/U595         | A2 v -> ZN ^ | AOI22_X1     | 0.185 | My_bus/n76          |            |   7.020 | 0.311 |   2.603 | 
     | My_bus/U593         |              | AND4_X1      | 0.185 | My_bus/n76          |       SPEF |   7.020 | 0.000 |   2.603 | 
     | My_bus/U593         | A3 ^ -> ZN ^ | AND4_X1      | 0.038 | My_bus/n294         |            |   1.750 | 0.224 |   2.827 | 
     | My_bus/U592         |              | NAND2_X1     | 0.038 | My_bus/n294         |       SPEF |   1.750 | 0.000 |   2.827 | 
     | My_bus/U592         | A2 ^ -> ZN v | NAND2_X1     | 0.039 | My_bus/n271         |            |   7.410 | 0.072 |   2.899 | 
     | My_bus/U589         |              | NOR3_X1      | 0.039 | My_bus/n271         |       SPEF |   7.410 | 0.000 |   2.899 | 
     | My_bus/U589         | A2 v -> ZN ^ | NOR3_X1      | 0.086 | My_bus/n290         |            |   1.088 | 0.162 |   3.061 | 
     | My_bus/U583         |              | AND4_X1      | 0.086 | My_bus/n290         |       SPEF |   1.088 | 0.000 |   3.061 | 
     | My_bus/U583         | A3 ^ -> ZN ^ | AND4_X1      | 0.057 | My_bus/n278         |            |   4.382 | 0.219 |   3.281 | 
     | My_bus/U574         |              | NAND3_X1     | 0.057 | My_bus/n278         |       SPEF |   4.382 | 0.000 |   3.281 | 
     | My_bus/U574         | A2 ^ -> ZN v | NAND3_X1     | 0.055 | My_bus/n261         |            |   5.348 | 0.097 |   3.378 | 
     | My_bus/U17          |              | NAND2_X1     | 0.055 | My_bus/n261         |       SPEF |   5.348 | 0.000 |   3.378 | 
     | My_bus/U17          | A1 v -> ZN ^ | NAND2_X1     | 0.102 | My_bus/n260         |            |  10.674 | 0.141 |   3.519 | 
     | My_bus/U16          |              | NOR2_X2      | 0.102 | My_bus/n260         |       SPEF |  10.674 | 0.001 |   3.520 | 
     | My_bus/U16          | A1 ^ -> ZN v | NOR2_X2      | 0.040 | YOUR_ADDRBUS[29]    |            |  19.817 | 0.084 |   3.604 | 
     | My_bus/U23          |              | INV_X4       | 0.040 | YOUR_ADDRBUS[29]    |       SPEF |  19.817 | 0.003 |   3.607 | 
     | My_bus/U23          | A v -> ZN ^  | INV_X4       | 0.258 | My_bus/n90          |            | 123.552 | 0.286 |   3.893 | 
     | My_bus/U208         |              | NOR2_X1      | 0.258 | My_bus/n90          |       SPEF | 123.552 | 0.001 |   3.894 | 
     | My_bus/U208         | A2 ^ -> ZN v | NOR2_X1      | 0.079 | YOUR_ADDRBUS[31]    |            |   4.207 | 0.089 |   3.983 | 
     | my_core_adapter     |              | core_adapter | 0.079 | YOUR_ADDRBUS[31]    |       SPEF |   4.207 | 0.000 |   3.983 | 
     +--------------------------------------------------------------------------------------------------------------------------+ 
Path 2: MET Setup Check with Pin my_core_adapter/clk 
Endpoint:   my_core_adapter/addr_in[30] (v) checked with  leading edge of 'CLK'
Beginpoint: EXT_BUSY                    (^) triggered by  leading edge of 'CLK'
Path Groups: {CLK}
Analysis View: ensc450_av
Other End Arrival Time          0.000
- Setup                         7.089
+ Phase Shift                  12.000
= Required Time                 4.911
- Arrival Time                  3.983
= Slack Time                    0.929
     Clock Rise Edge                      0.000
     + Input Delay                        0.800
     = Beginpoint Arrival Time            0.800
     +--------------------------------------------------------------------------------------------------------------------------+ 
     |      Instance       |     Arc      |     Cell     |  Slew |         Net         |    Arc     |  Load   | Delay | Arrival | 
     |                     |              |              |       |                     | Annotation |         |       |  Time   | 
     |---------------------+--------------+--------------+-------+---------------------+------------+---------+-------+---------| 
     |                     | EXT_BUSY ^   |              | 0.002 | EXT_BUSY            |       SPEF |  27.823 |       |   0.800 | 
     | My_bus/U624         |              | AOI22_X1     | 0.006 | EXT_BUSY            |       SPEF |  27.823 | 0.007 |   0.806 | 
     | My_bus/U624         | B1 ^ -> ZN v | AOI22_X1     | 0.053 | My_bus/n302         |            |   2.878 | 0.043 |   0.850 | 
     | My_bus/U623         |              | NOR3_X1      | 0.053 | My_bus/n302         |       SPEF |   2.878 | 0.000 |   0.850 | 
     | My_bus/U623         | A3 v -> ZN ^ | NOR3_X1      | 0.298 | My_bus/n96          |            |   8.898 | 0.425 |   1.275 | 
     | My_bus/U616         |              | AOI211_X1    | 0.298 | My_bus/n96          |       SPEF |   8.898 | 0.000 |   1.275 | 
     | My_bus/U616         | A ^ -> ZN v  | AOI211_X1    | 0.076 | My_bus/n4           |            |   3.150 | 0.112 |   1.387 | 
     | My_bus/U615         |              | INV_X1       | 0.076 | My_bus/n4           |       SPEF |   3.150 | 0.000 |   1.387 | 
     | My_bus/U615         | A v -> ZN ^  | INV_X1       | 0.271 | My_bus/n55          |            |  33.568 | 0.333 |   1.720 | 
     | My_bus/U24          |              | NOR2_X4      | 0.271 | My_bus/n55          |       SPEF |  33.568 | 0.003 |   1.722 | 
     | My_bus/U24          | A1 ^ -> ZN v | NOR2_X4      | 0.094 | My_bus/n94          |            |  63.468 | 0.151 |   1.873 | 
     | My_bus/U614         |              | INV_X1       | 0.094 | My_bus/n94          |       SPEF |  63.468 | 0.000 |   1.874 | 
     | My_bus/U614         | A v -> ZN ^  | INV_X1       | 0.037 | My_bus/n297         |            |   1.800 | 0.079 |   1.952 | 
     | My_bus/U15          |              | OAI21_X1     | 0.037 | My_bus/n297         |       SPEF |   1.800 | 0.000 |   1.952 | 
     | My_bus/U15          | A ^ -> ZN v  | OAI21_X1     | 0.058 | My_bus/n97          |            |   1.580 | 0.052 |   2.004 | 
     | My_bus/FE_OFC73_n97 |              | CLKBUF_X2    | 0.058 | My_bus/n97          |       SPEF |   1.580 | 0.000 |   2.005 | 
     | My_bus/FE_OFC73_n97 | A v -> Z v   | CLKBUF_X2    | 0.166 | My_bus/FE_OFN73_n97 |            |  68.322 | 0.269 |   2.274 | 
     | My_bus/U595         |              | AOI22_X1     | 0.167 | My_bus/FE_OFN73_n97 |       SPEF |  68.322 | 0.018 |   2.292 | 
     | My_bus/U595         | A2 v -> ZN ^ | AOI22_X1     | 0.185 | My_bus/n76          |            |   7.020 | 0.311 |   2.603 | 
     | My_bus/U593         |              | AND4_X1      | 0.185 | My_bus/n76          |       SPEF |   7.020 | 0.000 |   2.603 | 
     | My_bus/U593         | A3 ^ -> ZN ^ | AND4_X1      | 0.038 | My_bus/n294         |            |   1.750 | 0.224 |   2.827 | 
     | My_bus/U592         |              | NAND2_X1     | 0.038 | My_bus/n294         |       SPEF |   1.750 | 0.000 |   2.827 | 
     | My_bus/U592         | A2 ^ -> ZN v | NAND2_X1     | 0.039 | My_bus/n271         |            |   7.410 | 0.072 |   2.899 | 
     | My_bus/U589         |              | NOR3_X1      | 0.039 | My_bus/n271         |       SPEF |   7.410 | 0.000 |   2.899 | 
     | My_bus/U589         | A2 v -> ZN ^ | NOR3_X1      | 0.086 | My_bus/n290         |            |   1.088 | 0.162 |   3.061 | 
     | My_bus/U583         |              | AND4_X1      | 0.086 | My_bus/n290         |       SPEF |   1.088 | 0.000 |   3.061 | 
     | My_bus/U583         | A3 ^ -> ZN ^ | AND4_X1      | 0.057 | My_bus/n278         |            |   4.382 | 0.219 |   3.281 | 
     | My_bus/U574         |              | NAND3_X1     | 0.057 | My_bus/n278         |       SPEF |   4.382 | 0.000 |   3.281 | 
     | My_bus/U574         | A2 ^ -> ZN v | NAND3_X1     | 0.055 | My_bus/n261         |            |   5.348 | 0.097 |   3.378 | 
     | My_bus/U17          |              | NAND2_X1     | 0.055 | My_bus/n261         |       SPEF |   5.348 | 0.000 |   3.378 | 
     | My_bus/U17          | A1 v -> ZN ^ | NAND2_X1     | 0.102 | My_bus/n260         |            |  10.674 | 0.141 |   3.519 | 
     | My_bus/U16          |              | NOR2_X2      | 0.102 | My_bus/n260         |       SPEF |  10.674 | 0.001 |   3.520 | 
     | My_bus/U16          | A1 ^ -> ZN v | NOR2_X2      | 0.040 | YOUR_ADDRBUS[29]    |            |  19.817 | 0.084 |   3.604 | 
     | My_bus/U23          |              | INV_X4       | 0.040 | YOUR_ADDRBUS[29]    |       SPEF |  19.817 | 0.003 |   3.607 | 
     | My_bus/U23          | A v -> ZN ^  | INV_X4       | 0.258 | My_bus/n90          |            | 123.552 | 0.286 |   3.893 | 
     | My_bus/U209         |              | NOR2_X1      | 0.258 | My_bus/n90          |       SPEF | 123.552 | 0.003 |   3.896 | 
     | My_bus/U209         | A2 ^ -> ZN v | NOR2_X1      | 0.069 | YOUR_ADDRBUS[30]    |            |   3.895 | 0.086 |   3.982 | 
     | my_core_adapter     |              | core_adapter | 0.069 | YOUR_ADDRBUS[30]    |       SPEF |   3.895 | 0.000 |   3.983 | 
     +--------------------------------------------------------------------------------------------------------------------------+ 
Path 3: MET Setup Check with Pin my_core_adapter/clk 
Endpoint:   my_core_adapter/addr_in[29] (^) checked with  leading edge of 'CLK'
Beginpoint: EXT_BUSY                    (^) triggered by  leading edge of 'CLK'
Path Groups: {CLK}
Analysis View: ensc450_av
Other End Arrival Time          0.000
- Setup                         6.920
+ Phase Shift                  12.000
= Required Time                 5.080
- Arrival Time                  3.914
= Slack Time                    1.166
     Clock Rise Edge                      0.000
     + Input Delay                        0.800
     = Beginpoint Arrival Time            0.800
     +-------------------------------------------------------------------------------------------------------------------------+ 
     |      Instance       |     Arc      |     Cell     |  Slew |         Net         |    Arc     |  Load  | Delay | Arrival | 
     |                     |              |              |       |                     | Annotation |        |       |  Time   | 
     |---------------------+--------------+--------------+-------+---------------------+------------+--------+-------+---------| 
     |                     | EXT_BUSY ^   |              | 0.002 | EXT_BUSY            |       SPEF | 27.823 |       |   0.800 | 
     | My_bus/U624         |              | AOI22_X1     | 0.006 | EXT_BUSY            |       SPEF | 27.823 | 0.007 |   0.807 | 
     | My_bus/U624         | B1 ^ -> ZN v | AOI22_X1     | 0.053 | My_bus/n302         |            |  2.878 | 0.043 |   0.850 | 
     | My_bus/U623         |              | NOR3_X1      | 0.053 | My_bus/n302         |       SPEF |  2.878 | 0.000 |   0.850 | 
     | My_bus/U623         | A3 v -> ZN ^ | NOR3_X1      | 0.298 | My_bus/n96          |            |  8.898 | 0.425 |   1.275 | 
     | My_bus/U616         |              | AOI211_X1    | 0.298 | My_bus/n96          |       SPEF |  8.898 | 0.000 |   1.275 | 
     | My_bus/U616         | A ^ -> ZN v  | AOI211_X1    | 0.076 | My_bus/n4           |            |  3.150 | 0.112 |   1.387 | 
     | My_bus/U615         |              | INV_X1       | 0.076 | My_bus/n4           |       SPEF |  3.150 | 0.000 |   1.387 | 
     | My_bus/U615         | A v -> ZN ^  | INV_X1       | 0.271 | My_bus/n55          |            | 33.568 | 0.333 |   1.720 | 
     | My_bus/U24          |              | NOR2_X4      | 0.271 | My_bus/n55          |       SPEF | 33.568 | 0.003 |   1.722 | 
     | My_bus/U24          | A1 ^ -> ZN v | NOR2_X4      | 0.094 | My_bus/n94          |            | 63.468 | 0.151 |   1.873 | 
     | My_bus/U614         |              | INV_X1       | 0.094 | My_bus/n94          |       SPEF | 63.468 | 0.000 |   1.874 | 
     | My_bus/U614         | A v -> ZN ^  | INV_X1       | 0.037 | My_bus/n297         |            |  1.800 | 0.079 |   1.952 | 
     | My_bus/U15          |              | OAI21_X1     | 0.037 | My_bus/n297         |       SPEF |  1.800 | 0.000 |   1.952 | 
     | My_bus/U15          | A ^ -> ZN v  | OAI21_X1     | 0.058 | My_bus/n97          |            |  1.580 | 0.052 |   2.004 | 
     | My_bus/FE_OFC73_n97 |              | CLKBUF_X2    | 0.058 | My_bus/n97          |       SPEF |  1.580 | 0.000 |   2.005 | 
     | My_bus/FE_OFC73_n97 | A v -> Z v   | CLKBUF_X2    | 0.166 | My_bus/FE_OFN73_n97 |            | 68.322 | 0.269 |   2.274 | 
     | My_bus/U595         |              | AOI22_X1     | 0.167 | My_bus/FE_OFN73_n97 |       SPEF | 68.322 | 0.018 |   2.292 | 
     | My_bus/U595         | A2 v -> ZN ^ | AOI22_X1     | 0.185 | My_bus/n76          |            |  7.020 | 0.311 |   2.603 | 
     | My_bus/U593         |              | AND4_X1      | 0.185 | My_bus/n76          |       SPEF |  7.020 | 0.000 |   2.603 | 
     | My_bus/U593         | A3 ^ -> ZN ^ | AND4_X1      | 0.038 | My_bus/n294         |            |  1.750 | 0.224 |   2.827 | 
     | My_bus/U592         |              | NAND2_X1     | 0.038 | My_bus/n294         |       SPEF |  1.750 | 0.000 |   2.827 | 
     | My_bus/U592         | A2 ^ -> ZN v | NAND2_X1     | 0.039 | My_bus/n271         |            |  7.410 | 0.072 |   2.899 | 
     | My_bus/U589         |              | NOR3_X1      | 0.039 | My_bus/n271         |       SPEF |  7.410 | 0.000 |   2.899 | 
     | My_bus/U589         | A2 v -> ZN ^ | NOR3_X1      | 0.086 | My_bus/n290         |            |  1.088 | 0.162 |   3.061 | 
     | My_bus/U583         |              | AND4_X1      | 0.086 | My_bus/n290         |       SPEF |  1.088 | 0.000 |   3.061 | 
     | My_bus/U583         | A3 ^ -> ZN ^ | AND4_X1      | 0.057 | My_bus/n278         |            |  4.382 | 0.219 |   3.281 | 
     | My_bus/U559         |              | NAND4_X1     | 0.057 | My_bus/n278         |       SPEF |  4.382 | 0.000 |   3.281 | 
     | My_bus/U559         | A3 ^ -> ZN v | NAND4_X1     | 0.091 | My_bus/n264         |            |  3.819 | 0.117 |   3.398 | 
     | My_bus/U558         |              | NAND2_X1     | 0.091 | My_bus/n264         |       SPEF |  3.819 | 0.000 |   3.398 | 
     | My_bus/U558         | A2 v -> ZN ^ | NAND2_X1     | 0.093 | My_bus/n259         |            |  9.381 | 0.160 |   3.558 | 
     | My_bus/U18          |              | INV_X1       | 0.093 | My_bus/n259         |       SPEF |  9.381 | 0.001 |   3.559 | 
     | My_bus/U18          | A ^ -> ZN v  | INV_X1       | 0.036 | My_bus/n8           |            |  8.856 | 0.075 |   3.634 | 
     | My_bus/U16          |              | NOR2_X2      | 0.036 | My_bus/n8           |       SPEF |  8.856 | 0.000 |   3.634 | 
     | My_bus/U16          | A2 v -> ZN ^ | NOR2_X2      | 0.208 | YOUR_ADDRBUS[29]    |            | 20.679 | 0.276 |   3.911 | 
     | my_core_adapter     |              | core_adapter | 0.208 | YOUR_ADDRBUS[29]    |       SPEF | 20.679 | 0.003 |   3.914 | 
     +-------------------------------------------------------------------------------------------------------------------------+ 
Path 4: MET Setup Check with Pin my_core_adapter/clk 
Endpoint:   my_core_adapter/addr_in[28] (v) checked with  leading edge of 'CLK'
Beginpoint: EXT_BUSY                    (^) triggered by  leading edge of 'CLK'
Path Groups: {CLK}
Analysis View: ensc450_av
Other End Arrival Time          0.000
- Setup                         6.720
+ Phase Shift                  12.000
= Required Time                 5.280
- Arrival Time                  3.988
= Slack Time                    1.292
     Clock Rise Edge                      0.000
     + Input Delay                        0.800
     = Beginpoint Arrival Time            0.800
     +--------------------------------------------------------------------------------------------------------------------------+ 
     |      Instance       |     Arc      |     Cell     |  Slew |         Net         |    Arc     |  Load   | Delay | Arrival | 
     |                     |              |              |       |                     | Annotation |         |       |  Time   | 
     |---------------------+--------------+--------------+-------+---------------------+------------+---------+-------+---------| 
     |                     | EXT_BUSY ^   |              | 0.002 | EXT_BUSY            |       SPEF |  27.823 |       |   0.800 | 
     | My_bus/U624         |              | AOI22_X1     | 0.006 | EXT_BUSY            |       SPEF |  27.823 | 0.007 |   0.806 | 
     | My_bus/U624         | B1 ^ -> ZN v | AOI22_X1     | 0.053 | My_bus/n302         |            |   2.878 | 0.043 |   0.850 | 
     | My_bus/U623         |              | NOR3_X1      | 0.053 | My_bus/n302         |       SPEF |   2.878 | 0.000 |   0.850 | 
     | My_bus/U623         | A3 v -> ZN ^ | NOR3_X1      | 0.298 | My_bus/n96          |            |   8.898 | 0.425 |   1.275 | 
     | My_bus/U616         |              | AOI211_X1    | 0.298 | My_bus/n96          |       SPEF |   8.898 | 0.000 |   1.275 | 
     | My_bus/U616         | A ^ -> ZN v  | AOI211_X1    | 0.076 | My_bus/n4           |            |   3.150 | 0.112 |   1.387 | 
     | My_bus/U615         |              | INV_X1       | 0.076 | My_bus/n4           |       SPEF |   3.150 | 0.000 |   1.387 | 
     | My_bus/U615         | A v -> ZN ^  | INV_X1       | 0.271 | My_bus/n55          |            |  33.568 | 0.333 |   1.720 | 
     | My_bus/U24          |              | NOR2_X4      | 0.271 | My_bus/n55          |       SPEF |  33.568 | 0.003 |   1.722 | 
     | My_bus/U24          | A1 ^ -> ZN v | NOR2_X4      | 0.094 | My_bus/n94          |            |  63.468 | 0.151 |   1.873 | 
     | My_bus/U614         |              | INV_X1       | 0.094 | My_bus/n94          |       SPEF |  63.468 | 0.000 |   1.874 | 
     | My_bus/U614         | A v -> ZN ^  | INV_X1       | 0.037 | My_bus/n297         |            |   1.800 | 0.079 |   1.952 | 
     | My_bus/U15          |              | OAI21_X1     | 0.037 | My_bus/n297         |       SPEF |   1.800 | 0.000 |   1.952 | 
     | My_bus/U15          | A ^ -> ZN v  | OAI21_X1     | 0.058 | My_bus/n97          |            |   1.580 | 0.052 |   2.004 | 
     | My_bus/FE_OFC73_n97 |              | CLKBUF_X2    | 0.058 | My_bus/n97          |       SPEF |   1.580 | 0.000 |   2.005 | 
     | My_bus/FE_OFC73_n97 | A v -> Z v   | CLKBUF_X2    | 0.166 | My_bus/FE_OFN73_n97 |            |  68.322 | 0.269 |   2.274 | 
     | My_bus/U595         |              | AOI22_X1     | 0.167 | My_bus/FE_OFN73_n97 |       SPEF |  68.322 | 0.018 |   2.292 | 
     | My_bus/U595         | A2 v -> ZN ^ | AOI22_X1     | 0.185 | My_bus/n76          |            |   7.020 | 0.311 |   2.603 | 
     | My_bus/U593         |              | AND4_X1      | 0.185 | My_bus/n76          |       SPEF |   7.020 | 0.000 |   2.603 | 
     | My_bus/U593         | A3 ^ -> ZN ^ | AND4_X1      | 0.038 | My_bus/n294         |            |   1.750 | 0.224 |   2.827 | 
     | My_bus/U592         |              | NAND2_X1     | 0.038 | My_bus/n294         |       SPEF |   1.750 | 0.000 |   2.827 | 
     | My_bus/U592         | A2 ^ -> ZN v | NAND2_X1     | 0.039 | My_bus/n271         |            |   7.410 | 0.072 |   2.899 | 
     | My_bus/U589         |              | NOR3_X1      | 0.039 | My_bus/n271         |       SPEF |   7.410 | 0.000 |   2.899 | 
     | My_bus/U589         | A2 v -> ZN ^ | NOR3_X1      | 0.086 | My_bus/n290         |            |   1.088 | 0.162 |   3.061 | 
     | My_bus/U583         |              | AND4_X1      | 0.086 | My_bus/n290         |       SPEF |   1.088 | 0.000 |   3.061 | 
     | My_bus/U583         | A3 ^ -> ZN ^ | AND4_X1      | 0.057 | My_bus/n278         |            |   4.382 | 0.219 |   3.281 | 
     | My_bus/U574         |              | NAND3_X1     | 0.057 | My_bus/n278         |       SPEF |   4.382 | 0.000 |   3.281 | 
     | My_bus/U574         | A2 ^ -> ZN v | NAND3_X1     | 0.055 | My_bus/n261         |            |   5.348 | 0.097 |   3.378 | 
     | My_bus/U17          |              | NAND2_X1     | 0.055 | My_bus/n261         |       SPEF |   5.348 | 0.000 |   3.378 | 
     | My_bus/U17          | A1 v -> ZN ^ | NAND2_X1     | 0.102 | My_bus/n260         |            |  10.674 | 0.141 |   3.519 | 
     | My_bus/U16          |              | NOR2_X2      | 0.102 | My_bus/n260         |       SPEF |  10.674 | 0.001 |   3.520 | 
     | My_bus/U16          | A1 ^ -> ZN v | NOR2_X2      | 0.040 | YOUR_ADDRBUS[29]    |            |  19.817 | 0.084 |   3.604 | 
     | My_bus/U23          |              | INV_X4       | 0.040 | YOUR_ADDRBUS[29]    |       SPEF |  19.817 | 0.003 |   3.607 | 
     | My_bus/U23          | A v -> ZN ^  | INV_X4       | 0.258 | My_bus/n90          |            | 123.552 | 0.286 |   3.893 | 
     | My_bus/U211         |              | NOR2_X1      | 0.258 | My_bus/n90          |       SPEF | 123.552 | 0.004 |   3.897 | 
     | My_bus/U211         | A2 ^ -> ZN v | NOR2_X1      | 0.068 | YOUR_ADDRBUS[28]    |            |   4.352 | 0.091 |   3.987 | 
     | my_core_adapter     |              | core_adapter | 0.068 | YOUR_ADDRBUS[28]    |       SPEF |   4.352 | 0.000 |   3.988 | 
     +--------------------------------------------------------------------------------------------------------------------------+ 
Path 5: MET Setup Check with Pin my_core_adapter/clk 
Endpoint:   my_core_adapter/addr_in[27] (v) checked with  leading edge of 'CLK'
Beginpoint: EXT_BUSY                    (^) triggered by  leading edge of 'CLK'
Path Groups: {CLK}
Analysis View: ensc450_av
Other End Arrival Time          0.000
- Setup                         6.532
+ Phase Shift                  12.000
= Required Time                 5.468
- Arrival Time                  3.987
= Slack Time                    1.481
     Clock Rise Edge                      0.000
     + Input Delay                        0.800
     = Beginpoint Arrival Time            0.800
     +--------------------------------------------------------------------------------------------------------------------------+ 
     |      Instance       |     Arc      |     Cell     |  Slew |         Net         |    Arc     |  Load   | Delay | Arrival | 
     |                     |              |              |       |                     | Annotation |         |       |  Time   | 
     |---------------------+--------------+--------------+-------+---------------------+------------+---------+-------+---------| 
     |                     | EXT_BUSY ^   |              | 0.002 | EXT_BUSY            |       SPEF |  27.823 |       |   0.800 | 
     | My_bus/U624         |              | AOI22_X1     | 0.006 | EXT_BUSY            |       SPEF |  27.823 | 0.007 |   0.806 | 
     | My_bus/U624         | B1 ^ -> ZN v | AOI22_X1     | 0.053 | My_bus/n302         |            |   2.878 | 0.043 |   0.850 | 
     | My_bus/U623         |              | NOR3_X1      | 0.053 | My_bus/n302         |       SPEF |   2.878 | 0.000 |   0.850 | 
     | My_bus/U623         | A3 v -> ZN ^ | NOR3_X1      | 0.298 | My_bus/n96          |            |   8.898 | 0.425 |   1.275 | 
     | My_bus/U616         |              | AOI211_X1    | 0.298 | My_bus/n96          |       SPEF |   8.898 | 0.000 |   1.275 | 
     | My_bus/U616         | A ^ -> ZN v  | AOI211_X1    | 0.076 | My_bus/n4           |            |   3.150 | 0.112 |   1.387 | 
     | My_bus/U615         |              | INV_X1       | 0.076 | My_bus/n4           |       SPEF |   3.150 | 0.000 |   1.387 | 
     | My_bus/U615         | A v -> ZN ^  | INV_X1       | 0.271 | My_bus/n55          |            |  33.568 | 0.333 |   1.720 | 
     | My_bus/U24          |              | NOR2_X4      | 0.271 | My_bus/n55          |       SPEF |  33.568 | 0.003 |   1.722 | 
     | My_bus/U24          | A1 ^ -> ZN v | NOR2_X4      | 0.094 | My_bus/n94          |            |  63.468 | 0.151 |   1.873 | 
     | My_bus/U614         |              | INV_X1       | 0.094 | My_bus/n94          |       SPEF |  63.468 | 0.000 |   1.874 | 
     | My_bus/U614         | A v -> ZN ^  | INV_X1       | 0.037 | My_bus/n297         |            |   1.800 | 0.079 |   1.952 | 
     | My_bus/U15          |              | OAI21_X1     | 0.037 | My_bus/n297         |       SPEF |   1.800 | 0.000 |   1.952 | 
     | My_bus/U15          | A ^ -> ZN v  | OAI21_X1     | 0.058 | My_bus/n97          |            |   1.580 | 0.052 |   2.004 | 
     | My_bus/FE_OFC73_n97 |              | CLKBUF_X2    | 0.058 | My_bus/n97          |       SPEF |   1.580 | 0.000 |   2.005 | 
     | My_bus/FE_OFC73_n97 | A v -> Z v   | CLKBUF_X2    | 0.166 | My_bus/FE_OFN73_n97 |            |  68.322 | 0.269 |   2.274 | 
     | My_bus/U595         |              | AOI22_X1     | 0.167 | My_bus/FE_OFN73_n97 |       SPEF |  68.322 | 0.018 |   2.292 | 
     | My_bus/U595         | A2 v -> ZN ^ | AOI22_X1     | 0.185 | My_bus/n76          |            |   7.020 | 0.311 |   2.603 | 
     | My_bus/U593         |              | AND4_X1      | 0.185 | My_bus/n76          |       SPEF |   7.020 | 0.000 |   2.603 | 
     | My_bus/U593         | A3 ^ -> ZN ^ | AND4_X1      | 0.038 | My_bus/n294         |            |   1.750 | 0.224 |   2.827 | 
     | My_bus/U592         |              | NAND2_X1     | 0.038 | My_bus/n294         |       SPEF |   1.750 | 0.000 |   2.827 | 
     | My_bus/U592         | A2 ^ -> ZN v | NAND2_X1     | 0.039 | My_bus/n271         |            |   7.410 | 0.072 |   2.899 | 
     | My_bus/U589         |              | NOR3_X1      | 0.039 | My_bus/n271         |       SPEF |   7.410 | 0.000 |   2.899 | 
     | My_bus/U589         | A2 v -> ZN ^ | NOR3_X1      | 0.086 | My_bus/n290         |            |   1.088 | 0.162 |   3.061 | 
     | My_bus/U583         |              | AND4_X1      | 0.086 | My_bus/n290         |       SPEF |   1.088 | 0.000 |   3.061 | 
     | My_bus/U583         | A3 ^ -> ZN ^ | AND4_X1      | 0.057 | My_bus/n278         |            |   4.382 | 0.219 |   3.281 | 
     | My_bus/U574         |              | NAND3_X1     | 0.057 | My_bus/n278         |       SPEF |   4.382 | 0.000 |   3.281 | 
     | My_bus/U574         | A2 ^ -> ZN v | NAND3_X1     | 0.055 | My_bus/n261         |            |   5.348 | 0.097 |   3.378 | 
     | My_bus/U17          |              | NAND2_X1     | 0.055 | My_bus/n261         |       SPEF |   5.348 | 0.000 |   3.378 | 
     | My_bus/U17          | A1 v -> ZN ^ | NAND2_X1     | 0.102 | My_bus/n260         |            |  10.674 | 0.141 |   3.519 | 
     | My_bus/U16          |              | NOR2_X2      | 0.102 | My_bus/n260         |       SPEF |  10.674 | 0.001 |   3.520 | 
     | My_bus/U16          | A1 ^ -> ZN v | NOR2_X2      | 0.040 | YOUR_ADDRBUS[29]    |            |  19.817 | 0.084 |   3.604 | 
     | My_bus/U23          |              | INV_X4       | 0.040 | YOUR_ADDRBUS[29]    |       SPEF |  19.817 | 0.003 |   3.607 | 
     | My_bus/U23          | A v -> ZN ^  | INV_X4       | 0.258 | My_bus/n90          |            | 123.552 | 0.286 |   3.893 | 
     | My_bus/U212         |              | NOR2_X1      | 0.258 | My_bus/n90          |       SPEF | 123.552 | 0.005 |   3.898 | 
     | My_bus/U212         | A2 ^ -> ZN v | NOR2_X1      | 0.066 | YOUR_ADDRBUS[27]    |            |   4.181 | 0.089 |   3.987 | 
     | my_core_adapter     |              | core_adapter | 0.066 | YOUR_ADDRBUS[27]    |       SPEF |   4.181 | 0.000 |   3.987 | 
     +--------------------------------------------------------------------------------------------------------------------------+ 
Path 6: MET Setup Check with Pin my_core_adapter/clk 
Endpoint:   my_core_adapter/addr_in[26] (v) checked with  leading edge of 'CLK'
Beginpoint: EXT_BUSY                    (^) triggered by  leading edge of 'CLK'
Path Groups: {CLK}
Analysis View: ensc450_av
Other End Arrival Time          0.000
- Setup                         6.343
+ Phase Shift                  12.000
= Required Time                 5.657
- Arrival Time                  3.990
= Slack Time                    1.667
     Clock Rise Edge                      0.000
     + Input Delay                        0.800
     = Beginpoint Arrival Time            0.800
     +--------------------------------------------------------------------------------------------------------------------------+ 
     |      Instance       |     Arc      |     Cell     |  Slew |         Net         |    Arc     |  Load   | Delay | Arrival | 
     |                     |              |              |       |                     | Annotation |         |       |  Time   | 
     |---------------------+--------------+--------------+-------+---------------------+------------+---------+-------+---------| 
     |                     | EXT_BUSY ^   |              | 0.002 | EXT_BUSY            |       SPEF |  27.823 |       |   0.800 | 
     | My_bus/U624         |              | AOI22_X1     | 0.006 | EXT_BUSY            |       SPEF |  27.823 | 0.007 |   0.806 | 
     | My_bus/U624         | B1 ^ -> ZN v | AOI22_X1     | 0.053 | My_bus/n302         |            |   2.878 | 0.043 |   0.850 | 
     | My_bus/U623         |              | NOR3_X1      | 0.053 | My_bus/n302         |       SPEF |   2.878 | 0.000 |   0.850 | 
     | My_bus/U623         | A3 v -> ZN ^ | NOR3_X1      | 0.298 | My_bus/n96          |            |   8.898 | 0.425 |   1.275 | 
     | My_bus/U616         |              | AOI211_X1    | 0.298 | My_bus/n96          |       SPEF |   8.898 | 0.000 |   1.275 | 
     | My_bus/U616         | A ^ -> ZN v  | AOI211_X1    | 0.076 | My_bus/n4           |            |   3.150 | 0.112 |   1.387 | 
     | My_bus/U615         |              | INV_X1       | 0.076 | My_bus/n4           |       SPEF |   3.150 | 0.000 |   1.387 | 
     | My_bus/U615         | A v -> ZN ^  | INV_X1       | 0.271 | My_bus/n55          |            |  33.568 | 0.333 |   1.720 | 
     | My_bus/U24          |              | NOR2_X4      | 0.271 | My_bus/n55          |       SPEF |  33.568 | 0.003 |   1.722 | 
     | My_bus/U24          | A1 ^ -> ZN v | NOR2_X4      | 0.094 | My_bus/n94          |            |  63.468 | 0.151 |   1.873 | 
     | My_bus/U614         |              | INV_X1       | 0.094 | My_bus/n94          |       SPEF |  63.468 | 0.000 |   1.874 | 
     | My_bus/U614         | A v -> ZN ^  | INV_X1       | 0.037 | My_bus/n297         |            |   1.800 | 0.079 |   1.952 | 
     | My_bus/U15          |              | OAI21_X1     | 0.037 | My_bus/n297         |       SPEF |   1.800 | 0.000 |   1.952 | 
     | My_bus/U15          | A ^ -> ZN v  | OAI21_X1     | 0.058 | My_bus/n97          |            |   1.580 | 0.052 |   2.004 | 
     | My_bus/FE_OFC73_n97 |              | CLKBUF_X2    | 0.058 | My_bus/n97          |       SPEF |   1.580 | 0.000 |   2.005 | 
     | My_bus/FE_OFC73_n97 | A v -> Z v   | CLKBUF_X2    | 0.166 | My_bus/FE_OFN73_n97 |            |  68.322 | 0.269 |   2.274 | 
     | My_bus/U595         |              | AOI22_X1     | 0.167 | My_bus/FE_OFN73_n97 |       SPEF |  68.322 | 0.018 |   2.292 | 
     | My_bus/U595         | A2 v -> ZN ^ | AOI22_X1     | 0.185 | My_bus/n76          |            |   7.020 | 0.311 |   2.603 | 
     | My_bus/U593         |              | AND4_X1      | 0.185 | My_bus/n76          |       SPEF |   7.020 | 0.000 |   2.603 | 
     | My_bus/U593         | A3 ^ -> ZN ^ | AND4_X1      | 0.038 | My_bus/n294         |            |   1.750 | 0.224 |   2.827 | 
     | My_bus/U592         |              | NAND2_X1     | 0.038 | My_bus/n294         |       SPEF |   1.750 | 0.000 |   2.827 | 
     | My_bus/U592         | A2 ^ -> ZN v | NAND2_X1     | 0.039 | My_bus/n271         |            |   7.410 | 0.072 |   2.899 | 
     | My_bus/U589         |              | NOR3_X1      | 0.039 | My_bus/n271         |       SPEF |   7.410 | 0.000 |   2.899 | 
     | My_bus/U589         | A2 v -> ZN ^ | NOR3_X1      | 0.086 | My_bus/n290         |            |   1.088 | 0.162 |   3.061 | 
     | My_bus/U583         |              | AND4_X1      | 0.086 | My_bus/n290         |       SPEF |   1.088 | 0.000 |   3.061 | 
     | My_bus/U583         | A3 ^ -> ZN ^ | AND4_X1      | 0.057 | My_bus/n278         |            |   4.382 | 0.219 |   3.281 | 
     | My_bus/U574         |              | NAND3_X1     | 0.057 | My_bus/n278         |       SPEF |   4.382 | 0.000 |   3.281 | 
     | My_bus/U574         | A2 ^ -> ZN v | NAND3_X1     | 0.055 | My_bus/n261         |            |   5.348 | 0.097 |   3.378 | 
     | My_bus/U17          |              | NAND2_X1     | 0.055 | My_bus/n261         |       SPEF |   5.348 | 0.000 |   3.378 | 
     | My_bus/U17          | A1 v -> ZN ^ | NAND2_X1     | 0.102 | My_bus/n260         |            |  10.674 | 0.141 |   3.519 | 
     | My_bus/U16          |              | NOR2_X2      | 0.102 | My_bus/n260         |       SPEF |  10.674 | 0.001 |   3.520 | 
     | My_bus/U16          | A1 ^ -> ZN v | NOR2_X2      | 0.040 | YOUR_ADDRBUS[29]    |            |  19.817 | 0.084 |   3.604 | 
     | My_bus/U23          |              | INV_X4       | 0.040 | YOUR_ADDRBUS[29]    |       SPEF |  19.817 | 0.003 |   3.607 | 
     | My_bus/U23          | A v -> ZN ^  | INV_X4       | 0.258 | My_bus/n90          |            | 123.552 | 0.286 |   3.893 | 
     | My_bus/U213         |              | NOR2_X1      | 0.258 | My_bus/n90          |       SPEF | 123.552 | 0.005 |   3.898 | 
     | My_bus/U213         | A2 ^ -> ZN v | NOR2_X1      | 0.062 | YOUR_ADDRBUS[26]    |            |   4.475 | 0.092 |   3.989 | 
     | my_core_adapter     |              | core_adapter | 0.062 | YOUR_ADDRBUS[26]    |       SPEF |   4.475 | 0.000 |   3.990 | 
     +--------------------------------------------------------------------------------------------------------------------------+ 
Path 7: MET Setup Check with Pin my_core_adapter/clk 
Endpoint:   my_core_adapter/addr_in[25] (v) checked with  leading edge of 'CLK'
Beginpoint: EXT_BUSY                    (^) triggered by  leading edge of 'CLK'
Path Groups: {CLK}
Analysis View: ensc450_av
Other End Arrival Time          0.000
- Setup                         6.160
+ Phase Shift                  12.000
= Required Time                 5.840
- Arrival Time                  3.990
= Slack Time                    1.850
     Clock Rise Edge                      0.000
     + Input Delay                        0.800
     = Beginpoint Arrival Time            0.800
     +--------------------------------------------------------------------------------------------------------------------------+ 
     |      Instance       |     Arc      |     Cell     |  Slew |         Net         |    Arc     |  Load   | Delay | Arrival | 
     |                     |              |              |       |                     | Annotation |         |       |  Time   | 
     |---------------------+--------------+--------------+-------+---------------------+------------+---------+-------+---------| 
     |                     | EXT_BUSY ^   |              | 0.002 | EXT_BUSY            |       SPEF |  27.823 |       |   0.800 | 
     | My_bus/U624         |              | AOI22_X1     | 0.006 | EXT_BUSY            |       SPEF |  27.823 | 0.007 |   0.807 | 
     | My_bus/U624         | B1 ^ -> ZN v | AOI22_X1     | 0.053 | My_bus/n302         |            |   2.878 | 0.043 |   0.850 | 
     | My_bus/U623         |              | NOR3_X1      | 0.053 | My_bus/n302         |       SPEF |   2.878 | 0.000 |   0.850 | 
     | My_bus/U623         | A3 v -> ZN ^ | NOR3_X1      | 0.298 | My_bus/n96          |            |   8.898 | 0.425 |   1.275 | 
     | My_bus/U616         |              | AOI211_X1    | 0.298 | My_bus/n96          |       SPEF |   8.898 | 0.000 |   1.275 | 
     | My_bus/U616         | A ^ -> ZN v  | AOI211_X1    | 0.076 | My_bus/n4           |            |   3.150 | 0.112 |   1.387 | 
     | My_bus/U615         |              | INV_X1       | 0.076 | My_bus/n4           |       SPEF |   3.150 | 0.000 |   1.387 | 
     | My_bus/U615         | A v -> ZN ^  | INV_X1       | 0.271 | My_bus/n55          |            |  33.568 | 0.333 |   1.720 | 
     | My_bus/U24          |              | NOR2_X4      | 0.271 | My_bus/n55          |       SPEF |  33.568 | 0.003 |   1.723 | 
     | My_bus/U24          | A1 ^ -> ZN v | NOR2_X4      | 0.094 | My_bus/n94          |            |  63.468 | 0.151 |   1.873 | 
     | My_bus/U614         |              | INV_X1       | 0.094 | My_bus/n94          |       SPEF |  63.468 | 0.000 |   1.874 | 
     | My_bus/U614         | A v -> ZN ^  | INV_X1       | 0.037 | My_bus/n297         |            |   1.800 | 0.079 |   1.953 | 
     | My_bus/U15          |              | OAI21_X1     | 0.037 | My_bus/n297         |       SPEF |   1.800 | 0.000 |   1.953 | 
     | My_bus/U15          | A ^ -> ZN v  | OAI21_X1     | 0.058 | My_bus/n97          |            |   1.580 | 0.052 |   2.005 | 
     | My_bus/FE_OFC73_n97 |              | CLKBUF_X2    | 0.058 | My_bus/n97          |       SPEF |   1.580 | 0.000 |   2.005 | 
     | My_bus/FE_OFC73_n97 | A v -> Z v   | CLKBUF_X2    | 0.166 | My_bus/FE_OFN73_n97 |            |  68.322 | 0.269 |   2.274 | 
     | My_bus/U595         |              | AOI22_X1     | 0.167 | My_bus/FE_OFN73_n97 |       SPEF |  68.322 | 0.018 |   2.292 | 
     | My_bus/U595         | A2 v -> ZN ^ | AOI22_X1     | 0.185 | My_bus/n76          |            |   7.020 | 0.311 |   2.603 | 
     | My_bus/U593         |              | AND4_X1      | 0.185 | My_bus/n76          |       SPEF |   7.020 | 0.000 |   2.603 | 
     | My_bus/U593         | A3 ^ -> ZN ^ | AND4_X1      | 0.038 | My_bus/n294         |            |   1.750 | 0.224 |   2.827 | 
     | My_bus/U592         |              | NAND2_X1     | 0.038 | My_bus/n294         |       SPEF |   1.750 | 0.000 |   2.827 | 
     | My_bus/U592         | A2 ^ -> ZN v | NAND2_X1     | 0.039 | My_bus/n271         |            |   7.410 | 0.072 |   2.899 | 
     | My_bus/U589         |              | NOR3_X1      | 0.039 | My_bus/n271         |       SPEF |   7.410 | 0.000 |   2.899 | 
     | My_bus/U589         | A2 v -> ZN ^ | NOR3_X1      | 0.086 | My_bus/n290         |            |   1.088 | 0.162 |   3.061 | 
     | My_bus/U583         |              | AND4_X1      | 0.086 | My_bus/n290         |       SPEF |   1.088 | 0.000 |   3.061 | 
     | My_bus/U583         | A3 ^ -> ZN ^ | AND4_X1      | 0.057 | My_bus/n278         |            |   4.382 | 0.219 |   3.281 | 
     | My_bus/U574         |              | NAND3_X1     | 0.057 | My_bus/n278         |       SPEF |   4.382 | 0.000 |   3.281 | 
     | My_bus/U574         | A2 ^ -> ZN v | NAND3_X1     | 0.055 | My_bus/n261         |            |   5.348 | 0.097 |   3.378 | 
     | My_bus/U17          |              | NAND2_X1     | 0.055 | My_bus/n261         |       SPEF |   5.348 | 0.000 |   3.378 | 
     | My_bus/U17          | A1 v -> ZN ^ | NAND2_X1     | 0.102 | My_bus/n260         |            |  10.674 | 0.141 |   3.519 | 
     | My_bus/U16          |              | NOR2_X2      | 0.102 | My_bus/n260         |       SPEF |  10.674 | 0.001 |   3.520 | 
     | My_bus/U16          | A1 ^ -> ZN v | NOR2_X2      | 0.040 | YOUR_ADDRBUS[29]    |            |  19.817 | 0.084 |   3.604 | 
     | My_bus/U23          |              | INV_X4       | 0.040 | YOUR_ADDRBUS[29]    |       SPEF |  19.817 | 0.003 |   3.607 | 
     | My_bus/U23          | A v -> ZN ^  | INV_X4       | 0.258 | My_bus/n90          |            | 123.552 | 0.286 |   3.893 | 
     | My_bus/U214         |              | NOR2_X1      | 0.258 | My_bus/n90          |       SPEF | 123.552 | 0.005 |   3.898 | 
     | My_bus/U214         | A2 ^ -> ZN v | NOR2_X1      | 0.062 | YOUR_ADDRBUS[25]    |            |   4.449 | 0.092 |   3.990 | 
     | my_core_adapter     |              | core_adapter | 0.062 | YOUR_ADDRBUS[25]    |       SPEF |   4.449 | 0.000 |   3.990 | 
     +--------------------------------------------------------------------------------------------------------------------------+ 
Path 8: MET Setup Check with Pin my_core_adapter/clk 
Endpoint:   my_core_adapter/addr_in[24] (v) checked with  leading edge of 'CLK'
Beginpoint: EXT_BUSY                    (^) triggered by  leading edge of 'CLK'
Path Groups: {CLK}
Analysis View: ensc450_av
Other End Arrival Time          0.000
- Setup                         5.977
+ Phase Shift                  12.000
= Required Time                 6.023
- Arrival Time                  3.994
= Slack Time                    2.029
     Clock Rise Edge                      0.000
     + Input Delay                        0.800
     = Beginpoint Arrival Time            0.800
     +--------------------------------------------------------------------------------------------------------------------------+ 
     |      Instance       |     Arc      |     Cell     |  Slew |         Net         |    Arc     |  Load   | Delay | Arrival | 
     |                     |              |              |       |                     | Annotation |         |       |  Time   | 
     |---------------------+--------------+--------------+-------+---------------------+------------+---------+-------+---------| 
     |                     | EXT_BUSY ^   |              | 0.002 | EXT_BUSY            |       SPEF |  27.823 |       |   0.800 | 
     | My_bus/U624         |              | AOI22_X1     | 0.006 | EXT_BUSY            |       SPEF |  27.823 | 0.007 |   0.806 | 
     | My_bus/U624         | B1 ^ -> ZN v | AOI22_X1     | 0.053 | My_bus/n302         |            |   2.878 | 0.043 |   0.850 | 
     | My_bus/U623         |              | NOR3_X1      | 0.053 | My_bus/n302         |       SPEF |   2.878 | 0.000 |   0.850 | 
     | My_bus/U623         | A3 v -> ZN ^ | NOR3_X1      | 0.298 | My_bus/n96          |            |   8.898 | 0.425 |   1.275 | 
     | My_bus/U616         |              | AOI211_X1    | 0.298 | My_bus/n96          |       SPEF |   8.898 | 0.000 |   1.275 | 
     | My_bus/U616         | A ^ -> ZN v  | AOI211_X1    | 0.076 | My_bus/n4           |            |   3.150 | 0.112 |   1.387 | 
     | My_bus/U615         |              | INV_X1       | 0.076 | My_bus/n4           |       SPEF |   3.150 | 0.000 |   1.387 | 
     | My_bus/U615         | A v -> ZN ^  | INV_X1       | 0.271 | My_bus/n55          |            |  33.568 | 0.333 |   1.720 | 
     | My_bus/U24          |              | NOR2_X4      | 0.271 | My_bus/n55          |       SPEF |  33.568 | 0.003 |   1.722 | 
     | My_bus/U24          | A1 ^ -> ZN v | NOR2_X4      | 0.094 | My_bus/n94          |            |  63.468 | 0.151 |   1.873 | 
     | My_bus/U614         |              | INV_X1       | 0.094 | My_bus/n94          |       SPEF |  63.468 | 0.000 |   1.874 | 
     | My_bus/U614         | A v -> ZN ^  | INV_X1       | 0.037 | My_bus/n297         |            |   1.800 | 0.079 |   1.952 | 
     | My_bus/U15          |              | OAI21_X1     | 0.037 | My_bus/n297         |       SPEF |   1.800 | 0.000 |   1.952 | 
     | My_bus/U15          | A ^ -> ZN v  | OAI21_X1     | 0.058 | My_bus/n97          |            |   1.580 | 0.052 |   2.004 | 
     | My_bus/FE_OFC73_n97 |              | CLKBUF_X2    | 0.058 | My_bus/n97          |       SPEF |   1.580 | 0.000 |   2.005 | 
     | My_bus/FE_OFC73_n97 | A v -> Z v   | CLKBUF_X2    | 0.166 | My_bus/FE_OFN73_n97 |            |  68.322 | 0.269 |   2.274 | 
     | My_bus/U595         |              | AOI22_X1     | 0.167 | My_bus/FE_OFN73_n97 |       SPEF |  68.322 | 0.018 |   2.292 | 
     | My_bus/U595         | A2 v -> ZN ^ | AOI22_X1     | 0.185 | My_bus/n76          |            |   7.020 | 0.311 |   2.603 | 
     | My_bus/U593         |              | AND4_X1      | 0.185 | My_bus/n76          |       SPEF |   7.020 | 0.000 |   2.603 | 
     | My_bus/U593         | A3 ^ -> ZN ^ | AND4_X1      | 0.038 | My_bus/n294         |            |   1.750 | 0.224 |   2.827 | 
     | My_bus/U592         |              | NAND2_X1     | 0.038 | My_bus/n294         |       SPEF |   1.750 | 0.000 |   2.827 | 
     | My_bus/U592         | A2 ^ -> ZN v | NAND2_X1     | 0.039 | My_bus/n271         |            |   7.410 | 0.072 |   2.899 | 
     | My_bus/U589         |              | NOR3_X1      | 0.039 | My_bus/n271         |       SPEF |   7.410 | 0.000 |   2.899 | 
     | My_bus/U589         | A2 v -> ZN ^ | NOR3_X1      | 0.086 | My_bus/n290         |            |   1.088 | 0.162 |   3.061 | 
     | My_bus/U583         |              | AND4_X1      | 0.086 | My_bus/n290         |       SPEF |   1.088 | 0.000 |   3.061 | 
     | My_bus/U583         | A3 ^ -> ZN ^ | AND4_X1      | 0.057 | My_bus/n278         |            |   4.382 | 0.219 |   3.281 | 
     | My_bus/U574         |              | NAND3_X1     | 0.057 | My_bus/n278         |       SPEF |   4.382 | 0.000 |   3.281 | 
     | My_bus/U574         | A2 ^ -> ZN v | NAND3_X1     | 0.055 | My_bus/n261         |            |   5.348 | 0.097 |   3.378 | 
     | My_bus/U17          |              | NAND2_X1     | 0.055 | My_bus/n261         |       SPEF |   5.348 | 0.000 |   3.378 | 
     | My_bus/U17          | A1 v -> ZN ^ | NAND2_X1     | 0.102 | My_bus/n260         |            |  10.674 | 0.141 |   3.519 | 
     | My_bus/U16          |              | NOR2_X2      | 0.102 | My_bus/n260         |       SPEF |  10.674 | 0.001 |   3.520 | 
     | My_bus/U16          | A1 ^ -> ZN v | NOR2_X2      | 0.040 | YOUR_ADDRBUS[29]    |            |  19.817 | 0.084 |   3.604 | 
     | My_bus/U23          |              | INV_X4       | 0.040 | YOUR_ADDRBUS[29]    |       SPEF |  19.817 | 0.003 |   3.607 | 
     | My_bus/U23          | A v -> ZN ^  | INV_X4       | 0.258 | My_bus/n90          |            | 123.552 | 0.286 |   3.893 | 
     | My_bus/U215         |              | NOR2_X1      | 0.258 | My_bus/n90          |       SPEF | 123.552 | 0.006 |   3.899 | 
     | My_bus/U215         | A2 ^ -> ZN v | NOR2_X1      | 0.063 | YOUR_ADDRBUS[24]    |            |   4.843 | 0.095 |   3.994 | 
     | my_core_adapter     |              | core_adapter | 0.063 | YOUR_ADDRBUS[24]    |       SPEF |   4.843 | 0.000 |   3.994 | 
     +--------------------------------------------------------------------------------------------------------------------------+ 
Path 9: MET Setup Check with Pin my_core_adapter/clk 
Endpoint:   my_core_adapter/addr_in[23] (v) checked with  leading edge of 'CLK'
Beginpoint: EXT_BUSY                    (^) triggered by  leading edge of 'CLK'
Path Groups: {CLK}
Analysis View: ensc450_av
Other End Arrival Time          0.000
- Setup                         5.789
+ Phase Shift                  12.000
= Required Time                 6.211
- Arrival Time                  3.994
= Slack Time                    2.217
     Clock Rise Edge                      0.000
     + Input Delay                        0.800
     = Beginpoint Arrival Time            0.800
     +--------------------------------------------------------------------------------------------------------------------------+ 
     |      Instance       |     Arc      |     Cell     |  Slew |         Net         |    Arc     |  Load   | Delay | Arrival | 
     |                     |              |              |       |                     | Annotation |         |       |  Time   | 
     |---------------------+--------------+--------------+-------+---------------------+------------+---------+-------+---------| 
     |                     | EXT_BUSY ^   |              | 0.002 | EXT_BUSY            |       SPEF |  27.823 |       |   0.800 | 
     | My_bus/U624         |              | AOI22_X1     | 0.006 | EXT_BUSY            |       SPEF |  27.823 | 0.007 |   0.806 | 
     | My_bus/U624         | B1 ^ -> ZN v | AOI22_X1     | 0.053 | My_bus/n302         |            |   2.878 | 0.043 |   0.850 | 
     | My_bus/U623         |              | NOR3_X1      | 0.053 | My_bus/n302         |       SPEF |   2.878 | 0.000 |   0.850 | 
     | My_bus/U623         | A3 v -> ZN ^ | NOR3_X1      | 0.298 | My_bus/n96          |            |   8.898 | 0.425 |   1.275 | 
     | My_bus/U616         |              | AOI211_X1    | 0.298 | My_bus/n96          |       SPEF |   8.898 | 0.000 |   1.275 | 
     | My_bus/U616         | A ^ -> ZN v  | AOI211_X1    | 0.076 | My_bus/n4           |            |   3.150 | 0.112 |   1.387 | 
     | My_bus/U615         |              | INV_X1       | 0.076 | My_bus/n4           |       SPEF |   3.150 | 0.000 |   1.387 | 
     | My_bus/U615         | A v -> ZN ^  | INV_X1       | 0.271 | My_bus/n55          |            |  33.568 | 0.333 |   1.720 | 
     | My_bus/U24          |              | NOR2_X4      | 0.271 | My_bus/n55          |       SPEF |  33.568 | 0.003 |   1.722 | 
     | My_bus/U24          | A1 ^ -> ZN v | NOR2_X4      | 0.094 | My_bus/n94          |            |  63.468 | 0.151 |   1.873 | 
     | My_bus/U614         |              | INV_X1       | 0.094 | My_bus/n94          |       SPEF |  63.468 | 0.000 |   1.874 | 
     | My_bus/U614         | A v -> ZN ^  | INV_X1       | 0.037 | My_bus/n297         |            |   1.800 | 0.079 |   1.952 | 
     | My_bus/U15          |              | OAI21_X1     | 0.037 | My_bus/n297         |       SPEF |   1.800 | 0.000 |   1.952 | 
     | My_bus/U15          | A ^ -> ZN v  | OAI21_X1     | 0.058 | My_bus/n97          |            |   1.580 | 0.052 |   2.004 | 
     | My_bus/FE_OFC73_n97 |              | CLKBUF_X2    | 0.058 | My_bus/n97          |       SPEF |   1.580 | 0.000 |   2.005 | 
     | My_bus/FE_OFC73_n97 | A v -> Z v   | CLKBUF_X2    | 0.166 | My_bus/FE_OFN73_n97 |            |  68.322 | 0.269 |   2.274 | 
     | My_bus/U595         |              | AOI22_X1     | 0.167 | My_bus/FE_OFN73_n97 |       SPEF |  68.322 | 0.018 |   2.292 | 
     | My_bus/U595         | A2 v -> ZN ^ | AOI22_X1     | 0.185 | My_bus/n76          |            |   7.020 | 0.311 |   2.603 | 
     | My_bus/U593         |              | AND4_X1      | 0.185 | My_bus/n76          |       SPEF |   7.020 | 0.000 |   2.603 | 
     | My_bus/U593         | A3 ^ -> ZN ^ | AND4_X1      | 0.038 | My_bus/n294         |            |   1.750 | 0.224 |   2.827 | 
     | My_bus/U592         |              | NAND2_X1     | 0.038 | My_bus/n294         |       SPEF |   1.750 | 0.000 |   2.827 | 
     | My_bus/U592         | A2 ^ -> ZN v | NAND2_X1     | 0.039 | My_bus/n271         |            |   7.410 | 0.072 |   2.899 | 
     | My_bus/U589         |              | NOR3_X1      | 0.039 | My_bus/n271         |       SPEF |   7.410 | 0.000 |   2.899 | 
     | My_bus/U589         | A2 v -> ZN ^ | NOR3_X1      | 0.086 | My_bus/n290         |            |   1.088 | 0.162 |   3.061 | 
     | My_bus/U583         |              | AND4_X1      | 0.086 | My_bus/n290         |       SPEF |   1.088 | 0.000 |   3.061 | 
     | My_bus/U583         | A3 ^ -> ZN ^ | AND4_X1      | 0.057 | My_bus/n278         |            |   4.382 | 0.219 |   3.281 | 
     | My_bus/U574         |              | NAND3_X1     | 0.057 | My_bus/n278         |       SPEF |   4.382 | 0.000 |   3.281 | 
     | My_bus/U574         | A2 ^ -> ZN v | NAND3_X1     | 0.055 | My_bus/n261         |            |   5.348 | 0.097 |   3.378 | 
     | My_bus/U17          |              | NAND2_X1     | 0.055 | My_bus/n261         |       SPEF |   5.348 | 0.000 |   3.378 | 
     | My_bus/U17          | A1 v -> ZN ^ | NAND2_X1     | 0.102 | My_bus/n260         |            |  10.674 | 0.141 |   3.519 | 
     | My_bus/U16          |              | NOR2_X2      | 0.102 | My_bus/n260         |       SPEF |  10.674 | 0.001 |   3.520 | 
     | My_bus/U16          | A1 ^ -> ZN v | NOR2_X2      | 0.040 | YOUR_ADDRBUS[29]    |            |  19.817 | 0.084 |   3.604 | 
     | My_bus/U23          |              | INV_X4       | 0.040 | YOUR_ADDRBUS[29]    |       SPEF |  19.817 | 0.003 |   3.607 | 
     | My_bus/U23          | A v -> ZN ^  | INV_X4       | 0.258 | My_bus/n90          |            | 123.552 | 0.286 |   3.893 | 
     | My_bus/U216         |              | NOR2_X1      | 0.258 | My_bus/n90          |       SPEF | 123.552 | 0.006 |   3.899 | 
     | My_bus/U216         | A2 ^ -> ZN v | NOR2_X1      | 0.062 | YOUR_ADDRBUS[23]    |            |   4.717 | 0.094 |   3.993 | 
     | my_core_adapter     |              | core_adapter | 0.062 | YOUR_ADDRBUS[23]    |       SPEF |   4.717 | 0.000 |   3.994 | 
     +--------------------------------------------------------------------------------------------------------------------------+ 
Path 10: MET Setup Check with Pin my_core_adapter/clk 
Endpoint:   my_core_adapter/addr_in[22] (v) checked with  leading edge of 'CLK'
Beginpoint: EXT_BUSY                    (^) triggered by  leading edge of 'CLK'
Path Groups: {CLK}
Analysis View: ensc450_av
Other End Arrival Time          0.000
- Setup                         5.603
+ Phase Shift                  12.000
= Required Time                 6.397
- Arrival Time                  3.996
= Slack Time                    2.400
     Clock Rise Edge                      0.000
     + Input Delay                        0.800
     = Beginpoint Arrival Time            0.800
     +--------------------------------------------------------------------------------------------------------------------------+ 
     |      Instance       |     Arc      |     Cell     |  Slew |         Net         |    Arc     |  Load   | Delay | Arrival | 
     |                     |              |              |       |                     | Annotation |         |       |  Time   | 
     |---------------------+--------------+--------------+-------+---------------------+------------+---------+-------+---------| 
     |                     | EXT_BUSY ^   |              | 0.002 | EXT_BUSY            |       SPEF |  27.823 |       |   0.800 | 
     | My_bus/U624         |              | AOI22_X1     | 0.006 | EXT_BUSY            |       SPEF |  27.823 | 0.007 |   0.807 | 
     | My_bus/U624         | B1 ^ -> ZN v | AOI22_X1     | 0.053 | My_bus/n302         |            |   2.878 | 0.043 |   0.850 | 
     | My_bus/U623         |              | NOR3_X1      | 0.053 | My_bus/n302         |       SPEF |   2.878 | 0.000 |   0.850 | 
     | My_bus/U623         | A3 v -> ZN ^ | NOR3_X1      | 0.298 | My_bus/n96          |            |   8.898 | 0.425 |   1.275 | 
     | My_bus/U616         |              | AOI211_X1    | 0.298 | My_bus/n96          |       SPEF |   8.898 | 0.000 |   1.275 | 
     | My_bus/U616         | A ^ -> ZN v  | AOI211_X1    | 0.076 | My_bus/n4           |            |   3.150 | 0.112 |   1.387 | 
     | My_bus/U615         |              | INV_X1       | 0.076 | My_bus/n4           |       SPEF |   3.150 | 0.000 |   1.387 | 
     | My_bus/U615         | A v -> ZN ^  | INV_X1       | 0.271 | My_bus/n55          |            |  33.568 | 0.333 |   1.720 | 
     | My_bus/U24          |              | NOR2_X4      | 0.271 | My_bus/n55          |       SPEF |  33.568 | 0.003 |   1.723 | 
     | My_bus/U24          | A1 ^ -> ZN v | NOR2_X4      | 0.094 | My_bus/n94          |            |  63.468 | 0.151 |   1.873 | 
     | My_bus/U614         |              | INV_X1       | 0.094 | My_bus/n94          |       SPEF |  63.468 | 0.000 |   1.874 | 
     | My_bus/U614         | A v -> ZN ^  | INV_X1       | 0.037 | My_bus/n297         |            |   1.800 | 0.079 |   1.953 | 
     | My_bus/U15          |              | OAI21_X1     | 0.037 | My_bus/n297         |       SPEF |   1.800 | 0.000 |   1.953 | 
     | My_bus/U15          | A ^ -> ZN v  | OAI21_X1     | 0.058 | My_bus/n97          |            |   1.580 | 0.052 |   2.005 | 
     | My_bus/FE_OFC73_n97 |              | CLKBUF_X2    | 0.058 | My_bus/n97          |       SPEF |   1.580 | 0.000 |   2.005 | 
     | My_bus/FE_OFC73_n97 | A v -> Z v   | CLKBUF_X2    | 0.166 | My_bus/FE_OFN73_n97 |            |  68.322 | 0.269 |   2.274 | 
     | My_bus/U595         |              | AOI22_X1     | 0.167 | My_bus/FE_OFN73_n97 |       SPEF |  68.322 | 0.018 |   2.292 | 
     | My_bus/U595         | A2 v -> ZN ^ | AOI22_X1     | 0.185 | My_bus/n76          |            |   7.020 | 0.311 |   2.603 | 
     | My_bus/U593         |              | AND4_X1      | 0.185 | My_bus/n76          |       SPEF |   7.020 | 0.000 |   2.603 | 
     | My_bus/U593         | A3 ^ -> ZN ^ | AND4_X1      | 0.038 | My_bus/n294         |            |   1.750 | 0.224 |   2.827 | 
     | My_bus/U592         |              | NAND2_X1     | 0.038 | My_bus/n294         |       SPEF |   1.750 | 0.000 |   2.827 | 
     | My_bus/U592         | A2 ^ -> ZN v | NAND2_X1     | 0.039 | My_bus/n271         |            |   7.410 | 0.072 |   2.899 | 
     | My_bus/U589         |              | NOR3_X1      | 0.039 | My_bus/n271         |       SPEF |   7.410 | 0.000 |   2.899 | 
     | My_bus/U589         | A2 v -> ZN ^ | NOR3_X1      | 0.086 | My_bus/n290         |            |   1.088 | 0.162 |   3.061 | 
     | My_bus/U583         |              | AND4_X1      | 0.086 | My_bus/n290         |       SPEF |   1.088 | 0.000 |   3.061 | 
     | My_bus/U583         | A3 ^ -> ZN ^ | AND4_X1      | 0.057 | My_bus/n278         |            |   4.382 | 0.219 |   3.281 | 
     | My_bus/U574         |              | NAND3_X1     | 0.057 | My_bus/n278         |       SPEF |   4.382 | 0.000 |   3.281 | 
     | My_bus/U574         | A2 ^ -> ZN v | NAND3_X1     | 0.055 | My_bus/n261         |            |   5.348 | 0.097 |   3.378 | 
     | My_bus/U17          |              | NAND2_X1     | 0.055 | My_bus/n261         |       SPEF |   5.348 | 0.000 |   3.378 | 
     | My_bus/U17          | A1 v -> ZN ^ | NAND2_X1     | 0.102 | My_bus/n260         |            |  10.674 | 0.141 |   3.519 | 
     | My_bus/U16          |              | NOR2_X2      | 0.102 | My_bus/n260         |       SPEF |  10.674 | 0.001 |   3.520 | 
     | My_bus/U16          | A1 ^ -> ZN v | NOR2_X2      | 0.040 | YOUR_ADDRBUS[29]    |            |  19.817 | 0.084 |   3.604 | 
     | My_bus/U23          |              | INV_X4       | 0.040 | YOUR_ADDRBUS[29]    |       SPEF |  19.817 | 0.003 |   3.607 | 
     | My_bus/U23          | A v -> ZN ^  | INV_X4       | 0.258 | My_bus/n90          |            | 123.552 | 0.286 |   3.893 | 
     | My_bus/U217         |              | NOR2_X1      | 0.258 | My_bus/n90          |       SPEF | 123.552 | 0.007 |   3.900 | 
     | My_bus/U217         | A2 ^ -> ZN v | NOR2_X1      | 0.063 | YOUR_ADDRBUS[22]    |            |   4.952 | 0.096 |   3.996 | 
     | my_core_adapter     |              | core_adapter | 0.063 | YOUR_ADDRBUS[22]    |       SPEF |   4.952 | 0.000 |   3.996 | 
     +--------------------------------------------------------------------------------------------------------------------------+ 

