###############################################################
#  Generated by:      Cadence Innovus 18.10-p002_1
#  OS:                Linux x86_64(Host ID ensc-esil-03)
#  Generated on:      Sun Apr 18 22:29:31 2021
#  Design:            ensc450
#  Command:           report_timing -net -format {instance arc cell slew net annotation load delay arrival} -max_paths 10 >  results/timing/pt5-07-postCtsOpt_hold.rpt
###############################################################
Path 1: MET Hold Check with Pin My_DMA/wstart_reg_reg[0]/CK 
Endpoint:   My_DMA/wstart_reg_reg[0]/D  (v) checked with  leading edge of 'CLK'
Beginpoint: My_DMA/wstart_reg_reg[0]/QN (^) triggered by  leading edge of 'CLK'
Path Groups: {CLK}
Analysis View: ensc450_av
Other End Arrival Time          0.000
+ Hold                          0.003
+ Phase Shift                   0.000
= Required Time                 0.003
  Arrival Time                  0.217
  Slack Time                    0.214
     Clock Rise Edge                 0.000
     + Clock Network Latency (Ideal) 0.000
     = Beginpoint Arrival Time       0.000
     +--------------------------------------------------------------------------------------------------------------------+ 
     |         Instance         |     Arc      |   Cell   |  Slew |     Net     |    Arc     |   Load   | Delay | Arrival | 
     |                          |              |          |       |             | Annotation |          |       |  Time   | 
     |--------------------------+--------------+----------+-------+-------------+------------+----------+-------+---------| 
     | My_DMA/wstart_reg_reg[0] | CK ^         |          | 0.000 | clk         |            | 6270.166 |       |   0.000 | 
     | My_DMA/wstart_reg_reg[0] | CK ^ -> QN ^ | DFF_X1   | 0.031 | My_DMA/n230 |            |    1.722 | 0.184 |   0.184 | 
     | My_DMA/U183              |              | OAI22_X1 | 0.031 | My_DMA/n230 |       SPEF |    1.722 | 0.000 |   0.184 | 
     | My_DMA/U183              | A1 ^ -> ZN v | OAI22_X1 | 0.014 | My_DMA/n676 |            |    1.362 | 0.032 |   0.217 | 
     | My_DMA/wstart_reg_reg[0] |              | DFF_X1   | 0.014 | My_DMA/n676 |       SPEF |    1.362 | 0.000 |   0.217 | 
     +--------------------------------------------------------------------------------------------------------------------+ 
Path 2: MET Hold Check with Pin My_DMA/rstart_reg_reg[16]/CK 
Endpoint:   My_DMA/rstart_reg_reg[16]/D  (v) checked with  leading edge of 'CLK'
Beginpoint: My_DMA/rstart_reg_reg[16]/QN (^) triggered by  leading edge of 'CLK'
Path Groups: {CLK}
Analysis View: ensc450_av
Other End Arrival Time          0.000
+ Hold                          0.003
+ Phase Shift                   0.000
= Required Time                 0.003
  Arrival Time                  0.217
  Slack Time                    0.214
     Clock Rise Edge                 0.000
     + Clock Network Latency (Ideal) 0.000
     = Beginpoint Arrival Time       0.000
     +---------------------------------------------------------------------------------------------------------------------+ 
     |         Instance          |     Arc      |   Cell   |  Slew |     Net     |    Arc     |   Load   | Delay | Arrival | 
     |                           |              |          |       |             | Annotation |          |       |  Time   | 
     |---------------------------+--------------+----------+-------+-------------+------------+----------+-------+---------| 
     | My_DMA/rstart_reg_reg[16] | CK ^         |          | 0.000 | clk         |            | 6270.166 |       |   0.000 | 
     | My_DMA/rstart_reg_reg[16] | CK ^ -> QN ^ | DFF_X1   | 0.031 | My_DMA/n318 |            |    1.736 | 0.184 |   0.184 | 
     | My_DMA/U269               |              | OAI22_X1 | 0.031 | My_DMA/n318 |       SPEF |    1.736 | 0.000 |   0.184 | 
     | My_DMA/U269               | A1 ^ -> ZN v | OAI22_X1 | 0.014 | My_DMA/n756 |            |    1.457 | 0.033 |   0.217 | 
     | My_DMA/rstart_reg_reg[16] |              | DFF_X1   | 0.014 | My_DMA/n756 |       SPEF |    1.457 | 0.000 |   0.217 | 
     +---------------------------------------------------------------------------------------------------------------------+ 
Path 3: MET Hold Check with Pin My_DMA/wstart_reg_reg[16]/CK 
Endpoint:   My_DMA/wstart_reg_reg[16]/D  (v) checked with  leading edge of 'CLK'
Beginpoint: My_DMA/wstart_reg_reg[16]/QN (^) triggered by  leading edge of 'CLK'
Path Groups: {CLK}
Analysis View: ensc450_av
Other End Arrival Time          0.000
+ Hold                          0.003
+ Phase Shift                   0.000
= Required Time                 0.003
  Arrival Time                  0.217
  Slack Time                    0.214
     Clock Rise Edge                 0.000
     + Clock Network Latency (Ideal) 0.000
     = Beginpoint Arrival Time       0.000
     +---------------------------------------------------------------------------------------------------------------------+ 
     |         Instance          |     Arc      |   Cell   |  Slew |     Net     |    Arc     |   Load   | Delay | Arrival | 
     |                           |              |          |       |             | Annotation |          |       |  Time   | 
     |---------------------------+--------------+----------+-------+-------------+------------+----------+-------+---------| 
     | My_DMA/wstart_reg_reg[16] | CK ^         |          | 0.000 | clk         |            | 6270.166 |       |   0.000 | 
     | My_DMA/wstart_reg_reg[16] | CK ^ -> QN ^ | DFF_X1   | 0.031 | My_DMA/n248 |            |    1.737 | 0.184 |   0.184 | 
     | My_DMA/U199               |              | OAI22_X1 | 0.031 | My_DMA/n248 |       SPEF |    1.737 | 0.000 |   0.184 | 
     | My_DMA/U199               | A1 ^ -> ZN v | OAI22_X1 | 0.014 | My_DMA/n692 |            |    1.493 | 0.033 |   0.217 | 
     | My_DMA/wstart_reg_reg[16] |              | DFF_X1   | 0.014 | My_DMA/n692 |       SPEF |    1.493 | 0.000 |   0.217 | 
     +---------------------------------------------------------------------------------------------------------------------+ 
Path 4: MET Hold Check with Pin My_DMA/rstart_reg_reg[5]/CK 
Endpoint:   My_DMA/rstart_reg_reg[5]/D  (v) checked with  leading edge of 'CLK'
Beginpoint: My_DMA/rstart_reg_reg[5]/QN (^) triggered by  leading edge of 'CLK'
Path Groups: {CLK}
Analysis View: ensc450_av
Other End Arrival Time          0.000
+ Hold                          0.003
+ Phase Shift                   0.000
= Required Time                 0.003
  Arrival Time                  0.218
  Slack Time                    0.215
     Clock Rise Edge                 0.000
     + Clock Network Latency (Ideal) 0.000
     = Beginpoint Arrival Time       0.000
     +--------------------------------------------------------------------------------------------------------------------+ 
     |         Instance         |     Arc      |   Cell   |  Slew |     Net     |    Arc     |   Load   | Delay | Arrival | 
     |                          |              |          |       |             | Annotation |          |       |  Time   | 
     |--------------------------+--------------+----------+-------+-------------+------------+----------+-------+---------| 
     | My_DMA/rstart_reg_reg[5] | CK ^         |          | 0.000 | clk         |            | 6270.166 |       |   0.000 | 
     | My_DMA/rstart_reg_reg[5] | CK ^ -> QN ^ | DFF_X1   | 0.032 | My_DMA/n307 |            |    1.786 | 0.185 |   0.185 | 
     | My_DMA/U258              |              | OAI22_X1 | 0.032 | My_DMA/n307 |       SPEF |    1.786 | 0.000 |   0.185 | 
     | My_DMA/U258              | A1 ^ -> ZN v | OAI22_X1 | 0.014 | My_DMA/n745 |            |    1.479 | 0.033 |   0.218 | 
     | My_DMA/rstart_reg_reg[5] |              | DFF_X1   | 0.014 | My_DMA/n745 |       SPEF |    1.479 | 0.000 |   0.218 | 
     +--------------------------------------------------------------------------------------------------------------------+ 
Path 5: MET Hold Check with Pin My_DMA/rstart_reg_reg[14]/CK 
Endpoint:   My_DMA/rstart_reg_reg[14]/D  (v) checked with  leading edge of 'CLK'
Beginpoint: My_DMA/rstart_reg_reg[14]/QN (^) triggered by  leading edge of 'CLK'
Path Groups: {CLK}
Analysis View: ensc450_av
Other End Arrival Time          0.000
+ Hold                          0.003
+ Phase Shift                   0.000
= Required Time                 0.003
  Arrival Time                  0.218
  Slack Time                    0.215
     Clock Rise Edge                 0.000
     + Clock Network Latency (Ideal) 0.000
     = Beginpoint Arrival Time       0.000
     +---------------------------------------------------------------------------------------------------------------------+ 
     |         Instance          |     Arc      |   Cell   |  Slew |     Net     |    Arc     |   Load   | Delay | Arrival | 
     |                           |              |          |       |             | Annotation |          |       |  Time   | 
     |---------------------------+--------------+----------+-------+-------------+------------+----------+-------+---------| 
     | My_DMA/rstart_reg_reg[14] | CK ^         |          | 0.000 | clk         |            | 6270.166 |       |   0.000 | 
     | My_DMA/rstart_reg_reg[14] | CK ^ -> QN ^ | DFF_X1   | 0.032 | My_DMA/n316 |            |    1.881 | 0.186 |   0.186 | 
     | My_DMA/U267               |              | OAI22_X1 | 0.032 | My_DMA/n316 |       SPEF |    1.881 | 0.000 |   0.186 | 
     | My_DMA/U267               | A1 ^ -> ZN v | OAI22_X1 | 0.014 | My_DMA/n754 |            |    1.162 | 0.032 |   0.218 | 
     | My_DMA/rstart_reg_reg[14] |              | DFF_X1   | 0.014 | My_DMA/n754 |       SPEF |    1.162 | 0.000 |   0.218 | 
     +---------------------------------------------------------------------------------------------------------------------+ 
Path 6: MET Hold Check with Pin My_DMA/wstep_reg_reg[30]/CK 
Endpoint:   My_DMA/wstep_reg_reg[30]/D  (v) checked with  leading edge of 'CLK'
Beginpoint: My_DMA/wstep_reg_reg[30]/QN (^) triggered by  leading edge of 'CLK'
Path Groups: {CLK}
Analysis View: ensc450_av
Other End Arrival Time          0.000
+ Hold                          0.003
+ Phase Shift                   0.000
= Required Time                 0.003
  Arrival Time                  0.219
  Slack Time                    0.216
     Clock Rise Edge                 0.000
     + Clock Network Latency (Ideal) 0.000
     = Beginpoint Arrival Time       0.000
     +--------------------------------------------------------------------------------------------------------------------+ 
     |         Instance         |     Arc      |   Cell   |  Slew |     Net     |    Arc     |   Load   | Delay | Arrival | 
     |                          |              |          |       |             | Annotation |          |       |  Time   | 
     |--------------------------+--------------+----------+-------+-------------+------------+----------+-------+---------| 
     | My_DMA/wstep_reg_reg[30] | CK ^         |          | 0.000 | clk         |            | 6270.166 |       |   0.000 | 
     | My_DMA/wstep_reg_reg[30] | CK ^ -> QN ^ | DFF_X1   | 0.030 | My_DMA/n224 |            |    1.652 | 0.183 |   0.183 | 
     | My_DMA/U178              |              | OAI22_X1 | 0.030 | My_DMA/n224 |       SPEF |    1.652 | 0.000 |   0.183 | 
     | My_DMA/U178              | A2 ^ -> ZN v | OAI22_X1 | 0.016 | My_DMA/n674 |            |    1.482 | 0.036 |   0.219 | 
     | My_DMA/wstep_reg_reg[30] |              | DFF_X1   | 0.016 | My_DMA/n674 |       SPEF |    1.482 | 0.000 |   0.219 | 
     +--------------------------------------------------------------------------------------------------------------------+ 
Path 7: MET Hold Check with Pin My_DMA/rstart_reg_reg[20]/CK 
Endpoint:   My_DMA/rstart_reg_reg[20]/D  (v) checked with  leading edge of 'CLK'
Beginpoint: My_DMA/rstart_reg_reg[20]/QN (^) triggered by  leading edge of 'CLK'
Path Groups: {CLK}
Analysis View: ensc450_av
Other End Arrival Time          0.000
+ Hold                          0.003
+ Phase Shift                   0.000
= Required Time                 0.003
  Arrival Time                  0.219
  Slack Time                    0.216
     Clock Rise Edge                 0.000
     + Clock Network Latency (Ideal) 0.000
     = Beginpoint Arrival Time       0.000
     +---------------------------------------------------------------------------------------------------------------------+ 
     |         Instance          |     Arc      |   Cell   |  Slew |     Net     |    Arc     |   Load   | Delay | Arrival | 
     |                           |              |          |       |             | Annotation |          |       |  Time   | 
     |---------------------------+--------------+----------+-------+-------------+------------+----------+-------+---------| 
     | My_DMA/rstart_reg_reg[20] | CK ^         |          | 0.000 | clk         |            | 6270.166 |       |   0.000 | 
     | My_DMA/rstart_reg_reg[20] | CK ^ -> QN ^ | DFF_X1   | 0.032 | My_DMA/n322 |            |    1.834 | 0.185 |   0.185 | 
     | My_DMA/U273               |              | OAI22_X1 | 0.032 | My_DMA/n322 |       SPEF |    1.834 | 0.000 |   0.185 | 
     | My_DMA/U273               | A1 ^ -> ZN v | OAI22_X1 | 0.014 | My_DMA/n760 |            |    1.491 | 0.033 |   0.219 | 
     | My_DMA/rstart_reg_reg[20] |              | DFF_X1   | 0.014 | My_DMA/n760 |       SPEF |    1.491 | 0.000 |   0.219 | 
     +---------------------------------------------------------------------------------------------------------------------+ 
Path 8: MET Hold Check with Pin My_DMA/wstart_reg_reg[1]/CK 
Endpoint:   My_DMA/wstart_reg_reg[1]/D  (v) checked with  leading edge of 'CLK'
Beginpoint: My_DMA/wstart_reg_reg[1]/QN (^) triggered by  leading edge of 'CLK'
Path Groups: {CLK}
Analysis View: ensc450_av
Other End Arrival Time          0.000
+ Hold                          0.003
+ Phase Shift                   0.000
= Required Time                 0.003
  Arrival Time                  0.219
  Slack Time                    0.216
     Clock Rise Edge                 0.000
     + Clock Network Latency (Ideal) 0.000
     = Beginpoint Arrival Time       0.000
     +--------------------------------------------------------------------------------------------------------------------+ 
     |         Instance         |     Arc      |   Cell   |  Slew |     Net     |    Arc     |   Load   | Delay | Arrival | 
     |                          |              |          |       |             | Annotation |          |       |  Time   | 
     |--------------------------+--------------+----------+-------+-------------+------------+----------+-------+---------| 
     | My_DMA/wstart_reg_reg[1] | CK ^         |          | 0.000 | clk         |            | 6270.166 |       |   0.000 | 
     | My_DMA/wstart_reg_reg[1] | CK ^ -> QN ^ | DFF_X1   | 0.032 | My_DMA/n233 |            |    1.899 | 0.186 |   0.186 | 
     | My_DMA/U184              |              | OAI22_X1 | 0.032 | My_DMA/n233 |       SPEF |    1.899 | 0.000 |   0.186 | 
     | My_DMA/U184              | A1 ^ -> ZN v | OAI22_X1 | 0.014 | My_DMA/n677 |            |    1.280 | 0.032 |   0.219 | 
     | My_DMA/wstart_reg_reg[1] |              | DFF_X1   | 0.014 | My_DMA/n677 |       SPEF |    1.280 | 0.000 |   0.219 | 
     +--------------------------------------------------------------------------------------------------------------------+ 
Path 9: MET Hold Check with Pin My_DMA/rstart_reg_reg[31]/CK 
Endpoint:   My_DMA/rstart_reg_reg[31]/D  (v) checked with  leading edge of 'CLK'
Beginpoint: My_DMA/rstart_reg_reg[31]/QN (^) triggered by  leading edge of 'CLK'
Path Groups: {CLK}
Analysis View: ensc450_av
Other End Arrival Time          0.000
+ Hold                          0.003
+ Phase Shift                   0.000
= Required Time                 0.003
  Arrival Time                  0.219
  Slack Time                    0.216
     Clock Rise Edge                 0.000
     + Clock Network Latency (Ideal) 0.000
     = Beginpoint Arrival Time       0.000
     +---------------------------------------------------------------------------------------------------------------------+ 
     |         Instance          |     Arc      |   Cell   |  Slew |     Net     |    Arc     |   Load   | Delay | Arrival | 
     |                           |              |          |       |             | Annotation |          |       |  Time   | 
     |---------------------------+--------------+----------+-------+-------------+------------+----------+-------+---------| 
     | My_DMA/rstart_reg_reg[31] | CK ^         |          | 0.000 | clk         |            | 6270.166 |       |   0.000 | 
     | My_DMA/rstart_reg_reg[31] | CK ^ -> QN ^ | DFF_X1   | 0.032 | My_DMA/n333 |            |    1.884 | 0.186 |   0.186 | 
     | My_DMA/U284               |              | OAI22_X1 | 0.032 | My_DMA/n333 |       SPEF |    1.884 | 0.000 |   0.186 | 
     | My_DMA/U284               | A1 ^ -> ZN v | OAI22_X1 | 0.014 | My_DMA/n771 |            |    1.405 | 0.033 |   0.219 | 
     | My_DMA/rstart_reg_reg[31] |              | DFF_X1   | 0.014 | My_DMA/n771 |       SPEF |    1.405 | 0.000 |   0.219 | 
     +---------------------------------------------------------------------------------------------------------------------+ 
Path 10: MET Hold Check with Pin My_DMA/rstart_reg_reg[19]/CK 
Endpoint:   My_DMA/rstart_reg_reg[19]/D  (v) checked with  leading edge of 'CLK'
Beginpoint: My_DMA/rstart_reg_reg[19]/QN (^) triggered by  leading edge of 'CLK'
Path Groups: {CLK}
Analysis View: ensc450_av
Other End Arrival Time          0.000
+ Hold                          0.003
+ Phase Shift                   0.000
= Required Time                 0.003
  Arrival Time                  0.219
  Slack Time                    0.216
     Clock Rise Edge                 0.000
     + Clock Network Latency (Ideal) 0.000
     = Beginpoint Arrival Time       0.000
     +---------------------------------------------------------------------------------------------------------------------+ 
     |         Instance          |     Arc      |   Cell   |  Slew |     Net     |    Arc     |   Load   | Delay | Arrival | 
     |                           |              |          |       |             | Annotation |          |       |  Time   | 
     |---------------------------+--------------+----------+-------+-------------+------------+----------+-------+---------| 
     | My_DMA/rstart_reg_reg[19] | CK ^         |          | 0.000 | clk         |            | 6270.166 |       |   0.000 | 
     | My_DMA/rstart_reg_reg[19] | CK ^ -> QN ^ | DFF_X1   | 0.032 | My_DMA/n321 |            |    1.876 | 0.186 |   0.186 | 
     | My_DMA/U272               |              | OAI22_X1 | 0.032 | My_DMA/n321 |       SPEF |    1.876 | 0.000 |   0.186 | 
     | My_DMA/U272               | A1 ^ -> ZN v | OAI22_X1 | 0.014 | My_DMA/n759 |            |    1.440 | 0.033 |   0.219 | 
     | My_DMA/rstart_reg_reg[19] |              | DFF_X1   | 0.014 | My_DMA/n759 |       SPEF |    1.440 | 0.000 |   0.219 | 
     +---------------------------------------------------------------------------------------------------------------------+ 

