###############################################################
#  Generated by:      Cadence Innovus 18.10-p002_1
#  OS:                Linux x86_64(Host ID ensc-esil-03)
#  Generated on:      Sun Apr 18 22:29:32 2021
#  Design:            ensc450
#  Command:           report_timing -net -format {instance arc cell slew net annotation load delay arrival} -max_paths 10 >  results/timing/pt5-07-postCtsOpt_setup.rpt
###############################################################
Path 1: MET Setup Check with Pin my_core_adapter/clk 
Endpoint:   my_core_adapter/addr_in[31] (v) checked with  leading edge of 'CLK'
Beginpoint: EXT_BUSY                    (^) triggered by  leading edge of 'CLK'
Path Groups: {CLK}
Analysis View: ensc450_av
Other End Arrival Time          0.000
- Setup                         7.116
+ Phase Shift                  12.000
= Required Time                 4.884
- Arrival Time                  4.116
= Slack Time                    0.769
     Clock Rise Edge                      0.000
     + Input Delay                        0.800
     = Beginpoint Arrival Time            0.800
     +--------------------------------------------------------------------------------------------------------------------------+ 
     |      Instance       |     Arc      |     Cell     |  Slew |         Net         |    Arc     |  Load   | Delay | Arrival | 
     |                     |              |              |       |                     | Annotation |         |       |  Time   | 
     |---------------------+--------------+--------------+-------+---------------------+------------+---------+-------+---------| 
     |                     | EXT_BUSY ^   |              | 0.002 | EXT_BUSY            |       SPEF |  31.096 |       |   0.800 | 
     | My_bus/FE_RC_0_0    |              | NAND2_X1     | 0.008 | EXT_BUSY            |       SPEF |  31.096 | 0.009 |   0.809 | 
     | My_bus/FE_RC_0_0    | A1 ^ -> ZN v | NAND2_X1     | 0.052 | My_bus/n302         |            |   2.848 | 0.031 |   0.840 | 
     | My_bus/U623         |              | NOR3_X1      | 0.052 | My_bus/n302         |       SPEF |   2.848 | 0.000 |   0.840 | 
     | My_bus/U623         | A3 v -> ZN ^ | NOR3_X1      | 0.321 | My_bus/n96          |            |   9.509 | 0.451 |   1.291 | 
     | My_bus/U616         |              | AOI211_X1    | 0.321 | My_bus/n96          |       SPEF |   9.509 | 0.000 |   1.291 | 
     | My_bus/U616         | A ^ -> ZN v  | AOI211_X1    | 0.081 | My_bus/n4           |            |   3.248 | 0.114 |   1.405 | 
     | My_bus/U615         |              | INV_X1       | 0.081 | My_bus/n4           |       SPEF |   3.248 | 0.000 |   1.405 | 
     | My_bus/U615         | A v -> ZN ^  | INV_X1       | 0.296 | My_bus/n55          |            |  35.400 | 0.362 |   1.767 | 
     | My_bus/U24          |              | NOR2_X4      | 0.296 | My_bus/n55          |       SPEF |  35.400 | 0.002 |   1.769 | 
     | My_bus/U24          | A1 ^ -> ZN v | NOR2_X4      | 0.102 | My_bus/n94          |            |  66.429 | 0.157 |   1.927 | 
     | My_bus/U614         |              | INV_X1       | 0.102 | My_bus/n94          |       SPEF |  66.429 | 0.000 |   1.927 | 
     | My_bus/U614         | A v -> ZN ^  | INV_X1       | 0.041 | My_bus/n297         |            |   1.856 | 0.084 |   2.011 | 
     | My_bus/U15          |              | OAI21_X1     | 0.041 | My_bus/n297         |       SPEF |   1.856 | 0.000 |   2.011 | 
     | My_bus/U15          | A ^ -> ZN v  | OAI21_X1     | 0.063 | My_bus/n97          |            |   1.775 | 0.054 |   2.065 | 
     | My_bus/FE_OFC73_n97 |              | CLKBUF_X2    | 0.063 | My_bus/n97          |       SPEF |   1.775 | 0.000 |   2.065 | 
     | My_bus/FE_OFC73_n97 | A v -> Z v   | CLKBUF_X2    | 0.173 | My_bus/FE_OFN73_n97 |            |  70.458 | 0.272 |   2.338 | 
     | My_bus/U595         |              | AOI22_X1     | 0.175 | My_bus/FE_OFN73_n97 |       SPEF |  70.458 | 0.025 |   2.363 | 
     | My_bus/U595         | A2 v -> ZN ^ | AOI22_X1     | 0.198 | My_bus/n76          |            |   7.559 | 0.329 |   2.692 | 
     | My_bus/U593         |              | AND4_X1      | 0.198 | My_bus/n76          |       SPEF |   7.559 | 0.000 |   2.692 | 
     | My_bus/U593         | A3 ^ -> ZN ^ | AND4_X1      | 0.039 | My_bus/n294         |            |   1.787 | 0.229 |   2.922 | 
     | My_bus/U592         |              | NAND2_X1     | 0.039 | My_bus/n294         |       SPEF |   1.787 | 0.000 |   2.922 | 
     | My_bus/U592         | A2 ^ -> ZN v | NAND2_X1     | 0.040 | My_bus/n271         |            |   7.822 | 0.073 |   2.995 | 
     | My_bus/U589         |              | NOR3_X1      | 0.040 | My_bus/n271         |       SPEF |   7.822 | 0.000 |   2.995 | 
     | My_bus/U589         | A2 v -> ZN ^ | NOR3_X1      | 0.090 | My_bus/n290         |            |   1.182 | 0.167 |   3.162 | 
     | My_bus/U583         |              | AND4_X1      | 0.090 | My_bus/n290         |       SPEF |   1.182 | 0.000 |   3.162 | 
     | My_bus/U583         | A3 ^ -> ZN ^ | AND4_X1      | 0.060 | My_bus/n278         |            |   4.620 | 0.224 |   3.387 | 
     | My_bus/U574         |              | NAND3_X1     | 0.060 | My_bus/n278         |       SPEF |   4.620 | 0.000 |   3.387 | 
     | My_bus/U574         | A2 ^ -> ZN v | NAND3_X1     | 0.057 | My_bus/n261         |            |   5.580 | 0.099 |   3.486 | 
     | My_bus/U17          |              | NAND2_X1     | 0.057 | My_bus/n261         |       SPEF |   5.580 | 0.000 |   3.486 | 
     | My_bus/U17          | A1 v -> ZN ^ | NAND2_X1     | 0.109 | My_bus/n260         |            |  11.197 | 0.149 |   3.635 | 
     | My_bus/U16          |              | NOR2_X2      | 0.109 | My_bus/n260         |       SPEF |  11.197 | 0.001 |   3.636 | 
     | My_bus/U16          | A1 ^ -> ZN v | NOR2_X2      | 0.041 | YOUR_ADDRBUS[29]    |            |  18.694 | 0.082 |   3.718 | 
     | My_bus/U23          |              | INV_X4       | 0.041 | YOUR_ADDRBUS[29]    |       SPEF |  18.694 | 0.003 |   3.721 | 
     | My_bus/U23          | A v -> ZN ^  | INV_X4       | 0.283 | My_bus/n90          |            | 130.939 | 0.303 |   4.023 | 
     | My_bus/U208         |              | NOR2_X1      | 0.283 | My_bus/n90          |       SPEF | 130.939 | 0.001 |   4.024 | 
     | My_bus/U208         | A2 ^ -> ZN v | NOR2_X1      | 0.084 | YOUR_ADDRBUS[31]    |            |   4.133 | 0.091 |   4.115 | 
     | my_core_adapter     |              | core_adapter | 0.084 | YOUR_ADDRBUS[31]    |       SPEF |   4.133 | 0.001 |   4.116 | 
     +--------------------------------------------------------------------------------------------------------------------------+ 
Path 2: MET Setup Check with Pin my_core_adapter/clk 
Endpoint:   my_core_adapter/addr_in[30] (v) checked with  leading edge of 'CLK'
Beginpoint: EXT_BUSY                    (^) triggered by  leading edge of 'CLK'
Path Groups: {CLK}
Analysis View: ensc450_av
Other End Arrival Time          0.000
- Setup                         7.086
+ Phase Shift                  12.000
= Required Time                 4.914
- Arrival Time                  4.114
= Slack Time                    0.800
     Clock Rise Edge                      0.000
     + Input Delay                        0.800
     = Beginpoint Arrival Time            0.800
     +--------------------------------------------------------------------------------------------------------------------------+ 
     |      Instance       |     Arc      |     Cell     |  Slew |         Net         |    Arc     |  Load   | Delay | Arrival | 
     |                     |              |              |       |                     | Annotation |         |       |  Time   | 
     |---------------------+--------------+--------------+-------+---------------------+------------+---------+-------+---------| 
     |                     | EXT_BUSY ^   |              | 0.002 | EXT_BUSY            |       SPEF |  31.096 |       |   0.800 | 
     | My_bus/FE_RC_0_0    |              | NAND2_X1     | 0.008 | EXT_BUSY            |       SPEF |  31.096 | 0.009 |   0.809 | 
     | My_bus/FE_RC_0_0    | A1 ^ -> ZN v | NAND2_X1     | 0.052 | My_bus/n302         |            |   2.848 | 0.031 |   0.840 | 
     | My_bus/U623         |              | NOR3_X1      | 0.052 | My_bus/n302         |       SPEF |   2.848 | 0.000 |   0.840 | 
     | My_bus/U623         | A3 v -> ZN ^ | NOR3_X1      | 0.321 | My_bus/n96          |            |   9.509 | 0.451 |   1.291 | 
     | My_bus/U616         |              | AOI211_X1    | 0.321 | My_bus/n96          |       SPEF |   9.509 | 0.000 |   1.291 | 
     | My_bus/U616         | A ^ -> ZN v  | AOI211_X1    | 0.081 | My_bus/n4           |            |   3.248 | 0.114 |   1.405 | 
     | My_bus/U615         |              | INV_X1       | 0.081 | My_bus/n4           |       SPEF |   3.248 | 0.000 |   1.405 | 
     | My_bus/U615         | A v -> ZN ^  | INV_X1       | 0.296 | My_bus/n55          |            |  35.400 | 0.362 |   1.767 | 
     | My_bus/U24          |              | NOR2_X4      | 0.296 | My_bus/n55          |       SPEF |  35.400 | 0.002 |   1.769 | 
     | My_bus/U24          | A1 ^ -> ZN v | NOR2_X4      | 0.102 | My_bus/n94          |            |  66.429 | 0.157 |   1.927 | 
     | My_bus/U614         |              | INV_X1       | 0.102 | My_bus/n94          |       SPEF |  66.429 | 0.000 |   1.927 | 
     | My_bus/U614         | A v -> ZN ^  | INV_X1       | 0.041 | My_bus/n297         |            |   1.856 | 0.084 |   2.011 | 
     | My_bus/U15          |              | OAI21_X1     | 0.041 | My_bus/n297         |       SPEF |   1.856 | 0.000 |   2.011 | 
     | My_bus/U15          | A ^ -> ZN v  | OAI21_X1     | 0.063 | My_bus/n97          |            |   1.775 | 0.054 |   2.065 | 
     | My_bus/FE_OFC73_n97 |              | CLKBUF_X2    | 0.063 | My_bus/n97          |       SPEF |   1.775 | 0.000 |   2.065 | 
     | My_bus/FE_OFC73_n97 | A v -> Z v   | CLKBUF_X2    | 0.173 | My_bus/FE_OFN73_n97 |            |  70.458 | 0.272 |   2.338 | 
     | My_bus/U595         |              | AOI22_X1     | 0.175 | My_bus/FE_OFN73_n97 |       SPEF |  70.458 | 0.025 |   2.363 | 
     | My_bus/U595         | A2 v -> ZN ^ | AOI22_X1     | 0.198 | My_bus/n76          |            |   7.559 | 0.329 |   2.692 | 
     | My_bus/U593         |              | AND4_X1      | 0.198 | My_bus/n76          |       SPEF |   7.559 | 0.000 |   2.692 | 
     | My_bus/U593         | A3 ^ -> ZN ^ | AND4_X1      | 0.039 | My_bus/n294         |            |   1.787 | 0.229 |   2.922 | 
     | My_bus/U592         |              | NAND2_X1     | 0.039 | My_bus/n294         |       SPEF |   1.787 | 0.000 |   2.922 | 
     | My_bus/U592         | A2 ^ -> ZN v | NAND2_X1     | 0.040 | My_bus/n271         |            |   7.822 | 0.073 |   2.995 | 
     | My_bus/U589         |              | NOR3_X1      | 0.040 | My_bus/n271         |       SPEF |   7.822 | 0.000 |   2.995 | 
     | My_bus/U589         | A2 v -> ZN ^ | NOR3_X1      | 0.090 | My_bus/n290         |            |   1.182 | 0.167 |   3.162 | 
     | My_bus/U583         |              | AND4_X1      | 0.090 | My_bus/n290         |       SPEF |   1.182 | 0.000 |   3.162 | 
     | My_bus/U583         | A3 ^ -> ZN ^ | AND4_X1      | 0.060 | My_bus/n278         |            |   4.620 | 0.224 |   3.387 | 
     | My_bus/U574         |              | NAND3_X1     | 0.060 | My_bus/n278         |       SPEF |   4.620 | 0.000 |   3.387 | 
     | My_bus/U574         | A2 ^ -> ZN v | NAND3_X1     | 0.057 | My_bus/n261         |            |   5.580 | 0.099 |   3.486 | 
     | My_bus/U17          |              | NAND2_X1     | 0.057 | My_bus/n261         |       SPEF |   5.580 | 0.000 |   3.486 | 
     | My_bus/U17          | A1 v -> ZN ^ | NAND2_X1     | 0.109 | My_bus/n260         |            |  11.197 | 0.149 |   3.635 | 
     | My_bus/U16          |              | NOR2_X2      | 0.109 | My_bus/n260         |       SPEF |  11.197 | 0.001 |   3.636 | 
     | My_bus/U16          | A1 ^ -> ZN v | NOR2_X2      | 0.041 | YOUR_ADDRBUS[29]    |            |  18.694 | 0.082 |   3.718 | 
     | My_bus/U23          |              | INV_X4       | 0.041 | YOUR_ADDRBUS[29]    |       SPEF |  18.694 | 0.003 |   3.721 | 
     | My_bus/U23          | A v -> ZN ^  | INV_X4       | 0.283 | My_bus/n90          |            | 130.939 | 0.303 |   4.023 | 
     | My_bus/U209         |              | NOR2_X1      | 0.284 | My_bus/n90          |       SPEF | 130.939 | 0.003 |   4.026 | 
     | My_bus/U209         | A2 ^ -> ZN v | NOR2_X1      | 0.066 | YOUR_ADDRBUS[30]    |            |   3.788 | 0.088 |   4.114 | 
     | my_core_adapter     |              | core_adapter | 0.066 | YOUR_ADDRBUS[30]    |       SPEF |   3.788 | 0.000 |   4.114 | 
     +--------------------------------------------------------------------------------------------------------------------------+ 
Path 3: MET Setup Check with Pin my_core_adapter/clk 
Endpoint:   my_core_adapter/addr_in[29] (^) checked with  leading edge of 'CLK'
Beginpoint: EXT_BUSY                    (^) triggered by  leading edge of 'CLK'
Path Groups: {CLK}
Analysis View: ensc450_av
Other End Arrival Time          0.000
- Setup                         6.919
+ Phase Shift                  12.000
= Required Time                 5.081
- Arrival Time                  4.021
= Slack Time                    1.060
     Clock Rise Edge                      0.000
     + Input Delay                        0.800
     = Beginpoint Arrival Time            0.800
     +-------------------------------------------------------------------------------------------------------------------------+ 
     |      Instance       |     Arc      |     Cell     |  Slew |         Net         |    Arc     |  Load  | Delay | Arrival | 
     |                     |              |              |       |                     | Annotation |        |       |  Time   | 
     |---------------------+--------------+--------------+-------+---------------------+------------+--------+-------+---------| 
     |                     | EXT_BUSY ^   |              | 0.002 | EXT_BUSY            |       SPEF | 31.096 |       |   0.800 | 
     | My_bus/FE_RC_0_0    |              | NAND2_X1     | 0.008 | EXT_BUSY            |       SPEF | 31.096 | 0.009 |   0.809 | 
     | My_bus/FE_RC_0_0    | A1 ^ -> ZN v | NAND2_X1     | 0.052 | My_bus/n302         |            |  2.848 | 0.031 |   0.840 | 
     | My_bus/U623         |              | NOR3_X1      | 0.052 | My_bus/n302         |       SPEF |  2.848 | 0.000 |   0.840 | 
     | My_bus/U623         | A3 v -> ZN ^ | NOR3_X1      | 0.321 | My_bus/n96          |            |  9.509 | 0.451 |   1.291 | 
     | My_bus/U616         |              | AOI211_X1    | 0.321 | My_bus/n96          |       SPEF |  9.509 | 0.000 |   1.291 | 
     | My_bus/U616         | A ^ -> ZN v  | AOI211_X1    | 0.081 | My_bus/n4           |            |  3.248 | 0.114 |   1.405 | 
     | My_bus/U615         |              | INV_X1       | 0.081 | My_bus/n4           |       SPEF |  3.248 | 0.000 |   1.405 | 
     | My_bus/U615         | A v -> ZN ^  | INV_X1       | 0.296 | My_bus/n55          |            | 35.400 | 0.362 |   1.767 | 
     | My_bus/U24          |              | NOR2_X4      | 0.296 | My_bus/n55          |       SPEF | 35.400 | 0.002 |   1.769 | 
     | My_bus/U24          | A1 ^ -> ZN v | NOR2_X4      | 0.102 | My_bus/n94          |            | 66.429 | 0.157 |   1.927 | 
     | My_bus/U614         |              | INV_X1       | 0.102 | My_bus/n94          |       SPEF | 66.429 | 0.000 |   1.927 | 
     | My_bus/U614         | A v -> ZN ^  | INV_X1       | 0.041 | My_bus/n297         |            |  1.856 | 0.084 |   2.011 | 
     | My_bus/U15          |              | OAI21_X1     | 0.041 | My_bus/n297         |       SPEF |  1.856 | 0.000 |   2.011 | 
     | My_bus/U15          | A ^ -> ZN v  | OAI21_X1     | 0.063 | My_bus/n97          |            |  1.775 | 0.054 |   2.065 | 
     | My_bus/FE_OFC73_n97 |              | CLKBUF_X2    | 0.063 | My_bus/n97          |       SPEF |  1.775 | 0.000 |   2.065 | 
     | My_bus/FE_OFC73_n97 | A v -> Z v   | CLKBUF_X2    | 0.173 | My_bus/FE_OFN73_n97 |            | 70.458 | 0.272 |   2.338 | 
     | My_bus/U595         |              | AOI22_X1     | 0.175 | My_bus/FE_OFN73_n97 |       SPEF | 70.458 | 0.025 |   2.363 | 
     | My_bus/U595         | A2 v -> ZN ^ | AOI22_X1     | 0.198 | My_bus/n76          |            |  7.559 | 0.329 |   2.692 | 
     | My_bus/U593         |              | AND4_X1      | 0.198 | My_bus/n76          |       SPEF |  7.559 | 0.000 |   2.692 | 
     | My_bus/U593         | A3 ^ -> ZN ^ | AND4_X1      | 0.039 | My_bus/n294         |            |  1.787 | 0.229 |   2.922 | 
     | My_bus/U592         |              | NAND2_X1     | 0.039 | My_bus/n294         |       SPEF |  1.787 | 0.000 |   2.922 | 
     | My_bus/U592         | A2 ^ -> ZN v | NAND2_X1     | 0.040 | My_bus/n271         |            |  7.822 | 0.073 |   2.995 | 
     | My_bus/U589         |              | NOR3_X1      | 0.040 | My_bus/n271         |       SPEF |  7.822 | 0.000 |   2.995 | 
     | My_bus/U589         | A2 v -> ZN ^ | NOR3_X1      | 0.090 | My_bus/n290         |            |  1.182 | 0.167 |   3.162 | 
     | My_bus/U583         |              | AND4_X1      | 0.090 | My_bus/n290         |       SPEF |  1.182 | 0.000 |   3.162 | 
     | My_bus/U583         | A3 ^ -> ZN ^ | AND4_X1      | 0.060 | My_bus/n278         |            |  4.620 | 0.224 |   3.387 | 
     | My_bus/U559         |              | NAND4_X1     | 0.060 | My_bus/n278         |       SPEF |  4.620 | 0.000 |   3.387 | 
     | My_bus/U559         | A3 ^ -> ZN v | NAND4_X1     | 0.087 | My_bus/n264         |            |  3.838 | 0.116 |   3.503 | 
     | My_bus/U558         |              | NAND2_X1     | 0.087 | My_bus/n264         |       SPEF |  3.838 | 0.000 |   3.503 | 
     | My_bus/U558         | A2 v -> ZN ^ | NAND2_X1     | 0.100 | My_bus/n259         |            | 10.082 | 0.166 |   3.669 | 
     | My_bus/U18          |              | INV_X1       | 0.100 | My_bus/n259         |       SPEF | 10.082 | 0.001 |   3.670 | 
     | My_bus/U18          | A ^ -> ZN v  | INV_X1       | 0.037 | My_bus/n8           |            |  9.072 | 0.077 |   3.747 | 
     | My_bus/U16          |              | NOR2_X2      | 0.037 | My_bus/n8           |       SPEF |  9.072 | 0.000 |   3.747 | 
     | My_bus/U16          | A2 v -> ZN ^ | NOR2_X2      | 0.203 | YOUR_ADDRBUS[29]    |            | 19.556 | 0.270 |   4.017 | 
     | my_core_adapter     |              | core_adapter | 0.203 | YOUR_ADDRBUS[29]    |       SPEF | 19.556 | 0.003 |   4.021 | 
     +-------------------------------------------------------------------------------------------------------------------------+ 
Path 4: MET Setup Check with Pin my_core_adapter/clk 
Endpoint:   my_core_adapter/addr_in[28] (v) checked with  leading edge of 'CLK'
Beginpoint: EXT_BUSY                    (^) triggered by  leading edge of 'CLK'
Path Groups: {CLK}
Analysis View: ensc450_av
Other End Arrival Time          0.000
- Setup                         6.720
+ Phase Shift                  12.000
= Required Time                 5.280
- Arrival Time                  4.121
= Slack Time                    1.159
     Clock Rise Edge                      0.000
     + Input Delay                        0.800
     = Beginpoint Arrival Time            0.800
     +--------------------------------------------------------------------------------------------------------------------------+ 
     |      Instance       |     Arc      |     Cell     |  Slew |         Net         |    Arc     |  Load   | Delay | Arrival | 
     |                     |              |              |       |                     | Annotation |         |       |  Time   | 
     |---------------------+--------------+--------------+-------+---------------------+------------+---------+-------+---------| 
     |                     | EXT_BUSY ^   |              | 0.002 | EXT_BUSY            |       SPEF |  31.096 |       |   0.800 | 
     | My_bus/FE_RC_0_0    |              | NAND2_X1     | 0.008 | EXT_BUSY            |       SPEF |  31.096 | 0.009 |   0.809 | 
     | My_bus/FE_RC_0_0    | A1 ^ -> ZN v | NAND2_X1     | 0.052 | My_bus/n302         |            |   2.848 | 0.031 |   0.840 | 
     | My_bus/U623         |              | NOR3_X1      | 0.052 | My_bus/n302         |       SPEF |   2.848 | 0.000 |   0.840 | 
     | My_bus/U623         | A3 v -> ZN ^ | NOR3_X1      | 0.321 | My_bus/n96          |            |   9.509 | 0.451 |   1.291 | 
     | My_bus/U616         |              | AOI211_X1    | 0.321 | My_bus/n96          |       SPEF |   9.509 | 0.000 |   1.291 | 
     | My_bus/U616         | A ^ -> ZN v  | AOI211_X1    | 0.081 | My_bus/n4           |            |   3.248 | 0.114 |   1.405 | 
     | My_bus/U615         |              | INV_X1       | 0.081 | My_bus/n4           |       SPEF |   3.248 | 0.000 |   1.405 | 
     | My_bus/U615         | A v -> ZN ^  | INV_X1       | 0.296 | My_bus/n55          |            |  35.400 | 0.362 |   1.767 | 
     | My_bus/U24          |              | NOR2_X4      | 0.296 | My_bus/n55          |       SPEF |  35.400 | 0.002 |   1.769 | 
     | My_bus/U24          | A1 ^ -> ZN v | NOR2_X4      | 0.102 | My_bus/n94          |            |  66.429 | 0.157 |   1.927 | 
     | My_bus/U614         |              | INV_X1       | 0.102 | My_bus/n94          |       SPEF |  66.429 | 0.000 |   1.927 | 
     | My_bus/U614         | A v -> ZN ^  | INV_X1       | 0.041 | My_bus/n297         |            |   1.856 | 0.084 |   2.011 | 
     | My_bus/U15          |              | OAI21_X1     | 0.041 | My_bus/n297         |       SPEF |   1.856 | 0.000 |   2.011 | 
     | My_bus/U15          | A ^ -> ZN v  | OAI21_X1     | 0.063 | My_bus/n97          |            |   1.775 | 0.054 |   2.065 | 
     | My_bus/FE_OFC73_n97 |              | CLKBUF_X2    | 0.063 | My_bus/n97          |       SPEF |   1.775 | 0.000 |   2.065 | 
     | My_bus/FE_OFC73_n97 | A v -> Z v   | CLKBUF_X2    | 0.173 | My_bus/FE_OFN73_n97 |            |  70.458 | 0.272 |   2.338 | 
     | My_bus/U595         |              | AOI22_X1     | 0.175 | My_bus/FE_OFN73_n97 |       SPEF |  70.458 | 0.025 |   2.363 | 
     | My_bus/U595         | A2 v -> ZN ^ | AOI22_X1     | 0.198 | My_bus/n76          |            |   7.559 | 0.329 |   2.692 | 
     | My_bus/U593         |              | AND4_X1      | 0.198 | My_bus/n76          |       SPEF |   7.559 | 0.000 |   2.692 | 
     | My_bus/U593         | A3 ^ -> ZN ^ | AND4_X1      | 0.039 | My_bus/n294         |            |   1.787 | 0.229 |   2.922 | 
     | My_bus/U592         |              | NAND2_X1     | 0.039 | My_bus/n294         |       SPEF |   1.787 | 0.000 |   2.922 | 
     | My_bus/U592         | A2 ^ -> ZN v | NAND2_X1     | 0.040 | My_bus/n271         |            |   7.822 | 0.073 |   2.995 | 
     | My_bus/U589         |              | NOR3_X1      | 0.040 | My_bus/n271         |       SPEF |   7.822 | 0.000 |   2.995 | 
     | My_bus/U589         | A2 v -> ZN ^ | NOR3_X1      | 0.090 | My_bus/n290         |            |   1.182 | 0.167 |   3.162 | 
     | My_bus/U583         |              | AND4_X1      | 0.090 | My_bus/n290         |       SPEF |   1.182 | 0.000 |   3.162 | 
     | My_bus/U583         | A3 ^ -> ZN ^ | AND4_X1      | 0.060 | My_bus/n278         |            |   4.620 | 0.224 |   3.387 | 
     | My_bus/U574         |              | NAND3_X1     | 0.060 | My_bus/n278         |       SPEF |   4.620 | 0.000 |   3.387 | 
     | My_bus/U574         | A2 ^ -> ZN v | NAND3_X1     | 0.057 | My_bus/n261         |            |   5.580 | 0.099 |   3.486 | 
     | My_bus/U17          |              | NAND2_X1     | 0.057 | My_bus/n261         |       SPEF |   5.580 | 0.000 |   3.486 | 
     | My_bus/U17          | A1 v -> ZN ^ | NAND2_X1     | 0.109 | My_bus/n260         |            |  11.197 | 0.149 |   3.635 | 
     | My_bus/U16          |              | NOR2_X2      | 0.109 | My_bus/n260         |       SPEF |  11.197 | 0.001 |   3.636 | 
     | My_bus/U16          | A1 ^ -> ZN v | NOR2_X2      | 0.041 | YOUR_ADDRBUS[29]    |            |  18.694 | 0.082 |   3.718 | 
     | My_bus/U23          |              | INV_X4       | 0.041 | YOUR_ADDRBUS[29]    |       SPEF |  18.694 | 0.003 |   3.721 | 
     | My_bus/U23          | A v -> ZN ^  | INV_X4       | 0.283 | My_bus/n90          |            | 130.939 | 0.303 |   4.023 | 
     | My_bus/U211         |              | NOR2_X1      | 0.284 | My_bus/n90          |       SPEF | 130.939 | 0.003 |   4.027 | 
     | My_bus/U211         | A2 ^ -> ZN v | NOR2_X1      | 0.068 | YOUR_ADDRBUS[28]    |            |   4.444 | 0.094 |   4.121 | 
     | my_core_adapter     |              | core_adapter | 0.068 | YOUR_ADDRBUS[28]    |       SPEF |   4.444 | 0.001 |   4.121 | 
     +--------------------------------------------------------------------------------------------------------------------------+ 
Path 5: MET Setup Check with Pin my_core_adapter/clk 
Endpoint:   my_core_adapter/addr_in[27] (v) checked with  leading edge of 'CLK'
Beginpoint: EXT_BUSY                    (^) triggered by  leading edge of 'CLK'
Path Groups: {CLK}
Analysis View: ensc450_av
Other End Arrival Time          0.000
- Setup                         6.533
+ Phase Shift                  12.000
= Required Time                 5.467
- Arrival Time                  4.123
= Slack Time                    1.344
     Clock Rise Edge                      0.000
     + Input Delay                        0.800
     = Beginpoint Arrival Time            0.800
     +--------------------------------------------------------------------------------------------------------------------------+ 
     |      Instance       |     Arc      |     Cell     |  Slew |         Net         |    Arc     |  Load   | Delay | Arrival | 
     |                     |              |              |       |                     | Annotation |         |       |  Time   | 
     |---------------------+--------------+--------------+-------+---------------------+------------+---------+-------+---------| 
     |                     | EXT_BUSY ^   |              | 0.002 | EXT_BUSY            |       SPEF |  31.096 |       |   0.800 | 
     | My_bus/FE_RC_0_0    |              | NAND2_X1     | 0.008 | EXT_BUSY            |       SPEF |  31.096 | 0.009 |   0.809 | 
     | My_bus/FE_RC_0_0    | A1 ^ -> ZN v | NAND2_X1     | 0.052 | My_bus/n302         |            |   2.848 | 0.031 |   0.840 | 
     | My_bus/U623         |              | NOR3_X1      | 0.052 | My_bus/n302         |       SPEF |   2.848 | 0.000 |   0.840 | 
     | My_bus/U623         | A3 v -> ZN ^ | NOR3_X1      | 0.321 | My_bus/n96          |            |   9.509 | 0.451 |   1.291 | 
     | My_bus/U616         |              | AOI211_X1    | 0.321 | My_bus/n96          |       SPEF |   9.509 | 0.000 |   1.291 | 
     | My_bus/U616         | A ^ -> ZN v  | AOI211_X1    | 0.081 | My_bus/n4           |            |   3.248 | 0.114 |   1.405 | 
     | My_bus/U615         |              | INV_X1       | 0.081 | My_bus/n4           |       SPEF |   3.248 | 0.000 |   1.405 | 
     | My_bus/U615         | A v -> ZN ^  | INV_X1       | 0.296 | My_bus/n55          |            |  35.400 | 0.362 |   1.767 | 
     | My_bus/U24          |              | NOR2_X4      | 0.296 | My_bus/n55          |       SPEF |  35.400 | 0.002 |   1.769 | 
     | My_bus/U24          | A1 ^ -> ZN v | NOR2_X4      | 0.102 | My_bus/n94          |            |  66.429 | 0.157 |   1.927 | 
     | My_bus/U614         |              | INV_X1       | 0.102 | My_bus/n94          |       SPEF |  66.429 | 0.000 |   1.927 | 
     | My_bus/U614         | A v -> ZN ^  | INV_X1       | 0.041 | My_bus/n297         |            |   1.856 | 0.084 |   2.011 | 
     | My_bus/U15          |              | OAI21_X1     | 0.041 | My_bus/n297         |       SPEF |   1.856 | 0.000 |   2.011 | 
     | My_bus/U15          | A ^ -> ZN v  | OAI21_X1     | 0.063 | My_bus/n97          |            |   1.775 | 0.054 |   2.065 | 
     | My_bus/FE_OFC73_n97 |              | CLKBUF_X2    | 0.063 | My_bus/n97          |       SPEF |   1.775 | 0.000 |   2.065 | 
     | My_bus/FE_OFC73_n97 | A v -> Z v   | CLKBUF_X2    | 0.173 | My_bus/FE_OFN73_n97 |            |  70.458 | 0.272 |   2.338 | 
     | My_bus/U595         |              | AOI22_X1     | 0.175 | My_bus/FE_OFN73_n97 |       SPEF |  70.458 | 0.025 |   2.363 | 
     | My_bus/U595         | A2 v -> ZN ^ | AOI22_X1     | 0.198 | My_bus/n76          |            |   7.559 | 0.329 |   2.692 | 
     | My_bus/U593         |              | AND4_X1      | 0.198 | My_bus/n76          |       SPEF |   7.559 | 0.000 |   2.692 | 
     | My_bus/U593         | A3 ^ -> ZN ^ | AND4_X1      | 0.039 | My_bus/n294         |            |   1.787 | 0.229 |   2.922 | 
     | My_bus/U592         |              | NAND2_X1     | 0.039 | My_bus/n294         |       SPEF |   1.787 | 0.000 |   2.922 | 
     | My_bus/U592         | A2 ^ -> ZN v | NAND2_X1     | 0.040 | My_bus/n271         |            |   7.822 | 0.073 |   2.995 | 
     | My_bus/U589         |              | NOR3_X1      | 0.040 | My_bus/n271         |       SPEF |   7.822 | 0.000 |   2.995 | 
     | My_bus/U589         | A2 v -> ZN ^ | NOR3_X1      | 0.090 | My_bus/n290         |            |   1.182 | 0.167 |   3.162 | 
     | My_bus/U583         |              | AND4_X1      | 0.090 | My_bus/n290         |       SPEF |   1.182 | 0.000 |   3.162 | 
     | My_bus/U583         | A3 ^ -> ZN ^ | AND4_X1      | 0.060 | My_bus/n278         |            |   4.620 | 0.224 |   3.387 | 
     | My_bus/U574         |              | NAND3_X1     | 0.060 | My_bus/n278         |       SPEF |   4.620 | 0.000 |   3.387 | 
     | My_bus/U574         | A2 ^ -> ZN v | NAND3_X1     | 0.057 | My_bus/n261         |            |   5.580 | 0.099 |   3.486 | 
     | My_bus/U17          |              | NAND2_X1     | 0.057 | My_bus/n261         |       SPEF |   5.580 | 0.000 |   3.486 | 
     | My_bus/U17          | A1 v -> ZN ^ | NAND2_X1     | 0.109 | My_bus/n260         |            |  11.197 | 0.149 |   3.635 | 
     | My_bus/U16          |              | NOR2_X2      | 0.109 | My_bus/n260         |       SPEF |  11.197 | 0.001 |   3.636 | 
     | My_bus/U16          | A1 ^ -> ZN v | NOR2_X2      | 0.041 | YOUR_ADDRBUS[29]    |            |  18.694 | 0.082 |   3.718 | 
     | My_bus/U23          |              | INV_X4       | 0.041 | YOUR_ADDRBUS[29]    |       SPEF |  18.694 | 0.003 |   3.721 | 
     | My_bus/U23          | A v -> ZN ^  | INV_X4       | 0.283 | My_bus/n90          |            | 130.939 | 0.303 |   4.023 | 
     | My_bus/U212         |              | NOR2_X1      | 0.284 | My_bus/n90          |       SPEF | 130.939 | 0.004 |   4.027 | 
     | My_bus/U212         | A2 ^ -> ZN v | NOR2_X1      | 0.067 | YOUR_ADDRBUS[27]    |            |   4.533 | 0.095 |   4.122 | 
     | my_core_adapter     |              | core_adapter | 0.067 | YOUR_ADDRBUS[27]    |       SPEF |   4.533 | 0.001 |   4.123 | 
     +--------------------------------------------------------------------------------------------------------------------------+ 
Path 6: MET Setup Check with Pin my_core_adapter/clk 
Endpoint:   my_core_adapter/addr_in[26] (v) checked with  leading edge of 'CLK'
Beginpoint: EXT_BUSY                    (^) triggered by  leading edge of 'CLK'
Path Groups: {CLK}
Analysis View: ensc450_av
Other End Arrival Time          0.000
- Setup                         6.346
+ Phase Shift                  12.000
= Required Time                 5.654
- Arrival Time                  4.126
= Slack Time                    1.527
     Clock Rise Edge                      0.000
     + Input Delay                        0.800
     = Beginpoint Arrival Time            0.800
     +--------------------------------------------------------------------------------------------------------------------------+ 
     |      Instance       |     Arc      |     Cell     |  Slew |         Net         |    Arc     |  Load   | Delay | Arrival | 
     |                     |              |              |       |                     | Annotation |         |       |  Time   | 
     |---------------------+--------------+--------------+-------+---------------------+------------+---------+-------+---------| 
     |                     | EXT_BUSY ^   |              | 0.002 | EXT_BUSY            |       SPEF |  31.096 |       |   0.800 | 
     | My_bus/FE_RC_0_0    |              | NAND2_X1     | 0.008 | EXT_BUSY            |       SPEF |  31.096 | 0.009 |   0.809 | 
     | My_bus/FE_RC_0_0    | A1 ^ -> ZN v | NAND2_X1     | 0.052 | My_bus/n302         |            |   2.848 | 0.031 |   0.840 | 
     | My_bus/U623         |              | NOR3_X1      | 0.052 | My_bus/n302         |       SPEF |   2.848 | 0.000 |   0.840 | 
     | My_bus/U623         | A3 v -> ZN ^ | NOR3_X1      | 0.321 | My_bus/n96          |            |   9.509 | 0.451 |   1.291 | 
     | My_bus/U616         |              | AOI211_X1    | 0.321 | My_bus/n96          |       SPEF |   9.509 | 0.000 |   1.291 | 
     | My_bus/U616         | A ^ -> ZN v  | AOI211_X1    | 0.081 | My_bus/n4           |            |   3.248 | 0.114 |   1.405 | 
     | My_bus/U615         |              | INV_X1       | 0.081 | My_bus/n4           |       SPEF |   3.248 | 0.000 |   1.405 | 
     | My_bus/U615         | A v -> ZN ^  | INV_X1       | 0.296 | My_bus/n55          |            |  35.400 | 0.362 |   1.767 | 
     | My_bus/U24          |              | NOR2_X4      | 0.296 | My_bus/n55          |       SPEF |  35.400 | 0.002 |   1.769 | 
     | My_bus/U24          | A1 ^ -> ZN v | NOR2_X4      | 0.102 | My_bus/n94          |            |  66.429 | 0.157 |   1.927 | 
     | My_bus/U614         |              | INV_X1       | 0.102 | My_bus/n94          |       SPEF |  66.429 | 0.000 |   1.927 | 
     | My_bus/U614         | A v -> ZN ^  | INV_X1       | 0.041 | My_bus/n297         |            |   1.856 | 0.084 |   2.011 | 
     | My_bus/U15          |              | OAI21_X1     | 0.041 | My_bus/n297         |       SPEF |   1.856 | 0.000 |   2.011 | 
     | My_bus/U15          | A ^ -> ZN v  | OAI21_X1     | 0.063 | My_bus/n97          |            |   1.775 | 0.054 |   2.065 | 
     | My_bus/FE_OFC73_n97 |              | CLKBUF_X2    | 0.063 | My_bus/n97          |       SPEF |   1.775 | 0.000 |   2.065 | 
     | My_bus/FE_OFC73_n97 | A v -> Z v   | CLKBUF_X2    | 0.173 | My_bus/FE_OFN73_n97 |            |  70.458 | 0.272 |   2.338 | 
     | My_bus/U595         |              | AOI22_X1     | 0.175 | My_bus/FE_OFN73_n97 |       SPEF |  70.458 | 0.025 |   2.363 | 
     | My_bus/U595         | A2 v -> ZN ^ | AOI22_X1     | 0.198 | My_bus/n76          |            |   7.559 | 0.329 |   2.692 | 
     | My_bus/U593         |              | AND4_X1      | 0.198 | My_bus/n76          |       SPEF |   7.559 | 0.000 |   2.692 | 
     | My_bus/U593         | A3 ^ -> ZN ^ | AND4_X1      | 0.039 | My_bus/n294         |            |   1.787 | 0.229 |   2.922 | 
     | My_bus/U592         |              | NAND2_X1     | 0.039 | My_bus/n294         |       SPEF |   1.787 | 0.000 |   2.922 | 
     | My_bus/U592         | A2 ^ -> ZN v | NAND2_X1     | 0.040 | My_bus/n271         |            |   7.822 | 0.073 |   2.995 | 
     | My_bus/U589         |              | NOR3_X1      | 0.040 | My_bus/n271         |       SPEF |   7.822 | 0.000 |   2.995 | 
     | My_bus/U589         | A2 v -> ZN ^ | NOR3_X1      | 0.090 | My_bus/n290         |            |   1.182 | 0.167 |   3.162 | 
     | My_bus/U583         |              | AND4_X1      | 0.090 | My_bus/n290         |       SPEF |   1.182 | 0.000 |   3.162 | 
     | My_bus/U583         | A3 ^ -> ZN ^ | AND4_X1      | 0.060 | My_bus/n278         |            |   4.620 | 0.224 |   3.387 | 
     | My_bus/U574         |              | NAND3_X1     | 0.060 | My_bus/n278         |       SPEF |   4.620 | 0.000 |   3.387 | 
     | My_bus/U574         | A2 ^ -> ZN v | NAND3_X1     | 0.057 | My_bus/n261         |            |   5.580 | 0.099 |   3.486 | 
     | My_bus/U17          |              | NAND2_X1     | 0.057 | My_bus/n261         |       SPEF |   5.580 | 0.000 |   3.486 | 
     | My_bus/U17          | A1 v -> ZN ^ | NAND2_X1     | 0.109 | My_bus/n260         |            |  11.197 | 0.149 |   3.635 | 
     | My_bus/U16          |              | NOR2_X2      | 0.109 | My_bus/n260         |       SPEF |  11.197 | 0.001 |   3.636 | 
     | My_bus/U16          | A1 ^ -> ZN v | NOR2_X2      | 0.041 | YOUR_ADDRBUS[29]    |            |  18.694 | 0.082 |   3.718 | 
     | My_bus/U23          |              | INV_X4       | 0.041 | YOUR_ADDRBUS[29]    |       SPEF |  18.694 | 0.003 |   3.721 | 
     | My_bus/U23          | A v -> ZN ^  | INV_X4       | 0.283 | My_bus/n90          |            | 130.939 | 0.303 |   4.023 | 
     | My_bus/U213         |              | NOR2_X1      | 0.284 | My_bus/n90          |       SPEF | 130.939 | 0.005 |   4.028 | 
     | My_bus/U213         | A2 ^ -> ZN v | NOR2_X1      | 0.067 | YOUR_ADDRBUS[26]    |            |   4.807 | 0.097 |   4.125 | 
     | my_core_adapter     |              | core_adapter | 0.067 | YOUR_ADDRBUS[26]    |       SPEF |   4.807 | 0.001 |   4.126 | 
     +--------------------------------------------------------------------------------------------------------------------------+ 
Path 7: MET Setup Check with Pin my_core_adapter/clk 
Endpoint:   my_core_adapter/addr_in[25] (v) checked with  leading edge of 'CLK'
Beginpoint: EXT_BUSY                    (^) triggered by  leading edge of 'CLK'
Path Groups: {CLK}
Analysis View: ensc450_av
Other End Arrival Time          0.000
- Setup                         6.163
+ Phase Shift                  12.000
= Required Time                 5.837
- Arrival Time                  4.129
= Slack Time                    1.708
     Clock Rise Edge                      0.000
     + Input Delay                        0.800
     = Beginpoint Arrival Time            0.800
     +--------------------------------------------------------------------------------------------------------------------------+ 
     |      Instance       |     Arc      |     Cell     |  Slew |         Net         |    Arc     |  Load   | Delay | Arrival | 
     |                     |              |              |       |                     | Annotation |         |       |  Time   | 
     |---------------------+--------------+--------------+-------+---------------------+------------+---------+-------+---------| 
     |                     | EXT_BUSY ^   |              | 0.002 | EXT_BUSY            |       SPEF |  31.096 |       |   0.800 | 
     | My_bus/FE_RC_0_0    |              | NAND2_X1     | 0.008 | EXT_BUSY            |       SPEF |  31.096 | 0.009 |   0.809 | 
     | My_bus/FE_RC_0_0    | A1 ^ -> ZN v | NAND2_X1     | 0.052 | My_bus/n302         |            |   2.848 | 0.031 |   0.840 | 
     | My_bus/U623         |              | NOR3_X1      | 0.052 | My_bus/n302         |       SPEF |   2.848 | 0.000 |   0.840 | 
     | My_bus/U623         | A3 v -> ZN ^ | NOR3_X1      | 0.321 | My_bus/n96          |            |   9.509 | 0.451 |   1.291 | 
     | My_bus/U616         |              | AOI211_X1    | 0.321 | My_bus/n96          |       SPEF |   9.509 | 0.000 |   1.291 | 
     | My_bus/U616         | A ^ -> ZN v  | AOI211_X1    | 0.081 | My_bus/n4           |            |   3.248 | 0.114 |   1.405 | 
     | My_bus/U615         |              | INV_X1       | 0.081 | My_bus/n4           |       SPEF |   3.248 | 0.000 |   1.405 | 
     | My_bus/U615         | A v -> ZN ^  | INV_X1       | 0.296 | My_bus/n55          |            |  35.400 | 0.362 |   1.767 | 
     | My_bus/U24          |              | NOR2_X4      | 0.296 | My_bus/n55          |       SPEF |  35.400 | 0.002 |   1.769 | 
     | My_bus/U24          | A1 ^ -> ZN v | NOR2_X4      | 0.102 | My_bus/n94          |            |  66.429 | 0.157 |   1.927 | 
     | My_bus/U614         |              | INV_X1       | 0.102 | My_bus/n94          |       SPEF |  66.429 | 0.000 |   1.927 | 
     | My_bus/U614         | A v -> ZN ^  | INV_X1       | 0.041 | My_bus/n297         |            |   1.856 | 0.084 |   2.011 | 
     | My_bus/U15          |              | OAI21_X1     | 0.041 | My_bus/n297         |       SPEF |   1.856 | 0.000 |   2.011 | 
     | My_bus/U15          | A ^ -> ZN v  | OAI21_X1     | 0.063 | My_bus/n97          |            |   1.775 | 0.054 |   2.065 | 
     | My_bus/FE_OFC73_n97 |              | CLKBUF_X2    | 0.063 | My_bus/n97          |       SPEF |   1.775 | 0.000 |   2.065 | 
     | My_bus/FE_OFC73_n97 | A v -> Z v   | CLKBUF_X2    | 0.173 | My_bus/FE_OFN73_n97 |            |  70.458 | 0.272 |   2.338 | 
     | My_bus/U595         |              | AOI22_X1     | 0.175 | My_bus/FE_OFN73_n97 |       SPEF |  70.458 | 0.025 |   2.363 | 
     | My_bus/U595         | A2 v -> ZN ^ | AOI22_X1     | 0.198 | My_bus/n76          |            |   7.559 | 0.329 |   2.692 | 
     | My_bus/U593         |              | AND4_X1      | 0.198 | My_bus/n76          |       SPEF |   7.559 | 0.000 |   2.692 | 
     | My_bus/U593         | A3 ^ -> ZN ^ | AND4_X1      | 0.039 | My_bus/n294         |            |   1.787 | 0.229 |   2.922 | 
     | My_bus/U592         |              | NAND2_X1     | 0.039 | My_bus/n294         |       SPEF |   1.787 | 0.000 |   2.922 | 
     | My_bus/U592         | A2 ^ -> ZN v | NAND2_X1     | 0.040 | My_bus/n271         |            |   7.822 | 0.073 |   2.995 | 
     | My_bus/U589         |              | NOR3_X1      | 0.040 | My_bus/n271         |       SPEF |   7.822 | 0.000 |   2.995 | 
     | My_bus/U589         | A2 v -> ZN ^ | NOR3_X1      | 0.090 | My_bus/n290         |            |   1.182 | 0.167 |   3.162 | 
     | My_bus/U583         |              | AND4_X1      | 0.090 | My_bus/n290         |       SPEF |   1.182 | 0.000 |   3.162 | 
     | My_bus/U583         | A3 ^ -> ZN ^ | AND4_X1      | 0.060 | My_bus/n278         |            |   4.620 | 0.224 |   3.387 | 
     | My_bus/U574         |              | NAND3_X1     | 0.060 | My_bus/n278         |       SPEF |   4.620 | 0.000 |   3.387 | 
     | My_bus/U574         | A2 ^ -> ZN v | NAND3_X1     | 0.057 | My_bus/n261         |            |   5.580 | 0.099 |   3.486 | 
     | My_bus/U17          |              | NAND2_X1     | 0.057 | My_bus/n261         |       SPEF |   5.580 | 0.000 |   3.486 | 
     | My_bus/U17          | A1 v -> ZN ^ | NAND2_X1     | 0.109 | My_bus/n260         |            |  11.197 | 0.149 |   3.635 | 
     | My_bus/U16          |              | NOR2_X2      | 0.109 | My_bus/n260         |       SPEF |  11.197 | 0.001 |   3.636 | 
     | My_bus/U16          | A1 ^ -> ZN v | NOR2_X2      | 0.041 | YOUR_ADDRBUS[29]    |            |  18.694 | 0.082 |   3.718 | 
     | My_bus/U23          |              | INV_X4       | 0.041 | YOUR_ADDRBUS[29]    |       SPEF |  18.694 | 0.003 |   3.721 | 
     | My_bus/U23          | A v -> ZN ^  | INV_X4       | 0.283 | My_bus/n90          |            | 130.939 | 0.303 |   4.023 | 
     | My_bus/U214         |              | NOR2_X1      | 0.284 | My_bus/n90          |       SPEF | 130.939 | 0.005 |   4.029 | 
     | My_bus/U214         | A2 ^ -> ZN v | NOR2_X1      | 0.068 | YOUR_ADDRBUS[25]    |            |   5.027 | 0.099 |   4.128 | 
     | my_core_adapter     |              | core_adapter | 0.068 | YOUR_ADDRBUS[25]    |       SPEF |   5.027 | 0.001 |   4.129 | 
     +--------------------------------------------------------------------------------------------------------------------------+ 
Path 8: MET Setup Check with Pin my_core_adapter/clk 
Endpoint:   my_core_adapter/addr_in[24] (v) checked with  leading edge of 'CLK'
Beginpoint: EXT_BUSY                    (^) triggered by  leading edge of 'CLK'
Path Groups: {CLK}
Analysis View: ensc450_av
Other End Arrival Time          0.000
- Setup                         5.980
+ Phase Shift                  12.000
= Required Time                 6.020
- Arrival Time                  4.130
= Slack Time                    1.890
     Clock Rise Edge                      0.000
     + Input Delay                        0.800
     = Beginpoint Arrival Time            0.800
     +--------------------------------------------------------------------------------------------------------------------------+ 
     |      Instance       |     Arc      |     Cell     |  Slew |         Net         |    Arc     |  Load   | Delay | Arrival | 
     |                     |              |              |       |                     | Annotation |         |       |  Time   | 
     |---------------------+--------------+--------------+-------+---------------------+------------+---------+-------+---------| 
     |                     | EXT_BUSY ^   |              | 0.002 | EXT_BUSY            |       SPEF |  31.096 |       |   0.800 | 
     | My_bus/FE_RC_0_0    |              | NAND2_X1     | 0.008 | EXT_BUSY            |       SPEF |  31.096 | 0.009 |   0.809 | 
     | My_bus/FE_RC_0_0    | A1 ^ -> ZN v | NAND2_X1     | 0.052 | My_bus/n302         |            |   2.848 | 0.031 |   0.840 | 
     | My_bus/U623         |              | NOR3_X1      | 0.052 | My_bus/n302         |       SPEF |   2.848 | 0.000 |   0.840 | 
     | My_bus/U623         | A3 v -> ZN ^ | NOR3_X1      | 0.321 | My_bus/n96          |            |   9.509 | 0.451 |   1.291 | 
     | My_bus/U616         |              | AOI211_X1    | 0.321 | My_bus/n96          |       SPEF |   9.509 | 0.000 |   1.291 | 
     | My_bus/U616         | A ^ -> ZN v  | AOI211_X1    | 0.081 | My_bus/n4           |            |   3.248 | 0.114 |   1.405 | 
     | My_bus/U615         |              | INV_X1       | 0.081 | My_bus/n4           |       SPEF |   3.248 | 0.000 |   1.405 | 
     | My_bus/U615         | A v -> ZN ^  | INV_X1       | 0.296 | My_bus/n55          |            |  35.400 | 0.362 |   1.767 | 
     | My_bus/U24          |              | NOR2_X4      | 0.296 | My_bus/n55          |       SPEF |  35.400 | 0.002 |   1.769 | 
     | My_bus/U24          | A1 ^ -> ZN v | NOR2_X4      | 0.102 | My_bus/n94          |            |  66.429 | 0.157 |   1.927 | 
     | My_bus/U614         |              | INV_X1       | 0.102 | My_bus/n94          |       SPEF |  66.429 | 0.000 |   1.927 | 
     | My_bus/U614         | A v -> ZN ^  | INV_X1       | 0.041 | My_bus/n297         |            |   1.856 | 0.084 |   2.011 | 
     | My_bus/U15          |              | OAI21_X1     | 0.041 | My_bus/n297         |       SPEF |   1.856 | 0.000 |   2.011 | 
     | My_bus/U15          | A ^ -> ZN v  | OAI21_X1     | 0.063 | My_bus/n97          |            |   1.775 | 0.054 |   2.065 | 
     | My_bus/FE_OFC73_n97 |              | CLKBUF_X2    | 0.063 | My_bus/n97          |       SPEF |   1.775 | 0.000 |   2.065 | 
     | My_bus/FE_OFC73_n97 | A v -> Z v   | CLKBUF_X2    | 0.173 | My_bus/FE_OFN73_n97 |            |  70.458 | 0.272 |   2.338 | 
     | My_bus/U595         |              | AOI22_X1     | 0.175 | My_bus/FE_OFN73_n97 |       SPEF |  70.458 | 0.025 |   2.363 | 
     | My_bus/U595         | A2 v -> ZN ^ | AOI22_X1     | 0.198 | My_bus/n76          |            |   7.559 | 0.329 |   2.692 | 
     | My_bus/U593         |              | AND4_X1      | 0.198 | My_bus/n76          |       SPEF |   7.559 | 0.000 |   2.692 | 
     | My_bus/U593         | A3 ^ -> ZN ^ | AND4_X1      | 0.039 | My_bus/n294         |            |   1.787 | 0.229 |   2.922 | 
     | My_bus/U592         |              | NAND2_X1     | 0.039 | My_bus/n294         |       SPEF |   1.787 | 0.000 |   2.922 | 
     | My_bus/U592         | A2 ^ -> ZN v | NAND2_X1     | 0.040 | My_bus/n271         |            |   7.822 | 0.073 |   2.995 | 
     | My_bus/U589         |              | NOR3_X1      | 0.040 | My_bus/n271         |       SPEF |   7.822 | 0.000 |   2.995 | 
     | My_bus/U589         | A2 v -> ZN ^ | NOR3_X1      | 0.090 | My_bus/n290         |            |   1.182 | 0.167 |   3.162 | 
     | My_bus/U583         |              | AND4_X1      | 0.090 | My_bus/n290         |       SPEF |   1.182 | 0.000 |   3.162 | 
     | My_bus/U583         | A3 ^ -> ZN ^ | AND4_X1      | 0.060 | My_bus/n278         |            |   4.620 | 0.224 |   3.387 | 
     | My_bus/U574         |              | NAND3_X1     | 0.060 | My_bus/n278         |       SPEF |   4.620 | 0.000 |   3.387 | 
     | My_bus/U574         | A2 ^ -> ZN v | NAND3_X1     | 0.057 | My_bus/n261         |            |   5.580 | 0.099 |   3.486 | 
     | My_bus/U17          |              | NAND2_X1     | 0.057 | My_bus/n261         |       SPEF |   5.580 | 0.000 |   3.486 | 
     | My_bus/U17          | A1 v -> ZN ^ | NAND2_X1     | 0.109 | My_bus/n260         |            |  11.197 | 0.149 |   3.635 | 
     | My_bus/U16          |              | NOR2_X2      | 0.109 | My_bus/n260         |       SPEF |  11.197 | 0.001 |   3.636 | 
     | My_bus/U16          | A1 ^ -> ZN v | NOR2_X2      | 0.041 | YOUR_ADDRBUS[29]    |            |  18.694 | 0.082 |   3.718 | 
     | My_bus/U23          |              | INV_X4       | 0.041 | YOUR_ADDRBUS[29]    |       SPEF |  18.694 | 0.003 |   3.721 | 
     | My_bus/U23          | A v -> ZN ^  | INV_X4       | 0.283 | My_bus/n90          |            | 130.939 | 0.303 |   4.023 | 
     | My_bus/U215         |              | NOR2_X1      | 0.284 | My_bus/n90          |       SPEF | 130.939 | 0.006 |   4.029 | 
     | My_bus/U215         | A2 ^ -> ZN v | NOR2_X1      | 0.068 | YOUR_ADDRBUS[24]    |            |   5.100 | 0.100 |   4.129 | 
     | my_core_adapter     |              | core_adapter | 0.068 | YOUR_ADDRBUS[24]    |       SPEF |   5.100 | 0.001 |   4.130 | 
     +--------------------------------------------------------------------------------------------------------------------------+ 
Path 9: MET Setup Check with Pin my_core_adapter/clk 
Endpoint:   my_core_adapter/addr_in[23] (v) checked with  leading edge of 'CLK'
Beginpoint: EXT_BUSY                    (^) triggered by  leading edge of 'CLK'
Path Groups: {CLK}
Analysis View: ensc450_av
Other End Arrival Time          0.000
- Setup                         5.793
+ Phase Shift                  12.000
= Required Time                 6.207
- Arrival Time                  4.133
= Slack Time                    2.075
     Clock Rise Edge                      0.000
     + Input Delay                        0.800
     = Beginpoint Arrival Time            0.800
     +--------------------------------------------------------------------------------------------------------------------------+ 
     |      Instance       |     Arc      |     Cell     |  Slew |         Net         |    Arc     |  Load   | Delay | Arrival | 
     |                     |              |              |       |                     | Annotation |         |       |  Time   | 
     |---------------------+--------------+--------------+-------+---------------------+------------+---------+-------+---------| 
     |                     | EXT_BUSY ^   |              | 0.002 | EXT_BUSY            |       SPEF |  31.096 |       |   0.800 | 
     | My_bus/FE_RC_0_0    |              | NAND2_X1     | 0.008 | EXT_BUSY            |       SPEF |  31.096 | 0.009 |   0.809 | 
     | My_bus/FE_RC_0_0    | A1 ^ -> ZN v | NAND2_X1     | 0.052 | My_bus/n302         |            |   2.848 | 0.031 |   0.840 | 
     | My_bus/U623         |              | NOR3_X1      | 0.052 | My_bus/n302         |       SPEF |   2.848 | 0.000 |   0.840 | 
     | My_bus/U623         | A3 v -> ZN ^ | NOR3_X1      | 0.321 | My_bus/n96          |            |   9.509 | 0.451 |   1.291 | 
     | My_bus/U616         |              | AOI211_X1    | 0.321 | My_bus/n96          |       SPEF |   9.509 | 0.000 |   1.291 | 
     | My_bus/U616         | A ^ -> ZN v  | AOI211_X1    | 0.081 | My_bus/n4           |            |   3.248 | 0.114 |   1.405 | 
     | My_bus/U615         |              | INV_X1       | 0.081 | My_bus/n4           |       SPEF |   3.248 | 0.000 |   1.405 | 
     | My_bus/U615         | A v -> ZN ^  | INV_X1       | 0.296 | My_bus/n55          |            |  35.400 | 0.362 |   1.767 | 
     | My_bus/U24          |              | NOR2_X4      | 0.296 | My_bus/n55          |       SPEF |  35.400 | 0.002 |   1.769 | 
     | My_bus/U24          | A1 ^ -> ZN v | NOR2_X4      | 0.102 | My_bus/n94          |            |  66.429 | 0.157 |   1.927 | 
     | My_bus/U614         |              | INV_X1       | 0.102 | My_bus/n94          |       SPEF |  66.429 | 0.000 |   1.927 | 
     | My_bus/U614         | A v -> ZN ^  | INV_X1       | 0.041 | My_bus/n297         |            |   1.856 | 0.084 |   2.011 | 
     | My_bus/U15          |              | OAI21_X1     | 0.041 | My_bus/n297         |       SPEF |   1.856 | 0.000 |   2.011 | 
     | My_bus/U15          | A ^ -> ZN v  | OAI21_X1     | 0.063 | My_bus/n97          |            |   1.775 | 0.054 |   2.065 | 
     | My_bus/FE_OFC73_n97 |              | CLKBUF_X2    | 0.063 | My_bus/n97          |       SPEF |   1.775 | 0.000 |   2.065 | 
     | My_bus/FE_OFC73_n97 | A v -> Z v   | CLKBUF_X2    | 0.173 | My_bus/FE_OFN73_n97 |            |  70.458 | 0.272 |   2.338 | 
     | My_bus/U595         |              | AOI22_X1     | 0.175 | My_bus/FE_OFN73_n97 |       SPEF |  70.458 | 0.025 |   2.363 | 
     | My_bus/U595         | A2 v -> ZN ^ | AOI22_X1     | 0.198 | My_bus/n76          |            |   7.559 | 0.329 |   2.692 | 
     | My_bus/U593         |              | AND4_X1      | 0.198 | My_bus/n76          |       SPEF |   7.559 | 0.000 |   2.692 | 
     | My_bus/U593         | A3 ^ -> ZN ^ | AND4_X1      | 0.039 | My_bus/n294         |            |   1.787 | 0.229 |   2.922 | 
     | My_bus/U592         |              | NAND2_X1     | 0.039 | My_bus/n294         |       SPEF |   1.787 | 0.000 |   2.922 | 
     | My_bus/U592         | A2 ^ -> ZN v | NAND2_X1     | 0.040 | My_bus/n271         |            |   7.822 | 0.073 |   2.995 | 
     | My_bus/U589         |              | NOR3_X1      | 0.040 | My_bus/n271         |       SPEF |   7.822 | 0.000 |   2.995 | 
     | My_bus/U589         | A2 v -> ZN ^ | NOR3_X1      | 0.090 | My_bus/n290         |            |   1.182 | 0.167 |   3.162 | 
     | My_bus/U583         |              | AND4_X1      | 0.090 | My_bus/n290         |       SPEF |   1.182 | 0.000 |   3.162 | 
     | My_bus/U583         | A3 ^ -> ZN ^ | AND4_X1      | 0.060 | My_bus/n278         |            |   4.620 | 0.224 |   3.387 | 
     | My_bus/U574         |              | NAND3_X1     | 0.060 | My_bus/n278         |       SPEF |   4.620 | 0.000 |   3.387 | 
     | My_bus/U574         | A2 ^ -> ZN v | NAND3_X1     | 0.057 | My_bus/n261         |            |   5.580 | 0.099 |   3.486 | 
     | My_bus/U17          |              | NAND2_X1     | 0.057 | My_bus/n261         |       SPEF |   5.580 | 0.000 |   3.486 | 
     | My_bus/U17          | A1 v -> ZN ^ | NAND2_X1     | 0.109 | My_bus/n260         |            |  11.197 | 0.149 |   3.635 | 
     | My_bus/U16          |              | NOR2_X2      | 0.109 | My_bus/n260         |       SPEF |  11.197 | 0.001 |   3.636 | 
     | My_bus/U16          | A1 ^ -> ZN v | NOR2_X2      | 0.041 | YOUR_ADDRBUS[29]    |            |  18.694 | 0.082 |   3.718 | 
     | My_bus/U23          |              | INV_X4       | 0.041 | YOUR_ADDRBUS[29]    |       SPEF |  18.694 | 0.003 |   3.721 | 
     | My_bus/U23          | A v -> ZN ^  | INV_X4       | 0.283 | My_bus/n90          |            | 130.939 | 0.303 |   4.023 | 
     | My_bus/U216         |              | NOR2_X1      | 0.284 | My_bus/n90          |       SPEF | 130.939 | 0.006 |   4.030 | 
     | My_bus/U216         | A2 ^ -> ZN v | NOR2_X1      | 0.069 | YOUR_ADDRBUS[23]    |            |   5.319 | 0.102 |   4.132 | 
     | my_core_adapter     |              | core_adapter | 0.069 | YOUR_ADDRBUS[23]    |       SPEF |   5.319 | 0.001 |   4.133 | 
     +--------------------------------------------------------------------------------------------------------------------------+ 
Path 10: MET Setup Check with Pin my_core_adapter/clk 
Endpoint:   my_core_adapter/addr_in[22] (v) checked with  leading edge of 'CLK'
Beginpoint: EXT_BUSY                    (^) triggered by  leading edge of 'CLK'
Path Groups: {CLK}
Analysis View: ensc450_av
Other End Arrival Time          0.000
- Setup                         5.607
+ Phase Shift                  12.000
= Required Time                 6.393
- Arrival Time                  4.138
= Slack Time                    2.255
     Clock Rise Edge                      0.000
     + Input Delay                        0.800
     = Beginpoint Arrival Time            0.800
     +--------------------------------------------------------------------------------------------------------------------------+ 
     |      Instance       |     Arc      |     Cell     |  Slew |         Net         |    Arc     |  Load   | Delay | Arrival | 
     |                     |              |              |       |                     | Annotation |         |       |  Time   | 
     |---------------------+--------------+--------------+-------+---------------------+------------+---------+-------+---------| 
     |                     | EXT_BUSY ^   |              | 0.002 | EXT_BUSY            |       SPEF |  31.096 |       |   0.800 | 
     | My_bus/FE_RC_0_0    |              | NAND2_X1     | 0.008 | EXT_BUSY            |       SPEF |  31.096 | 0.009 |   0.809 | 
     | My_bus/FE_RC_0_0    | A1 ^ -> ZN v | NAND2_X1     | 0.052 | My_bus/n302         |            |   2.848 | 0.031 |   0.840 | 
     | My_bus/U623         |              | NOR3_X1      | 0.052 | My_bus/n302         |       SPEF |   2.848 | 0.000 |   0.840 | 
     | My_bus/U623         | A3 v -> ZN ^ | NOR3_X1      | 0.321 | My_bus/n96          |            |   9.509 | 0.451 |   1.291 | 
     | My_bus/U616         |              | AOI211_X1    | 0.321 | My_bus/n96          |       SPEF |   9.509 | 0.000 |   1.291 | 
     | My_bus/U616         | A ^ -> ZN v  | AOI211_X1    | 0.081 | My_bus/n4           |            |   3.248 | 0.114 |   1.405 | 
     | My_bus/U615         |              | INV_X1       | 0.081 | My_bus/n4           |       SPEF |   3.248 | 0.000 |   1.405 | 
     | My_bus/U615         | A v -> ZN ^  | INV_X1       | 0.296 | My_bus/n55          |            |  35.400 | 0.362 |   1.767 | 
     | My_bus/U24          |              | NOR2_X4      | 0.296 | My_bus/n55          |       SPEF |  35.400 | 0.002 |   1.769 | 
     | My_bus/U24          | A1 ^ -> ZN v | NOR2_X4      | 0.102 | My_bus/n94          |            |  66.429 | 0.157 |   1.927 | 
     | My_bus/U614         |              | INV_X1       | 0.102 | My_bus/n94          |       SPEF |  66.429 | 0.000 |   1.927 | 
     | My_bus/U614         | A v -> ZN ^  | INV_X1       | 0.041 | My_bus/n297         |            |   1.856 | 0.084 |   2.011 | 
     | My_bus/U15          |              | OAI21_X1     | 0.041 | My_bus/n297         |       SPEF |   1.856 | 0.000 |   2.011 | 
     | My_bus/U15          | A ^ -> ZN v  | OAI21_X1     | 0.063 | My_bus/n97          |            |   1.775 | 0.054 |   2.065 | 
     | My_bus/FE_OFC73_n97 |              | CLKBUF_X2    | 0.063 | My_bus/n97          |       SPEF |   1.775 | 0.000 |   2.065 | 
     | My_bus/FE_OFC73_n97 | A v -> Z v   | CLKBUF_X2    | 0.173 | My_bus/FE_OFN73_n97 |            |  70.458 | 0.272 |   2.338 | 
     | My_bus/U595         |              | AOI22_X1     | 0.175 | My_bus/FE_OFN73_n97 |       SPEF |  70.458 | 0.025 |   2.363 | 
     | My_bus/U595         | A2 v -> ZN ^ | AOI22_X1     | 0.198 | My_bus/n76          |            |   7.559 | 0.329 |   2.692 | 
     | My_bus/U593         |              | AND4_X1      | 0.198 | My_bus/n76          |       SPEF |   7.559 | 0.000 |   2.692 | 
     | My_bus/U593         | A3 ^ -> ZN ^ | AND4_X1      | 0.039 | My_bus/n294         |            |   1.787 | 0.229 |   2.922 | 
     | My_bus/U592         |              | NAND2_X1     | 0.039 | My_bus/n294         |       SPEF |   1.787 | 0.000 |   2.922 | 
     | My_bus/U592         | A2 ^ -> ZN v | NAND2_X1     | 0.040 | My_bus/n271         |            |   7.822 | 0.073 |   2.995 | 
     | My_bus/U589         |              | NOR3_X1      | 0.040 | My_bus/n271         |       SPEF |   7.822 | 0.000 |   2.995 | 
     | My_bus/U589         | A2 v -> ZN ^ | NOR3_X1      | 0.090 | My_bus/n290         |            |   1.182 | 0.167 |   3.162 | 
     | My_bus/U583         |              | AND4_X1      | 0.090 | My_bus/n290         |       SPEF |   1.182 | 0.000 |   3.162 | 
     | My_bus/U583         | A3 ^ -> ZN ^ | AND4_X1      | 0.060 | My_bus/n278         |            |   4.620 | 0.224 |   3.387 | 
     | My_bus/U574         |              | NAND3_X1     | 0.060 | My_bus/n278         |       SPEF |   4.620 | 0.000 |   3.387 | 
     | My_bus/U574         | A2 ^ -> ZN v | NAND3_X1     | 0.057 | My_bus/n261         |            |   5.580 | 0.099 |   3.486 | 
     | My_bus/U17          |              | NAND2_X1     | 0.057 | My_bus/n261         |       SPEF |   5.580 | 0.000 |   3.486 | 
     | My_bus/U17          | A1 v -> ZN ^ | NAND2_X1     | 0.109 | My_bus/n260         |            |  11.197 | 0.149 |   3.635 | 
     | My_bus/U16          |              | NOR2_X2      | 0.109 | My_bus/n260         |       SPEF |  11.197 | 0.001 |   3.636 | 
     | My_bus/U16          | A1 ^ -> ZN v | NOR2_X2      | 0.041 | YOUR_ADDRBUS[29]    |            |  18.694 | 0.082 |   3.718 | 
     | My_bus/U23          |              | INV_X4       | 0.041 | YOUR_ADDRBUS[29]    |       SPEF |  18.694 | 0.003 |   3.721 | 
     | My_bus/U23          | A v -> ZN ^  | INV_X4       | 0.283 | My_bus/n90          |            | 130.939 | 0.303 |   4.023 | 
     | My_bus/U217         |              | NOR2_X1      | 0.284 | My_bus/n90          |       SPEF | 130.939 | 0.007 |   4.030 | 
     | My_bus/U217         | A2 ^ -> ZN v | NOR2_X1      | 0.070 | YOUR_ADDRBUS[22]    |            |   5.810 | 0.106 |   4.137 | 
     | my_core_adapter     |              | core_adapter | 0.070 | YOUR_ADDRBUS[22]    |       SPEF |   5.810 | 0.001 |   4.138 | 
     +--------------------------------------------------------------------------------------------------------------------------+ 

