###############################################################
#  Generated by:      Cadence Innovus 18.10-p002_1
#  OS:                Linux x86_64(Host ID ensc-esil-03)
#  Generated on:      Sun Apr 18 22:29:06 2021
#  Design:            ensc450
#  Command:           report_timing -net -format {instance arc cell slew net annotation load delay arrival} -max_paths 10 > results/timing/pt5-05-postPlaceOpt.rpt
###############################################################
Path 1: MET Setup Check with Pin my_core_adapter/clk 
Endpoint:   my_core_adapter/addr_in[31] (v) checked with  leading edge of 'CLK'
Beginpoint: EXT_BUSY                    (^) triggered by  leading edge of 'CLK'
Path Groups: {CLK}
Analysis View: ensc450_av
Other End Arrival Time          0.000
- Setup                         7.114
+ Phase Shift                  12.000
= Required Time                 4.886
- Arrival Time                  3.982
= Slack Time                    0.904
     Clock Rise Edge                      0.000
     + Input Delay                        0.800
     = Beginpoint Arrival Time            0.800
     +--------------------------------------------------------------------------------------------------------------------------+ 
     |      Instance       |     Arc      |     Cell     |  Slew |         Net         |    Arc     |  Load   | Delay | Arrival | 
     |                     |              |              |       |                     | Annotation |         |       |  Time   | 
     |---------------------+--------------+--------------+-------+---------------------+------------+---------+-------+---------| 
     |                     | EXT_BUSY ^   |              | 0.002 | EXT_BUSY            |       SPEF |  27.931 |       |   0.800 | 
     | My_bus/U624         |              | AOI22_X1     | 0.007 | EXT_BUSY            |       SPEF |  27.931 | 0.007 |   0.807 | 
     | My_bus/U624         | B1 ^ -> ZN v | AOI22_X1     | 0.052 | My_bus/n302         |            |   2.579 | 0.042 |   0.849 | 
     | My_bus/U623         |              | NOR3_X1      | 0.052 | My_bus/n302         |       SPEF |   2.579 | 0.000 |   0.849 | 
     | My_bus/U623         | A3 v -> ZN ^ | NOR3_X1      | 0.304 | My_bus/n96          |            |   9.126 | 0.432 |   1.281 | 
     | My_bus/U616         |              | AOI211_X1    | 0.304 | My_bus/n96          |       SPEF |   9.126 | 0.000 |   1.281 | 
     | My_bus/U616         | A ^ -> ZN v  | AOI211_X1    | 0.078 | My_bus/n4           |            |   3.188 | 0.113 |   1.394 | 
     | My_bus/U615         |              | INV_X1       | 0.078 | My_bus/n4           |       SPEF |   3.188 | 0.000 |   1.394 | 
     | My_bus/U615         | A v -> ZN ^  | INV_X1       | 0.271 | My_bus/n55          |            |  33.605 | 0.334 |   1.728 | 
     | My_bus/U24          |              | NOR2_X4      | 0.271 | My_bus/n55          |       SPEF |  33.605 | 0.003 |   1.731 | 
     | My_bus/U24          | A1 ^ -> ZN v | NOR2_X4      | 0.094 | My_bus/n94          |            |  64.105 | 0.150 |   1.881 | 
     | My_bus/U614         |              | INV_X1       | 0.095 | My_bus/n94          |       SPEF |  64.105 | 0.000 |   1.882 | 
     | My_bus/U614         | A v -> ZN ^  | INV_X1       | 0.037 | My_bus/n297         |            |   1.710 | 0.078 |   1.960 | 
     | My_bus/U15          |              | OAI21_X1     | 0.037 | My_bus/n297         |       SPEF |   1.710 | 0.000 |   1.960 | 
     | My_bus/U15          | A ^ -> ZN v  | OAI21_X1     | 0.057 | My_bus/n97          |            |   1.507 | 0.051 |   2.011 | 
     | My_bus/FE_OFC73_n97 |              | CLKBUF_X2    | 0.057 | My_bus/n97          |       SPEF |   1.507 | 0.000 |   2.011 | 
     | My_bus/FE_OFC73_n97 | A v -> Z v   | CLKBUF_X2    | 0.166 | My_bus/FE_OFN73_n97 |            |  68.131 | 0.267 |   2.278 | 
     | My_bus/U595         |              | AOI22_X1     | 0.168 | My_bus/FE_OFN73_n97 |       SPEF |  68.131 | 0.021 |   2.299 | 
     | My_bus/U595         | A2 v -> ZN ^ | AOI22_X1     | 0.185 | My_bus/n76          |            |   7.014 | 0.311 |   2.609 | 
     | My_bus/U593         |              | AND4_X1      | 0.185 | My_bus/n76          |       SPEF |   7.014 | 0.000 |   2.610 | 
     | My_bus/U593         | A3 ^ -> ZN ^ | AND4_X1      | 0.038 | My_bus/n294         |            |   1.737 | 0.223 |   2.833 | 
     | My_bus/U592         |              | NAND2_X1     | 0.038 | My_bus/n294         |       SPEF |   1.737 | 0.000 |   2.833 | 
     | My_bus/U592         | A2 ^ -> ZN v | NAND2_X1     | 0.039 | My_bus/n271         |            |   7.338 | 0.072 |   2.905 | 
     | My_bus/U589         |              | NOR3_X1      | 0.039 | My_bus/n271         |       SPEF |   7.338 | 0.000 |   2.905 | 
     | My_bus/U589         | A2 v -> ZN ^ | NOR3_X1      | 0.086 | My_bus/n290         |            |   1.099 | 0.163 |   3.068 | 
     | My_bus/U583         |              | AND4_X1      | 0.086 | My_bus/n290         |       SPEF |   1.099 | 0.000 |   3.068 | 
     | My_bus/U583         | A3 ^ -> ZN ^ | AND4_X1      | 0.057 | My_bus/n278         |            |   4.320 | 0.219 |   3.287 | 
     | My_bus/U574         |              | NAND3_X1     | 0.057 | My_bus/n278         |       SPEF |   4.320 | 0.000 |   3.287 | 
     | My_bus/U574         | A2 ^ -> ZN v | NAND3_X1     | 0.056 | My_bus/n261         |            |   5.470 | 0.098 |   3.384 | 
     | My_bus/U17          |              | NAND2_X1     | 0.056 | My_bus/n261         |       SPEF |   5.470 | 0.000 |   3.385 | 
     | My_bus/U17          | A1 v -> ZN ^ | NAND2_X1     | 0.102 | My_bus/n260         |            |  10.609 | 0.141 |   3.525 | 
     | My_bus/U16          |              | NOR2_X2      | 0.102 | My_bus/n260         |       SPEF |  10.609 | 0.001 |   3.526 | 
     | My_bus/U16          | A1 ^ -> ZN v | NOR2_X2      | 0.039 | YOUR_ADDRBUS[29]    |            |  18.568 | 0.082 |   3.608 | 
     | My_bus/U23          |              | INV_X4       | 0.039 | YOUR_ADDRBUS[29]    |       SPEF |  18.568 | 0.002 |   3.610 | 
     | My_bus/U23          | A v -> ZN ^  | INV_X4       | 0.261 | My_bus/n90          |            | 123.633 | 0.281 |   3.891 | 
     | My_bus/U208         |              | NOR2_X1      | 0.261 | My_bus/n90          |       SPEF | 123.633 | 0.001 |   3.893 | 
     | My_bus/U208         | A2 ^ -> ZN v | NOR2_X1      | 0.079 | YOUR_ADDRBUS[31]    |            |   4.202 | 0.090 |   3.982 | 
     | my_core_adapter     |              | core_adapter | 0.079 | YOUR_ADDRBUS[31]    |       SPEF |   4.202 | 0.000 |   3.982 | 
     +--------------------------------------------------------------------------------------------------------------------------+ 
Path 2: MET Setup Check with Pin my_core_adapter/clk 
Endpoint:   my_core_adapter/addr_in[30] (v) checked with  leading edge of 'CLK'
Beginpoint: EXT_BUSY                    (^) triggered by  leading edge of 'CLK'
Path Groups: {CLK}
Analysis View: ensc450_av
Other End Arrival Time          0.000
- Setup                         7.089
+ Phase Shift                  12.000
= Required Time                 4.911
- Arrival Time                  3.982
= Slack Time                    0.929
     Clock Rise Edge                      0.000
     + Input Delay                        0.800
     = Beginpoint Arrival Time            0.800
     +--------------------------------------------------------------------------------------------------------------------------+ 
     |      Instance       |     Arc      |     Cell     |  Slew |         Net         |    Arc     |  Load   | Delay | Arrival | 
     |                     |              |              |       |                     | Annotation |         |       |  Time   | 
     |---------------------+--------------+--------------+-------+---------------------+------------+---------+-------+---------| 
     |                     | EXT_BUSY ^   |              | 0.002 | EXT_BUSY            |       SPEF |  27.931 |       |   0.800 | 
     | My_bus/U624         |              | AOI22_X1     | 0.007 | EXT_BUSY            |       SPEF |  27.931 | 0.007 |   0.807 | 
     | My_bus/U624         | B1 ^ -> ZN v | AOI22_X1     | 0.052 | My_bus/n302         |            |   2.579 | 0.042 |   0.849 | 
     | My_bus/U623         |              | NOR3_X1      | 0.052 | My_bus/n302         |       SPEF |   2.579 | 0.000 |   0.849 | 
     | My_bus/U623         | A3 v -> ZN ^ | NOR3_X1      | 0.304 | My_bus/n96          |            |   9.126 | 0.432 |   1.281 | 
     | My_bus/U616         |              | AOI211_X1    | 0.304 | My_bus/n96          |       SPEF |   9.126 | 0.000 |   1.281 | 
     | My_bus/U616         | A ^ -> ZN v  | AOI211_X1    | 0.078 | My_bus/n4           |            |   3.188 | 0.113 |   1.394 | 
     | My_bus/U615         |              | INV_X1       | 0.078 | My_bus/n4           |       SPEF |   3.188 | 0.000 |   1.394 | 
     | My_bus/U615         | A v -> ZN ^  | INV_X1       | 0.271 | My_bus/n55          |            |  33.605 | 0.334 |   1.728 | 
     | My_bus/U24          |              | NOR2_X4      | 0.271 | My_bus/n55          |       SPEF |  33.605 | 0.003 |   1.731 | 
     | My_bus/U24          | A1 ^ -> ZN v | NOR2_X4      | 0.094 | My_bus/n94          |            |  64.105 | 0.150 |   1.881 | 
     | My_bus/U614         |              | INV_X1       | 0.095 | My_bus/n94          |       SPEF |  64.105 | 0.000 |   1.882 | 
     | My_bus/U614         | A v -> ZN ^  | INV_X1       | 0.037 | My_bus/n297         |            |   1.710 | 0.078 |   1.960 | 
     | My_bus/U15          |              | OAI21_X1     | 0.037 | My_bus/n297         |       SPEF |   1.710 | 0.000 |   1.960 | 
     | My_bus/U15          | A ^ -> ZN v  | OAI21_X1     | 0.057 | My_bus/n97          |            |   1.507 | 0.051 |   2.011 | 
     | My_bus/FE_OFC73_n97 |              | CLKBUF_X2    | 0.057 | My_bus/n97          |       SPEF |   1.507 | 0.000 |   2.011 | 
     | My_bus/FE_OFC73_n97 | A v -> Z v   | CLKBUF_X2    | 0.166 | My_bus/FE_OFN73_n97 |            |  68.131 | 0.267 |   2.278 | 
     | My_bus/U595         |              | AOI22_X1     | 0.168 | My_bus/FE_OFN73_n97 |       SPEF |  68.131 | 0.021 |   2.299 | 
     | My_bus/U595         | A2 v -> ZN ^ | AOI22_X1     | 0.185 | My_bus/n76          |            |   7.014 | 0.311 |   2.609 | 
     | My_bus/U593         |              | AND4_X1      | 0.185 | My_bus/n76          |       SPEF |   7.014 | 0.000 |   2.610 | 
     | My_bus/U593         | A3 ^ -> ZN ^ | AND4_X1      | 0.038 | My_bus/n294         |            |   1.737 | 0.223 |   2.833 | 
     | My_bus/U592         |              | NAND2_X1     | 0.038 | My_bus/n294         |       SPEF |   1.737 | 0.000 |   2.833 | 
     | My_bus/U592         | A2 ^ -> ZN v | NAND2_X1     | 0.039 | My_bus/n271         |            |   7.338 | 0.072 |   2.905 | 
     | My_bus/U589         |              | NOR3_X1      | 0.039 | My_bus/n271         |       SPEF |   7.338 | 0.000 |   2.905 | 
     | My_bus/U589         | A2 v -> ZN ^ | NOR3_X1      | 0.086 | My_bus/n290         |            |   1.099 | 0.163 |   3.068 | 
     | My_bus/U583         |              | AND4_X1      | 0.086 | My_bus/n290         |       SPEF |   1.099 | 0.000 |   3.068 | 
     | My_bus/U583         | A3 ^ -> ZN ^ | AND4_X1      | 0.057 | My_bus/n278         |            |   4.320 | 0.219 |   3.287 | 
     | My_bus/U574         |              | NAND3_X1     | 0.057 | My_bus/n278         |       SPEF |   4.320 | 0.000 |   3.287 | 
     | My_bus/U574         | A2 ^ -> ZN v | NAND3_X1     | 0.056 | My_bus/n261         |            |   5.470 | 0.098 |   3.384 | 
     | My_bus/U17          |              | NAND2_X1     | 0.056 | My_bus/n261         |       SPEF |   5.470 | 0.000 |   3.385 | 
     | My_bus/U17          | A1 v -> ZN ^ | NAND2_X1     | 0.102 | My_bus/n260         |            |  10.609 | 0.141 |   3.525 | 
     | My_bus/U16          |              | NOR2_X2      | 0.102 | My_bus/n260         |       SPEF |  10.609 | 0.001 |   3.526 | 
     | My_bus/U16          | A1 ^ -> ZN v | NOR2_X2      | 0.039 | YOUR_ADDRBUS[29]    |            |  18.568 | 0.082 |   3.608 | 
     | My_bus/U23          |              | INV_X4       | 0.039 | YOUR_ADDRBUS[29]    |       SPEF |  18.568 | 0.002 |   3.610 | 
     | My_bus/U23          | A v -> ZN ^  | INV_X4       | 0.261 | My_bus/n90          |            | 123.633 | 0.281 |   3.891 | 
     | My_bus/U209         |              | NOR2_X1      | 0.261 | My_bus/n90          |       SPEF | 123.633 | 0.003 |   3.895 | 
     | My_bus/U209         | A2 ^ -> ZN v | NOR2_X1      | 0.071 | YOUR_ADDRBUS[30]    |            |   3.886 | 0.087 |   3.981 | 
     | my_core_adapter     |              | core_adapter | 0.071 | YOUR_ADDRBUS[30]    |       SPEF |   3.886 | 0.000 |   3.982 | 
     +--------------------------------------------------------------------------------------------------------------------------+ 
Path 3: MET Setup Check with Pin my_core_adapter/clk 
Endpoint:   my_core_adapter/addr_in[29] (^) checked with  leading edge of 'CLK'
Beginpoint: EXT_BUSY                    (^) triggered by  leading edge of 'CLK'
Path Groups: {CLK}
Analysis View: ensc450_av
Other End Arrival Time          0.000
- Setup                         6.919
+ Phase Shift                  12.000
= Required Time                 5.081
- Arrival Time                  3.908
= Slack Time                    1.173
     Clock Rise Edge                      0.000
     + Input Delay                        0.800
     = Beginpoint Arrival Time            0.800
     +-------------------------------------------------------------------------------------------------------------------------+ 
     |      Instance       |     Arc      |     Cell     |  Slew |         Net         |    Arc     |  Load  | Delay | Arrival | 
     |                     |              |              |       |                     | Annotation |        |       |  Time   | 
     |---------------------+--------------+--------------+-------+---------------------+------------+--------+-------+---------| 
     |                     | EXT_BUSY ^   |              | 0.002 | EXT_BUSY            |       SPEF | 27.931 |       |   0.800 | 
     | My_bus/U624         |              | AOI22_X1     | 0.007 | EXT_BUSY            |       SPEF | 27.931 | 0.007 |   0.807 | 
     | My_bus/U624         | B1 ^ -> ZN v | AOI22_X1     | 0.052 | My_bus/n302         |            |  2.579 | 0.042 |   0.849 | 
     | My_bus/U623         |              | NOR3_X1      | 0.052 | My_bus/n302         |       SPEF |  2.579 | 0.000 |   0.849 | 
     | My_bus/U623         | A3 v -> ZN ^ | NOR3_X1      | 0.304 | My_bus/n96          |            |  9.126 | 0.432 |   1.281 | 
     | My_bus/U616         |              | AOI211_X1    | 0.304 | My_bus/n96          |       SPEF |  9.126 | 0.000 |   1.281 | 
     | My_bus/U616         | A ^ -> ZN v  | AOI211_X1    | 0.078 | My_bus/n4           |            |  3.188 | 0.113 |   1.394 | 
     | My_bus/U615         |              | INV_X1       | 0.078 | My_bus/n4           |       SPEF |  3.188 | 0.000 |   1.394 | 
     | My_bus/U615         | A v -> ZN ^  | INV_X1       | 0.271 | My_bus/n55          |            | 33.605 | 0.334 |   1.728 | 
     | My_bus/U24          |              | NOR2_X4      | 0.271 | My_bus/n55          |       SPEF | 33.605 | 0.003 |   1.731 | 
     | My_bus/U24          | A1 ^ -> ZN v | NOR2_X4      | 0.094 | My_bus/n94          |            | 64.105 | 0.150 |   1.881 | 
     | My_bus/U614         |              | INV_X1       | 0.095 | My_bus/n94          |       SPEF | 64.105 | 0.000 |   1.882 | 
     | My_bus/U614         | A v -> ZN ^  | INV_X1       | 0.037 | My_bus/n297         |            |  1.710 | 0.078 |   1.960 | 
     | My_bus/U15          |              | OAI21_X1     | 0.037 | My_bus/n297         |       SPEF |  1.710 | 0.000 |   1.960 | 
     | My_bus/U15          | A ^ -> ZN v  | OAI21_X1     | 0.057 | My_bus/n97          |            |  1.507 | 0.051 |   2.011 | 
     | My_bus/FE_OFC73_n97 |              | CLKBUF_X2    | 0.057 | My_bus/n97          |       SPEF |  1.507 | 0.000 |   2.011 | 
     | My_bus/FE_OFC73_n97 | A v -> Z v   | CLKBUF_X2    | 0.166 | My_bus/FE_OFN73_n97 |            | 68.131 | 0.267 |   2.278 | 
     | My_bus/U595         |              | AOI22_X1     | 0.168 | My_bus/FE_OFN73_n97 |       SPEF | 68.131 | 0.021 |   2.299 | 
     | My_bus/U595         | A2 v -> ZN ^ | AOI22_X1     | 0.185 | My_bus/n76          |            |  7.014 | 0.311 |   2.609 | 
     | My_bus/U593         |              | AND4_X1      | 0.185 | My_bus/n76          |       SPEF |  7.014 | 0.000 |   2.610 | 
     | My_bus/U593         | A3 ^ -> ZN ^ | AND4_X1      | 0.038 | My_bus/n294         |            |  1.737 | 0.223 |   2.833 | 
     | My_bus/U592         |              | NAND2_X1     | 0.038 | My_bus/n294         |       SPEF |  1.737 | 0.000 |   2.833 | 
     | My_bus/U592         | A2 ^ -> ZN v | NAND2_X1     | 0.039 | My_bus/n271         |            |  7.338 | 0.072 |   2.905 | 
     | My_bus/U589         |              | NOR3_X1      | 0.039 | My_bus/n271         |       SPEF |  7.338 | 0.000 |   2.905 | 
     | My_bus/U589         | A2 v -> ZN ^ | NOR3_X1      | 0.086 | My_bus/n290         |            |  1.099 | 0.163 |   3.068 | 
     | My_bus/U583         |              | AND4_X1      | 0.086 | My_bus/n290         |       SPEF |  1.099 | 0.000 |   3.068 | 
     | My_bus/U583         | A3 ^ -> ZN ^ | AND4_X1      | 0.057 | My_bus/n278         |            |  4.320 | 0.219 |   3.287 | 
     | My_bus/U559         |              | NAND4_X1     | 0.057 | My_bus/n278         |       SPEF |  4.320 | 0.000 |   3.287 | 
     | My_bus/U559         | A3 ^ -> ZN v | NAND4_X1     | 0.089 | My_bus/n264         |            |  3.725 | 0.116 |   3.402 | 
     | My_bus/U558         |              | NAND2_X1     | 0.089 | My_bus/n264         |       SPEF |  3.725 | 0.000 |   3.402 | 
     | My_bus/U558         | A2 v -> ZN ^ | NAND2_X1     | 0.094 | My_bus/n259         |            |  9.543 | 0.161 |   3.563 | 
     | My_bus/U18          |              | INV_X1       | 0.094 | My_bus/n259         |       SPEF |  9.543 | 0.001 |   3.564 | 
     | My_bus/U18          | A ^ -> ZN v  | INV_X1       | 0.036 | My_bus/n8           |            |  8.978 | 0.076 |   3.640 | 
     | My_bus/U16          |              | NOR2_X2      | 0.036 | My_bus/n8           |       SPEF |  8.978 | 0.000 |   3.640 | 
     | My_bus/U16          | A2 v -> ZN ^ | NOR2_X2      | 0.197 | YOUR_ADDRBUS[29]    |            | 19.430 | 0.264 |   3.905 | 
     | my_core_adapter     |              | core_adapter | 0.197 | YOUR_ADDRBUS[29]    |       SPEF | 19.430 | 0.003 |   3.908 | 
     +-------------------------------------------------------------------------------------------------------------------------+ 
Path 4: MET Setup Check with Pin my_core_adapter/clk 
Endpoint:   my_core_adapter/addr_in[28] (v) checked with  leading edge of 'CLK'
Beginpoint: EXT_BUSY                    (^) triggered by  leading edge of 'CLK'
Path Groups: {CLK}
Analysis View: ensc450_av
Other End Arrival Time          0.000
- Setup                         6.720
+ Phase Shift                  12.000
= Required Time                 5.280
- Arrival Time                  3.987
= Slack Time                    1.292
     Clock Rise Edge                      0.000
     + Input Delay                        0.800
     = Beginpoint Arrival Time            0.800
     +--------------------------------------------------------------------------------------------------------------------------+ 
     |      Instance       |     Arc      |     Cell     |  Slew |         Net         |    Arc     |  Load   | Delay | Arrival | 
     |                     |              |              |       |                     | Annotation |         |       |  Time   | 
     |---------------------+--------------+--------------+-------+---------------------+------------+---------+-------+---------| 
     |                     | EXT_BUSY ^   |              | 0.002 | EXT_BUSY            |       SPEF |  27.931 |       |   0.800 | 
     | My_bus/U624         |              | AOI22_X1     | 0.007 | EXT_BUSY            |       SPEF |  27.931 | 0.007 |   0.807 | 
     | My_bus/U624         | B1 ^ -> ZN v | AOI22_X1     | 0.052 | My_bus/n302         |            |   2.579 | 0.042 |   0.849 | 
     | My_bus/U623         |              | NOR3_X1      | 0.052 | My_bus/n302         |       SPEF |   2.579 | 0.000 |   0.849 | 
     | My_bus/U623         | A3 v -> ZN ^ | NOR3_X1      | 0.304 | My_bus/n96          |            |   9.126 | 0.432 |   1.281 | 
     | My_bus/U616         |              | AOI211_X1    | 0.304 | My_bus/n96          |       SPEF |   9.126 | 0.000 |   1.281 | 
     | My_bus/U616         | A ^ -> ZN v  | AOI211_X1    | 0.078 | My_bus/n4           |            |   3.188 | 0.113 |   1.394 | 
     | My_bus/U615         |              | INV_X1       | 0.078 | My_bus/n4           |       SPEF |   3.188 | 0.000 |   1.394 | 
     | My_bus/U615         | A v -> ZN ^  | INV_X1       | 0.271 | My_bus/n55          |            |  33.605 | 0.334 |   1.728 | 
     | My_bus/U24          |              | NOR2_X4      | 0.271 | My_bus/n55          |       SPEF |  33.605 | 0.003 |   1.731 | 
     | My_bus/U24          | A1 ^ -> ZN v | NOR2_X4      | 0.094 | My_bus/n94          |            |  64.105 | 0.150 |   1.881 | 
     | My_bus/U614         |              | INV_X1       | 0.095 | My_bus/n94          |       SPEF |  64.105 | 0.000 |   1.882 | 
     | My_bus/U614         | A v -> ZN ^  | INV_X1       | 0.037 | My_bus/n297         |            |   1.710 | 0.078 |   1.960 | 
     | My_bus/U15          |              | OAI21_X1     | 0.037 | My_bus/n297         |       SPEF |   1.710 | 0.000 |   1.960 | 
     | My_bus/U15          | A ^ -> ZN v  | OAI21_X1     | 0.057 | My_bus/n97          |            |   1.507 | 0.051 |   2.011 | 
     | My_bus/FE_OFC73_n97 |              | CLKBUF_X2    | 0.057 | My_bus/n97          |       SPEF |   1.507 | 0.000 |   2.011 | 
     | My_bus/FE_OFC73_n97 | A v -> Z v   | CLKBUF_X2    | 0.166 | My_bus/FE_OFN73_n97 |            |  68.131 | 0.267 |   2.278 | 
     | My_bus/U595         |              | AOI22_X1     | 0.168 | My_bus/FE_OFN73_n97 |       SPEF |  68.131 | 0.021 |   2.299 | 
     | My_bus/U595         | A2 v -> ZN ^ | AOI22_X1     | 0.185 | My_bus/n76          |            |   7.014 | 0.311 |   2.609 | 
     | My_bus/U593         |              | AND4_X1      | 0.185 | My_bus/n76          |       SPEF |   7.014 | 0.000 |   2.610 | 
     | My_bus/U593         | A3 ^ -> ZN ^ | AND4_X1      | 0.038 | My_bus/n294         |            |   1.737 | 0.223 |   2.833 | 
     | My_bus/U592         |              | NAND2_X1     | 0.038 | My_bus/n294         |       SPEF |   1.737 | 0.000 |   2.833 | 
     | My_bus/U592         | A2 ^ -> ZN v | NAND2_X1     | 0.039 | My_bus/n271         |            |   7.338 | 0.072 |   2.905 | 
     | My_bus/U589         |              | NOR3_X1      | 0.039 | My_bus/n271         |       SPEF |   7.338 | 0.000 |   2.905 | 
     | My_bus/U589         | A2 v -> ZN ^ | NOR3_X1      | 0.086 | My_bus/n290         |            |   1.099 | 0.163 |   3.068 | 
     | My_bus/U583         |              | AND4_X1      | 0.086 | My_bus/n290         |       SPEF |   1.099 | 0.000 |   3.068 | 
     | My_bus/U583         | A3 ^ -> ZN ^ | AND4_X1      | 0.057 | My_bus/n278         |            |   4.320 | 0.219 |   3.287 | 
     | My_bus/U574         |              | NAND3_X1     | 0.057 | My_bus/n278         |       SPEF |   4.320 | 0.000 |   3.287 | 
     | My_bus/U574         | A2 ^ -> ZN v | NAND3_X1     | 0.056 | My_bus/n261         |            |   5.470 | 0.098 |   3.384 | 
     | My_bus/U17          |              | NAND2_X1     | 0.056 | My_bus/n261         |       SPEF |   5.470 | 0.000 |   3.385 | 
     | My_bus/U17          | A1 v -> ZN ^ | NAND2_X1     | 0.102 | My_bus/n260         |            |  10.609 | 0.141 |   3.525 | 
     | My_bus/U16          |              | NOR2_X2      | 0.102 | My_bus/n260         |       SPEF |  10.609 | 0.001 |   3.526 | 
     | My_bus/U16          | A1 ^ -> ZN v | NOR2_X2      | 0.039 | YOUR_ADDRBUS[29]    |            |  18.568 | 0.082 |   3.608 | 
     | My_bus/U23          |              | INV_X4       | 0.039 | YOUR_ADDRBUS[29]    |       SPEF |  18.568 | 0.002 |   3.610 | 
     | My_bus/U23          | A v -> ZN ^  | INV_X4       | 0.261 | My_bus/n90          |            | 123.633 | 0.281 |   3.891 | 
     | My_bus/U211         |              | NOR2_X1      | 0.261 | My_bus/n90          |       SPEF | 123.633 | 0.004 |   3.895 | 
     | My_bus/U211         | A2 ^ -> ZN v | NOR2_X1      | 0.068 | YOUR_ADDRBUS[28]    |            |   4.434 | 0.092 |   3.987 | 
     | my_core_adapter     |              | core_adapter | 0.068 | YOUR_ADDRBUS[28]    |       SPEF |   4.434 | 0.000 |   3.987 | 
     +--------------------------------------------------------------------------------------------------------------------------+ 
Path 5: MET Setup Check with Pin my_core_adapter/clk 
Endpoint:   my_core_adapter/addr_in[27] (v) checked with  leading edge of 'CLK'
Beginpoint: EXT_BUSY                    (^) triggered by  leading edge of 'CLK'
Path Groups: {CLK}
Analysis View: ensc450_av
Other End Arrival Time          0.000
- Setup                         6.533
+ Phase Shift                  12.000
= Required Time                 5.467
- Arrival Time                  3.991
= Slack Time                    1.476
     Clock Rise Edge                      0.000
     + Input Delay                        0.800
     = Beginpoint Arrival Time            0.800
     +--------------------------------------------------------------------------------------------------------------------------+ 
     |      Instance       |     Arc      |     Cell     |  Slew |         Net         |    Arc     |  Load   | Delay | Arrival | 
     |                     |              |              |       |                     | Annotation |         |       |  Time   | 
     |---------------------+--------------+--------------+-------+---------------------+------------+---------+-------+---------| 
     |                     | EXT_BUSY ^   |              | 0.002 | EXT_BUSY            |       SPEF |  27.931 |       |   0.800 | 
     | My_bus/U624         |              | AOI22_X1     | 0.007 | EXT_BUSY            |       SPEF |  27.931 | 0.007 |   0.807 | 
     | My_bus/U624         | B1 ^ -> ZN v | AOI22_X1     | 0.052 | My_bus/n302         |            |   2.579 | 0.042 |   0.849 | 
     | My_bus/U623         |              | NOR3_X1      | 0.052 | My_bus/n302         |       SPEF |   2.579 | 0.000 |   0.849 | 
     | My_bus/U623         | A3 v -> ZN ^ | NOR3_X1      | 0.304 | My_bus/n96          |            |   9.126 | 0.432 |   1.281 | 
     | My_bus/U616         |              | AOI211_X1    | 0.304 | My_bus/n96          |       SPEF |   9.126 | 0.000 |   1.281 | 
     | My_bus/U616         | A ^ -> ZN v  | AOI211_X1    | 0.078 | My_bus/n4           |            |   3.188 | 0.113 |   1.394 | 
     | My_bus/U615         |              | INV_X1       | 0.078 | My_bus/n4           |       SPEF |   3.188 | 0.000 |   1.394 | 
     | My_bus/U615         | A v -> ZN ^  | INV_X1       | 0.271 | My_bus/n55          |            |  33.605 | 0.334 |   1.728 | 
     | My_bus/U24          |              | NOR2_X4      | 0.271 | My_bus/n55          |       SPEF |  33.605 | 0.003 |   1.731 | 
     | My_bus/U24          | A1 ^ -> ZN v | NOR2_X4      | 0.094 | My_bus/n94          |            |  64.105 | 0.150 |   1.881 | 
     | My_bus/U614         |              | INV_X1       | 0.095 | My_bus/n94          |       SPEF |  64.105 | 0.000 |   1.882 | 
     | My_bus/U614         | A v -> ZN ^  | INV_X1       | 0.037 | My_bus/n297         |            |   1.710 | 0.078 |   1.960 | 
     | My_bus/U15          |              | OAI21_X1     | 0.037 | My_bus/n297         |       SPEF |   1.710 | 0.000 |   1.960 | 
     | My_bus/U15          | A ^ -> ZN v  | OAI21_X1     | 0.057 | My_bus/n97          |            |   1.507 | 0.051 |   2.011 | 
     | My_bus/FE_OFC73_n97 |              | CLKBUF_X2    | 0.057 | My_bus/n97          |       SPEF |   1.507 | 0.000 |   2.011 | 
     | My_bus/FE_OFC73_n97 | A v -> Z v   | CLKBUF_X2    | 0.166 | My_bus/FE_OFN73_n97 |            |  68.131 | 0.267 |   2.278 | 
     | My_bus/U595         |              | AOI22_X1     | 0.168 | My_bus/FE_OFN73_n97 |       SPEF |  68.131 | 0.021 |   2.299 | 
     | My_bus/U595         | A2 v -> ZN ^ | AOI22_X1     | 0.185 | My_bus/n76          |            |   7.014 | 0.311 |   2.609 | 
     | My_bus/U593         |              | AND4_X1      | 0.185 | My_bus/n76          |       SPEF |   7.014 | 0.000 |   2.610 | 
     | My_bus/U593         | A3 ^ -> ZN ^ | AND4_X1      | 0.038 | My_bus/n294         |            |   1.737 | 0.223 |   2.833 | 
     | My_bus/U592         |              | NAND2_X1     | 0.038 | My_bus/n294         |       SPEF |   1.737 | 0.000 |   2.833 | 
     | My_bus/U592         | A2 ^ -> ZN v | NAND2_X1     | 0.039 | My_bus/n271         |            |   7.338 | 0.072 |   2.905 | 
     | My_bus/U589         |              | NOR3_X1      | 0.039 | My_bus/n271         |       SPEF |   7.338 | 0.000 |   2.905 | 
     | My_bus/U589         | A2 v -> ZN ^ | NOR3_X1      | 0.086 | My_bus/n290         |            |   1.099 | 0.163 |   3.068 | 
     | My_bus/U583         |              | AND4_X1      | 0.086 | My_bus/n290         |       SPEF |   1.099 | 0.000 |   3.068 | 
     | My_bus/U583         | A3 ^ -> ZN ^ | AND4_X1      | 0.057 | My_bus/n278         |            |   4.320 | 0.219 |   3.287 | 
     | My_bus/U574         |              | NAND3_X1     | 0.057 | My_bus/n278         |       SPEF |   4.320 | 0.000 |   3.287 | 
     | My_bus/U574         | A2 ^ -> ZN v | NAND3_X1     | 0.056 | My_bus/n261         |            |   5.470 | 0.098 |   3.384 | 
     | My_bus/U17          |              | NAND2_X1     | 0.056 | My_bus/n261         |       SPEF |   5.470 | 0.000 |   3.385 | 
     | My_bus/U17          | A1 v -> ZN ^ | NAND2_X1     | 0.102 | My_bus/n260         |            |  10.609 | 0.141 |   3.525 | 
     | My_bus/U16          |              | NOR2_X2      | 0.102 | My_bus/n260         |       SPEF |  10.609 | 0.001 |   3.526 | 
     | My_bus/U16          | A1 ^ -> ZN v | NOR2_X2      | 0.039 | YOUR_ADDRBUS[29]    |            |  18.568 | 0.082 |   3.608 | 
     | My_bus/U23          |              | INV_X4       | 0.039 | YOUR_ADDRBUS[29]    |       SPEF |  18.568 | 0.002 |   3.610 | 
     | My_bus/U23          | A v -> ZN ^  | INV_X4       | 0.261 | My_bus/n90          |            | 123.633 | 0.281 |   3.891 | 
     | My_bus/U212         |              | NOR2_X1      | 0.261 | My_bus/n90          |       SPEF | 123.633 | 0.005 |   3.896 | 
     | My_bus/U212         | A2 ^ -> ZN v | NOR2_X1      | 0.067 | YOUR_ADDRBUS[27]    |            |   4.820 | 0.095 |   3.991 | 
     | my_core_adapter     |              | core_adapter | 0.067 | YOUR_ADDRBUS[27]    |       SPEF |   4.820 | 0.000 |   3.991 | 
     +--------------------------------------------------------------------------------------------------------------------------+ 
Path 6: MET Setup Check with Pin my_core_adapter/clk 
Endpoint:   my_core_adapter/addr_in[26] (v) checked with  leading edge of 'CLK'
Beginpoint: EXT_BUSY                    (^) triggered by  leading edge of 'CLK'
Path Groups: {CLK}
Analysis View: ensc450_av
Other End Arrival Time          0.000
- Setup                         6.345
+ Phase Shift                  12.000
= Required Time                 5.655
- Arrival Time                  3.995
= Slack Time                    1.661
     Clock Rise Edge                      0.000
     + Input Delay                        0.800
     = Beginpoint Arrival Time            0.800
     +--------------------------------------------------------------------------------------------------------------------------+ 
     |      Instance       |     Arc      |     Cell     |  Slew |         Net         |    Arc     |  Load   | Delay | Arrival | 
     |                     |              |              |       |                     | Annotation |         |       |  Time   | 
     |---------------------+--------------+--------------+-------+---------------------+------------+---------+-------+---------| 
     |                     | EXT_BUSY ^   |              | 0.002 | EXT_BUSY            |       SPEF |  27.931 |       |   0.800 | 
     | My_bus/U624         |              | AOI22_X1     | 0.007 | EXT_BUSY            |       SPEF |  27.931 | 0.007 |   0.807 | 
     | My_bus/U624         | B1 ^ -> ZN v | AOI22_X1     | 0.052 | My_bus/n302         |            |   2.579 | 0.042 |   0.849 | 
     | My_bus/U623         |              | NOR3_X1      | 0.052 | My_bus/n302         |       SPEF |   2.579 | 0.000 |   0.849 | 
     | My_bus/U623         | A3 v -> ZN ^ | NOR3_X1      | 0.304 | My_bus/n96          |            |   9.126 | 0.432 |   1.281 | 
     | My_bus/U616         |              | AOI211_X1    | 0.304 | My_bus/n96          |       SPEF |   9.126 | 0.000 |   1.281 | 
     | My_bus/U616         | A ^ -> ZN v  | AOI211_X1    | 0.078 | My_bus/n4           |            |   3.188 | 0.113 |   1.394 | 
     | My_bus/U615         |              | INV_X1       | 0.078 | My_bus/n4           |       SPEF |   3.188 | 0.000 |   1.394 | 
     | My_bus/U615         | A v -> ZN ^  | INV_X1       | 0.271 | My_bus/n55          |            |  33.605 | 0.334 |   1.728 | 
     | My_bus/U24          |              | NOR2_X4      | 0.271 | My_bus/n55          |       SPEF |  33.605 | 0.003 |   1.731 | 
     | My_bus/U24          | A1 ^ -> ZN v | NOR2_X4      | 0.094 | My_bus/n94          |            |  64.105 | 0.150 |   1.881 | 
     | My_bus/U614         |              | INV_X1       | 0.095 | My_bus/n94          |       SPEF |  64.105 | 0.000 |   1.882 | 
     | My_bus/U614         | A v -> ZN ^  | INV_X1       | 0.037 | My_bus/n297         |            |   1.710 | 0.078 |   1.960 | 
     | My_bus/U15          |              | OAI21_X1     | 0.037 | My_bus/n297         |       SPEF |   1.710 | 0.000 |   1.960 | 
     | My_bus/U15          | A ^ -> ZN v  | OAI21_X1     | 0.057 | My_bus/n97          |            |   1.507 | 0.051 |   2.011 | 
     | My_bus/FE_OFC73_n97 |              | CLKBUF_X2    | 0.057 | My_bus/n97          |       SPEF |   1.507 | 0.000 |   2.011 | 
     | My_bus/FE_OFC73_n97 | A v -> Z v   | CLKBUF_X2    | 0.166 | My_bus/FE_OFN73_n97 |            |  68.131 | 0.267 |   2.278 | 
     | My_bus/U595         |              | AOI22_X1     | 0.168 | My_bus/FE_OFN73_n97 |       SPEF |  68.131 | 0.021 |   2.299 | 
     | My_bus/U595         | A2 v -> ZN ^ | AOI22_X1     | 0.185 | My_bus/n76          |            |   7.014 | 0.311 |   2.609 | 
     | My_bus/U593         |              | AND4_X1      | 0.185 | My_bus/n76          |       SPEF |   7.014 | 0.000 |   2.610 | 
     | My_bus/U593         | A3 ^ -> ZN ^ | AND4_X1      | 0.038 | My_bus/n294         |            |   1.737 | 0.223 |   2.833 | 
     | My_bus/U592         |              | NAND2_X1     | 0.038 | My_bus/n294         |       SPEF |   1.737 | 0.000 |   2.833 | 
     | My_bus/U592         | A2 ^ -> ZN v | NAND2_X1     | 0.039 | My_bus/n271         |            |   7.338 | 0.072 |   2.905 | 
     | My_bus/U589         |              | NOR3_X1      | 0.039 | My_bus/n271         |       SPEF |   7.338 | 0.000 |   2.905 | 
     | My_bus/U589         | A2 v -> ZN ^ | NOR3_X1      | 0.086 | My_bus/n290         |            |   1.099 | 0.163 |   3.068 | 
     | My_bus/U583         |              | AND4_X1      | 0.086 | My_bus/n290         |       SPEF |   1.099 | 0.000 |   3.068 | 
     | My_bus/U583         | A3 ^ -> ZN ^ | AND4_X1      | 0.057 | My_bus/n278         |            |   4.320 | 0.219 |   3.287 | 
     | My_bus/U574         |              | NAND3_X1     | 0.057 | My_bus/n278         |       SPEF |   4.320 | 0.000 |   3.287 | 
     | My_bus/U574         | A2 ^ -> ZN v | NAND3_X1     | 0.056 | My_bus/n261         |            |   5.470 | 0.098 |   3.384 | 
     | My_bus/U17          |              | NAND2_X1     | 0.056 | My_bus/n261         |       SPEF |   5.470 | 0.000 |   3.385 | 
     | My_bus/U17          | A1 v -> ZN ^ | NAND2_X1     | 0.102 | My_bus/n260         |            |  10.609 | 0.141 |   3.525 | 
     | My_bus/U16          |              | NOR2_X2      | 0.102 | My_bus/n260         |       SPEF |  10.609 | 0.001 |   3.526 | 
     | My_bus/U16          | A1 ^ -> ZN v | NOR2_X2      | 0.039 | YOUR_ADDRBUS[29]    |            |  18.568 | 0.082 |   3.608 | 
     | My_bus/U23          |              | INV_X4       | 0.039 | YOUR_ADDRBUS[29]    |       SPEF |  18.568 | 0.002 |   3.610 | 
     | My_bus/U23          | A v -> ZN ^  | INV_X4       | 0.261 | My_bus/n90          |            | 123.633 | 0.281 |   3.891 | 
     | My_bus/U213         |              | NOR2_X1      | 0.261 | My_bus/n90          |       SPEF | 123.633 | 0.005 |   3.896 | 
     | My_bus/U213         | A2 ^ -> ZN v | NOR2_X1      | 0.064 | YOUR_ADDRBUS[26]    |            |   5.135 | 0.098 |   3.994 | 
     | my_core_adapter     |              | core_adapter | 0.064 | YOUR_ADDRBUS[26]    |       SPEF |   5.135 | 0.000 |   3.995 | 
     +--------------------------------------------------------------------------------------------------------------------------+ 
Path 7: MET Setup Check with Pin my_core_adapter/clk 
Endpoint:   my_core_adapter/addr_in[25] (v) checked with  leading edge of 'CLK'
Beginpoint: EXT_BUSY                    (^) triggered by  leading edge of 'CLK'
Path Groups: {CLK}
Analysis View: ensc450_av
Other End Arrival Time          0.000
- Setup                         6.161
+ Phase Shift                  12.000
= Required Time                 5.839
- Arrival Time                  3.996
= Slack Time                    1.843
     Clock Rise Edge                      0.000
     + Input Delay                        0.800
     = Beginpoint Arrival Time            0.800
     +--------------------------------------------------------------------------------------------------------------------------+ 
     |      Instance       |     Arc      |     Cell     |  Slew |         Net         |    Arc     |  Load   | Delay | Arrival | 
     |                     |              |              |       |                     | Annotation |         |       |  Time   | 
     |---------------------+--------------+--------------+-------+---------------------+------------+---------+-------+---------| 
     |                     | EXT_BUSY ^   |              | 0.002 | EXT_BUSY            |       SPEF |  27.931 |       |   0.800 | 
     | My_bus/U624         |              | AOI22_X1     | 0.007 | EXT_BUSY            |       SPEF |  27.931 | 0.007 |   0.807 | 
     | My_bus/U624         | B1 ^ -> ZN v | AOI22_X1     | 0.052 | My_bus/n302         |            |   2.579 | 0.042 |   0.849 | 
     | My_bus/U623         |              | NOR3_X1      | 0.052 | My_bus/n302         |       SPEF |   2.579 | 0.000 |   0.849 | 
     | My_bus/U623         | A3 v -> ZN ^ | NOR3_X1      | 0.304 | My_bus/n96          |            |   9.126 | 0.432 |   1.281 | 
     | My_bus/U616         |              | AOI211_X1    | 0.304 | My_bus/n96          |       SPEF |   9.126 | 0.000 |   1.281 | 
     | My_bus/U616         | A ^ -> ZN v  | AOI211_X1    | 0.078 | My_bus/n4           |            |   3.188 | 0.113 |   1.394 | 
     | My_bus/U615         |              | INV_X1       | 0.078 | My_bus/n4           |       SPEF |   3.188 | 0.000 |   1.394 | 
     | My_bus/U615         | A v -> ZN ^  | INV_X1       | 0.271 | My_bus/n55          |            |  33.605 | 0.334 |   1.728 | 
     | My_bus/U24          |              | NOR2_X4      | 0.271 | My_bus/n55          |       SPEF |  33.605 | 0.003 |   1.731 | 
     | My_bus/U24          | A1 ^ -> ZN v | NOR2_X4      | 0.094 | My_bus/n94          |            |  64.105 | 0.150 |   1.881 | 
     | My_bus/U614         |              | INV_X1       | 0.095 | My_bus/n94          |       SPEF |  64.105 | 0.000 |   1.882 | 
     | My_bus/U614         | A v -> ZN ^  | INV_X1       | 0.037 | My_bus/n297         |            |   1.710 | 0.078 |   1.960 | 
     | My_bus/U15          |              | OAI21_X1     | 0.037 | My_bus/n297         |       SPEF |   1.710 | 0.000 |   1.960 | 
     | My_bus/U15          | A ^ -> ZN v  | OAI21_X1     | 0.057 | My_bus/n97          |            |   1.507 | 0.051 |   2.011 | 
     | My_bus/FE_OFC73_n97 |              | CLKBUF_X2    | 0.057 | My_bus/n97          |       SPEF |   1.507 | 0.000 |   2.011 | 
     | My_bus/FE_OFC73_n97 | A v -> Z v   | CLKBUF_X2    | 0.166 | My_bus/FE_OFN73_n97 |            |  68.131 | 0.267 |   2.278 | 
     | My_bus/U595         |              | AOI22_X1     | 0.168 | My_bus/FE_OFN73_n97 |       SPEF |  68.131 | 0.021 |   2.299 | 
     | My_bus/U595         | A2 v -> ZN ^ | AOI22_X1     | 0.185 | My_bus/n76          |            |   7.014 | 0.311 |   2.609 | 
     | My_bus/U593         |              | AND4_X1      | 0.185 | My_bus/n76          |       SPEF |   7.014 | 0.000 |   2.610 | 
     | My_bus/U593         | A3 ^ -> ZN ^ | AND4_X1      | 0.038 | My_bus/n294         |            |   1.737 | 0.223 |   2.833 | 
     | My_bus/U592         |              | NAND2_X1     | 0.038 | My_bus/n294         |       SPEF |   1.737 | 0.000 |   2.833 | 
     | My_bus/U592         | A2 ^ -> ZN v | NAND2_X1     | 0.039 | My_bus/n271         |            |   7.338 | 0.072 |   2.905 | 
     | My_bus/U589         |              | NOR3_X1      | 0.039 | My_bus/n271         |       SPEF |   7.338 | 0.000 |   2.905 | 
     | My_bus/U589         | A2 v -> ZN ^ | NOR3_X1      | 0.086 | My_bus/n290         |            |   1.099 | 0.163 |   3.068 | 
     | My_bus/U583         |              | AND4_X1      | 0.086 | My_bus/n290         |       SPEF |   1.099 | 0.000 |   3.068 | 
     | My_bus/U583         | A3 ^ -> ZN ^ | AND4_X1      | 0.057 | My_bus/n278         |            |   4.320 | 0.219 |   3.287 | 
     | My_bus/U574         |              | NAND3_X1     | 0.057 | My_bus/n278         |       SPEF |   4.320 | 0.000 |   3.287 | 
     | My_bus/U574         | A2 ^ -> ZN v | NAND3_X1     | 0.056 | My_bus/n261         |            |   5.470 | 0.098 |   3.384 | 
     | My_bus/U17          |              | NAND2_X1     | 0.056 | My_bus/n261         |       SPEF |   5.470 | 0.000 |   3.385 | 
     | My_bus/U17          | A1 v -> ZN ^ | NAND2_X1     | 0.102 | My_bus/n260         |            |  10.609 | 0.141 |   3.525 | 
     | My_bus/U16          |              | NOR2_X2      | 0.102 | My_bus/n260         |       SPEF |  10.609 | 0.001 |   3.526 | 
     | My_bus/U16          | A1 ^ -> ZN v | NOR2_X2      | 0.039 | YOUR_ADDRBUS[29]    |            |  18.568 | 0.082 |   3.608 | 
     | My_bus/U23          |              | INV_X4       | 0.039 | YOUR_ADDRBUS[29]    |       SPEF |  18.568 | 0.002 |   3.610 | 
     | My_bus/U23          | A v -> ZN ^  | INV_X4       | 0.261 | My_bus/n90          |            | 123.633 | 0.281 |   3.891 | 
     | My_bus/U214         |              | NOR2_X1      | 0.261 | My_bus/n90          |       SPEF | 123.633 | 0.006 |   3.897 | 
     | My_bus/U214         | A2 ^ -> ZN v | NOR2_X1      | 0.064 | YOUR_ADDRBUS[25]    |            |   5.183 | 0.098 |   3.995 | 
     | my_core_adapter     |              | core_adapter | 0.064 | YOUR_ADDRBUS[25]    |       SPEF |   5.183 | 0.000 |   3.996 | 
     +--------------------------------------------------------------------------------------------------------------------------+ 
Path 8: MET Setup Check with Pin my_core_adapter/clk 
Endpoint:   my_core_adapter/addr_in[24] (v) checked with  leading edge of 'CLK'
Beginpoint: EXT_BUSY                    (^) triggered by  leading edge of 'CLK'
Path Groups: {CLK}
Analysis View: ensc450_av
Other End Arrival Time          0.000
- Setup                         5.978
+ Phase Shift                  12.000
= Required Time                 6.022
- Arrival Time                  3.997
= Slack Time                    2.025
     Clock Rise Edge                      0.000
     + Input Delay                        0.800
     = Beginpoint Arrival Time            0.800
     +--------------------------------------------------------------------------------------------------------------------------+ 
     |      Instance       |     Arc      |     Cell     |  Slew |         Net         |    Arc     |  Load   | Delay | Arrival | 
     |                     |              |              |       |                     | Annotation |         |       |  Time   | 
     |---------------------+--------------+--------------+-------+---------------------+------------+---------+-------+---------| 
     |                     | EXT_BUSY ^   |              | 0.002 | EXT_BUSY            |       SPEF |  27.931 |       |   0.800 | 
     | My_bus/U624         |              | AOI22_X1     | 0.007 | EXT_BUSY            |       SPEF |  27.931 | 0.007 |   0.807 | 
     | My_bus/U624         | B1 ^ -> ZN v | AOI22_X1     | 0.052 | My_bus/n302         |            |   2.579 | 0.042 |   0.849 | 
     | My_bus/U623         |              | NOR3_X1      | 0.052 | My_bus/n302         |       SPEF |   2.579 | 0.000 |   0.849 | 
     | My_bus/U623         | A3 v -> ZN ^ | NOR3_X1      | 0.304 | My_bus/n96          |            |   9.126 | 0.432 |   1.281 | 
     | My_bus/U616         |              | AOI211_X1    | 0.304 | My_bus/n96          |       SPEF |   9.126 | 0.000 |   1.281 | 
     | My_bus/U616         | A ^ -> ZN v  | AOI211_X1    | 0.078 | My_bus/n4           |            |   3.188 | 0.113 |   1.394 | 
     | My_bus/U615         |              | INV_X1       | 0.078 | My_bus/n4           |       SPEF |   3.188 | 0.000 |   1.394 | 
     | My_bus/U615         | A v -> ZN ^  | INV_X1       | 0.271 | My_bus/n55          |            |  33.605 | 0.334 |   1.728 | 
     | My_bus/U24          |              | NOR2_X4      | 0.271 | My_bus/n55          |       SPEF |  33.605 | 0.003 |   1.731 | 
     | My_bus/U24          | A1 ^ -> ZN v | NOR2_X4      | 0.094 | My_bus/n94          |            |  64.105 | 0.150 |   1.881 | 
     | My_bus/U614         |              | INV_X1       | 0.095 | My_bus/n94          |       SPEF |  64.105 | 0.000 |   1.882 | 
     | My_bus/U614         | A v -> ZN ^  | INV_X1       | 0.037 | My_bus/n297         |            |   1.710 | 0.078 |   1.960 | 
     | My_bus/U15          |              | OAI21_X1     | 0.037 | My_bus/n297         |       SPEF |   1.710 | 0.000 |   1.960 | 
     | My_bus/U15          | A ^ -> ZN v  | OAI21_X1     | 0.057 | My_bus/n97          |            |   1.507 | 0.051 |   2.011 | 
     | My_bus/FE_OFC73_n97 |              | CLKBUF_X2    | 0.057 | My_bus/n97          |       SPEF |   1.507 | 0.000 |   2.011 | 
     | My_bus/FE_OFC73_n97 | A v -> Z v   | CLKBUF_X2    | 0.166 | My_bus/FE_OFN73_n97 |            |  68.131 | 0.267 |   2.278 | 
     | My_bus/U595         |              | AOI22_X1     | 0.168 | My_bus/FE_OFN73_n97 |       SPEF |  68.131 | 0.021 |   2.299 | 
     | My_bus/U595         | A2 v -> ZN ^ | AOI22_X1     | 0.185 | My_bus/n76          |            |   7.014 | 0.311 |   2.609 | 
     | My_bus/U593         |              | AND4_X1      | 0.185 | My_bus/n76          |       SPEF |   7.014 | 0.000 |   2.610 | 
     | My_bus/U593         | A3 ^ -> ZN ^ | AND4_X1      | 0.038 | My_bus/n294         |            |   1.737 | 0.223 |   2.833 | 
     | My_bus/U592         |              | NAND2_X1     | 0.038 | My_bus/n294         |       SPEF |   1.737 | 0.000 |   2.833 | 
     | My_bus/U592         | A2 ^ -> ZN v | NAND2_X1     | 0.039 | My_bus/n271         |            |   7.338 | 0.072 |   2.905 | 
     | My_bus/U589         |              | NOR3_X1      | 0.039 | My_bus/n271         |       SPEF |   7.338 | 0.000 |   2.905 | 
     | My_bus/U589         | A2 v -> ZN ^ | NOR3_X1      | 0.086 | My_bus/n290         |            |   1.099 | 0.163 |   3.068 | 
     | My_bus/U583         |              | AND4_X1      | 0.086 | My_bus/n290         |       SPEF |   1.099 | 0.000 |   3.068 | 
     | My_bus/U583         | A3 ^ -> ZN ^ | AND4_X1      | 0.057 | My_bus/n278         |            |   4.320 | 0.219 |   3.287 | 
     | My_bus/U574         |              | NAND3_X1     | 0.057 | My_bus/n278         |       SPEF |   4.320 | 0.000 |   3.287 | 
     | My_bus/U574         | A2 ^ -> ZN v | NAND3_X1     | 0.056 | My_bus/n261         |            |   5.470 | 0.098 |   3.384 | 
     | My_bus/U17          |              | NAND2_X1     | 0.056 | My_bus/n261         |       SPEF |   5.470 | 0.000 |   3.385 | 
     | My_bus/U17          | A1 v -> ZN ^ | NAND2_X1     | 0.102 | My_bus/n260         |            |  10.609 | 0.141 |   3.525 | 
     | My_bus/U16          |              | NOR2_X2      | 0.102 | My_bus/n260         |       SPEF |  10.609 | 0.001 |   3.526 | 
     | My_bus/U16          | A1 ^ -> ZN v | NOR2_X2      | 0.039 | YOUR_ADDRBUS[29]    |            |  18.568 | 0.082 |   3.608 | 
     | My_bus/U23          |              | INV_X4       | 0.039 | YOUR_ADDRBUS[29]    |       SPEF |  18.568 | 0.002 |   3.610 | 
     | My_bus/U23          | A v -> ZN ^  | INV_X4       | 0.261 | My_bus/n90          |            | 123.633 | 0.281 |   3.891 | 
     | My_bus/U215         |              | NOR2_X1      | 0.261 | My_bus/n90          |       SPEF | 123.633 | 0.006 |   3.897 | 
     | My_bus/U215         | A2 ^ -> ZN v | NOR2_X1      | 0.065 | YOUR_ADDRBUS[24]    |            |   5.329 | 0.099 |   3.997 | 
     | my_core_adapter     |              | core_adapter | 0.065 | YOUR_ADDRBUS[24]    |       SPEF |   5.329 | 0.000 |   3.997 | 
     +--------------------------------------------------------------------------------------------------------------------------+ 
Path 9: MET Setup Check with Pin my_core_adapter/clk 
Endpoint:   my_core_adapter/addr_in[23] (v) checked with  leading edge of 'CLK'
Beginpoint: EXT_BUSY                    (^) triggered by  leading edge of 'CLK'
Path Groups: {CLK}
Analysis View: ensc450_av
Other End Arrival Time          0.000
- Setup                         5.791
+ Phase Shift                  12.000
= Required Time                 6.209
- Arrival Time                  3.999
= Slack Time                    2.211
     Clock Rise Edge                      0.000
     + Input Delay                        0.800
     = Beginpoint Arrival Time            0.800
     +--------------------------------------------------------------------------------------------------------------------------+ 
     |      Instance       |     Arc      |     Cell     |  Slew |         Net         |    Arc     |  Load   | Delay | Arrival | 
     |                     |              |              |       |                     | Annotation |         |       |  Time   | 
     |---------------------+--------------+--------------+-------+---------------------+------------+---------+-------+---------| 
     |                     | EXT_BUSY ^   |              | 0.002 | EXT_BUSY            |       SPEF |  27.931 |       |   0.800 | 
     | My_bus/U624         |              | AOI22_X1     | 0.007 | EXT_BUSY            |       SPEF |  27.931 | 0.007 |   0.807 | 
     | My_bus/U624         | B1 ^ -> ZN v | AOI22_X1     | 0.052 | My_bus/n302         |            |   2.579 | 0.042 |   0.849 | 
     | My_bus/U623         |              | NOR3_X1      | 0.052 | My_bus/n302         |       SPEF |   2.579 | 0.000 |   0.849 | 
     | My_bus/U623         | A3 v -> ZN ^ | NOR3_X1      | 0.304 | My_bus/n96          |            |   9.126 | 0.432 |   1.281 | 
     | My_bus/U616         |              | AOI211_X1    | 0.304 | My_bus/n96          |       SPEF |   9.126 | 0.000 |   1.281 | 
     | My_bus/U616         | A ^ -> ZN v  | AOI211_X1    | 0.078 | My_bus/n4           |            |   3.188 | 0.113 |   1.394 | 
     | My_bus/U615         |              | INV_X1       | 0.078 | My_bus/n4           |       SPEF |   3.188 | 0.000 |   1.394 | 
     | My_bus/U615         | A v -> ZN ^  | INV_X1       | 0.271 | My_bus/n55          |            |  33.605 | 0.334 |   1.728 | 
     | My_bus/U24          |              | NOR2_X4      | 0.271 | My_bus/n55          |       SPEF |  33.605 | 0.003 |   1.731 | 
     | My_bus/U24          | A1 ^ -> ZN v | NOR2_X4      | 0.094 | My_bus/n94          |            |  64.105 | 0.150 |   1.881 | 
     | My_bus/U614         |              | INV_X1       | 0.095 | My_bus/n94          |       SPEF |  64.105 | 0.000 |   1.882 | 
     | My_bus/U614         | A v -> ZN ^  | INV_X1       | 0.037 | My_bus/n297         |            |   1.710 | 0.078 |   1.960 | 
     | My_bus/U15          |              | OAI21_X1     | 0.037 | My_bus/n297         |       SPEF |   1.710 | 0.000 |   1.960 | 
     | My_bus/U15          | A ^ -> ZN v  | OAI21_X1     | 0.057 | My_bus/n97          |            |   1.507 | 0.051 |   2.011 | 
     | My_bus/FE_OFC73_n97 |              | CLKBUF_X2    | 0.057 | My_bus/n97          |       SPEF |   1.507 | 0.000 |   2.011 | 
     | My_bus/FE_OFC73_n97 | A v -> Z v   | CLKBUF_X2    | 0.166 | My_bus/FE_OFN73_n97 |            |  68.131 | 0.267 |   2.278 | 
     | My_bus/U595         |              | AOI22_X1     | 0.168 | My_bus/FE_OFN73_n97 |       SPEF |  68.131 | 0.021 |   2.299 | 
     | My_bus/U595         | A2 v -> ZN ^ | AOI22_X1     | 0.185 | My_bus/n76          |            |   7.014 | 0.311 |   2.609 | 
     | My_bus/U593         |              | AND4_X1      | 0.185 | My_bus/n76          |       SPEF |   7.014 | 0.000 |   2.610 | 
     | My_bus/U593         | A3 ^ -> ZN ^ | AND4_X1      | 0.038 | My_bus/n294         |            |   1.737 | 0.223 |   2.833 | 
     | My_bus/U592         |              | NAND2_X1     | 0.038 | My_bus/n294         |       SPEF |   1.737 | 0.000 |   2.833 | 
     | My_bus/U592         | A2 ^ -> ZN v | NAND2_X1     | 0.039 | My_bus/n271         |            |   7.338 | 0.072 |   2.905 | 
     | My_bus/U589         |              | NOR3_X1      | 0.039 | My_bus/n271         |       SPEF |   7.338 | 0.000 |   2.905 | 
     | My_bus/U589         | A2 v -> ZN ^ | NOR3_X1      | 0.086 | My_bus/n290         |            |   1.099 | 0.163 |   3.068 | 
     | My_bus/U583         |              | AND4_X1      | 0.086 | My_bus/n290         |       SPEF |   1.099 | 0.000 |   3.068 | 
     | My_bus/U583         | A3 ^ -> ZN ^ | AND4_X1      | 0.057 | My_bus/n278         |            |   4.320 | 0.219 |   3.287 | 
     | My_bus/U574         |              | NAND3_X1     | 0.057 | My_bus/n278         |       SPEF |   4.320 | 0.000 |   3.287 | 
     | My_bus/U574         | A2 ^ -> ZN v | NAND3_X1     | 0.056 | My_bus/n261         |            |   5.470 | 0.098 |   3.384 | 
     | My_bus/U17          |              | NAND2_X1     | 0.056 | My_bus/n261         |       SPEF |   5.470 | 0.000 |   3.385 | 
     | My_bus/U17          | A1 v -> ZN ^ | NAND2_X1     | 0.102 | My_bus/n260         |            |  10.609 | 0.141 |   3.525 | 
     | My_bus/U16          |              | NOR2_X2      | 0.102 | My_bus/n260         |       SPEF |  10.609 | 0.001 |   3.526 | 
     | My_bus/U16          | A1 ^ -> ZN v | NOR2_X2      | 0.039 | YOUR_ADDRBUS[29]    |            |  18.568 | 0.082 |   3.608 | 
     | My_bus/U23          |              | INV_X4       | 0.039 | YOUR_ADDRBUS[29]    |       SPEF |  18.568 | 0.002 |   3.610 | 
     | My_bus/U23          | A v -> ZN ^  | INV_X4       | 0.261 | My_bus/n90          |            | 123.633 | 0.281 |   3.891 | 
     | My_bus/U216         |              | NOR2_X1      | 0.261 | My_bus/n90          |       SPEF | 123.633 | 0.007 |   3.898 | 
     | My_bus/U216         | A2 ^ -> ZN v | NOR2_X1      | 0.065 | YOUR_ADDRBUS[23]    |            |   5.444 | 0.100 |   3.998 | 
     | my_core_adapter     |              | core_adapter | 0.065 | YOUR_ADDRBUS[23]    |       SPEF |   5.444 | 0.000 |   3.999 | 
     +--------------------------------------------------------------------------------------------------------------------------+ 
Path 10: MET Setup Check with Pin my_core_adapter/clk 
Endpoint:   my_core_adapter/addr_in[22] (v) checked with  leading edge of 'CLK'
Beginpoint: EXT_BUSY                    (^) triggered by  leading edge of 'CLK'
Path Groups: {CLK}
Analysis View: ensc450_av
Other End Arrival Time          0.000
- Setup                         5.604
+ Phase Shift                  12.000
= Required Time                 6.396
- Arrival Time                  3.999
= Slack Time                    2.396
     Clock Rise Edge                      0.000
     + Input Delay                        0.800
     = Beginpoint Arrival Time            0.800
     +--------------------------------------------------------------------------------------------------------------------------+ 
     |      Instance       |     Arc      |     Cell     |  Slew |         Net         |    Arc     |  Load   | Delay | Arrival | 
     |                     |              |              |       |                     | Annotation |         |       |  Time   | 
     |---------------------+--------------+--------------+-------+---------------------+------------+---------+-------+---------| 
     |                     | EXT_BUSY ^   |              | 0.002 | EXT_BUSY            |       SPEF |  27.931 |       |   0.800 | 
     | My_bus/U624         |              | AOI22_X1     | 0.007 | EXT_BUSY            |       SPEF |  27.931 | 0.007 |   0.807 | 
     | My_bus/U624         | B1 ^ -> ZN v | AOI22_X1     | 0.052 | My_bus/n302         |            |   2.579 | 0.042 |   0.849 | 
     | My_bus/U623         |              | NOR3_X1      | 0.052 | My_bus/n302         |       SPEF |   2.579 | 0.000 |   0.849 | 
     | My_bus/U623         | A3 v -> ZN ^ | NOR3_X1      | 0.304 | My_bus/n96          |            |   9.126 | 0.432 |   1.281 | 
     | My_bus/U616         |              | AOI211_X1    | 0.304 | My_bus/n96          |       SPEF |   9.126 | 0.000 |   1.281 | 
     | My_bus/U616         | A ^ -> ZN v  | AOI211_X1    | 0.078 | My_bus/n4           |            |   3.188 | 0.113 |   1.394 | 
     | My_bus/U615         |              | INV_X1       | 0.078 | My_bus/n4           |       SPEF |   3.188 | 0.000 |   1.394 | 
     | My_bus/U615         | A v -> ZN ^  | INV_X1       | 0.271 | My_bus/n55          |            |  33.605 | 0.334 |   1.728 | 
     | My_bus/U24          |              | NOR2_X4      | 0.271 | My_bus/n55          |       SPEF |  33.605 | 0.003 |   1.731 | 
     | My_bus/U24          | A1 ^ -> ZN v | NOR2_X4      | 0.094 | My_bus/n94          |            |  64.105 | 0.150 |   1.881 | 
     | My_bus/U614         |              | INV_X1       | 0.095 | My_bus/n94          |       SPEF |  64.105 | 0.000 |   1.882 | 
     | My_bus/U614         | A v -> ZN ^  | INV_X1       | 0.037 | My_bus/n297         |            |   1.710 | 0.078 |   1.960 | 
     | My_bus/U15          |              | OAI21_X1     | 0.037 | My_bus/n297         |       SPEF |   1.710 | 0.000 |   1.960 | 
     | My_bus/U15          | A ^ -> ZN v  | OAI21_X1     | 0.057 | My_bus/n97          |            |   1.507 | 0.051 |   2.011 | 
     | My_bus/FE_OFC73_n97 |              | CLKBUF_X2    | 0.057 | My_bus/n97          |       SPEF |   1.507 | 0.000 |   2.011 | 
     | My_bus/FE_OFC73_n97 | A v -> Z v   | CLKBUF_X2    | 0.166 | My_bus/FE_OFN73_n97 |            |  68.131 | 0.267 |   2.278 | 
     | My_bus/U595         |              | AOI22_X1     | 0.168 | My_bus/FE_OFN73_n97 |       SPEF |  68.131 | 0.021 |   2.299 | 
     | My_bus/U595         | A2 v -> ZN ^ | AOI22_X1     | 0.185 | My_bus/n76          |            |   7.014 | 0.311 |   2.609 | 
     | My_bus/U593         |              | AND4_X1      | 0.185 | My_bus/n76          |       SPEF |   7.014 | 0.000 |   2.610 | 
     | My_bus/U593         | A3 ^ -> ZN ^ | AND4_X1      | 0.038 | My_bus/n294         |            |   1.737 | 0.223 |   2.833 | 
     | My_bus/U592         |              | NAND2_X1     | 0.038 | My_bus/n294         |       SPEF |   1.737 | 0.000 |   2.833 | 
     | My_bus/U592         | A2 ^ -> ZN v | NAND2_X1     | 0.039 | My_bus/n271         |            |   7.338 | 0.072 |   2.905 | 
     | My_bus/U589         |              | NOR3_X1      | 0.039 | My_bus/n271         |       SPEF |   7.338 | 0.000 |   2.905 | 
     | My_bus/U589         | A2 v -> ZN ^ | NOR3_X1      | 0.086 | My_bus/n290         |            |   1.099 | 0.163 |   3.068 | 
     | My_bus/U583         |              | AND4_X1      | 0.086 | My_bus/n290         |       SPEF |   1.099 | 0.000 |   3.068 | 
     | My_bus/U583         | A3 ^ -> ZN ^ | AND4_X1      | 0.057 | My_bus/n278         |            |   4.320 | 0.219 |   3.287 | 
     | My_bus/U574         |              | NAND3_X1     | 0.057 | My_bus/n278         |       SPEF |   4.320 | 0.000 |   3.287 | 
     | My_bus/U574         | A2 ^ -> ZN v | NAND3_X1     | 0.056 | My_bus/n261         |            |   5.470 | 0.098 |   3.385 | 
     | My_bus/U17          |              | NAND2_X1     | 0.056 | My_bus/n261         |       SPEF |   5.470 | 0.000 |   3.385 | 
     | My_bus/U17          | A1 v -> ZN ^ | NAND2_X1     | 0.102 | My_bus/n260         |            |  10.609 | 0.141 |   3.525 | 
     | My_bus/U16          |              | NOR2_X2      | 0.102 | My_bus/n260         |       SPEF |  10.609 | 0.001 |   3.526 | 
     | My_bus/U16          | A1 ^ -> ZN v | NOR2_X2      | 0.039 | YOUR_ADDRBUS[29]    |            |  18.568 | 0.082 |   3.608 | 
     | My_bus/U23          |              | INV_X4       | 0.039 | YOUR_ADDRBUS[29]    |       SPEF |  18.568 | 0.002 |   3.610 | 
     | My_bus/U23          | A v -> ZN ^  | INV_X4       | 0.261 | My_bus/n90          |            | 123.633 | 0.281 |   3.891 | 
     | My_bus/U217         |              | NOR2_X1      | 0.261 | My_bus/n90          |       SPEF | 123.633 | 0.007 |   3.899 | 
     | My_bus/U217         | A2 ^ -> ZN v | NOR2_X1      | 0.065 | YOUR_ADDRBUS[22]    |            |   5.426 | 0.100 |   3.999 | 
     | my_core_adapter     |              | core_adapter | 0.065 | YOUR_ADDRBUS[22]    |       SPEF |   5.426 | 0.001 |   3.999 | 
     +--------------------------------------------------------------------------------------------------------------------------+ 

