Information: Updating graph... (UID-83)
 
****************************************
Report : reference
Design : ensc450
Version: O-2018.06-SP5
Date   : Sat Apr 17 15:32:41 2021
****************************************

Attributes:
    b - black box (unknown)
   bo - allows boundary optimization
    d - dont_touch
   mo - map_only
    h - hierarchical
    n - noncombinational
    r - removable
    s - synthetic operator
    u - contains unmapped logic

Reference          Library       Unit Area   Count    Total Area   Attributes
-----------------------------------------------------------------------------
DMA_1_32_32                    2455.179977       1   2455.179977  h, n
INV_X2             NangateOpenCellLibrary
                                  0.798000       2      1.596000  
SRAM               SRAM       14884.000000       1  14884.000000  b, d
core_adapter       core_adapter
                              67574.000000       1  67574.000000  d
counter_32_4_1                 2234.932009       1   2234.932009  h, n
ubus_32_32_40001000_400017ff_20000000_200000ff_a0000000_a000000f_b0000000_b00000ff
                                671.649997       1    671.649997  h, n
-----------------------------------------------------------------------------
Total 6 references                                  87821.357983

****************************************
Design: DMA_1_32_32 
****************************************
Reference          Library       Unit Area   Count    Total Area   Attributes
-----------------------------------------------------------------------------
AND2_X1            NangateOpenCellLibrary
                                  1.064000       2      2.128000  
AND2_X2            NangateOpenCellLibrary
                                  1.330000       2      2.660000  
AND2_X4            NangateOpenCellLibrary
                                  2.394000       2      4.788000  
AND3_X2            NangateOpenCellLibrary
                                  1.596000       3      4.788000  
AND4_X2            NangateOpenCellLibrary
                                  1.862000       1      1.862000  
AOI21_X1           NangateOpenCellLibrary
                                  1.064000       1      1.064000  
AOI22_X1           NangateOpenCellLibrary
                                  1.330000      97    129.010004  
AOI222_X1          NangateOpenCellLibrary
                                  2.128000      32     68.096001  
DFF_X1             NangateOpenCellLibrary
                                  4.522000     262   1184.763957  n
DMA_1_32_32_DW01_add_0          137.522001       1    137.522001  h
DMA_1_32_32_DW01_add_1          137.522001       1    137.522001  h
DMA_1_32_32_DW01_sub_0          176.358003       1    176.358003  h
INV_X1             NangateOpenCellLibrary
                                  0.532000      77     40.964000  
INV_X2             NangateOpenCellLibrary
                                  0.798000       3      2.394000  
NAND2_X1           NangateOpenCellLibrary
                                  0.798000      35     27.929999  
NAND2_X2           NangateOpenCellLibrary
                                  1.330000      10     13.300000  
NAND2_X4           NangateOpenCellLibrary
                                  2.394000       2      4.788000  
NAND3_X1           NangateOpenCellLibrary
                                  1.064000       9      9.576000  
NAND3_X2           NangateOpenCellLibrary
                                  1.862000       1      1.862000  
NAND4_X1           NangateOpenCellLibrary
                                  1.330000      19     25.270001  
NOR2_X1            NangateOpenCellLibrary
                                  0.798000      39     31.121999  
NOR3_X1            NangateOpenCellLibrary
                                  1.064000       3      3.192000  
NOR4_X1            NangateOpenCellLibrary
                                  1.330000      12     15.960001  
OAI21_X1           NangateOpenCellLibrary
                                  1.064000      65     69.160001  
OAI22_X1           NangateOpenCellLibrary
                                  1.330000     192    255.360008  
OAI211_X1          NangateOpenCellLibrary
                                  1.330000      32     42.560001  
OAI221_X1          NangateOpenCellLibrary
                                  1.596000      37     59.051998  
OR2_X1             NangateOpenCellLibrary
                                  1.064000       2      2.128000  
-----------------------------------------------------------------------------
Total 28 references                                  2455.179977

****************************************
Design: DMA_1_32_32_DW01_add_0 
****************************************
Reference          Library       Unit Area   Count    Total Area   Attributes
-----------------------------------------------------------------------------
FA_X1              NangateOpenCellLibrary
                                  4.256000      31    131.936001  r
INV_X2             NangateOpenCellLibrary
                                  0.798000       2      1.596000  
NAND2_X2           NangateOpenCellLibrary
                                  1.330000       1      1.330000  
XNOR2_X2           NangateOpenCellLibrary
                                  2.660000       1      2.660000  
-----------------------------------------------------------------------------
Total 4 references                                    137.522001

****************************************
Design: DMA_1_32_32_DW01_add_1 
****************************************
Reference          Library       Unit Area   Count    Total Area   Attributes
-----------------------------------------------------------------------------
FA_X1              NangateOpenCellLibrary
                                  4.256000      31    131.936001  r
INV_X2             NangateOpenCellLibrary
                                  0.798000       2      1.596000  
NAND2_X2           NangateOpenCellLibrary
                                  1.330000       1      1.330000  
XNOR2_X2           NangateOpenCellLibrary
                                  2.660000       1      2.660000  
-----------------------------------------------------------------------------
Total 4 references                                    137.522001

****************************************
Design: DMA_1_32_32_DW01_sub_0 
****************************************
Reference          Library       Unit Area   Count    Total Area   Attributes
-----------------------------------------------------------------------------
INV_X1             NangateOpenCellLibrary
                                  0.532000       1      0.532000  
INV_X2             NangateOpenCellLibrary
                                  0.798000      62     49.475999  
NAND2_X2           NangateOpenCellLibrary
                                  1.330000      31     41.230001  
XNOR2_X2           NangateOpenCellLibrary
                                  2.660000      32     85.120003  
-----------------------------------------------------------------------------
Total 4 references                                    176.358003

****************************************
Design: counter_32_4_1 
****************************************
Reference          Library       Unit Area   Count    Total Area   Attributes
-----------------------------------------------------------------------------
AND2_X1            NangateOpenCellLibrary
                                  1.064000       1      1.064000  
AND2_X2            NangateOpenCellLibrary
                                  1.330000       4      5.320000  
AND4_X1            NangateOpenCellLibrary
                                  1.596000       8     12.768000  
AOI21_X1           NangateOpenCellLibrary
                                  1.064000       4      4.256000  
AOI22_X1           NangateOpenCellLibrary
                                  1.330000     192    255.360008  
AOI211_X1          NangateOpenCellLibrary
                                  1.330000       4      5.320000  
DFF_X1             NangateOpenCellLibrary
                                  4.522000     138    624.035977  n
INV_X1             NangateOpenCellLibrary
                                  0.532000      55     29.260000  
INV_X2             NangateOpenCellLibrary
                                  0.798000       8      6.384000  
NAND2_X1           NangateOpenCellLibrary
                                  0.798000      39     31.121999  
NAND2_X2           NangateOpenCellLibrary
                                  1.330000       4      5.320000  
NAND3_X1           NangateOpenCellLibrary
                                  1.064000       4      4.256000  
NAND4_X1           NangateOpenCellLibrary
                                  1.330000       1      1.330000  
NOR2_X1            NangateOpenCellLibrary
                                  0.798000      18     14.364000  
NOR3_X1            NangateOpenCellLibrary
                                  1.064000       1      1.064000  
NOR4_X1            NangateOpenCellLibrary
                                  1.330000      32     42.560001  
OAI21_X1           NangateOpenCellLibrary
                                  1.064000     130    138.320001  
OAI22_X1           NangateOpenCellLibrary
                                  1.330000       8     10.640000  
OR2_X1             NangateOpenCellLibrary
                                  1.064000       7      7.448000  
XNOR2_X1           NangateOpenCellLibrary
                                  1.596000       1      1.596000  
counter_32_4_1_DW01_inc_0        81.928003       1     81.928003  h
counter_32_4_1_DW01_inc_1        81.928003       1     81.928003  h
counter_32_4_1_DW01_inc_2        81.928003       1     81.928003  h
counter_32_4_1_DW01_inc_3        81.928003       1     81.928003  h
counter_32_4_1_DW01_sub_0       176.358003       1    176.358003  h
counter_32_4_1_DW01_sub_1       176.358003       1    176.358003  h
counter_32_4_1_DW01_sub_2       176.358003       1    176.358003  h
counter_32_4_1_DW01_sub_3       176.358003       1    176.358003  h
-----------------------------------------------------------------------------
Total 28 references                                  2234.932009

****************************************
Design: counter_32_4_1_DW01_inc_0 
****************************************
Reference          Library       Unit Area   Count    Total Area   Attributes
-----------------------------------------------------------------------------
HA_X1              NangateOpenCellLibrary
                                  2.660000      30     79.800003  r
INV_X1             NangateOpenCellLibrary
                                  0.532000       1      0.532000  
XOR2_X1            NangateOpenCellLibrary
                                  1.596000       1      1.596000  
-----------------------------------------------------------------------------
Total 3 references                                     81.928003

****************************************
Design: counter_32_4_1_DW01_inc_1 
****************************************
Reference          Library       Unit Area   Count    Total Area   Attributes
-----------------------------------------------------------------------------
HA_X1              NangateOpenCellLibrary
                                  2.660000      30     79.800003  r
INV_X1             NangateOpenCellLibrary
                                  0.532000       1      0.532000  
XOR2_X1            NangateOpenCellLibrary
                                  1.596000       1      1.596000  
-----------------------------------------------------------------------------
Total 3 references                                     81.928003

****************************************
Design: counter_32_4_1_DW01_inc_2 
****************************************
Reference          Library       Unit Area   Count    Total Area   Attributes
-----------------------------------------------------------------------------
HA_X1              NangateOpenCellLibrary
                                  2.660000      30     79.800003  r
INV_X1             NangateOpenCellLibrary
                                  0.532000       1      0.532000  
XOR2_X1            NangateOpenCellLibrary
                                  1.596000       1      1.596000  
-----------------------------------------------------------------------------
Total 3 references                                     81.928003

****************************************
Design: counter_32_4_1_DW01_inc_3 
****************************************
Reference          Library       Unit Area   Count    Total Area   Attributes
-----------------------------------------------------------------------------
HA_X1              NangateOpenCellLibrary
                                  2.660000      30     79.800003  r
INV_X1             NangateOpenCellLibrary
                                  0.532000       1      0.532000  
XOR2_X1            NangateOpenCellLibrary
                                  1.596000       1      1.596000  
-----------------------------------------------------------------------------
Total 3 references                                     81.928003

****************************************
Design: counter_32_4_1_DW01_sub_0 
****************************************
Reference          Library       Unit Area   Count    Total Area   Attributes
-----------------------------------------------------------------------------
INV_X1             NangateOpenCellLibrary
                                  0.532000       1      0.532000  
INV_X2             NangateOpenCellLibrary
                                  0.798000      62     49.475999  
NAND2_X2           NangateOpenCellLibrary
                                  1.330000      31     41.230001  
XNOR2_X2           NangateOpenCellLibrary
                                  2.660000      32     85.120003  
-----------------------------------------------------------------------------
Total 4 references                                    176.358003

****************************************
Design: counter_32_4_1_DW01_sub_1 
****************************************
Reference          Library       Unit Area   Count    Total Area   Attributes
-----------------------------------------------------------------------------
INV_X1             NangateOpenCellLibrary
                                  0.532000       1      0.532000  
INV_X2             NangateOpenCellLibrary
                                  0.798000      62     49.475999  
NAND2_X2           NangateOpenCellLibrary
                                  1.330000      31     41.230001  
XNOR2_X2           NangateOpenCellLibrary
                                  2.660000      32     85.120003  
-----------------------------------------------------------------------------
Total 4 references                                    176.358003

****************************************
Design: counter_32_4_1_DW01_sub_2 
****************************************
Reference          Library       Unit Area   Count    Total Area   Attributes
-----------------------------------------------------------------------------
INV_X1             NangateOpenCellLibrary
                                  0.532000       1      0.532000  
INV_X2             NangateOpenCellLibrary
                                  0.798000      62     49.475999  
NAND2_X2           NangateOpenCellLibrary
                                  1.330000      31     41.230001  
XNOR2_X2           NangateOpenCellLibrary
                                  2.660000      32     85.120003  
-----------------------------------------------------------------------------
Total 4 references                                    176.358003

****************************************
Design: counter_32_4_1_DW01_sub_3 
****************************************
Reference          Library       Unit Area   Count    Total Area   Attributes
-----------------------------------------------------------------------------
INV_X1             NangateOpenCellLibrary
                                  0.532000       1      0.532000  
INV_X2             NangateOpenCellLibrary
                                  0.798000      62     49.475999  
NAND2_X2           NangateOpenCellLibrary
                                  1.330000      31     41.230001  
XNOR2_X2           NangateOpenCellLibrary
                                  2.660000      32     85.120003  
-----------------------------------------------------------------------------
Total 4 references                                    176.358003

****************************************
Design: ubus_32_32_40001000_400017ff_20000000_200000ff_a0000000_a000000f_b0000000_b00000ff 
****************************************
Reference          Library       Unit Area   Count    Total Area   Attributes
-----------------------------------------------------------------------------
AND2_X1            NangateOpenCellLibrary
                                  1.064000       1      1.064000  
AND2_X2            NangateOpenCellLibrary
                                  1.330000       4      5.320000  
AND3_X1            NangateOpenCellLibrary
                                  1.330000       3      3.990000  
AND4_X1            NangateOpenCellLibrary
                                  1.596000       8     12.768000  
AOI21_X1           NangateOpenCellLibrary
                                  1.064000       1      1.064000  
AOI22_X1           NangateOpenCellLibrary
                                  1.330000     130    172.900006  
AOI211_X1          NangateOpenCellLibrary
                                  1.330000       1      1.330000  
AOI221_X1          NangateOpenCellLibrary
                                  1.596000       1      1.596000  
DFF_X1             NangateOpenCellLibrary
                                  4.522000       7     31.653999  n
INV_X1             NangateOpenCellLibrary
                                  0.532000      90     47.880000  
INV_X2             NangateOpenCellLibrary
                                  0.798000       3      2.394000  
INV_X4             NangateOpenCellLibrary
                                  1.330000       3      3.990000  
INV_X8             NangateOpenCellLibrary
                                  2.394000       1      2.394000  
MUX2_X1            NangateOpenCellLibrary
                                  1.862000       3      5.586000  
NAND2_X1           NangateOpenCellLibrary
                                  0.798000      10      7.980000  
NAND2_X2           NangateOpenCellLibrary
                                  1.330000       5      6.650000  
NAND3_X1           NangateOpenCellLibrary
                                  1.064000       8      8.512000  
NAND4_X1           NangateOpenCellLibrary
                                  1.330000       5      6.650000  
NOR2_X1            NangateOpenCellLibrary
                                  0.798000     264    210.671994  
NOR2_X2            NangateOpenCellLibrary
                                  1.330000       1      1.330000  
NOR2_X4            NangateOpenCellLibrary
                                  2.394000       2      4.788000  
NOR3_X1            NangateOpenCellLibrary
                                  1.064000      10     10.640000  
NOR4_X1            NangateOpenCellLibrary
                                  1.330000       2      2.660000  
OAI21_X1           NangateOpenCellLibrary
                                  1.064000       2      2.128000  
OAI21_X4           NangateOpenCellLibrary
                                  3.458000       2      6.916000  
OAI22_X1           NangateOpenCellLibrary
                                  1.330000       5      6.650000  
OAI221_X1          NangateOpenCellLibrary
                                  1.596000      64    102.143997  
-----------------------------------------------------------------------------
Total 27 references                                   671.649997
1
Information: Updating design information... (UID-85)
 
****************************************
Report : timing
        -path full
        -delay max
        -max_paths 1
        -transition_time
        -capacitance
Design : ensc450
Version: O-2018.06-SP5
Date   : Sat Apr 17 15:32:41 2021
****************************************

Operating Conditions: slow   Library: NangateOpenCellLibrary
Wire Load Model Mode: top

  Startpoint: EXT_BUSY (input port clocked by CLK)
  Endpoint: my_core_adapter
            (rising edge-triggered flip-flop clocked by CLK)
  Path Group: CLK
  Path Type: max

  Des/Clust/Port     Wire Load Model       Library
  ------------------------------------------------
  ensc450            5K_hvratio_1_1        NangateOpenCellLibrary

  Point                                          Cap     Trans      Incr       Path
  ------------------------------------------------------------------------------------
  clock CLK (rise edge)                                             0.00       0.00
  clock network delay (ideal)                                       0.00       0.00
  input external delay                                              0.80       0.80 r
  EXT_BUSY (in)                                 1.86      0.00      0.00       0.80 r
  My_bus/M1_BUSY (ubus_32_32_40001000_400017ff_20000000_200000ff_a0000000_a000000f_b0000000_b00000ff)
                                                                    0.00       0.80 r
  My_bus/U624/ZN (AOI22_X1)                     1.79      0.05      0.05       0.85 f
  My_bus/U623/ZN (NOR3_X1)                      7.99      0.28      0.41       1.26 r
  My_bus/U616/ZN (AOI211_X1)                    3.55      0.07      0.13       1.38 f
  My_bus/U615/ZN (INV_X1)                      22.13      0.19      0.26       1.64 r
  My_bus/U22/ZN (NOR2_X4)                      73.80      0.07      0.21       1.85 f
  My_bus/U21/ZN (INV_X2)                        6.32      0.04      0.14       1.99 r
  My_bus/U19/ZN (OAI21_X4)                     70.11      0.10      0.17       2.16 f
  My_bus/U596/ZN (AOI22_X1)                    11.04      0.26      0.43       2.59 r
  My_bus/U593/ZN (AND4_X1)                      1.92      0.04      0.27       2.85 r
  My_bus/U592/ZN (NAND2_X1)                     4.78      0.03      0.07       2.93 f
  My_bus/U589/ZN (NOR3_X1)                      1.22      0.09      0.18       3.10 r
  My_bus/U583/ZN (AND4_X1)                      3.91      0.06      0.22       3.33 r
  My_bus/U574/ZN (NAND3_X1)                     6.82      0.06      0.12       3.45 f
  My_bus/U17/ZN (NAND2_X2)                      5.49      0.05      0.10       3.55 r
  My_bus/U16/ZN (NOR2_X2)                      15.29      0.02      0.08       3.63 f
  My_bus/U23/ZN (INV_X8)                      156.12      0.17      0.28       3.91 r
  My_bus/U208/ZN (NOR2_X1)                      2.07      0.06      0.10       4.01 f
  My_bus/S2_ADDRBUS[31] (ubus_32_32_40001000_400017ff_20000000_200000ff_a0000000_a000000f_b0000000_b00000ff)
                                                                    0.00       4.01 f
  my_core_adapter/addr_in[31] (core_adapter)              0.06      0.01       4.02 f
  data arrival time                                                            4.02

  clock CLK (rise edge)                                            12.00      12.00
  clock network delay (ideal)                                       0.00      12.00
  my_core_adapter/clk (core_adapter)                                0.00      12.00 r
  library setup time                                               -7.10       4.90
  data required time                                                           4.90
  ------------------------------------------------------------------------------------
  data required time                                                           4.90
  data arrival time                                                           -4.02
  ------------------------------------------------------------------------------------
  slack (MET)                                                                  0.88


1
Loading db file '/CMC/setups/ensc450/SOCLAB/LIBRARIES/NangateOpenCellLibrary_PDKv1_3_v2010_12/Front_End/DB/NangateOpenCellLibrary_slow.db'
Information: Propagating switching activity (low effort zero delay simulation). (PWR-6)
Warning: Design has unannotated primary inputs. (PWR-414)
Warning: Design has unannotated sequential cell outputs. (PWR-415)
Warning: Design has unannotated black box outputs. (PWR-428)
 
****************************************
Report : power
        -analysis_effort low
Design : ensc450
Version: O-2018.06-SP5
Date   : Sat Apr 17 15:32:41 2021
****************************************


Library(s) Used:

    NangateOpenCellLibrary (File: /CMC/setups/ensc450/SOCLAB/LIBRARIES/NangateOpenCellLibrary_PDKv1_3_v2010_12/Front_End/DB/NangateOpenCellLibrary_slow.db)
    core_adapter (File: /local-scratch/localhome/escmc38/Desktop/ensc450/project/ensc450_system/BE_045/best_part2_results/core_adapter_slow.db)
    SRAM (File: /CMC/setups/ensc450/Project/SRAM_Lib/SRAM.db)

Information: The library cell 'SRAM' in the library 'SRAM' is not characterized for internal power. (PWR-227)
Information: The library cell 'core_adapter' in the library 'core_adapter' is not characterized for internal power. (PWR-227)
Information: The design contains cells, other than constants and black boxes, that are not characterized for internal power. (PWR-228)

Operating Conditions: slow   Library: NangateOpenCellLibrary
Wire Load Model Mode: top

Design        Wire Load Model            Library
------------------------------------------------
ensc450                5K_hvratio_1_1    NangateOpenCellLibrary


Global Operating Voltage = 0.95 
Power-specific unit information :
    Voltage Units = 1V
    Capacitance Units = 1.000000ff
    Time Units = 1ns
    Dynamic Power Units = 1uW    (derived from V,C,T units)
    Leakage Power Units = 1nW


  Cell Internal Power  = 179.0779 uW   (95%)
  Net Switching Power  =   8.4443 uW    (5%)
                         ---------
Total Dynamic Power    = 187.5221 uW  (100%)

Cell Leakage Power     =  74.6043 uW


                 Internal         Switching           Leakage            Total
Power Group      Power            Power               Power              Power   (   %    )  Attrs
--------------------------------------------------------------------------------------------------
io_pad             0.0000            0.0000            0.0000            0.0000  (   0.00%)
memory             0.0000            0.0000            0.0000            0.0000  (   0.00%)
black_box          0.0000            0.4605            0.0000            0.4605  (   0.18%)
clock_network      0.1866            1.3437        7.0672e+03            8.5975  (   3.28%)
register         177.0337            0.1394        2.1342e+04          198.5145  (  75.73%)
sequential         0.0000            0.0000            0.0000            0.0000  (   0.00%)
combinational      1.8574            6.5005        4.6196e+04           54.5536  (  20.81%)
--------------------------------------------------------------------------------------------------
Total            179.0778 uW         8.4442 uW     7.4604e+04 nW       262.1261 uW
1
 
****************************************
Report : clocks
Design : ensc450
Version: O-2018.06-SP5
Date   : Sat Apr 17 15:32:41 2021
****************************************

Attributes:
    d - dont_touch_network
    f - fix_hold
    p - propagated_clock
    G - generated_clock
    g - lib_generated_clock

Clock          Period   Waveform            Attrs     Sources
--------------------------------------------------------------------------------
CLK             12.00   {0 6}               d         {clk}
--------------------------------------------------------------------------------
1
