###############################################################
#  Generated by:      Cadence Innovus 18.10-p002_1
#  OS:                Linux x86_64(Host ID ensc-esil-03)
#  Generated on:      Tue Apr 20 01:21:43 2021
#  Design:            ensc450
#  Command:           report_timing -net -format {instance arc cell slew net annotation load delay arrival} -max_paths 10 >  results/timing/pt5-07-postCtsOpt_setup.rpt
###############################################################
Path 1: MET Setup Check with Pin my_core_adapter/clk 
Endpoint:   my_core_adapter/addr_in[31] (v) checked with  leading edge of 'CLK'
Beginpoint: EXT_BUSY                    (^) triggered by  leading edge of 'CLK'
Path Groups: {CLK}
Analysis View: ensc450_av
Other End Arrival Time          0.000
- Setup                         7.114
+ Phase Shift                  12.000
= Required Time                 4.886
- Arrival Time                  4.085
= Slack Time                    0.801
     Clock Rise Edge                      0.000
     + Input Delay                        0.800
     = Beginpoint Arrival Time            0.800
     +--------------------------------------------------------------------------------------------------------------------------+ 
     |      Instance       |     Arc      |     Cell     |  Slew |         Net         |    Arc     |  Load   | Delay | Arrival | 
     |                     |              |              |       |                     | Annotation |         |       |  Time   | 
     |---------------------+--------------+--------------+-------+---------------------+------------+---------+-------+---------| 
     |                     | EXT_BUSY ^   |              | 0.002 | EXT_BUSY            |       SPEF |  29.439 |       |   0.800 | 
     | My_bus/FE_RC_0_0    |              | NAND2_X1     | 0.008 | EXT_BUSY            |       SPEF |  29.439 | 0.008 |   0.808 | 
     | My_bus/FE_RC_0_0    | A1 ^ -> ZN v | NAND2_X1     | 0.053 | My_bus/n302         |            |   3.360 | 0.033 |   0.842 | 
     | My_bus/U623         |              | NOR3_X1      | 0.053 | My_bus/n302         |       SPEF |   3.360 | 0.000 |   0.842 | 
     | My_bus/U623         | A3 v -> ZN ^ | NOR3_X1      | 0.297 | My_bus/n96          |            |   8.641 | 0.425 |   1.267 | 
     | My_bus/U616         |              | AOI211_X1    | 0.297 | My_bus/n96          |       SPEF |   8.641 | 0.000 |   1.267 | 
     | My_bus/U616         | A ^ -> ZN v  | AOI211_X1    | 0.076 | My_bus/n4           |            |   3.433 | 0.112 |   1.380 | 
     | My_bus/U615         |              | INV_X1       | 0.076 | My_bus/n4           |       SPEF |   3.433 | 0.000 |   1.380 | 
     | My_bus/U615         | A v -> ZN ^  | INV_X1       | 0.292 | My_bus/n55          |            |  34.887 | 0.357 |   1.736 | 
     | My_bus/U24          |              | NOR2_X4      | 0.292 | My_bus/n55          |       SPEF |  34.887 | 0.003 |   1.739 | 
     | My_bus/U24          | A1 ^ -> ZN v | NOR2_X4      | 0.102 | My_bus/n94          |            |  67.366 | 0.157 |   1.896 | 
     | My_bus/U614         |              | INV_X1       | 0.102 | My_bus/n94          |       SPEF |  67.366 | 0.000 |   1.896 | 
     | My_bus/U614         | A v -> ZN ^  | INV_X1       | 0.041 | My_bus/n297         |            |   1.951 | 0.086 |   1.982 | 
     | My_bus/U15          |              | OAI21_X1     | 0.041 | My_bus/n297         |       SPEF |   1.951 | 0.000 |   1.982 | 
     | My_bus/U15          | A ^ -> ZN v  | OAI21_X1     | 0.065 | My_bus/n97          |            |   2.390 | 0.057 |   2.040 | 
     | My_bus/FE_OFC72_n97 |              | CLKBUF_X2    | 0.065 | My_bus/n97          |       SPEF |   2.390 | 0.000 |   2.040 | 
     | My_bus/FE_OFC72_n97 | A v -> Z v   | CLKBUF_X2    | 0.170 | My_bus/FE_OFN72_n97 |            |  69.785 | 0.274 |   2.314 | 
     | My_bus/U594         |              | AOI22_X1     | 0.172 | My_bus/FE_OFN72_n97 |       SPEF |  69.785 | 0.026 |   2.340 | 
     | My_bus/U594         | A2 v -> ZN ^ | AOI22_X1     | 0.194 | My_bus/n82          |            |   7.364 | 0.324 |   2.664 | 
     | My_bus/U593         |              | AND4_X1      | 0.194 | My_bus/n82          |       SPEF |   7.364 | 0.000 |   2.665 | 
     | My_bus/U593         | A4 ^ -> ZN ^ | AND4_X1      | 0.040 | My_bus/n294         |            |   1.926 | 0.223 |   2.888 | 
     | My_bus/U592         |              | NAND2_X1     | 0.040 | My_bus/n294         |       SPEF |   1.926 | 0.000 |   2.888 | 
     | My_bus/U592         | A2 ^ -> ZN v | NAND2_X1     | 0.039 | My_bus/n271         |            |   7.658 | 0.073 |   2.960 | 
     | My_bus/U589         |              | NOR3_X1      | 0.039 | My_bus/n271         |       SPEF |   7.658 | 0.000 |   2.961 | 
     | My_bus/U589         | A2 v -> ZN ^ | NOR3_X1      | 0.097 | My_bus/n290         |            |   1.424 | 0.174 |   3.135 | 
     | My_bus/U583         |              | AND4_X1      | 0.097 | My_bus/n290         |       SPEF |   1.424 | 0.000 |   3.135 | 
     | My_bus/U583         | A3 ^ -> ZN ^ | AND4_X1      | 0.061 | My_bus/n278         |            |   4.712 | 0.228 |   3.363 | 
     | My_bus/U574         |              | NAND3_X1     | 0.061 | My_bus/n278         |       SPEF |   4.712 | 0.000 |   3.363 | 
     | My_bus/U574         | A2 ^ -> ZN v | NAND3_X1     | 0.055 | My_bus/n261         |            |   5.181 | 0.097 |   3.460 | 
     | My_bus/U17          |              | NAND2_X1     | 0.055 | My_bus/n261         |       SPEF |   5.181 | 0.000 |   3.460 | 
     | My_bus/U17          | A1 v -> ZN ^ | NAND2_X1     | 0.112 | My_bus/n260         |            |  11.477 | 0.151 |   3.610 | 
     | My_bus/U16          |              | NOR2_X2      | 0.112 | My_bus/n260         |       SPEF |  11.477 | 0.001 |   3.611 | 
     | My_bus/U16          | A1 ^ -> ZN v | NOR2_X2      | 0.041 | YOUR_ADDRBUS[29]    |            |  18.318 | 0.082 |   3.694 | 
     | My_bus/U23          |              | INV_X4       | 0.041 | YOUR_ADDRBUS[29]    |       SPEF |  18.318 | 0.003 |   3.696 | 
     | My_bus/U23          | A v -> ZN ^  | INV_X4       | 0.282 | My_bus/n90          |            | 129.242 | 0.297 |   3.993 | 
     | My_bus/U208         |              | NOR2_X1      | 0.282 | My_bus/n90          |       SPEF | 129.242 | 0.001 |   3.995 | 
     | My_bus/U208         | A2 ^ -> ZN v | NOR2_X1      | 0.081 | YOUR_ADDRBUS[31]    |            |   3.957 | 0.089 |   4.084 | 
     | my_core_adapter     |              | core_adapter | 0.081 | YOUR_ADDRBUS[31]    |       SPEF |   3.957 | 0.001 |   4.085 | 
     +--------------------------------------------------------------------------------------------------------------------------+ 
Path 2: MET Setup Check with Pin my_core_adapter/clk 
Endpoint:   my_core_adapter/addr_in[30] (v) checked with  leading edge of 'CLK'
Beginpoint: EXT_BUSY                    (^) triggered by  leading edge of 'CLK'
Path Groups: {CLK}
Analysis View: ensc450_av
Other End Arrival Time          0.000
- Setup                         7.087
+ Phase Shift                  12.000
= Required Time                 4.913
- Arrival Time                  4.084
= Slack Time                    0.829
     Clock Rise Edge                      0.000
     + Input Delay                        0.800
     = Beginpoint Arrival Time            0.800
     +--------------------------------------------------------------------------------------------------------------------------+ 
     |      Instance       |     Arc      |     Cell     |  Slew |         Net         |    Arc     |  Load   | Delay | Arrival | 
     |                     |              |              |       |                     | Annotation |         |       |  Time   | 
     |---------------------+--------------+--------------+-------+---------------------+------------+---------+-------+---------| 
     |                     | EXT_BUSY ^   |              | 0.002 | EXT_BUSY            |       SPEF |  29.439 |       |   0.800 | 
     | My_bus/FE_RC_0_0    |              | NAND2_X1     | 0.008 | EXT_BUSY            |       SPEF |  29.439 | 0.008 |   0.808 | 
     | My_bus/FE_RC_0_0    | A1 ^ -> ZN v | NAND2_X1     | 0.053 | My_bus/n302         |            |   3.360 | 0.033 |   0.842 | 
     | My_bus/U623         |              | NOR3_X1      | 0.053 | My_bus/n302         |       SPEF |   3.360 | 0.000 |   0.842 | 
     | My_bus/U623         | A3 v -> ZN ^ | NOR3_X1      | 0.297 | My_bus/n96          |            |   8.641 | 0.425 |   1.267 | 
     | My_bus/U616         |              | AOI211_X1    | 0.297 | My_bus/n96          |       SPEF |   8.641 | 0.000 |   1.267 | 
     | My_bus/U616         | A ^ -> ZN v  | AOI211_X1    | 0.076 | My_bus/n4           |            |   3.433 | 0.112 |   1.380 | 
     | My_bus/U615         |              | INV_X1       | 0.076 | My_bus/n4           |       SPEF |   3.433 | 0.000 |   1.380 | 
     | My_bus/U615         | A v -> ZN ^  | INV_X1       | 0.292 | My_bus/n55          |            |  34.887 | 0.357 |   1.736 | 
     | My_bus/U24          |              | NOR2_X4      | 0.292 | My_bus/n55          |       SPEF |  34.887 | 0.003 |   1.739 | 
     | My_bus/U24          | A1 ^ -> ZN v | NOR2_X4      | 0.102 | My_bus/n94          |            |  67.366 | 0.157 |   1.896 | 
     | My_bus/U614         |              | INV_X1       | 0.102 | My_bus/n94          |       SPEF |  67.366 | 0.000 |   1.896 | 
     | My_bus/U614         | A v -> ZN ^  | INV_X1       | 0.041 | My_bus/n297         |            |   1.951 | 0.086 |   1.982 | 
     | My_bus/U15          |              | OAI21_X1     | 0.041 | My_bus/n297         |       SPEF |   1.951 | 0.000 |   1.982 | 
     | My_bus/U15          | A ^ -> ZN v  | OAI21_X1     | 0.065 | My_bus/n97          |            |   2.390 | 0.057 |   2.040 | 
     | My_bus/FE_OFC72_n97 |              | CLKBUF_X2    | 0.065 | My_bus/n97          |       SPEF |   2.390 | 0.000 |   2.040 | 
     | My_bus/FE_OFC72_n97 | A v -> Z v   | CLKBUF_X2    | 0.170 | My_bus/FE_OFN72_n97 |            |  69.785 | 0.274 |   2.314 | 
     | My_bus/U594         |              | AOI22_X1     | 0.172 | My_bus/FE_OFN72_n97 |       SPEF |  69.785 | 0.026 |   2.340 | 
     | My_bus/U594         | A2 v -> ZN ^ | AOI22_X1     | 0.194 | My_bus/n82          |            |   7.364 | 0.324 |   2.664 | 
     | My_bus/U593         |              | AND4_X1      | 0.194 | My_bus/n82          |       SPEF |   7.364 | 0.000 |   2.665 | 
     | My_bus/U593         | A4 ^ -> ZN ^ | AND4_X1      | 0.040 | My_bus/n294         |            |   1.926 | 0.223 |   2.888 | 
     | My_bus/U592         |              | NAND2_X1     | 0.040 | My_bus/n294         |       SPEF |   1.926 | 0.000 |   2.888 | 
     | My_bus/U592         | A2 ^ -> ZN v | NAND2_X1     | 0.039 | My_bus/n271         |            |   7.658 | 0.073 |   2.960 | 
     | My_bus/U589         |              | NOR3_X1      | 0.039 | My_bus/n271         |       SPEF |   7.658 | 0.000 |   2.961 | 
     | My_bus/U589         | A2 v -> ZN ^ | NOR3_X1      | 0.097 | My_bus/n290         |            |   1.424 | 0.174 |   3.135 | 
     | My_bus/U583         |              | AND4_X1      | 0.097 | My_bus/n290         |       SPEF |   1.424 | 0.000 |   3.135 | 
     | My_bus/U583         | A3 ^ -> ZN ^ | AND4_X1      | 0.061 | My_bus/n278         |            |   4.712 | 0.228 |   3.363 | 
     | My_bus/U574         |              | NAND3_X1     | 0.061 | My_bus/n278         |       SPEF |   4.712 | 0.000 |   3.363 | 
     | My_bus/U574         | A2 ^ -> ZN v | NAND3_X1     | 0.055 | My_bus/n261         |            |   5.181 | 0.097 |   3.460 | 
     | My_bus/U17          |              | NAND2_X1     | 0.055 | My_bus/n261         |       SPEF |   5.181 | 0.000 |   3.460 | 
     | My_bus/U17          | A1 v -> ZN ^ | NAND2_X1     | 0.112 | My_bus/n260         |            |  11.477 | 0.151 |   3.610 | 
     | My_bus/U16          |              | NOR2_X2      | 0.112 | My_bus/n260         |       SPEF |  11.477 | 0.001 |   3.611 | 
     | My_bus/U16          | A1 ^ -> ZN v | NOR2_X2      | 0.041 | YOUR_ADDRBUS[29]    |            |  18.318 | 0.082 |   3.694 | 
     | My_bus/U23          |              | INV_X4       | 0.041 | YOUR_ADDRBUS[29]    |       SPEF |  18.318 | 0.003 |   3.696 | 
     | My_bus/U23          | A v -> ZN ^  | INV_X4       | 0.282 | My_bus/n90          |            | 129.242 | 0.297 |   3.993 | 
     | My_bus/U209         |              | NOR2_X1      | 0.282 | My_bus/n90          |       SPEF | 129.242 | 0.004 |   3.997 | 
     | My_bus/U209         | A2 ^ -> ZN v | NOR2_X1      | 0.066 | YOUR_ADDRBUS[30]    |            |   3.661 | 0.086 |   4.084 | 
     | my_core_adapter     |              | core_adapter | 0.066 | YOUR_ADDRBUS[30]    |       SPEF |   3.661 | 0.000 |   4.084 | 
     +--------------------------------------------------------------------------------------------------------------------------+ 
Path 3: MET Setup Check with Pin my_core_adapter/clk 
Endpoint:   my_core_adapter/addr_in[29] (^) checked with  leading edge of 'CLK'
Beginpoint: EXT_BUSY                    (^) triggered by  leading edge of 'CLK'
Path Groups: {CLK}
Analysis View: ensc450_av
Other End Arrival Time          0.000
- Setup                         6.919
+ Phase Shift                  12.000
= Required Time                 5.081
- Arrival Time                  3.971
= Slack Time                    1.110
     Clock Rise Edge                      0.000
     + Input Delay                        0.800
     = Beginpoint Arrival Time            0.800
     +-------------------------------------------------------------------------------------------------------------------------+ 
     |      Instance       |     Arc      |     Cell     |  Slew |         Net         |    Arc     |  Load  | Delay | Arrival | 
     |                     |              |              |       |                     | Annotation |        |       |  Time   | 
     |---------------------+--------------+--------------+-------+---------------------+------------+--------+-------+---------| 
     |                     | EXT_BUSY ^   |              | 0.002 | EXT_BUSY            |       SPEF | 29.439 |       |   0.800 | 
     | My_bus/FE_RC_0_0    |              | NAND2_X1     | 0.008 | EXT_BUSY            |       SPEF | 29.439 | 0.008 |   0.808 | 
     | My_bus/FE_RC_0_0    | A1 ^ -> ZN v | NAND2_X1     | 0.053 | My_bus/n302         |            |  3.360 | 0.033 |   0.842 | 
     | My_bus/U623         |              | NOR3_X1      | 0.053 | My_bus/n302         |       SPEF |  3.360 | 0.000 |   0.842 | 
     | My_bus/U623         | A3 v -> ZN ^ | NOR3_X1      | 0.297 | My_bus/n96          |            |  8.641 | 0.425 |   1.267 | 
     | My_bus/U616         |              | AOI211_X1    | 0.297 | My_bus/n96          |       SPEF |  8.641 | 0.000 |   1.267 | 
     | My_bus/U616         | A ^ -> ZN v  | AOI211_X1    | 0.076 | My_bus/n4           |            |  3.433 | 0.112 |   1.379 | 
     | My_bus/U615         |              | INV_X1       | 0.076 | My_bus/n4           |       SPEF |  3.433 | 0.000 |   1.380 | 
     | My_bus/U615         | A v -> ZN ^  | INV_X1       | 0.292 | My_bus/n55          |            | 34.887 | 0.357 |   1.736 | 
     | My_bus/U24          |              | NOR2_X4      | 0.292 | My_bus/n55          |       SPEF | 34.887 | 0.003 |   1.739 | 
     | My_bus/U24          | A1 ^ -> ZN v | NOR2_X4      | 0.102 | My_bus/n94          |            | 67.366 | 0.157 |   1.896 | 
     | My_bus/U614         |              | INV_X1       | 0.102 | My_bus/n94          |       SPEF | 67.366 | 0.000 |   1.896 | 
     | My_bus/U614         | A v -> ZN ^  | INV_X1       | 0.041 | My_bus/n297         |            |  1.951 | 0.086 |   1.982 | 
     | My_bus/U15          |              | OAI21_X1     | 0.041 | My_bus/n297         |       SPEF |  1.951 | 0.000 |   1.982 | 
     | My_bus/U15          | A ^ -> ZN v  | OAI21_X1     | 0.065 | My_bus/n97          |            |  2.390 | 0.057 |   2.039 | 
     | My_bus/FE_OFC72_n97 |              | CLKBUF_X2    | 0.065 | My_bus/n97          |       SPEF |  2.390 | 0.000 |   2.040 | 
     | My_bus/FE_OFC72_n97 | A v -> Z v   | CLKBUF_X2    | 0.170 | My_bus/FE_OFN72_n97 |            | 69.785 | 0.274 |   2.314 | 
     | My_bus/U594         |              | AOI22_X1     | 0.172 | My_bus/FE_OFN72_n97 |       SPEF | 69.785 | 0.026 |   2.340 | 
     | My_bus/U594         | A2 v -> ZN ^ | AOI22_X1     | 0.194 | My_bus/n82          |            |  7.364 | 0.324 |   2.664 | 
     | My_bus/U593         |              | AND4_X1      | 0.194 | My_bus/n82          |       SPEF |  7.364 | 0.000 |   2.665 | 
     | My_bus/U593         | A4 ^ -> ZN ^ | AND4_X1      | 0.040 | My_bus/n294         |            |  1.926 | 0.223 |   2.888 | 
     | My_bus/U592         |              | NAND2_X1     | 0.040 | My_bus/n294         |       SPEF |  1.926 | 0.000 |   2.888 | 
     | My_bus/U592         | A2 ^ -> ZN v | NAND2_X1     | 0.039 | My_bus/n271         |            |  7.658 | 0.073 |   2.960 | 
     | My_bus/U589         |              | NOR3_X1      | 0.039 | My_bus/n271         |       SPEF |  7.658 | 0.000 |   2.961 | 
     | My_bus/U589         | A2 v -> ZN ^ | NOR3_X1      | 0.097 | My_bus/n290         |            |  1.424 | 0.174 |   3.135 | 
     | My_bus/U583         |              | AND4_X1      | 0.097 | My_bus/n290         |       SPEF |  1.424 | 0.000 |   3.135 | 
     | My_bus/U583         | A3 ^ -> ZN ^ | AND4_X1      | 0.061 | My_bus/n278         |            |  4.712 | 0.228 |   3.363 | 
     | My_bus/U559         |              | NAND4_X1     | 0.061 | My_bus/n278         |       SPEF |  4.712 | 0.000 |   3.363 | 
     | My_bus/U559         | A3 ^ -> ZN v | NAND4_X1     | 0.091 | My_bus/n264         |            |  3.656 | 0.115 |   3.478 | 
     | My_bus/U558         |              | NAND2_X1     | 0.091 | My_bus/n264         |       SPEF |  3.656 | 0.000 |   3.478 | 
     | My_bus/U558         | A2 v -> ZN ^ | NAND2_X1     | 0.085 | My_bus/n259         |            |  8.122 | 0.152 |   3.630 | 
     | My_bus/U18          |              | INV_X1       | 0.085 | My_bus/n259         |       SPEF |  8.122 | 0.001 |   3.631 | 
     | My_bus/U18          | A ^ -> ZN v  | INV_X1       | 0.034 | My_bus/n8           |            |  9.425 | 0.073 |   3.703 | 
     | My_bus/U16          |              | NOR2_X2      | 0.034 | My_bus/n8           |       SPEF |  9.425 | 0.000 |   3.704 | 
     | My_bus/U16          | A2 v -> ZN ^ | NOR2_X2      | 0.199 | YOUR_ADDRBUS[29]    |            | 19.180 | 0.265 |   3.968 | 
     | my_core_adapter     |              | core_adapter | 0.199 | YOUR_ADDRBUS[29]    |       SPEF | 19.180 | 0.003 |   3.971 | 
     +-------------------------------------------------------------------------------------------------------------------------+ 
Path 4: MET Setup Check with Pin my_core_adapter/clk 
Endpoint:   my_core_adapter/addr_in[28] (v) checked with  leading edge of 'CLK'
Beginpoint: EXT_BUSY                    (^) triggered by  leading edge of 'CLK'
Path Groups: {CLK}
Analysis View: ensc450_av
Other End Arrival Time          0.000
- Setup                         6.719
+ Phase Shift                  12.000
= Required Time                 5.281
- Arrival Time                  4.089
= Slack Time                    1.191
     Clock Rise Edge                      0.000
     + Input Delay                        0.800
     = Beginpoint Arrival Time            0.800
     +--------------------------------------------------------------------------------------------------------------------------+ 
     |      Instance       |     Arc      |     Cell     |  Slew |         Net         |    Arc     |  Load   | Delay | Arrival | 
     |                     |              |              |       |                     | Annotation |         |       |  Time   | 
     |---------------------+--------------+--------------+-------+---------------------+------------+---------+-------+---------| 
     |                     | EXT_BUSY ^   |              | 0.002 | EXT_BUSY            |       SPEF |  29.439 |       |   0.800 | 
     | My_bus/FE_RC_0_0    |              | NAND2_X1     | 0.008 | EXT_BUSY            |       SPEF |  29.439 | 0.008 |   0.808 | 
     | My_bus/FE_RC_0_0    | A1 ^ -> ZN v | NAND2_X1     | 0.053 | My_bus/n302         |            |   3.360 | 0.033 |   0.842 | 
     | My_bus/U623         |              | NOR3_X1      | 0.053 | My_bus/n302         |       SPEF |   3.360 | 0.000 |   0.842 | 
     | My_bus/U623         | A3 v -> ZN ^ | NOR3_X1      | 0.297 | My_bus/n96          |            |   8.641 | 0.425 |   1.267 | 
     | My_bus/U616         |              | AOI211_X1    | 0.297 | My_bus/n96          |       SPEF |   8.641 | 0.000 |   1.267 | 
     | My_bus/U616         | A ^ -> ZN v  | AOI211_X1    | 0.076 | My_bus/n4           |            |   3.433 | 0.112 |   1.380 | 
     | My_bus/U615         |              | INV_X1       | 0.076 | My_bus/n4           |       SPEF |   3.433 | 0.000 |   1.380 | 
     | My_bus/U615         | A v -> ZN ^  | INV_X1       | 0.292 | My_bus/n55          |            |  34.887 | 0.357 |   1.736 | 
     | My_bus/U24          |              | NOR2_X4      | 0.292 | My_bus/n55          |       SPEF |  34.887 | 0.003 |   1.739 | 
     | My_bus/U24          | A1 ^ -> ZN v | NOR2_X4      | 0.102 | My_bus/n94          |            |  67.366 | 0.157 |   1.896 | 
     | My_bus/U614         |              | INV_X1       | 0.102 | My_bus/n94          |       SPEF |  67.366 | 0.000 |   1.896 | 
     | My_bus/U614         | A v -> ZN ^  | INV_X1       | 0.041 | My_bus/n297         |            |   1.951 | 0.086 |   1.982 | 
     | My_bus/U15          |              | OAI21_X1     | 0.041 | My_bus/n297         |       SPEF |   1.951 | 0.000 |   1.982 | 
     | My_bus/U15          | A ^ -> ZN v  | OAI21_X1     | 0.065 | My_bus/n97          |            |   2.390 | 0.057 |   2.040 | 
     | My_bus/FE_OFC72_n97 |              | CLKBUF_X2    | 0.065 | My_bus/n97          |       SPEF |   2.390 | 0.000 |   2.040 | 
     | My_bus/FE_OFC72_n97 | A v -> Z v   | CLKBUF_X2    | 0.170 | My_bus/FE_OFN72_n97 |            |  69.785 | 0.274 |   2.314 | 
     | My_bus/U594         |              | AOI22_X1     | 0.172 | My_bus/FE_OFN72_n97 |       SPEF |  69.785 | 0.026 |   2.340 | 
     | My_bus/U594         | A2 v -> ZN ^ | AOI22_X1     | 0.194 | My_bus/n82          |            |   7.364 | 0.324 |   2.664 | 
     | My_bus/U593         |              | AND4_X1      | 0.194 | My_bus/n82          |       SPEF |   7.364 | 0.000 |   2.665 | 
     | My_bus/U593         | A4 ^ -> ZN ^ | AND4_X1      | 0.040 | My_bus/n294         |            |   1.926 | 0.223 |   2.888 | 
     | My_bus/U592         |              | NAND2_X1     | 0.040 | My_bus/n294         |       SPEF |   1.926 | 0.000 |   2.888 | 
     | My_bus/U592         | A2 ^ -> ZN v | NAND2_X1     | 0.039 | My_bus/n271         |            |   7.658 | 0.073 |   2.960 | 
     | My_bus/U589         |              | NOR3_X1      | 0.039 | My_bus/n271         |       SPEF |   7.658 | 0.000 |   2.961 | 
     | My_bus/U589         | A2 v -> ZN ^ | NOR3_X1      | 0.097 | My_bus/n290         |            |   1.424 | 0.174 |   3.135 | 
     | My_bus/U583         |              | AND4_X1      | 0.097 | My_bus/n290         |       SPEF |   1.424 | 0.000 |   3.135 | 
     | My_bus/U583         | A3 ^ -> ZN ^ | AND4_X1      | 0.061 | My_bus/n278         |            |   4.712 | 0.228 |   3.363 | 
     | My_bus/U574         |              | NAND3_X1     | 0.061 | My_bus/n278         |       SPEF |   4.712 | 0.000 |   3.363 | 
     | My_bus/U574         | A2 ^ -> ZN v | NAND3_X1     | 0.055 | My_bus/n261         |            |   5.181 | 0.097 |   3.460 | 
     | My_bus/U17          |              | NAND2_X1     | 0.055 | My_bus/n261         |       SPEF |   5.181 | 0.000 |   3.460 | 
     | My_bus/U17          | A1 v -> ZN ^ | NAND2_X1     | 0.112 | My_bus/n260         |            |  11.477 | 0.151 |   3.610 | 
     | My_bus/U16          |              | NOR2_X2      | 0.112 | My_bus/n260         |       SPEF |  11.477 | 0.001 |   3.611 | 
     | My_bus/U16          | A1 ^ -> ZN v | NOR2_X2      | 0.041 | YOUR_ADDRBUS[29]    |            |  18.318 | 0.082 |   3.694 | 
     | My_bus/U23          |              | INV_X4       | 0.041 | YOUR_ADDRBUS[29]    |       SPEF |  18.318 | 0.003 |   3.696 | 
     | My_bus/U23          | A v -> ZN ^  | INV_X4       | 0.282 | My_bus/n90          |            | 129.242 | 0.297 |   3.993 | 
     | My_bus/U211         |              | NOR2_X1      | 0.282 | My_bus/n90          |       SPEF | 129.242 | 0.006 |   3.999 | 
     | My_bus/U211         | A2 ^ -> ZN v | NOR2_X1      | 0.067 | YOUR_ADDRBUS[28]    |            |   3.989 | 0.090 |   4.089 | 
     | my_core_adapter     |              | core_adapter | 0.067 | YOUR_ADDRBUS[28]    |       SPEF |   3.989 | 0.001 |   4.089 | 
     +--------------------------------------------------------------------------------------------------------------------------+ 
Path 5: MET Setup Check with Pin my_core_adapter/clk 
Endpoint:   my_core_adapter/addr_in[27] (v) checked with  leading edge of 'CLK'
Beginpoint: EXT_BUSY                    (^) triggered by  leading edge of 'CLK'
Path Groups: {CLK}
Analysis View: ensc450_av
Other End Arrival Time          0.000
- Setup                         6.534
+ Phase Shift                  12.000
= Required Time                 5.466
- Arrival Time                  4.094
= Slack Time                    1.372
     Clock Rise Edge                      0.000
     + Input Delay                        0.800
     = Beginpoint Arrival Time            0.800
     +--------------------------------------------------------------------------------------------------------------------------+ 
     |      Instance       |     Arc      |     Cell     |  Slew |         Net         |    Arc     |  Load   | Delay | Arrival | 
     |                     |              |              |       |                     | Annotation |         |       |  Time   | 
     |---------------------+--------------+--------------+-------+---------------------+------------+---------+-------+---------| 
     |                     | EXT_BUSY ^   |              | 0.002 | EXT_BUSY            |       SPEF |  29.439 |       |   0.800 | 
     | My_bus/FE_RC_0_0    |              | NAND2_X1     | 0.008 | EXT_BUSY            |       SPEF |  29.439 | 0.008 |   0.808 | 
     | My_bus/FE_RC_0_0    | A1 ^ -> ZN v | NAND2_X1     | 0.053 | My_bus/n302         |            |   3.360 | 0.033 |   0.842 | 
     | My_bus/U623         |              | NOR3_X1      | 0.053 | My_bus/n302         |       SPEF |   3.360 | 0.000 |   0.842 | 
     | My_bus/U623         | A3 v -> ZN ^ | NOR3_X1      | 0.297 | My_bus/n96          |            |   8.641 | 0.425 |   1.267 | 
     | My_bus/U616         |              | AOI211_X1    | 0.297 | My_bus/n96          |       SPEF |   8.641 | 0.000 |   1.267 | 
     | My_bus/U616         | A ^ -> ZN v  | AOI211_X1    | 0.076 | My_bus/n4           |            |   3.433 | 0.112 |   1.379 | 
     | My_bus/U615         |              | INV_X1       | 0.076 | My_bus/n4           |       SPEF |   3.433 | 0.000 |   1.380 | 
     | My_bus/U615         | A v -> ZN ^  | INV_X1       | 0.292 | My_bus/n55          |            |  34.887 | 0.357 |   1.736 | 
     | My_bus/U24          |              | NOR2_X4      | 0.292 | My_bus/n55          |       SPEF |  34.887 | 0.003 |   1.739 | 
     | My_bus/U24          | A1 ^ -> ZN v | NOR2_X4      | 0.102 | My_bus/n94          |            |  67.366 | 0.157 |   1.896 | 
     | My_bus/U614         |              | INV_X1       | 0.102 | My_bus/n94          |       SPEF |  67.366 | 0.000 |   1.896 | 
     | My_bus/U614         | A v -> ZN ^  | INV_X1       | 0.041 | My_bus/n297         |            |   1.951 | 0.086 |   1.982 | 
     | My_bus/U15          |              | OAI21_X1     | 0.041 | My_bus/n297         |       SPEF |   1.951 | 0.000 |   1.982 | 
     | My_bus/U15          | A ^ -> ZN v  | OAI21_X1     | 0.065 | My_bus/n97          |            |   2.390 | 0.057 |   2.040 | 
     | My_bus/FE_OFC72_n97 |              | CLKBUF_X2    | 0.065 | My_bus/n97          |       SPEF |   2.390 | 0.000 |   2.040 | 
     | My_bus/FE_OFC72_n97 | A v -> Z v   | CLKBUF_X2    | 0.170 | My_bus/FE_OFN72_n97 |            |  69.785 | 0.274 |   2.314 | 
     | My_bus/U594         |              | AOI22_X1     | 0.172 | My_bus/FE_OFN72_n97 |       SPEF |  69.785 | 0.026 |   2.340 | 
     | My_bus/U594         | A2 v -> ZN ^ | AOI22_X1     | 0.194 | My_bus/n82          |            |   7.364 | 0.324 |   2.664 | 
     | My_bus/U593         |              | AND4_X1      | 0.194 | My_bus/n82          |       SPEF |   7.364 | 0.000 |   2.665 | 
     | My_bus/U593         | A4 ^ -> ZN ^ | AND4_X1      | 0.040 | My_bus/n294         |            |   1.926 | 0.223 |   2.888 | 
     | My_bus/U592         |              | NAND2_X1     | 0.040 | My_bus/n294         |       SPEF |   1.926 | 0.000 |   2.888 | 
     | My_bus/U592         | A2 ^ -> ZN v | NAND2_X1     | 0.039 | My_bus/n271         |            |   7.658 | 0.073 |   2.960 | 
     | My_bus/U589         |              | NOR3_X1      | 0.039 | My_bus/n271         |       SPEF |   7.658 | 0.000 |   2.961 | 
     | My_bus/U589         | A2 v -> ZN ^ | NOR3_X1      | 0.097 | My_bus/n290         |            |   1.424 | 0.174 |   3.135 | 
     | My_bus/U583         |              | AND4_X1      | 0.097 | My_bus/n290         |       SPEF |   1.424 | 0.000 |   3.135 | 
     | My_bus/U583         | A3 ^ -> ZN ^ | AND4_X1      | 0.061 | My_bus/n278         |            |   4.712 | 0.228 |   3.363 | 
     | My_bus/U574         |              | NAND3_X1     | 0.061 | My_bus/n278         |       SPEF |   4.712 | 0.000 |   3.363 | 
     | My_bus/U574         | A2 ^ -> ZN v | NAND3_X1     | 0.055 | My_bus/n261         |            |   5.181 | 0.097 |   3.460 | 
     | My_bus/U17          |              | NAND2_X1     | 0.055 | My_bus/n261         |       SPEF |   5.181 | 0.000 |   3.460 | 
     | My_bus/U17          | A1 v -> ZN ^ | NAND2_X1     | 0.112 | My_bus/n260         |            |  11.477 | 0.151 |   3.610 | 
     | My_bus/U16          |              | NOR2_X2      | 0.112 | My_bus/n260         |       SPEF |  11.477 | 0.001 |   3.611 | 
     | My_bus/U16          | A1 ^ -> ZN v | NOR2_X2      | 0.041 | YOUR_ADDRBUS[29]    |            |  18.318 | 0.082 |   3.694 | 
     | My_bus/U23          |              | INV_X4       | 0.041 | YOUR_ADDRBUS[29]    |       SPEF |  18.318 | 0.003 |   3.696 | 
     | My_bus/U23          | A v -> ZN ^  | INV_X4       | 0.282 | My_bus/n90          |            | 129.242 | 0.297 |   3.993 | 
     | My_bus/U212         |              | NOR2_X1      | 0.282 | My_bus/n90          |       SPEF | 129.242 | 0.005 |   3.998 | 
     | My_bus/U212         | A2 ^ -> ZN v | NOR2_X1      | 0.070 | YOUR_ADDRBUS[27]    |            |   4.541 | 0.095 |   4.093 | 
     | my_core_adapter     |              | core_adapter | 0.070 | YOUR_ADDRBUS[27]    |       SPEF |   4.541 | 0.001 |   4.094 | 
     +--------------------------------------------------------------------------------------------------------------------------+ 
Path 6: MET Setup Check with Pin my_core_adapter/clk 
Endpoint:   my_core_adapter/addr_in[26] (v) checked with  leading edge of 'CLK'
Beginpoint: EXT_BUSY                    (^) triggered by  leading edge of 'CLK'
Path Groups: {CLK}
Analysis View: ensc450_av
Other End Arrival Time          0.000
- Setup                         6.346
+ Phase Shift                  12.000
= Required Time                 5.654
- Arrival Time                  4.094
= Slack Time                    1.560
     Clock Rise Edge                      0.000
     + Input Delay                        0.800
     = Beginpoint Arrival Time            0.800
     +--------------------------------------------------------------------------------------------------------------------------+ 
     |      Instance       |     Arc      |     Cell     |  Slew |         Net         |    Arc     |  Load   | Delay | Arrival | 
     |                     |              |              |       |                     | Annotation |         |       |  Time   | 
     |---------------------+--------------+--------------+-------+---------------------+------------+---------+-------+---------| 
     |                     | EXT_BUSY ^   |              | 0.002 | EXT_BUSY            |       SPEF |  29.439 |       |   0.800 | 
     | My_bus/FE_RC_0_0    |              | NAND2_X1     | 0.008 | EXT_BUSY            |       SPEF |  29.439 | 0.008 |   0.808 | 
     | My_bus/FE_RC_0_0    | A1 ^ -> ZN v | NAND2_X1     | 0.053 | My_bus/n302         |            |   3.360 | 0.033 |   0.842 | 
     | My_bus/U623         |              | NOR3_X1      | 0.053 | My_bus/n302         |       SPEF |   3.360 | 0.000 |   0.842 | 
     | My_bus/U623         | A3 v -> ZN ^ | NOR3_X1      | 0.297 | My_bus/n96          |            |   8.641 | 0.425 |   1.267 | 
     | My_bus/U616         |              | AOI211_X1    | 0.297 | My_bus/n96          |       SPEF |   8.641 | 0.000 |   1.267 | 
     | My_bus/U616         | A ^ -> ZN v  | AOI211_X1    | 0.076 | My_bus/n4           |            |   3.433 | 0.112 |   1.379 | 
     | My_bus/U615         |              | INV_X1       | 0.076 | My_bus/n4           |       SPEF |   3.433 | 0.000 |   1.380 | 
     | My_bus/U615         | A v -> ZN ^  | INV_X1       | 0.292 | My_bus/n55          |            |  34.887 | 0.357 |   1.736 | 
     | My_bus/U24          |              | NOR2_X4      | 0.292 | My_bus/n55          |       SPEF |  34.887 | 0.003 |   1.739 | 
     | My_bus/U24          | A1 ^ -> ZN v | NOR2_X4      | 0.102 | My_bus/n94          |            |  67.366 | 0.157 |   1.896 | 
     | My_bus/U614         |              | INV_X1       | 0.102 | My_bus/n94          |       SPEF |  67.366 | 0.000 |   1.896 | 
     | My_bus/U614         | A v -> ZN ^  | INV_X1       | 0.041 | My_bus/n297         |            |   1.951 | 0.086 |   1.982 | 
     | My_bus/U15          |              | OAI21_X1     | 0.041 | My_bus/n297         |       SPEF |   1.951 | 0.000 |   1.982 | 
     | My_bus/U15          | A ^ -> ZN v  | OAI21_X1     | 0.065 | My_bus/n97          |            |   2.390 | 0.057 |   2.040 | 
     | My_bus/FE_OFC72_n97 |              | CLKBUF_X2    | 0.065 | My_bus/n97          |       SPEF |   2.390 | 0.000 |   2.040 | 
     | My_bus/FE_OFC72_n97 | A v -> Z v   | CLKBUF_X2    | 0.170 | My_bus/FE_OFN72_n97 |            |  69.785 | 0.274 |   2.314 | 
     | My_bus/U594         |              | AOI22_X1     | 0.172 | My_bus/FE_OFN72_n97 |       SPEF |  69.785 | 0.026 |   2.340 | 
     | My_bus/U594         | A2 v -> ZN ^ | AOI22_X1     | 0.194 | My_bus/n82          |            |   7.364 | 0.324 |   2.664 | 
     | My_bus/U593         |              | AND4_X1      | 0.194 | My_bus/n82          |       SPEF |   7.364 | 0.000 |   2.665 | 
     | My_bus/U593         | A4 ^ -> ZN ^ | AND4_X1      | 0.040 | My_bus/n294         |            |   1.926 | 0.223 |   2.888 | 
     | My_bus/U592         |              | NAND2_X1     | 0.040 | My_bus/n294         |       SPEF |   1.926 | 0.000 |   2.888 | 
     | My_bus/U592         | A2 ^ -> ZN v | NAND2_X1     | 0.039 | My_bus/n271         |            |   7.658 | 0.073 |   2.960 | 
     | My_bus/U589         |              | NOR3_X1      | 0.039 | My_bus/n271         |       SPEF |   7.658 | 0.000 |   2.961 | 
     | My_bus/U589         | A2 v -> ZN ^ | NOR3_X1      | 0.097 | My_bus/n290         |            |   1.424 | 0.174 |   3.135 | 
     | My_bus/U583         |              | AND4_X1      | 0.097 | My_bus/n290         |       SPEF |   1.424 | 0.000 |   3.135 | 
     | My_bus/U583         | A3 ^ -> ZN ^ | AND4_X1      | 0.061 | My_bus/n278         |            |   4.712 | 0.228 |   3.363 | 
     | My_bus/U574         |              | NAND3_X1     | 0.061 | My_bus/n278         |       SPEF |   4.712 | 0.000 |   3.363 | 
     | My_bus/U574         | A2 ^ -> ZN v | NAND3_X1     | 0.055 | My_bus/n261         |            |   5.181 | 0.097 |   3.460 | 
     | My_bus/U17          |              | NAND2_X1     | 0.055 | My_bus/n261         |       SPEF |   5.181 | 0.000 |   3.460 | 
     | My_bus/U17          | A1 v -> ZN ^ | NAND2_X1     | 0.112 | My_bus/n260         |            |  11.477 | 0.151 |   3.610 | 
     | My_bus/U16          |              | NOR2_X2      | 0.112 | My_bus/n260         |       SPEF |  11.477 | 0.001 |   3.611 | 
     | My_bus/U16          | A1 ^ -> ZN v | NOR2_X2      | 0.041 | YOUR_ADDRBUS[29]    |            |  18.318 | 0.082 |   3.694 | 
     | My_bus/U23          |              | INV_X4       | 0.041 | YOUR_ADDRBUS[29]    |       SPEF |  18.318 | 0.003 |   3.696 | 
     | My_bus/U23          | A v -> ZN ^  | INV_X4       | 0.282 | My_bus/n90          |            | 129.242 | 0.297 |   3.993 | 
     | My_bus/U213         |              | NOR2_X1      | 0.282 | My_bus/n90          |       SPEF | 129.242 | 0.007 |   4.000 | 
     | My_bus/U213         | A2 ^ -> ZN v | NOR2_X1      | 0.066 | YOUR_ADDRBUS[26]    |            |   4.417 | 0.094 |   4.094 | 
     | my_core_adapter     |              | core_adapter | 0.066 | YOUR_ADDRBUS[26]    |       SPEF |   4.417 | 0.001 |   4.094 | 
     +--------------------------------------------------------------------------------------------------------------------------+ 
Path 7: MET Setup Check with Pin my_core_adapter/clk 
Endpoint:   my_core_adapter/addr_in[25] (v) checked with  leading edge of 'CLK'
Beginpoint: EXT_BUSY                    (^) triggered by  leading edge of 'CLK'
Path Groups: {CLK}
Analysis View: ensc450_av
Other End Arrival Time          0.000
- Setup                         6.162
+ Phase Shift                  12.000
= Required Time                 5.838
- Arrival Time                  4.094
= Slack Time                    1.744
     Clock Rise Edge                      0.000
     + Input Delay                        0.800
     = Beginpoint Arrival Time            0.800
     +--------------------------------------------------------------------------------------------------------------------------+ 
     |      Instance       |     Arc      |     Cell     |  Slew |         Net         |    Arc     |  Load   | Delay | Arrival | 
     |                     |              |              |       |                     | Annotation |         |       |  Time   | 
     |---------------------+--------------+--------------+-------+---------------------+------------+---------+-------+---------| 
     |                     | EXT_BUSY ^   |              | 0.002 | EXT_BUSY            |       SPEF |  29.439 |       |   0.800 | 
     | My_bus/FE_RC_0_0    |              | NAND2_X1     | 0.008 | EXT_BUSY            |       SPEF |  29.439 | 0.008 |   0.808 | 
     | My_bus/FE_RC_0_0    | A1 ^ -> ZN v | NAND2_X1     | 0.053 | My_bus/n302         |            |   3.360 | 0.033 |   0.842 | 
     | My_bus/U623         |              | NOR3_X1      | 0.053 | My_bus/n302         |       SPEF |   3.360 | 0.000 |   0.842 | 
     | My_bus/U623         | A3 v -> ZN ^ | NOR3_X1      | 0.297 | My_bus/n96          |            |   8.641 | 0.425 |   1.267 | 
     | My_bus/U616         |              | AOI211_X1    | 0.297 | My_bus/n96          |       SPEF |   8.641 | 0.000 |   1.267 | 
     | My_bus/U616         | A ^ -> ZN v  | AOI211_X1    | 0.076 | My_bus/n4           |            |   3.433 | 0.112 |   1.380 | 
     | My_bus/U615         |              | INV_X1       | 0.076 | My_bus/n4           |       SPEF |   3.433 | 0.000 |   1.380 | 
     | My_bus/U615         | A v -> ZN ^  | INV_X1       | 0.292 | My_bus/n55          |            |  34.887 | 0.357 |   1.736 | 
     | My_bus/U24          |              | NOR2_X4      | 0.292 | My_bus/n55          |       SPEF |  34.887 | 0.003 |   1.739 | 
     | My_bus/U24          | A1 ^ -> ZN v | NOR2_X4      | 0.102 | My_bus/n94          |            |  67.366 | 0.157 |   1.896 | 
     | My_bus/U614         |              | INV_X1       | 0.102 | My_bus/n94          |       SPEF |  67.366 | 0.000 |   1.896 | 
     | My_bus/U614         | A v -> ZN ^  | INV_X1       | 0.041 | My_bus/n297         |            |   1.951 | 0.086 |   1.982 | 
     | My_bus/U15          |              | OAI21_X1     | 0.041 | My_bus/n297         |       SPEF |   1.951 | 0.000 |   1.982 | 
     | My_bus/U15          | A ^ -> ZN v  | OAI21_X1     | 0.065 | My_bus/n97          |            |   2.390 | 0.057 |   2.040 | 
     | My_bus/FE_OFC72_n97 |              | CLKBUF_X2    | 0.065 | My_bus/n97          |       SPEF |   2.390 | 0.000 |   2.040 | 
     | My_bus/FE_OFC72_n97 | A v -> Z v   | CLKBUF_X2    | 0.170 | My_bus/FE_OFN72_n97 |            |  69.785 | 0.274 |   2.314 | 
     | My_bus/U594         |              | AOI22_X1     | 0.172 | My_bus/FE_OFN72_n97 |       SPEF |  69.785 | 0.026 |   2.340 | 
     | My_bus/U594         | A2 v -> ZN ^ | AOI22_X1     | 0.194 | My_bus/n82          |            |   7.364 | 0.324 |   2.664 | 
     | My_bus/U593         |              | AND4_X1      | 0.194 | My_bus/n82          |       SPEF |   7.364 | 0.000 |   2.665 | 
     | My_bus/U593         | A4 ^ -> ZN ^ | AND4_X1      | 0.040 | My_bus/n294         |            |   1.926 | 0.223 |   2.888 | 
     | My_bus/U592         |              | NAND2_X1     | 0.040 | My_bus/n294         |       SPEF |   1.926 | 0.000 |   2.888 | 
     | My_bus/U592         | A2 ^ -> ZN v | NAND2_X1     | 0.039 | My_bus/n271         |            |   7.658 | 0.073 |   2.960 | 
     | My_bus/U589         |              | NOR3_X1      | 0.039 | My_bus/n271         |       SPEF |   7.658 | 0.000 |   2.961 | 
     | My_bus/U589         | A2 v -> ZN ^ | NOR3_X1      | 0.097 | My_bus/n290         |            |   1.424 | 0.174 |   3.135 | 
     | My_bus/U583         |              | AND4_X1      | 0.097 | My_bus/n290         |       SPEF |   1.424 | 0.000 |   3.135 | 
     | My_bus/U583         | A3 ^ -> ZN ^ | AND4_X1      | 0.061 | My_bus/n278         |            |   4.712 | 0.228 |   3.363 | 
     | My_bus/U574         |              | NAND3_X1     | 0.061 | My_bus/n278         |       SPEF |   4.712 | 0.000 |   3.363 | 
     | My_bus/U574         | A2 ^ -> ZN v | NAND3_X1     | 0.055 | My_bus/n261         |            |   5.181 | 0.097 |   3.460 | 
     | My_bus/U17          |              | NAND2_X1     | 0.055 | My_bus/n261         |       SPEF |   5.181 | 0.000 |   3.460 | 
     | My_bus/U17          | A1 v -> ZN ^ | NAND2_X1     | 0.112 | My_bus/n260         |            |  11.477 | 0.151 |   3.610 | 
     | My_bus/U16          |              | NOR2_X2      | 0.112 | My_bus/n260         |       SPEF |  11.477 | 0.001 |   3.611 | 
     | My_bus/U16          | A1 ^ -> ZN v | NOR2_X2      | 0.041 | YOUR_ADDRBUS[29]    |            |  18.318 | 0.082 |   3.694 | 
     | My_bus/U23          |              | INV_X4       | 0.041 | YOUR_ADDRBUS[29]    |       SPEF |  18.318 | 0.003 |   3.696 | 
     | My_bus/U23          | A v -> ZN ^  | INV_X4       | 0.282 | My_bus/n90          |            | 129.242 | 0.297 |   3.993 | 
     | My_bus/U214         |              | NOR2_X1      | 0.282 | My_bus/n90          |       SPEF | 129.242 | 0.008 |   4.001 | 
     | My_bus/U214         | A2 ^ -> ZN v | NOR2_X1      | 0.065 | YOUR_ADDRBUS[25]    |            |   4.253 | 0.092 |   4.093 | 
     | my_core_adapter     |              | core_adapter | 0.065 | YOUR_ADDRBUS[25]    |       SPEF |   4.253 | 0.001 |   4.094 | 
     +--------------------------------------------------------------------------------------------------------------------------+ 
Path 8: MET Setup Check with Pin my_core_adapter/clk 
Endpoint:   my_core_adapter/addr_in[24] (v) checked with  leading edge of 'CLK'
Beginpoint: EXT_BUSY                    (^) triggered by  leading edge of 'CLK'
Path Groups: {CLK}
Analysis View: ensc450_av
Other End Arrival Time          0.000
- Setup                         5.979
+ Phase Shift                  12.000
= Required Time                 6.021
- Arrival Time                  4.099
= Slack Time                    1.922
     Clock Rise Edge                      0.000
     + Input Delay                        0.800
     = Beginpoint Arrival Time            0.800
     +--------------------------------------------------------------------------------------------------------------------------+ 
     |      Instance       |     Arc      |     Cell     |  Slew |         Net         |    Arc     |  Load   | Delay | Arrival | 
     |                     |              |              |       |                     | Annotation |         |       |  Time   | 
     |---------------------+--------------+--------------+-------+---------------------+------------+---------+-------+---------| 
     |                     | EXT_BUSY ^   |              | 0.002 | EXT_BUSY            |       SPEF |  29.439 |       |   0.800 | 
     | My_bus/FE_RC_0_0    |              | NAND2_X1     | 0.008 | EXT_BUSY            |       SPEF |  29.439 | 0.008 |   0.808 | 
     | My_bus/FE_RC_0_0    | A1 ^ -> ZN v | NAND2_X1     | 0.053 | My_bus/n302         |            |   3.360 | 0.033 |   0.842 | 
     | My_bus/U623         |              | NOR3_X1      | 0.053 | My_bus/n302         |       SPEF |   3.360 | 0.000 |   0.842 | 
     | My_bus/U623         | A3 v -> ZN ^ | NOR3_X1      | 0.297 | My_bus/n96          |            |   8.641 | 0.425 |   1.267 | 
     | My_bus/U616         |              | AOI211_X1    | 0.297 | My_bus/n96          |       SPEF |   8.641 | 0.000 |   1.267 | 
     | My_bus/U616         | A ^ -> ZN v  | AOI211_X1    | 0.076 | My_bus/n4           |            |   3.433 | 0.112 |   1.380 | 
     | My_bus/U615         |              | INV_X1       | 0.076 | My_bus/n4           |       SPEF |   3.433 | 0.000 |   1.380 | 
     | My_bus/U615         | A v -> ZN ^  | INV_X1       | 0.292 | My_bus/n55          |            |  34.887 | 0.357 |   1.736 | 
     | My_bus/U24          |              | NOR2_X4      | 0.292 | My_bus/n55          |       SPEF |  34.887 | 0.003 |   1.739 | 
     | My_bus/U24          | A1 ^ -> ZN v | NOR2_X4      | 0.102 | My_bus/n94          |            |  67.366 | 0.157 |   1.896 | 
     | My_bus/U614         |              | INV_X1       | 0.102 | My_bus/n94          |       SPEF |  67.366 | 0.000 |   1.896 | 
     | My_bus/U614         | A v -> ZN ^  | INV_X1       | 0.041 | My_bus/n297         |            |   1.951 | 0.086 |   1.982 | 
     | My_bus/U15          |              | OAI21_X1     | 0.041 | My_bus/n297         |       SPEF |   1.951 | 0.000 |   1.982 | 
     | My_bus/U15          | A ^ -> ZN v  | OAI21_X1     | 0.065 | My_bus/n97          |            |   2.390 | 0.057 |   2.040 | 
     | My_bus/FE_OFC72_n97 |              | CLKBUF_X2    | 0.065 | My_bus/n97          |       SPEF |   2.390 | 0.000 |   2.040 | 
     | My_bus/FE_OFC72_n97 | A v -> Z v   | CLKBUF_X2    | 0.170 | My_bus/FE_OFN72_n97 |            |  69.785 | 0.274 |   2.314 | 
     | My_bus/U594         |              | AOI22_X1     | 0.172 | My_bus/FE_OFN72_n97 |       SPEF |  69.785 | 0.026 |   2.340 | 
     | My_bus/U594         | A2 v -> ZN ^ | AOI22_X1     | 0.194 | My_bus/n82          |            |   7.364 | 0.324 |   2.664 | 
     | My_bus/U593         |              | AND4_X1      | 0.194 | My_bus/n82          |       SPEF |   7.364 | 0.000 |   2.665 | 
     | My_bus/U593         | A4 ^ -> ZN ^ | AND4_X1      | 0.040 | My_bus/n294         |            |   1.926 | 0.223 |   2.888 | 
     | My_bus/U592         |              | NAND2_X1     | 0.040 | My_bus/n294         |       SPEF |   1.926 | 0.000 |   2.888 | 
     | My_bus/U592         | A2 ^ -> ZN v | NAND2_X1     | 0.039 | My_bus/n271         |            |   7.658 | 0.073 |   2.960 | 
     | My_bus/U589         |              | NOR3_X1      | 0.039 | My_bus/n271         |       SPEF |   7.658 | 0.000 |   2.961 | 
     | My_bus/U589         | A2 v -> ZN ^ | NOR3_X1      | 0.097 | My_bus/n290         |            |   1.424 | 0.174 |   3.135 | 
     | My_bus/U583         |              | AND4_X1      | 0.097 | My_bus/n290         |       SPEF |   1.424 | 0.000 |   3.135 | 
     | My_bus/U583         | A3 ^ -> ZN ^ | AND4_X1      | 0.061 | My_bus/n278         |            |   4.712 | 0.228 |   3.363 | 
     | My_bus/U574         |              | NAND3_X1     | 0.061 | My_bus/n278         |       SPEF |   4.712 | 0.000 |   3.363 | 
     | My_bus/U574         | A2 ^ -> ZN v | NAND3_X1     | 0.055 | My_bus/n261         |            |   5.181 | 0.097 |   3.460 | 
     | My_bus/U17          |              | NAND2_X1     | 0.055 | My_bus/n261         |       SPEF |   5.181 | 0.000 |   3.460 | 
     | My_bus/U17          | A1 v -> ZN ^ | NAND2_X1     | 0.112 | My_bus/n260         |            |  11.477 | 0.151 |   3.610 | 
     | My_bus/U16          |              | NOR2_X2      | 0.112 | My_bus/n260         |       SPEF |  11.477 | 0.001 |   3.611 | 
     | My_bus/U16          | A1 ^ -> ZN v | NOR2_X2      | 0.041 | YOUR_ADDRBUS[29]    |            |  18.318 | 0.082 |   3.694 | 
     | My_bus/U23          |              | INV_X4       | 0.041 | YOUR_ADDRBUS[29]    |       SPEF |  18.318 | 0.003 |   3.696 | 
     | My_bus/U23          | A v -> ZN ^  | INV_X4       | 0.282 | My_bus/n90          |            | 129.242 | 0.297 |   3.993 | 
     | My_bus/U215         |              | NOR2_X1      | 0.282 | My_bus/n90          |       SPEF | 129.242 | 0.009 |   4.002 | 
     | My_bus/U215         | A2 ^ -> ZN v | NOR2_X1      | 0.067 | YOUR_ADDRBUS[24]    |            |   4.622 | 0.096 |   4.098 | 
     | my_core_adapter     |              | core_adapter | 0.067 | YOUR_ADDRBUS[24]    |       SPEF |   4.622 | 0.001 |   4.099 | 
     +--------------------------------------------------------------------------------------------------------------------------+ 
Path 9: MET Setup Check with Pin my_core_adapter/clk 
Endpoint:   my_core_adapter/addr_in[23] (v) checked with  leading edge of 'CLK'
Beginpoint: EXT_BUSY                    (^) triggered by  leading edge of 'CLK'
Path Groups: {CLK}
Analysis View: ensc450_av
Other End Arrival Time          0.000
- Setup                         5.791
+ Phase Shift                  12.000
= Required Time                 6.209
- Arrival Time                  4.097
= Slack Time                    2.112
     Clock Rise Edge                      0.000
     + Input Delay                        0.800
     = Beginpoint Arrival Time            0.800
     +--------------------------------------------------------------------------------------------------------------------------+ 
     |      Instance       |     Arc      |     Cell     |  Slew |         Net         |    Arc     |  Load   | Delay | Arrival | 
     |                     |              |              |       |                     | Annotation |         |       |  Time   | 
     |---------------------+--------------+--------------+-------+---------------------+------------+---------+-------+---------| 
     |                     | EXT_BUSY ^   |              | 0.002 | EXT_BUSY            |       SPEF |  29.439 |       |   0.800 | 
     | My_bus/FE_RC_0_0    |              | NAND2_X1     | 0.008 | EXT_BUSY            |       SPEF |  29.439 | 0.008 |   0.808 | 
     | My_bus/FE_RC_0_0    | A1 ^ -> ZN v | NAND2_X1     | 0.053 | My_bus/n302         |            |   3.360 | 0.033 |   0.842 | 
     | My_bus/U623         |              | NOR3_X1      | 0.053 | My_bus/n302         |       SPEF |   3.360 | 0.000 |   0.842 | 
     | My_bus/U623         | A3 v -> ZN ^ | NOR3_X1      | 0.297 | My_bus/n96          |            |   8.641 | 0.425 |   1.267 | 
     | My_bus/U616         |              | AOI211_X1    | 0.297 | My_bus/n96          |       SPEF |   8.641 | 0.000 |   1.267 | 
     | My_bus/U616         | A ^ -> ZN v  | AOI211_X1    | 0.076 | My_bus/n4           |            |   3.433 | 0.112 |   1.380 | 
     | My_bus/U615         |              | INV_X1       | 0.076 | My_bus/n4           |       SPEF |   3.433 | 0.000 |   1.380 | 
     | My_bus/U615         | A v -> ZN ^  | INV_X1       | 0.292 | My_bus/n55          |            |  34.887 | 0.357 |   1.736 | 
     | My_bus/U24          |              | NOR2_X4      | 0.292 | My_bus/n55          |       SPEF |  34.887 | 0.003 |   1.739 | 
     | My_bus/U24          | A1 ^ -> ZN v | NOR2_X4      | 0.102 | My_bus/n94          |            |  67.366 | 0.157 |   1.896 | 
     | My_bus/U614         |              | INV_X1       | 0.102 | My_bus/n94          |       SPEF |  67.366 | 0.000 |   1.896 | 
     | My_bus/U614         | A v -> ZN ^  | INV_X1       | 0.041 | My_bus/n297         |            |   1.951 | 0.086 |   1.982 | 
     | My_bus/U15          |              | OAI21_X1     | 0.041 | My_bus/n297         |       SPEF |   1.951 | 0.000 |   1.982 | 
     | My_bus/U15          | A ^ -> ZN v  | OAI21_X1     | 0.065 | My_bus/n97          |            |   2.390 | 0.057 |   2.040 | 
     | My_bus/FE_OFC72_n97 |              | CLKBUF_X2    | 0.065 | My_bus/n97          |       SPEF |   2.390 | 0.000 |   2.040 | 
     | My_bus/FE_OFC72_n97 | A v -> Z v   | CLKBUF_X2    | 0.170 | My_bus/FE_OFN72_n97 |            |  69.785 | 0.274 |   2.314 | 
     | My_bus/U594         |              | AOI22_X1     | 0.172 | My_bus/FE_OFN72_n97 |       SPEF |  69.785 | 0.026 |   2.340 | 
     | My_bus/U594         | A2 v -> ZN ^ | AOI22_X1     | 0.194 | My_bus/n82          |            |   7.364 | 0.324 |   2.664 | 
     | My_bus/U593         |              | AND4_X1      | 0.194 | My_bus/n82          |       SPEF |   7.364 | 0.000 |   2.665 | 
     | My_bus/U593         | A4 ^ -> ZN ^ | AND4_X1      | 0.040 | My_bus/n294         |            |   1.926 | 0.223 |   2.888 | 
     | My_bus/U592         |              | NAND2_X1     | 0.040 | My_bus/n294         |       SPEF |   1.926 | 0.000 |   2.888 | 
     | My_bus/U592         | A2 ^ -> ZN v | NAND2_X1     | 0.039 | My_bus/n271         |            |   7.658 | 0.073 |   2.960 | 
     | My_bus/U589         |              | NOR3_X1      | 0.039 | My_bus/n271         |       SPEF |   7.658 | 0.000 |   2.961 | 
     | My_bus/U589         | A2 v -> ZN ^ | NOR3_X1      | 0.097 | My_bus/n290         |            |   1.424 | 0.174 |   3.135 | 
     | My_bus/U583         |              | AND4_X1      | 0.097 | My_bus/n290         |       SPEF |   1.424 | 0.000 |   3.135 | 
     | My_bus/U583         | A3 ^ -> ZN ^ | AND4_X1      | 0.061 | My_bus/n278         |            |   4.712 | 0.228 |   3.363 | 
     | My_bus/U574         |              | NAND3_X1     | 0.061 | My_bus/n278         |       SPEF |   4.712 | 0.000 |   3.363 | 
     | My_bus/U574         | A2 ^ -> ZN v | NAND3_X1     | 0.055 | My_bus/n261         |            |   5.181 | 0.097 |   3.460 | 
     | My_bus/U17          |              | NAND2_X1     | 0.055 | My_bus/n261         |       SPEF |   5.181 | 0.000 |   3.460 | 
     | My_bus/U17          | A1 v -> ZN ^ | NAND2_X1     | 0.112 | My_bus/n260         |            |  11.477 | 0.151 |   3.610 | 
     | My_bus/U16          |              | NOR2_X2      | 0.112 | My_bus/n260         |       SPEF |  11.477 | 0.001 |   3.611 | 
     | My_bus/U16          | A1 ^ -> ZN v | NOR2_X2      | 0.041 | YOUR_ADDRBUS[29]    |            |  18.318 | 0.082 |   3.694 | 
     | My_bus/U23          |              | INV_X4       | 0.041 | YOUR_ADDRBUS[29]    |       SPEF |  18.318 | 0.003 |   3.696 | 
     | My_bus/U23          | A v -> ZN ^  | INV_X4       | 0.282 | My_bus/n90          |            | 129.242 | 0.297 |   3.993 | 
     | My_bus/U216         |              | NOR2_X1      | 0.282 | My_bus/n90          |       SPEF | 129.242 | 0.011 |   4.004 | 
     | My_bus/U216         | A2 ^ -> ZN v | NOR2_X1      | 0.065 | YOUR_ADDRBUS[23]    |            |   4.249 | 0.092 |   4.096 | 
     | my_core_adapter     |              | core_adapter | 0.065 | YOUR_ADDRBUS[23]    |       SPEF |   4.249 | 0.001 |   4.097 | 
     +--------------------------------------------------------------------------------------------------------------------------+ 
Path 10: MET Setup Check with Pin my_core_adapter/clk 
Endpoint:   my_core_adapter/addr_in[22] (v) checked with  leading edge of 'CLK'
Beginpoint: EXT_BUSY                    (^) triggered by  leading edge of 'CLK'
Path Groups: {CLK}
Analysis View: ensc450_av
Other End Arrival Time          0.000
- Setup                         5.605
+ Phase Shift                  12.000
= Required Time                 6.395
- Arrival Time                  4.102
= Slack Time                    2.293
     Clock Rise Edge                      0.000
     + Input Delay                        0.800
     = Beginpoint Arrival Time            0.800
     +--------------------------------------------------------------------------------------------------------------------------+ 
     |      Instance       |     Arc      |     Cell     |  Slew |         Net         |    Arc     |  Load   | Delay | Arrival | 
     |                     |              |              |       |                     | Annotation |         |       |  Time   | 
     |---------------------+--------------+--------------+-------+---------------------+------------+---------+-------+---------| 
     |                     | EXT_BUSY ^   |              | 0.002 | EXT_BUSY            |       SPEF |  29.439 |       |   0.800 | 
     | My_bus/FE_RC_0_0    |              | NAND2_X1     | 0.008 | EXT_BUSY            |       SPEF |  29.439 | 0.008 |   0.808 | 
     | My_bus/FE_RC_0_0    | A1 ^ -> ZN v | NAND2_X1     | 0.053 | My_bus/n302         |            |   3.360 | 0.033 |   0.842 | 
     | My_bus/U623         |              | NOR3_X1      | 0.053 | My_bus/n302         |       SPEF |   3.360 | 0.000 |   0.842 | 
     | My_bus/U623         | A3 v -> ZN ^ | NOR3_X1      | 0.297 | My_bus/n96          |            |   8.641 | 0.425 |   1.267 | 
     | My_bus/U616         |              | AOI211_X1    | 0.297 | My_bus/n96          |       SPEF |   8.641 | 0.000 |   1.267 | 
     | My_bus/U616         | A ^ -> ZN v  | AOI211_X1    | 0.076 | My_bus/n4           |            |   3.433 | 0.112 |   1.379 | 
     | My_bus/U615         |              | INV_X1       | 0.076 | My_bus/n4           |       SPEF |   3.433 | 0.000 |   1.380 | 
     | My_bus/U615         | A v -> ZN ^  | INV_X1       | 0.292 | My_bus/n55          |            |  34.887 | 0.357 |   1.736 | 
     | My_bus/U24          |              | NOR2_X4      | 0.292 | My_bus/n55          |       SPEF |  34.887 | 0.003 |   1.739 | 
     | My_bus/U24          | A1 ^ -> ZN v | NOR2_X4      | 0.102 | My_bus/n94          |            |  67.366 | 0.157 |   1.896 | 
     | My_bus/U614         |              | INV_X1       | 0.102 | My_bus/n94          |       SPEF |  67.366 | 0.000 |   1.896 | 
     | My_bus/U614         | A v -> ZN ^  | INV_X1       | 0.041 | My_bus/n297         |            |   1.951 | 0.086 |   1.982 | 
     | My_bus/U15          |              | OAI21_X1     | 0.041 | My_bus/n297         |       SPEF |   1.951 | 0.000 |   1.982 | 
     | My_bus/U15          | A ^ -> ZN v  | OAI21_X1     | 0.065 | My_bus/n97          |            |   2.390 | 0.057 |   2.040 | 
     | My_bus/FE_OFC72_n97 |              | CLKBUF_X2    | 0.065 | My_bus/n97          |       SPEF |   2.390 | 0.000 |   2.040 | 
     | My_bus/FE_OFC72_n97 | A v -> Z v   | CLKBUF_X2    | 0.170 | My_bus/FE_OFN72_n97 |            |  69.785 | 0.274 |   2.314 | 
     | My_bus/U594         |              | AOI22_X1     | 0.172 | My_bus/FE_OFN72_n97 |       SPEF |  69.785 | 0.026 |   2.340 | 
     | My_bus/U594         | A2 v -> ZN ^ | AOI22_X1     | 0.194 | My_bus/n82          |            |   7.364 | 0.324 |   2.664 | 
     | My_bus/U593         |              | AND4_X1      | 0.194 | My_bus/n82          |       SPEF |   7.364 | 0.000 |   2.665 | 
     | My_bus/U593         | A4 ^ -> ZN ^ | AND4_X1      | 0.040 | My_bus/n294         |            |   1.926 | 0.223 |   2.888 | 
     | My_bus/U592         |              | NAND2_X1     | 0.040 | My_bus/n294         |       SPEF |   1.926 | 0.000 |   2.888 | 
     | My_bus/U592         | A2 ^ -> ZN v | NAND2_X1     | 0.039 | My_bus/n271         |            |   7.658 | 0.073 |   2.960 | 
     | My_bus/U589         |              | NOR3_X1      | 0.039 | My_bus/n271         |       SPEF |   7.658 | 0.000 |   2.961 | 
     | My_bus/U589         | A2 v -> ZN ^ | NOR3_X1      | 0.097 | My_bus/n290         |            |   1.424 | 0.174 |   3.135 | 
     | My_bus/U583         |              | AND4_X1      | 0.097 | My_bus/n290         |       SPEF |   1.424 | 0.000 |   3.135 | 
     | My_bus/U583         | A3 ^ -> ZN ^ | AND4_X1      | 0.061 | My_bus/n278         |            |   4.712 | 0.228 |   3.363 | 
     | My_bus/U574         |              | NAND3_X1     | 0.061 | My_bus/n278         |       SPEF |   4.712 | 0.000 |   3.363 | 
     | My_bus/U574         | A2 ^ -> ZN v | NAND3_X1     | 0.055 | My_bus/n261         |            |   5.181 | 0.097 |   3.460 | 
     | My_bus/U17          |              | NAND2_X1     | 0.055 | My_bus/n261         |       SPEF |   5.181 | 0.000 |   3.460 | 
     | My_bus/U17          | A1 v -> ZN ^ | NAND2_X1     | 0.112 | My_bus/n260         |            |  11.477 | 0.151 |   3.610 | 
     | My_bus/U16          |              | NOR2_X2      | 0.112 | My_bus/n260         |       SPEF |  11.477 | 0.001 |   3.611 | 
     | My_bus/U16          | A1 ^ -> ZN v | NOR2_X2      | 0.041 | YOUR_ADDRBUS[29]    |            |  18.318 | 0.082 |   3.694 | 
     | My_bus/U23          |              | INV_X4       | 0.041 | YOUR_ADDRBUS[29]    |       SPEF |  18.318 | 0.003 |   3.696 | 
     | My_bus/U23          | A v -> ZN ^  | INV_X4       | 0.282 | My_bus/n90          |            | 129.242 | 0.297 |   3.993 | 
     | My_bus/U217         |              | NOR2_X1      | 0.283 | My_bus/n90          |       SPEF | 129.242 | 0.012 |   4.005 | 
     | My_bus/U217         | A2 ^ -> ZN v | NOR2_X1      | 0.067 | YOUR_ADDRBUS[22]    |            |   4.695 | 0.096 |   4.101 | 
     | my_core_adapter     |              | core_adapter | 0.067 | YOUR_ADDRBUS[22]    |       SPEF |   4.695 | 0.001 |   4.102 | 
     +--------------------------------------------------------------------------------------------------------------------------+ 

