###############################################################
#  Generated by:      Cadence Innovus 18.10-p002_1
#  OS:                Linux x86_64(Host ID ensc-esil-03)
#  Generated on:      Tue Apr 20 01:21:22 2021
#  Design:            ensc450
#  Command:           report_timing -net -format {instance arc cell slew net annotation load delay arrival} -max_paths 10 >  results/timing/pt5-06-cts_setup.rpt
###############################################################
Path 1: MET Setup Check with Pin my_core_adapter/clk 
Endpoint:   my_core_adapter/addr_in[31] (v) checked with  leading edge of 'CLK'
Beginpoint: EXT_BUSY                    (^) triggered by  leading edge of 'CLK'
Path Groups: {CLK}
Analysis View: ensc450_av
Other End Arrival Time          0.000
- Setup                         7.112
+ Phase Shift                  12.000
= Required Time                 4.888
- Arrival Time                  3.983
= Slack Time                    0.905
     Clock Rise Edge                      0.000
     + Input Delay                        0.800
     = Beginpoint Arrival Time            0.800
     +--------------------------------------------------------------------------------------------------------------------------+ 
     |      Instance       |     Arc      |     Cell     |  Slew |         Net         |    Arc     |  Load   | Delay | Arrival | 
     |                     |              |              |       |                     | Annotation |         |       |  Time   | 
     |---------------------+--------------+--------------+-------+---------------------+------------+---------+-------+---------| 
     |                     | EXT_BUSY ^   |              | 0.002 | EXT_BUSY            |       SPEF |  27.146 |       |   0.800 | 
     | My_bus/U624         |              | AOI22_X1     | 0.007 | EXT_BUSY            |       SPEF |  27.146 | 0.008 |   0.808 | 
     | My_bus/U624         | B1 ^ -> ZN v | AOI22_X1     | 0.051 | My_bus/n302         |            |   2.552 | 0.042 |   0.849 | 
     | My_bus/U623         |              | NOR3_X1      | 0.051 | My_bus/n302         |       SPEF |   2.552 | 0.000 |   0.849 | 
     | My_bus/U623         | A3 v -> ZN ^ | NOR3_X1      | 0.287 | My_bus/n96          |            |   8.522 | 0.412 |   1.262 | 
     | My_bus/U616         |              | AOI211_X1    | 0.287 | My_bus/n96          |       SPEF |   8.522 | 0.000 |   1.262 | 
     | My_bus/U616         | A ^ -> ZN v  | AOI211_X1    | 0.075 | My_bus/n4           |            |   3.237 | 0.111 |   1.373 | 
     | My_bus/U615         |              | INV_X1       | 0.075 | My_bus/n4           |       SPEF |   3.237 | 0.000 |   1.373 | 
     | My_bus/U615         | A v -> ZN ^  | INV_X1       | 0.279 | My_bus/n55          |            |  34.600 | 0.341 |   1.714 | 
     | My_bus/U24          |              | NOR2_X4      | 0.279 | My_bus/n55          |       SPEF |  34.600 | 0.003 |   1.717 | 
     | My_bus/U24          | A1 ^ -> ZN v | NOR2_X4      | 0.096 | My_bus/n94          |            |  64.073 | 0.153 |   1.870 | 
     | My_bus/U614         |              | INV_X1       | 0.096 | My_bus/n94          |       SPEF |  64.073 | 0.000 |   1.871 | 
     | My_bus/U614         | A v -> ZN ^  | INV_X1       | 0.038 | My_bus/n297         |            |   1.885 | 0.081 |   1.952 | 
     | My_bus/U15          |              | OAI21_X1     | 0.038 | My_bus/n297         |       SPEF |   1.885 | 0.000 |   1.952 | 
     | My_bus/U15          | A ^ -> ZN v  | OAI21_X1     | 0.065 | My_bus/n97          |            |   2.179 | 0.056 |   2.007 | 
     | My_bus/FE_OFC72_n97 |              | CLKBUF_X2    | 0.065 | My_bus/n97          |       SPEF |   2.179 | 0.000 |   2.007 | 
     | My_bus/FE_OFC72_n97 | A v -> Z v   | CLKBUF_X2    | 0.163 | My_bus/FE_OFN72_n97 |            |  67.352 | 0.273 |   2.280 | 
     | My_bus/U594         |              | AOI22_X1     | 0.164 | My_bus/FE_OFN72_n97 |       SPEF |  67.352 | 0.020 |   2.300 | 
     | My_bus/U594         | A2 v -> ZN ^ | AOI22_X1     | 0.188 | My_bus/n82          |            |   7.163 | 0.312 |   2.612 | 
     | My_bus/U593         |              | AND4_X1      | 0.188 | My_bus/n82          |       SPEF |   7.163 | 0.000 |   2.612 | 
     | My_bus/U593         | A4 ^ -> ZN ^ | AND4_X1      | 0.038 | My_bus/n294         |            |   1.800 | 0.219 |   2.831 | 
     | My_bus/U592         |              | NAND2_X1     | 0.038 | My_bus/n294         |       SPEF |   1.800 | 0.000 |   2.831 | 
     | My_bus/U592         | A2 ^ -> ZN v | NAND2_X1     | 0.036 | My_bus/n271         |            |   6.638 | 0.068 |   2.899 | 
     | My_bus/U589         |              | NOR3_X1      | 0.036 | My_bus/n271         |       SPEF |   6.638 | 0.000 |   2.899 | 
     | My_bus/U589         | A2 v -> ZN ^ | NOR3_X1      | 0.093 | My_bus/n290         |            |   1.315 | 0.168 |   3.068 | 
     | My_bus/U583         |              | AND4_X1      | 0.093 | My_bus/n290         |       SPEF |   1.315 | 0.000 |   3.068 | 
     | My_bus/U583         | A3 ^ -> ZN ^ | AND4_X1      | 0.058 | My_bus/n278         |            |   4.499 | 0.223 |   3.290 | 
     | My_bus/U574         |              | NAND3_X1     | 0.058 | My_bus/n278         |       SPEF |   4.499 | 0.000 |   3.291 | 
     | My_bus/U574         | A2 ^ -> ZN v | NAND3_X1     | 0.054 | My_bus/n261         |            |   5.011 | 0.095 |   3.386 | 
     | My_bus/U17          |              | NAND2_X1     | 0.054 | My_bus/n261         |       SPEF |   5.011 | 0.000 |   3.386 | 
     | My_bus/U17          | A1 v -> ZN ^ | NAND2_X1     | 0.104 | My_bus/n260         |            |  10.905 | 0.142 |   3.528 | 
     | My_bus/U16          |              | NOR2_X2      | 0.104 | My_bus/n260         |       SPEF |  10.905 | 0.001 |   3.529 | 
     | My_bus/U16          | A1 ^ -> ZN v | NOR2_X2      | 0.040 | YOUR_ADDRBUS[29]    |            |  19.134 | 0.084 |   3.612 | 
     | My_bus/U23          |              | INV_X4       | 0.040 | YOUR_ADDRBUS[29]    |       SPEF |  19.134 | 0.003 |   3.615 | 
     | My_bus/U23          | A v -> ZN ^  | INV_X4       | 0.258 | My_bus/n90          |            | 122.438 | 0.280 |   3.895 | 
     | My_bus/U208         |              | NOR2_X1      | 0.258 | My_bus/n90          |       SPEF | 122.438 | 0.001 |   3.896 | 
     | My_bus/U208         | A2 ^ -> ZN v | NOR2_X1      | 0.077 | YOUR_ADDRBUS[31]    |            |   3.949 | 0.087 |   3.983 | 
     | my_core_adapter     |              | core_adapter | 0.077 | YOUR_ADDRBUS[31]    |       SPEF |   3.949 | 0.000 |   3.983 | 
     +--------------------------------------------------------------------------------------------------------------------------+ 
Path 2: MET Setup Check with Pin my_core_adapter/clk 
Endpoint:   my_core_adapter/addr_in[30] (v) checked with  leading edge of 'CLK'
Beginpoint: EXT_BUSY                    (^) triggered by  leading edge of 'CLK'
Path Groups: {CLK}
Analysis View: ensc450_av
Other End Arrival Time          0.000
- Setup                         7.086
+ Phase Shift                  12.000
= Required Time                 4.914
- Arrival Time                  3.982
= Slack Time                    0.932
     Clock Rise Edge                      0.000
     + Input Delay                        0.800
     = Beginpoint Arrival Time            0.800
     +--------------------------------------------------------------------------------------------------------------------------+ 
     |      Instance       |     Arc      |     Cell     |  Slew |         Net         |    Arc     |  Load   | Delay | Arrival | 
     |                     |              |              |       |                     | Annotation |         |       |  Time   | 
     |---------------------+--------------+--------------+-------+---------------------+------------+---------+-------+---------| 
     |                     | EXT_BUSY ^   |              | 0.002 | EXT_BUSY            |       SPEF |  27.146 |       |   0.800 | 
     | My_bus/U624         |              | AOI22_X1     | 0.007 | EXT_BUSY            |       SPEF |  27.146 | 0.008 |   0.808 | 
     | My_bus/U624         | B1 ^ -> ZN v | AOI22_X1     | 0.051 | My_bus/n302         |            |   2.552 | 0.042 |   0.849 | 
     | My_bus/U623         |              | NOR3_X1      | 0.051 | My_bus/n302         |       SPEF |   2.552 | 0.000 |   0.849 | 
     | My_bus/U623         | A3 v -> ZN ^ | NOR3_X1      | 0.287 | My_bus/n96          |            |   8.522 | 0.412 |   1.262 | 
     | My_bus/U616         |              | AOI211_X1    | 0.287 | My_bus/n96          |       SPEF |   8.522 | 0.000 |   1.262 | 
     | My_bus/U616         | A ^ -> ZN v  | AOI211_X1    | 0.075 | My_bus/n4           |            |   3.237 | 0.111 |   1.373 | 
     | My_bus/U615         |              | INV_X1       | 0.075 | My_bus/n4           |       SPEF |   3.237 | 0.000 |   1.373 | 
     | My_bus/U615         | A v -> ZN ^  | INV_X1       | 0.279 | My_bus/n55          |            |  34.600 | 0.341 |   1.714 | 
     | My_bus/U24          |              | NOR2_X4      | 0.279 | My_bus/n55          |       SPEF |  34.600 | 0.003 |   1.717 | 
     | My_bus/U24          | A1 ^ -> ZN v | NOR2_X4      | 0.096 | My_bus/n94          |            |  64.073 | 0.153 |   1.870 | 
     | My_bus/U614         |              | INV_X1       | 0.096 | My_bus/n94          |       SPEF |  64.073 | 0.000 |   1.871 | 
     | My_bus/U614         | A v -> ZN ^  | INV_X1       | 0.038 | My_bus/n297         |            |   1.885 | 0.081 |   1.952 | 
     | My_bus/U15          |              | OAI21_X1     | 0.038 | My_bus/n297         |       SPEF |   1.885 | 0.000 |   1.952 | 
     | My_bus/U15          | A ^ -> ZN v  | OAI21_X1     | 0.065 | My_bus/n97          |            |   2.179 | 0.056 |   2.007 | 
     | My_bus/FE_OFC72_n97 |              | CLKBUF_X2    | 0.065 | My_bus/n97          |       SPEF |   2.179 | 0.000 |   2.007 | 
     | My_bus/FE_OFC72_n97 | A v -> Z v   | CLKBUF_X2    | 0.163 | My_bus/FE_OFN72_n97 |            |  67.352 | 0.273 |   2.280 | 
     | My_bus/U594         |              | AOI22_X1     | 0.164 | My_bus/FE_OFN72_n97 |       SPEF |  67.352 | 0.020 |   2.300 | 
     | My_bus/U594         | A2 v -> ZN ^ | AOI22_X1     | 0.188 | My_bus/n82          |            |   7.163 | 0.312 |   2.612 | 
     | My_bus/U593         |              | AND4_X1      | 0.188 | My_bus/n82          |       SPEF |   7.163 | 0.000 |   2.612 | 
     | My_bus/U593         | A4 ^ -> ZN ^ | AND4_X1      | 0.038 | My_bus/n294         |            |   1.800 | 0.219 |   2.831 | 
     | My_bus/U592         |              | NAND2_X1     | 0.038 | My_bus/n294         |       SPEF |   1.800 | 0.000 |   2.831 | 
     | My_bus/U592         | A2 ^ -> ZN v | NAND2_X1     | 0.036 | My_bus/n271         |            |   6.638 | 0.068 |   2.899 | 
     | My_bus/U589         |              | NOR3_X1      | 0.036 | My_bus/n271         |       SPEF |   6.638 | 0.000 |   2.899 | 
     | My_bus/U589         | A2 v -> ZN ^ | NOR3_X1      | 0.093 | My_bus/n290         |            |   1.315 | 0.168 |   3.068 | 
     | My_bus/U583         |              | AND4_X1      | 0.093 | My_bus/n290         |       SPEF |   1.315 | 0.000 |   3.068 | 
     | My_bus/U583         | A3 ^ -> ZN ^ | AND4_X1      | 0.058 | My_bus/n278         |            |   4.499 | 0.223 |   3.290 | 
     | My_bus/U574         |              | NAND3_X1     | 0.058 | My_bus/n278         |       SPEF |   4.499 | 0.000 |   3.291 | 
     | My_bus/U574         | A2 ^ -> ZN v | NAND3_X1     | 0.054 | My_bus/n261         |            |   5.011 | 0.095 |   3.386 | 
     | My_bus/U17          |              | NAND2_X1     | 0.054 | My_bus/n261         |       SPEF |   5.011 | 0.000 |   3.386 | 
     | My_bus/U17          | A1 v -> ZN ^ | NAND2_X1     | 0.104 | My_bus/n260         |            |  10.905 | 0.142 |   3.528 | 
     | My_bus/U16          |              | NOR2_X2      | 0.104 | My_bus/n260         |       SPEF |  10.905 | 0.001 |   3.529 | 
     | My_bus/U16          | A1 ^ -> ZN v | NOR2_X2      | 0.040 | YOUR_ADDRBUS[29]    |            |  19.134 | 0.084 |   3.612 | 
     | My_bus/U23          |              | INV_X4       | 0.040 | YOUR_ADDRBUS[29]    |       SPEF |  19.134 | 0.003 |   3.615 | 
     | My_bus/U23          | A v -> ZN ^  | INV_X4       | 0.258 | My_bus/n90          |            | 122.438 | 0.280 |   3.895 | 
     | My_bus/U209         |              | NOR2_X1      | 0.258 | My_bus/n90          |       SPEF | 122.438 | 0.003 |   3.898 | 
     | My_bus/U209         | A2 ^ -> ZN v | NOR2_X1      | 0.065 | YOUR_ADDRBUS[30]    |            |   3.654 | 0.084 |   3.982 | 
     | my_core_adapter     |              | core_adapter | 0.065 | YOUR_ADDRBUS[30]    |       SPEF |   3.654 | 0.000 |   3.982 | 
     +--------------------------------------------------------------------------------------------------------------------------+ 
Path 3: MET Setup Check with Pin my_core_adapter/clk 
Endpoint:   my_core_adapter/addr_in[29] (^) checked with  leading edge of 'CLK'
Beginpoint: EXT_BUSY                    (^) triggered by  leading edge of 'CLK'
Path Groups: {CLK}
Analysis View: ensc450_av
Other End Arrival Time          0.000
- Setup                         6.919
+ Phase Shift                  12.000
= Required Time                 5.081
- Arrival Time                  3.912
= Slack Time                    1.169
     Clock Rise Edge                      0.000
     + Input Delay                        0.800
     = Beginpoint Arrival Time            0.800
     +-------------------------------------------------------------------------------------------------------------------------+ 
     |      Instance       |     Arc      |     Cell     |  Slew |         Net         |    Arc     |  Load  | Delay | Arrival | 
     |                     |              |              |       |                     | Annotation |        |       |  Time   | 
     |---------------------+--------------+--------------+-------+---------------------+------------+--------+-------+---------| 
     |                     | EXT_BUSY ^   |              | 0.002 | EXT_BUSY            |       SPEF | 27.146 |       |   0.800 | 
     | My_bus/U624         |              | AOI22_X1     | 0.007 | EXT_BUSY            |       SPEF | 27.146 | 0.008 |   0.808 | 
     | My_bus/U624         | B1 ^ -> ZN v | AOI22_X1     | 0.051 | My_bus/n302         |            |  2.552 | 0.042 |   0.849 | 
     | My_bus/U623         |              | NOR3_X1      | 0.051 | My_bus/n302         |       SPEF |  2.552 | 0.000 |   0.849 | 
     | My_bus/U623         | A3 v -> ZN ^ | NOR3_X1      | 0.287 | My_bus/n96          |            |  8.522 | 0.412 |   1.262 | 
     | My_bus/U616         |              | AOI211_X1    | 0.287 | My_bus/n96          |       SPEF |  8.522 | 0.000 |   1.262 | 
     | My_bus/U616         | A ^ -> ZN v  | AOI211_X1    | 0.075 | My_bus/n4           |            |  3.237 | 0.111 |   1.373 | 
     | My_bus/U615         |              | INV_X1       | 0.075 | My_bus/n4           |       SPEF |  3.237 | 0.000 |   1.373 | 
     | My_bus/U615         | A v -> ZN ^  | INV_X1       | 0.279 | My_bus/n55          |            | 34.600 | 0.341 |   1.714 | 
     | My_bus/U24          |              | NOR2_X4      | 0.279 | My_bus/n55          |       SPEF | 34.600 | 0.003 |   1.717 | 
     | My_bus/U24          | A1 ^ -> ZN v | NOR2_X4      | 0.096 | My_bus/n94          |            | 64.073 | 0.153 |   1.870 | 
     | My_bus/U614         |              | INV_X1       | 0.096 | My_bus/n94          |       SPEF | 64.073 | 0.000 |   1.871 | 
     | My_bus/U614         | A v -> ZN ^  | INV_X1       | 0.038 | My_bus/n297         |            |  1.885 | 0.081 |   1.952 | 
     | My_bus/U15          |              | OAI21_X1     | 0.038 | My_bus/n297         |       SPEF |  1.885 | 0.000 |   1.952 | 
     | My_bus/U15          | A ^ -> ZN v  | OAI21_X1     | 0.065 | My_bus/n97          |            |  2.179 | 0.056 |   2.007 | 
     | My_bus/FE_OFC72_n97 |              | CLKBUF_X2    | 0.065 | My_bus/n97          |       SPEF |  2.179 | 0.000 |   2.007 | 
     | My_bus/FE_OFC72_n97 | A v -> Z v   | CLKBUF_X2    | 0.163 | My_bus/FE_OFN72_n97 |            | 67.352 | 0.273 |   2.280 | 
     | My_bus/U594         |              | AOI22_X1     | 0.164 | My_bus/FE_OFN72_n97 |       SPEF | 67.352 | 0.020 |   2.300 | 
     | My_bus/U594         | A2 v -> ZN ^ | AOI22_X1     | 0.188 | My_bus/n82          |            |  7.163 | 0.312 |   2.612 | 
     | My_bus/U593         |              | AND4_X1      | 0.188 | My_bus/n82          |       SPEF |  7.163 | 0.000 |   2.612 | 
     | My_bus/U593         | A4 ^ -> ZN ^ | AND4_X1      | 0.038 | My_bus/n294         |            |  1.800 | 0.219 |   2.831 | 
     | My_bus/U592         |              | NAND2_X1     | 0.038 | My_bus/n294         |       SPEF |  1.800 | 0.000 |   2.831 | 
     | My_bus/U592         | A2 ^ -> ZN v | NAND2_X1     | 0.036 | My_bus/n271         |            |  6.638 | 0.068 |   2.899 | 
     | My_bus/U589         |              | NOR3_X1      | 0.036 | My_bus/n271         |       SPEF |  6.638 | 0.000 |   2.899 | 
     | My_bus/U589         | A2 v -> ZN ^ | NOR3_X1      | 0.093 | My_bus/n290         |            |  1.315 | 0.168 |   3.068 | 
     | My_bus/U583         |              | AND4_X1      | 0.093 | My_bus/n290         |       SPEF |  1.315 | 0.000 |   3.068 | 
     | My_bus/U583         | A3 ^ -> ZN ^ | AND4_X1      | 0.058 | My_bus/n278         |            |  4.499 | 0.223 |   3.290 | 
     | My_bus/U559         |              | NAND4_X1     | 0.058 | My_bus/n278         |       SPEF |  4.499 | 0.000 |   3.291 | 
     | My_bus/U559         | A3 ^ -> ZN v | NAND4_X1     | 0.085 | My_bus/n264         |            |  3.464 | 0.114 |   3.404 | 
     | My_bus/U558         |              | NAND2_X1     | 0.085 | My_bus/n264         |       SPEF |  3.464 | 0.000 |   3.404 | 
     | My_bus/U558         | A2 v -> ZN ^ | NAND2_X1     | 0.094 | My_bus/n259         |            |  9.478 | 0.158 |   3.562 | 
     | My_bus/U18          |              | INV_X1       | 0.094 | My_bus/n259         |       SPEF |  9.478 | 0.001 |   3.563 | 
     | My_bus/U18          | A ^ -> ZN v  | INV_X1       | 0.036 | My_bus/n8           |            |  9.050 | 0.076 |   3.638 | 
     | My_bus/U16          |              | NOR2_X2      | 0.036 | My_bus/n8           |       SPEF |  9.050 | 0.000 |   3.639 | 
     | My_bus/U16          | A2 v -> ZN ^ | NOR2_X2      | 0.202 | YOUR_ADDRBUS[29]    |            | 19.995 | 0.270 |   3.909 | 
     | my_core_adapter     |              | core_adapter | 0.202 | YOUR_ADDRBUS[29]    |       SPEF | 19.995 | 0.003 |   3.912 | 
     +-------------------------------------------------------------------------------------------------------------------------+ 
Path 4: MET Setup Check with Pin my_core_adapter/clk 
Endpoint:   my_core_adapter/addr_in[28] (v) checked with  leading edge of 'CLK'
Beginpoint: EXT_BUSY                    (^) triggered by  leading edge of 'CLK'
Path Groups: {CLK}
Analysis View: ensc450_av
Other End Arrival Time          0.000
- Setup                         6.720
+ Phase Shift                  12.000
= Required Time                 5.280
- Arrival Time                  3.987
= Slack Time                    1.293
     Clock Rise Edge                      0.000
     + Input Delay                        0.800
     = Beginpoint Arrival Time            0.800
     +--------------------------------------------------------------------------------------------------------------------------+ 
     |      Instance       |     Arc      |     Cell     |  Slew |         Net         |    Arc     |  Load   | Delay | Arrival | 
     |                     |              |              |       |                     | Annotation |         |       |  Time   | 
     |---------------------+--------------+--------------+-------+---------------------+------------+---------+-------+---------| 
     |                     | EXT_BUSY ^   |              | 0.002 | EXT_BUSY            |       SPEF |  27.146 |       |   0.800 | 
     | My_bus/U624         |              | AOI22_X1     | 0.007 | EXT_BUSY            |       SPEF |  27.146 | 0.008 |   0.808 | 
     | My_bus/U624         | B1 ^ -> ZN v | AOI22_X1     | 0.051 | My_bus/n302         |            |   2.552 | 0.042 |   0.849 | 
     | My_bus/U623         |              | NOR3_X1      | 0.051 | My_bus/n302         |       SPEF |   2.552 | 0.000 |   0.849 | 
     | My_bus/U623         | A3 v -> ZN ^ | NOR3_X1      | 0.287 | My_bus/n96          |            |   8.522 | 0.412 |   1.262 | 
     | My_bus/U616         |              | AOI211_X1    | 0.287 | My_bus/n96          |       SPEF |   8.522 | 0.000 |   1.262 | 
     | My_bus/U616         | A ^ -> ZN v  | AOI211_X1    | 0.075 | My_bus/n4           |            |   3.237 | 0.111 |   1.373 | 
     | My_bus/U615         |              | INV_X1       | 0.075 | My_bus/n4           |       SPEF |   3.237 | 0.000 |   1.373 | 
     | My_bus/U615         | A v -> ZN ^  | INV_X1       | 0.279 | My_bus/n55          |            |  34.600 | 0.341 |   1.714 | 
     | My_bus/U24          |              | NOR2_X4      | 0.279 | My_bus/n55          |       SPEF |  34.600 | 0.003 |   1.717 | 
     | My_bus/U24          | A1 ^ -> ZN v | NOR2_X4      | 0.096 | My_bus/n94          |            |  64.073 | 0.153 |   1.870 | 
     | My_bus/U614         |              | INV_X1       | 0.096 | My_bus/n94          |       SPEF |  64.073 | 0.000 |   1.871 | 
     | My_bus/U614         | A v -> ZN ^  | INV_X1       | 0.038 | My_bus/n297         |            |   1.885 | 0.081 |   1.952 | 
     | My_bus/U15          |              | OAI21_X1     | 0.038 | My_bus/n297         |       SPEF |   1.885 | 0.000 |   1.952 | 
     | My_bus/U15          | A ^ -> ZN v  | OAI21_X1     | 0.065 | My_bus/n97          |            |   2.179 | 0.056 |   2.007 | 
     | My_bus/FE_OFC72_n97 |              | CLKBUF_X2    | 0.065 | My_bus/n97          |       SPEF |   2.179 | 0.000 |   2.007 | 
     | My_bus/FE_OFC72_n97 | A v -> Z v   | CLKBUF_X2    | 0.163 | My_bus/FE_OFN72_n97 |            |  67.352 | 0.273 |   2.280 | 
     | My_bus/U594         |              | AOI22_X1     | 0.164 | My_bus/FE_OFN72_n97 |       SPEF |  67.352 | 0.020 |   2.300 | 
     | My_bus/U594         | A2 v -> ZN ^ | AOI22_X1     | 0.188 | My_bus/n82          |            |   7.163 | 0.312 |   2.612 | 
     | My_bus/U593         |              | AND4_X1      | 0.188 | My_bus/n82          |       SPEF |   7.163 | 0.000 |   2.612 | 
     | My_bus/U593         | A4 ^ -> ZN ^ | AND4_X1      | 0.038 | My_bus/n294         |            |   1.800 | 0.219 |   2.831 | 
     | My_bus/U592         |              | NAND2_X1     | 0.038 | My_bus/n294         |       SPEF |   1.800 | 0.000 |   2.831 | 
     | My_bus/U592         | A2 ^ -> ZN v | NAND2_X1     | 0.036 | My_bus/n271         |            |   6.638 | 0.068 |   2.899 | 
     | My_bus/U589         |              | NOR3_X1      | 0.036 | My_bus/n271         |       SPEF |   6.638 | 0.000 |   2.899 | 
     | My_bus/U589         | A2 v -> ZN ^ | NOR3_X1      | 0.093 | My_bus/n290         |            |   1.315 | 0.168 |   3.068 | 
     | My_bus/U583         |              | AND4_X1      | 0.093 | My_bus/n290         |       SPEF |   1.315 | 0.000 |   3.068 | 
     | My_bus/U583         | A3 ^ -> ZN ^ | AND4_X1      | 0.058 | My_bus/n278         |            |   4.499 | 0.223 |   3.290 | 
     | My_bus/U574         |              | NAND3_X1     | 0.058 | My_bus/n278         |       SPEF |   4.499 | 0.000 |   3.291 | 
     | My_bus/U574         | A2 ^ -> ZN v | NAND3_X1     | 0.054 | My_bus/n261         |            |   5.011 | 0.095 |   3.386 | 
     | My_bus/U17          |              | NAND2_X1     | 0.054 | My_bus/n261         |       SPEF |   5.011 | 0.000 |   3.386 | 
     | My_bus/U17          | A1 v -> ZN ^ | NAND2_X1     | 0.104 | My_bus/n260         |            |  10.905 | 0.142 |   3.528 | 
     | My_bus/U16          |              | NOR2_X2      | 0.104 | My_bus/n260         |       SPEF |  10.905 | 0.001 |   3.529 | 
     | My_bus/U16          | A1 ^ -> ZN v | NOR2_X2      | 0.040 | YOUR_ADDRBUS[29]    |            |  19.134 | 0.084 |   3.612 | 
     | My_bus/U23          |              | INV_X4       | 0.040 | YOUR_ADDRBUS[29]    |       SPEF |  19.134 | 0.003 |   3.615 | 
     | My_bus/U23          | A v -> ZN ^  | INV_X4       | 0.258 | My_bus/n90          |            | 122.438 | 0.280 |   3.895 | 
     | My_bus/U211         |              | NOR2_X1      | 0.258 | My_bus/n90          |       SPEF | 122.438 | 0.004 |   3.899 | 
     | My_bus/U211         | A2 ^ -> ZN v | NOR2_X1      | 0.068 | YOUR_ADDRBUS[28]    |            |   3.954 | 0.087 |   3.986 | 
     | my_core_adapter     |              | core_adapter | 0.068 | YOUR_ADDRBUS[28]    |       SPEF |   3.954 | 0.000 |   3.987 | 
     +--------------------------------------------------------------------------------------------------------------------------+ 
Path 5: MET Setup Check with Pin my_core_adapter/clk 
Endpoint:   my_core_adapter/addr_in[27] (v) checked with  leading edge of 'CLK'
Beginpoint: EXT_BUSY                    (^) triggered by  leading edge of 'CLK'
Path Groups: {CLK}
Analysis View: ensc450_av
Other End Arrival Time          0.000
- Setup                         6.530
+ Phase Shift                  12.000
= Required Time                 5.470
- Arrival Time                  3.986
= Slack Time                    1.484
     Clock Rise Edge                      0.000
     + Input Delay                        0.800
     = Beginpoint Arrival Time            0.800
     +--------------------------------------------------------------------------------------------------------------------------+ 
     |      Instance       |     Arc      |     Cell     |  Slew |         Net         |    Arc     |  Load   | Delay | Arrival | 
     |                     |              |              |       |                     | Annotation |         |       |  Time   | 
     |---------------------+--------------+--------------+-------+---------------------+------------+---------+-------+---------| 
     |                     | EXT_BUSY ^   |              | 0.002 | EXT_BUSY            |       SPEF |  27.146 |       |   0.800 | 
     | My_bus/U624         |              | AOI22_X1     | 0.007 | EXT_BUSY            |       SPEF |  27.146 | 0.008 |   0.808 | 
     | My_bus/U624         | B1 ^ -> ZN v | AOI22_X1     | 0.051 | My_bus/n302         |            |   2.552 | 0.042 |   0.849 | 
     | My_bus/U623         |              | NOR3_X1      | 0.051 | My_bus/n302         |       SPEF |   2.552 | 0.000 |   0.850 | 
     | My_bus/U623         | A3 v -> ZN ^ | NOR3_X1      | 0.287 | My_bus/n96          |            |   8.522 | 0.412 |   1.262 | 
     | My_bus/U616         |              | AOI211_X1    | 0.287 | My_bus/n96          |       SPEF |   8.522 | 0.000 |   1.262 | 
     | My_bus/U616         | A ^ -> ZN v  | AOI211_X1    | 0.075 | My_bus/n4           |            |   3.237 | 0.111 |   1.373 | 
     | My_bus/U615         |              | INV_X1       | 0.075 | My_bus/n4           |       SPEF |   3.237 | 0.000 |   1.373 | 
     | My_bus/U615         | A v -> ZN ^  | INV_X1       | 0.279 | My_bus/n55          |            |  34.600 | 0.341 |   1.714 | 
     | My_bus/U24          |              | NOR2_X4      | 0.279 | My_bus/n55          |       SPEF |  34.600 | 0.003 |   1.717 | 
     | My_bus/U24          | A1 ^ -> ZN v | NOR2_X4      | 0.096 | My_bus/n94          |            |  64.073 | 0.153 |   1.870 | 
     | My_bus/U614         |              | INV_X1       | 0.096 | My_bus/n94          |       SPEF |  64.073 | 0.000 |   1.871 | 
     | My_bus/U614         | A v -> ZN ^  | INV_X1       | 0.038 | My_bus/n297         |            |   1.885 | 0.081 |   1.952 | 
     | My_bus/U15          |              | OAI21_X1     | 0.038 | My_bus/n297         |       SPEF |   1.885 | 0.000 |   1.952 | 
     | My_bus/U15          | A ^ -> ZN v  | OAI21_X1     | 0.065 | My_bus/n97          |            |   2.179 | 0.056 |   2.007 | 
     | My_bus/FE_OFC72_n97 |              | CLKBUF_X2    | 0.065 | My_bus/n97          |       SPEF |   2.179 | 0.000 |   2.007 | 
     | My_bus/FE_OFC72_n97 | A v -> Z v   | CLKBUF_X2    | 0.163 | My_bus/FE_OFN72_n97 |            |  67.352 | 0.273 |   2.280 | 
     | My_bus/U594         |              | AOI22_X1     | 0.164 | My_bus/FE_OFN72_n97 |       SPEF |  67.352 | 0.020 |   2.300 | 
     | My_bus/U594         | A2 v -> ZN ^ | AOI22_X1     | 0.188 | My_bus/n82          |            |   7.163 | 0.312 |   2.612 | 
     | My_bus/U593         |              | AND4_X1      | 0.188 | My_bus/n82          |       SPEF |   7.163 | 0.000 |   2.612 | 
     | My_bus/U593         | A4 ^ -> ZN ^ | AND4_X1      | 0.038 | My_bus/n294         |            |   1.800 | 0.219 |   2.831 | 
     | My_bus/U592         |              | NAND2_X1     | 0.038 | My_bus/n294         |       SPEF |   1.800 | 0.000 |   2.831 | 
     | My_bus/U592         | A2 ^ -> ZN v | NAND2_X1     | 0.036 | My_bus/n271         |            |   6.638 | 0.068 |   2.899 | 
     | My_bus/U589         |              | NOR3_X1      | 0.036 | My_bus/n271         |       SPEF |   6.638 | 0.000 |   2.899 | 
     | My_bus/U589         | A2 v -> ZN ^ | NOR3_X1      | 0.093 | My_bus/n290         |            |   1.315 | 0.168 |   3.068 | 
     | My_bus/U583         |              | AND4_X1      | 0.093 | My_bus/n290         |       SPEF |   1.315 | 0.000 |   3.068 | 
     | My_bus/U583         | A3 ^ -> ZN ^ | AND4_X1      | 0.058 | My_bus/n278         |            |   4.499 | 0.223 |   3.290 | 
     | My_bus/U574         |              | NAND3_X1     | 0.058 | My_bus/n278         |       SPEF |   4.499 | 0.000 |   3.291 | 
     | My_bus/U574         | A2 ^ -> ZN v | NAND3_X1     | 0.054 | My_bus/n261         |            |   5.011 | 0.095 |   3.386 | 
     | My_bus/U17          |              | NAND2_X1     | 0.054 | My_bus/n261         |       SPEF |   5.011 | 0.000 |   3.386 | 
     | My_bus/U17          | A1 v -> ZN ^ | NAND2_X1     | 0.104 | My_bus/n260         |            |  10.905 | 0.142 |   3.528 | 
     | My_bus/U16          |              | NOR2_X2      | 0.104 | My_bus/n260         |       SPEF |  10.905 | 0.001 |   3.529 | 
     | My_bus/U16          | A1 ^ -> ZN v | NOR2_X2      | 0.040 | YOUR_ADDRBUS[29]    |            |  19.134 | 0.084 |   3.612 | 
     | My_bus/U23          |              | INV_X4       | 0.040 | YOUR_ADDRBUS[29]    |       SPEF |  19.134 | 0.003 |   3.615 | 
     | My_bus/U23          | A v -> ZN ^  | INV_X4       | 0.258 | My_bus/n90          |            | 122.438 | 0.280 |   3.895 | 
     | My_bus/U212         |              | NOR2_X1      | 0.258 | My_bus/n90          |       SPEF | 122.438 | 0.004 |   3.898 | 
     | My_bus/U212         | A2 ^ -> ZN v | NOR2_X1      | 0.061 | YOUR_ADDRBUS[27]    |            |   4.023 | 0.088 |   3.986 | 
     | my_core_adapter     |              | core_adapter | 0.061 | YOUR_ADDRBUS[27]    |       SPEF |   4.023 | 0.000 |   3.986 | 
     +--------------------------------------------------------------------------------------------------------------------------+ 
Path 6: MET Setup Check with Pin my_core_adapter/clk 
Endpoint:   my_core_adapter/addr_in[26] (v) checked with  leading edge of 'CLK'
Beginpoint: EXT_BUSY                    (^) triggered by  leading edge of 'CLK'
Path Groups: {CLK}
Analysis View: ensc450_av
Other End Arrival Time          0.000
- Setup                         6.343
+ Phase Shift                  12.000
= Required Time                 5.657
- Arrival Time                  3.989
= Slack Time                    1.668
     Clock Rise Edge                      0.000
     + Input Delay                        0.800
     = Beginpoint Arrival Time            0.800
     +--------------------------------------------------------------------------------------------------------------------------+ 
     |      Instance       |     Arc      |     Cell     |  Slew |         Net         |    Arc     |  Load   | Delay | Arrival | 
     |                     |              |              |       |                     | Annotation |         |       |  Time   | 
     |---------------------+--------------+--------------+-------+---------------------+------------+---------+-------+---------| 
     |                     | EXT_BUSY ^   |              | 0.002 | EXT_BUSY            |       SPEF |  27.146 |       |   0.800 | 
     | My_bus/U624         |              | AOI22_X1     | 0.007 | EXT_BUSY            |       SPEF |  27.146 | 0.008 |   0.808 | 
     | My_bus/U624         | B1 ^ -> ZN v | AOI22_X1     | 0.051 | My_bus/n302         |            |   2.552 | 0.042 |   0.849 | 
     | My_bus/U623         |              | NOR3_X1      | 0.051 | My_bus/n302         |       SPEF |   2.552 | 0.000 |   0.850 | 
     | My_bus/U623         | A3 v -> ZN ^ | NOR3_X1      | 0.287 | My_bus/n96          |            |   8.522 | 0.412 |   1.262 | 
     | My_bus/U616         |              | AOI211_X1    | 0.287 | My_bus/n96          |       SPEF |   8.522 | 0.000 |   1.262 | 
     | My_bus/U616         | A ^ -> ZN v  | AOI211_X1    | 0.075 | My_bus/n4           |            |   3.237 | 0.111 |   1.373 | 
     | My_bus/U615         |              | INV_X1       | 0.075 | My_bus/n4           |       SPEF |   3.237 | 0.000 |   1.373 | 
     | My_bus/U615         | A v -> ZN ^  | INV_X1       | 0.279 | My_bus/n55          |            |  34.600 | 0.341 |   1.714 | 
     | My_bus/U24          |              | NOR2_X4      | 0.279 | My_bus/n55          |       SPEF |  34.600 | 0.003 |   1.717 | 
     | My_bus/U24          | A1 ^ -> ZN v | NOR2_X4      | 0.096 | My_bus/n94          |            |  64.073 | 0.153 |   1.870 | 
     | My_bus/U614         |              | INV_X1       | 0.096 | My_bus/n94          |       SPEF |  64.073 | 0.000 |   1.871 | 
     | My_bus/U614         | A v -> ZN ^  | INV_X1       | 0.038 | My_bus/n297         |            |   1.885 | 0.081 |   1.952 | 
     | My_bus/U15          |              | OAI21_X1     | 0.038 | My_bus/n297         |       SPEF |   1.885 | 0.000 |   1.952 | 
     | My_bus/U15          | A ^ -> ZN v  | OAI21_X1     | 0.065 | My_bus/n97          |            |   2.179 | 0.056 |   2.007 | 
     | My_bus/FE_OFC72_n97 |              | CLKBUF_X2    | 0.065 | My_bus/n97          |       SPEF |   2.179 | 0.000 |   2.007 | 
     | My_bus/FE_OFC72_n97 | A v -> Z v   | CLKBUF_X2    | 0.163 | My_bus/FE_OFN72_n97 |            |  67.352 | 0.273 |   2.280 | 
     | My_bus/U594         |              | AOI22_X1     | 0.164 | My_bus/FE_OFN72_n97 |       SPEF |  67.352 | 0.020 |   2.300 | 
     | My_bus/U594         | A2 v -> ZN ^ | AOI22_X1     | 0.188 | My_bus/n82          |            |   7.163 | 0.312 |   2.612 | 
     | My_bus/U593         |              | AND4_X1      | 0.188 | My_bus/n82          |       SPEF |   7.163 | 0.000 |   2.612 | 
     | My_bus/U593         | A4 ^ -> ZN ^ | AND4_X1      | 0.038 | My_bus/n294         |            |   1.800 | 0.219 |   2.831 | 
     | My_bus/U592         |              | NAND2_X1     | 0.038 | My_bus/n294         |       SPEF |   1.800 | 0.000 |   2.831 | 
     | My_bus/U592         | A2 ^ -> ZN v | NAND2_X1     | 0.036 | My_bus/n271         |            |   6.638 | 0.068 |   2.899 | 
     | My_bus/U589         |              | NOR3_X1      | 0.036 | My_bus/n271         |       SPEF |   6.638 | 0.000 |   2.899 | 
     | My_bus/U589         | A2 v -> ZN ^ | NOR3_X1      | 0.093 | My_bus/n290         |            |   1.315 | 0.168 |   3.068 | 
     | My_bus/U583         |              | AND4_X1      | 0.093 | My_bus/n290         |       SPEF |   1.315 | 0.000 |   3.068 | 
     | My_bus/U583         | A3 ^ -> ZN ^ | AND4_X1      | 0.058 | My_bus/n278         |            |   4.499 | 0.223 |   3.290 | 
     | My_bus/U574         |              | NAND3_X1     | 0.058 | My_bus/n278         |       SPEF |   4.499 | 0.000 |   3.291 | 
     | My_bus/U574         | A2 ^ -> ZN v | NAND3_X1     | 0.054 | My_bus/n261         |            |   5.011 | 0.095 |   3.386 | 
     | My_bus/U17          |              | NAND2_X1     | 0.054 | My_bus/n261         |       SPEF |   5.011 | 0.000 |   3.386 | 
     | My_bus/U17          | A1 v -> ZN ^ | NAND2_X1     | 0.104 | My_bus/n260         |            |  10.905 | 0.142 |   3.528 | 
     | My_bus/U16          |              | NOR2_X2      | 0.104 | My_bus/n260         |       SPEF |  10.905 | 0.001 |   3.529 | 
     | My_bus/U16          | A1 ^ -> ZN v | NOR2_X2      | 0.040 | YOUR_ADDRBUS[29]    |            |  19.134 | 0.084 |   3.612 | 
     | My_bus/U23          |              | INV_X4       | 0.040 | YOUR_ADDRBUS[29]    |       SPEF |  19.134 | 0.003 |   3.615 | 
     | My_bus/U23          | A v -> ZN ^  | INV_X4       | 0.258 | My_bus/n90          |            | 122.438 | 0.280 |   3.895 | 
     | My_bus/U213         |              | NOR2_X1      | 0.258 | My_bus/n90          |       SPEF | 122.438 | 0.005 |   3.900 | 
     | My_bus/U213         | A2 ^ -> ZN v | NOR2_X1      | 0.061 | YOUR_ADDRBUS[26]    |            |   4.114 | 0.089 |   3.989 | 
     | my_core_adapter     |              | core_adapter | 0.061 | YOUR_ADDRBUS[26]    |       SPEF |   4.114 | 0.000 |   3.989 | 
     +--------------------------------------------------------------------------------------------------------------------------+ 
Path 7: MET Setup Check with Pin my_core_adapter/clk 
Endpoint:   my_core_adapter/addr_in[25] (v) checked with  leading edge of 'CLK'
Beginpoint: EXT_BUSY                    (^) triggered by  leading edge of 'CLK'
Path Groups: {CLK}
Analysis View: ensc450_av
Other End Arrival Time          0.000
- Setup                         6.159
+ Phase Shift                  12.000
= Required Time                 5.841
- Arrival Time                  3.991
= Slack Time                    1.849
     Clock Rise Edge                      0.000
     + Input Delay                        0.800
     = Beginpoint Arrival Time            0.800
     +--------------------------------------------------------------------------------------------------------------------------+ 
     |      Instance       |     Arc      |     Cell     |  Slew |         Net         |    Arc     |  Load   | Delay | Arrival | 
     |                     |              |              |       |                     | Annotation |         |       |  Time   | 
     |---------------------+--------------+--------------+-------+---------------------+------------+---------+-------+---------| 
     |                     | EXT_BUSY ^   |              | 0.002 | EXT_BUSY            |       SPEF |  27.146 |       |   0.800 | 
     | My_bus/U624         |              | AOI22_X1     | 0.007 | EXT_BUSY            |       SPEF |  27.146 | 0.008 |   0.808 | 
     | My_bus/U624         | B1 ^ -> ZN v | AOI22_X1     | 0.051 | My_bus/n302         |            |   2.552 | 0.042 |   0.849 | 
     | My_bus/U623         |              | NOR3_X1      | 0.051 | My_bus/n302         |       SPEF |   2.552 | 0.000 |   0.849 | 
     | My_bus/U623         | A3 v -> ZN ^ | NOR3_X1      | 0.287 | My_bus/n96          |            |   8.522 | 0.412 |   1.262 | 
     | My_bus/U616         |              | AOI211_X1    | 0.287 | My_bus/n96          |       SPEF |   8.522 | 0.000 |   1.262 | 
     | My_bus/U616         | A ^ -> ZN v  | AOI211_X1    | 0.075 | My_bus/n4           |            |   3.237 | 0.111 |   1.373 | 
     | My_bus/U615         |              | INV_X1       | 0.075 | My_bus/n4           |       SPEF |   3.237 | 0.000 |   1.373 | 
     | My_bus/U615         | A v -> ZN ^  | INV_X1       | 0.279 | My_bus/n55          |            |  34.600 | 0.341 |   1.714 | 
     | My_bus/U24          |              | NOR2_X4      | 0.279 | My_bus/n55          |       SPEF |  34.600 | 0.003 |   1.717 | 
     | My_bus/U24          | A1 ^ -> ZN v | NOR2_X4      | 0.096 | My_bus/n94          |            |  64.073 | 0.153 |   1.870 | 
     | My_bus/U614         |              | INV_X1       | 0.096 | My_bus/n94          |       SPEF |  64.073 | 0.000 |   1.871 | 
     | My_bus/U614         | A v -> ZN ^  | INV_X1       | 0.038 | My_bus/n297         |            |   1.885 | 0.081 |   1.952 | 
     | My_bus/U15          |              | OAI21_X1     | 0.038 | My_bus/n297         |       SPEF |   1.885 | 0.000 |   1.952 | 
     | My_bus/U15          | A ^ -> ZN v  | OAI21_X1     | 0.065 | My_bus/n97          |            |   2.179 | 0.056 |   2.007 | 
     | My_bus/FE_OFC72_n97 |              | CLKBUF_X2    | 0.065 | My_bus/n97          |       SPEF |   2.179 | 0.000 |   2.007 | 
     | My_bus/FE_OFC72_n97 | A v -> Z v   | CLKBUF_X2    | 0.163 | My_bus/FE_OFN72_n97 |            |  67.352 | 0.273 |   2.280 | 
     | My_bus/U594         |              | AOI22_X1     | 0.164 | My_bus/FE_OFN72_n97 |       SPEF |  67.352 | 0.020 |   2.300 | 
     | My_bus/U594         | A2 v -> ZN ^ | AOI22_X1     | 0.188 | My_bus/n82          |            |   7.163 | 0.312 |   2.612 | 
     | My_bus/U593         |              | AND4_X1      | 0.188 | My_bus/n82          |       SPEF |   7.163 | 0.000 |   2.612 | 
     | My_bus/U593         | A4 ^ -> ZN ^ | AND4_X1      | 0.038 | My_bus/n294         |            |   1.800 | 0.219 |   2.831 | 
     | My_bus/U592         |              | NAND2_X1     | 0.038 | My_bus/n294         |       SPEF |   1.800 | 0.000 |   2.831 | 
     | My_bus/U592         | A2 ^ -> ZN v | NAND2_X1     | 0.036 | My_bus/n271         |            |   6.638 | 0.068 |   2.899 | 
     | My_bus/U589         |              | NOR3_X1      | 0.036 | My_bus/n271         |       SPEF |   6.638 | 0.000 |   2.899 | 
     | My_bus/U589         | A2 v -> ZN ^ | NOR3_X1      | 0.093 | My_bus/n290         |            |   1.315 | 0.168 |   3.068 | 
     | My_bus/U583         |              | AND4_X1      | 0.093 | My_bus/n290         |       SPEF |   1.315 | 0.000 |   3.068 | 
     | My_bus/U583         | A3 ^ -> ZN ^ | AND4_X1      | 0.058 | My_bus/n278         |            |   4.499 | 0.223 |   3.290 | 
     | My_bus/U574         |              | NAND3_X1     | 0.058 | My_bus/n278         |       SPEF |   4.499 | 0.000 |   3.291 | 
     | My_bus/U574         | A2 ^ -> ZN v | NAND3_X1     | 0.054 | My_bus/n261         |            |   5.011 | 0.095 |   3.386 | 
     | My_bus/U17          |              | NAND2_X1     | 0.054 | My_bus/n261         |       SPEF |   5.011 | 0.000 |   3.386 | 
     | My_bus/U17          | A1 v -> ZN ^ | NAND2_X1     | 0.104 | My_bus/n260         |            |  10.905 | 0.142 |   3.528 | 
     | My_bus/U16          |              | NOR2_X2      | 0.104 | My_bus/n260         |       SPEF |  10.905 | 0.001 |   3.529 | 
     | My_bus/U16          | A1 ^ -> ZN v | NOR2_X2      | 0.040 | YOUR_ADDRBUS[29]    |            |  19.134 | 0.084 |   3.612 | 
     | My_bus/U23          |              | INV_X4       | 0.040 | YOUR_ADDRBUS[29]    |       SPEF |  19.134 | 0.003 |   3.615 | 
     | My_bus/U23          | A v -> ZN ^  | INV_X4       | 0.258 | My_bus/n90          |            | 122.438 | 0.280 |   3.895 | 
     | My_bus/U214         |              | NOR2_X1      | 0.258 | My_bus/n90          |       SPEF | 122.438 | 0.007 |   3.902 | 
     | My_bus/U214         | A2 ^ -> ZN v | NOR2_X1      | 0.061 | YOUR_ADDRBUS[25]    |            |   4.156 | 0.089 |   3.991 | 
     | my_core_adapter     |              | core_adapter | 0.061 | YOUR_ADDRBUS[25]    |       SPEF |   4.156 | 0.000 |   3.991 | 
     +--------------------------------------------------------------------------------------------------------------------------+ 
Path 8: MET Setup Check with Pin my_core_adapter/clk 
Endpoint:   my_core_adapter/addr_in[24] (v) checked with  leading edge of 'CLK'
Beginpoint: EXT_BUSY                    (^) triggered by  leading edge of 'CLK'
Path Groups: {CLK}
Analysis View: ensc450_av
Other End Arrival Time          0.000
- Setup                         5.976
+ Phase Shift                  12.000
= Required Time                 6.024
- Arrival Time                  3.994
= Slack Time                    2.030
     Clock Rise Edge                      0.000
     + Input Delay                        0.800
     = Beginpoint Arrival Time            0.800
     +--------------------------------------------------------------------------------------------------------------------------+ 
     |      Instance       |     Arc      |     Cell     |  Slew |         Net         |    Arc     |  Load   | Delay | Arrival | 
     |                     |              |              |       |                     | Annotation |         |       |  Time   | 
     |---------------------+--------------+--------------+-------+---------------------+------------+---------+-------+---------| 
     |                     | EXT_BUSY ^   |              | 0.002 | EXT_BUSY            |       SPEF |  27.146 |       |   0.800 | 
     | My_bus/U624         |              | AOI22_X1     | 0.007 | EXT_BUSY            |       SPEF |  27.146 | 0.008 |   0.808 | 
     | My_bus/U624         | B1 ^ -> ZN v | AOI22_X1     | 0.051 | My_bus/n302         |            |   2.552 | 0.042 |   0.849 | 
     | My_bus/U623         |              | NOR3_X1      | 0.051 | My_bus/n302         |       SPEF |   2.552 | 0.000 |   0.850 | 
     | My_bus/U623         | A3 v -> ZN ^ | NOR3_X1      | 0.287 | My_bus/n96          |            |   8.522 | 0.412 |   1.262 | 
     | My_bus/U616         |              | AOI211_X1    | 0.287 | My_bus/n96          |       SPEF |   8.522 | 0.000 |   1.262 | 
     | My_bus/U616         | A ^ -> ZN v  | AOI211_X1    | 0.075 | My_bus/n4           |            |   3.237 | 0.111 |   1.373 | 
     | My_bus/U615         |              | INV_X1       | 0.075 | My_bus/n4           |       SPEF |   3.237 | 0.000 |   1.373 | 
     | My_bus/U615         | A v -> ZN ^  | INV_X1       | 0.279 | My_bus/n55          |            |  34.600 | 0.341 |   1.714 | 
     | My_bus/U24          |              | NOR2_X4      | 0.279 | My_bus/n55          |       SPEF |  34.600 | 0.003 |   1.717 | 
     | My_bus/U24          | A1 ^ -> ZN v | NOR2_X4      | 0.096 | My_bus/n94          |            |  64.073 | 0.153 |   1.870 | 
     | My_bus/U614         |              | INV_X1       | 0.096 | My_bus/n94          |       SPEF |  64.073 | 0.000 |   1.871 | 
     | My_bus/U614         | A v -> ZN ^  | INV_X1       | 0.038 | My_bus/n297         |            |   1.885 | 0.081 |   1.952 | 
     | My_bus/U15          |              | OAI21_X1     | 0.038 | My_bus/n297         |       SPEF |   1.885 | 0.000 |   1.952 | 
     | My_bus/U15          | A ^ -> ZN v  | OAI21_X1     | 0.065 | My_bus/n97          |            |   2.179 | 0.056 |   2.007 | 
     | My_bus/FE_OFC72_n97 |              | CLKBUF_X2    | 0.065 | My_bus/n97          |       SPEF |   2.179 | 0.000 |   2.007 | 
     | My_bus/FE_OFC72_n97 | A v -> Z v   | CLKBUF_X2    | 0.163 | My_bus/FE_OFN72_n97 |            |  67.352 | 0.273 |   2.280 | 
     | My_bus/U594         |              | AOI22_X1     | 0.164 | My_bus/FE_OFN72_n97 |       SPEF |  67.352 | 0.020 |   2.300 | 
     | My_bus/U594         | A2 v -> ZN ^ | AOI22_X1     | 0.188 | My_bus/n82          |            |   7.163 | 0.312 |   2.612 | 
     | My_bus/U593         |              | AND4_X1      | 0.188 | My_bus/n82          |       SPEF |   7.163 | 0.000 |   2.612 | 
     | My_bus/U593         | A4 ^ -> ZN ^ | AND4_X1      | 0.038 | My_bus/n294         |            |   1.800 | 0.219 |   2.831 | 
     | My_bus/U592         |              | NAND2_X1     | 0.038 | My_bus/n294         |       SPEF |   1.800 | 0.000 |   2.831 | 
     | My_bus/U592         | A2 ^ -> ZN v | NAND2_X1     | 0.036 | My_bus/n271         |            |   6.638 | 0.068 |   2.899 | 
     | My_bus/U589         |              | NOR3_X1      | 0.036 | My_bus/n271         |       SPEF |   6.638 | 0.000 |   2.899 | 
     | My_bus/U589         | A2 v -> ZN ^ | NOR3_X1      | 0.093 | My_bus/n290         |            |   1.315 | 0.168 |   3.068 | 
     | My_bus/U583         |              | AND4_X1      | 0.093 | My_bus/n290         |       SPEF |   1.315 | 0.000 |   3.068 | 
     | My_bus/U583         | A3 ^ -> ZN ^ | AND4_X1      | 0.058 | My_bus/n278         |            |   4.499 | 0.223 |   3.290 | 
     | My_bus/U574         |              | NAND3_X1     | 0.058 | My_bus/n278         |       SPEF |   4.499 | 0.000 |   3.291 | 
     | My_bus/U574         | A2 ^ -> ZN v | NAND3_X1     | 0.054 | My_bus/n261         |            |   5.011 | 0.095 |   3.386 | 
     | My_bus/U17          |              | NAND2_X1     | 0.054 | My_bus/n261         |       SPEF |   5.011 | 0.000 |   3.386 | 
     | My_bus/U17          | A1 v -> ZN ^ | NAND2_X1     | 0.104 | My_bus/n260         |            |  10.905 | 0.142 |   3.528 | 
     | My_bus/U16          |              | NOR2_X2      | 0.104 | My_bus/n260         |       SPEF |  10.905 | 0.001 |   3.529 | 
     | My_bus/U16          | A1 ^ -> ZN v | NOR2_X2      | 0.040 | YOUR_ADDRBUS[29]    |            |  19.134 | 0.084 |   3.612 | 
     | My_bus/U23          |              | INV_X4       | 0.040 | YOUR_ADDRBUS[29]    |       SPEF |  19.134 | 0.003 |   3.615 | 
     | My_bus/U23          | A v -> ZN ^  | INV_X4       | 0.258 | My_bus/n90          |            | 122.438 | 0.280 |   3.895 | 
     | My_bus/U215         |              | NOR2_X1      | 0.258 | My_bus/n90          |       SPEF | 122.438 | 0.007 |   3.902 | 
     | My_bus/U215         | A2 ^ -> ZN v | NOR2_X1      | 0.062 | YOUR_ADDRBUS[24]    |            |   4.460 | 0.092 |   3.994 | 
     | my_core_adapter     |              | core_adapter | 0.062 | YOUR_ADDRBUS[24]    |       SPEF |   4.460 | 0.000 |   3.994 | 
     +--------------------------------------------------------------------------------------------------------------------------+ 
Path 9: MET Setup Check with Pin my_core_adapter/clk 
Endpoint:   my_core_adapter/addr_in[23] (v) checked with  leading edge of 'CLK'
Beginpoint: EXT_BUSY                    (^) triggered by  leading edge of 'CLK'
Path Groups: {CLK}
Analysis View: ensc450_av
Other End Arrival Time          0.000
- Setup                         5.788
+ Phase Shift                  12.000
= Required Time                 6.212
- Arrival Time                  3.992
= Slack Time                    2.220
     Clock Rise Edge                      0.000
     + Input Delay                        0.800
     = Beginpoint Arrival Time            0.800
     +--------------------------------------------------------------------------------------------------------------------------+ 
     |      Instance       |     Arc      |     Cell     |  Slew |         Net         |    Arc     |  Load   | Delay | Arrival | 
     |                     |              |              |       |                     | Annotation |         |       |  Time   | 
     |---------------------+--------------+--------------+-------+---------------------+------------+---------+-------+---------| 
     |                     | EXT_BUSY ^   |              | 0.002 | EXT_BUSY            |       SPEF |  27.146 |       |   0.800 | 
     | My_bus/U624         |              | AOI22_X1     | 0.007 | EXT_BUSY            |       SPEF |  27.146 | 0.008 |   0.808 | 
     | My_bus/U624         | B1 ^ -> ZN v | AOI22_X1     | 0.051 | My_bus/n302         |            |   2.552 | 0.042 |   0.849 | 
     | My_bus/U623         |              | NOR3_X1      | 0.051 | My_bus/n302         |       SPEF |   2.552 | 0.000 |   0.849 | 
     | My_bus/U623         | A3 v -> ZN ^ | NOR3_X1      | 0.287 | My_bus/n96          |            |   8.522 | 0.412 |   1.262 | 
     | My_bus/U616         |              | AOI211_X1    | 0.287 | My_bus/n96          |       SPEF |   8.522 | 0.000 |   1.262 | 
     | My_bus/U616         | A ^ -> ZN v  | AOI211_X1    | 0.075 | My_bus/n4           |            |   3.237 | 0.111 |   1.373 | 
     | My_bus/U615         |              | INV_X1       | 0.075 | My_bus/n4           |       SPEF |   3.237 | 0.000 |   1.373 | 
     | My_bus/U615         | A v -> ZN ^  | INV_X1       | 0.279 | My_bus/n55          |            |  34.600 | 0.341 |   1.714 | 
     | My_bus/U24          |              | NOR2_X4      | 0.279 | My_bus/n55          |       SPEF |  34.600 | 0.003 |   1.717 | 
     | My_bus/U24          | A1 ^ -> ZN v | NOR2_X4      | 0.096 | My_bus/n94          |            |  64.073 | 0.153 |   1.870 | 
     | My_bus/U614         |              | INV_X1       | 0.096 | My_bus/n94          |       SPEF |  64.073 | 0.000 |   1.871 | 
     | My_bus/U614         | A v -> ZN ^  | INV_X1       | 0.038 | My_bus/n297         |            |   1.885 | 0.081 |   1.952 | 
     | My_bus/U15          |              | OAI21_X1     | 0.038 | My_bus/n297         |       SPEF |   1.885 | 0.000 |   1.952 | 
     | My_bus/U15          | A ^ -> ZN v  | OAI21_X1     | 0.065 | My_bus/n97          |            |   2.179 | 0.056 |   2.007 | 
     | My_bus/FE_OFC72_n97 |              | CLKBUF_X2    | 0.065 | My_bus/n97          |       SPEF |   2.179 | 0.000 |   2.007 | 
     | My_bus/FE_OFC72_n97 | A v -> Z v   | CLKBUF_X2    | 0.163 | My_bus/FE_OFN72_n97 |            |  67.352 | 0.273 |   2.280 | 
     | My_bus/U594         |              | AOI22_X1     | 0.164 | My_bus/FE_OFN72_n97 |       SPEF |  67.352 | 0.020 |   2.300 | 
     | My_bus/U594         | A2 v -> ZN ^ | AOI22_X1     | 0.188 | My_bus/n82          |            |   7.163 | 0.312 |   2.612 | 
     | My_bus/U593         |              | AND4_X1      | 0.188 | My_bus/n82          |       SPEF |   7.163 | 0.000 |   2.612 | 
     | My_bus/U593         | A4 ^ -> ZN ^ | AND4_X1      | 0.038 | My_bus/n294         |            |   1.800 | 0.219 |   2.831 | 
     | My_bus/U592         |              | NAND2_X1     | 0.038 | My_bus/n294         |       SPEF |   1.800 | 0.000 |   2.831 | 
     | My_bus/U592         | A2 ^ -> ZN v | NAND2_X1     | 0.036 | My_bus/n271         |            |   6.638 | 0.068 |   2.899 | 
     | My_bus/U589         |              | NOR3_X1      | 0.036 | My_bus/n271         |       SPEF |   6.638 | 0.000 |   2.899 | 
     | My_bus/U589         | A2 v -> ZN ^ | NOR3_X1      | 0.093 | My_bus/n290         |            |   1.315 | 0.168 |   3.068 | 
     | My_bus/U583         |              | AND4_X1      | 0.093 | My_bus/n290         |       SPEF |   1.315 | 0.000 |   3.068 | 
     | My_bus/U583         | A3 ^ -> ZN ^ | AND4_X1      | 0.058 | My_bus/n278         |            |   4.499 | 0.223 |   3.290 | 
     | My_bus/U574         |              | NAND3_X1     | 0.058 | My_bus/n278         |       SPEF |   4.499 | 0.000 |   3.291 | 
     | My_bus/U574         | A2 ^ -> ZN v | NAND3_X1     | 0.054 | My_bus/n261         |            |   5.011 | 0.095 |   3.386 | 
     | My_bus/U17          |              | NAND2_X1     | 0.054 | My_bus/n261         |       SPEF |   5.011 | 0.000 |   3.386 | 
     | My_bus/U17          | A1 v -> ZN ^ | NAND2_X1     | 0.104 | My_bus/n260         |            |  10.905 | 0.142 |   3.528 | 
     | My_bus/U16          |              | NOR2_X2      | 0.104 | My_bus/n260         |       SPEF |  10.905 | 0.001 |   3.529 | 
     | My_bus/U16          | A1 ^ -> ZN v | NOR2_X2      | 0.040 | YOUR_ADDRBUS[29]    |            |  19.134 | 0.084 |   3.612 | 
     | My_bus/U23          |              | INV_X4       | 0.040 | YOUR_ADDRBUS[29]    |       SPEF |  19.134 | 0.003 |   3.615 | 
     | My_bus/U23          | A v -> ZN ^  | INV_X4       | 0.258 | My_bus/n90          |            | 122.438 | 0.280 |   3.895 | 
     | My_bus/U216         |              | NOR2_X1      | 0.259 | My_bus/n90          |       SPEF | 122.438 | 0.009 |   3.904 | 
     | My_bus/U216         | A2 ^ -> ZN v | NOR2_X1      | 0.061 | YOUR_ADDRBUS[23]    |            |   4.019 | 0.088 |   3.991 | 
     | my_core_adapter     |              | core_adapter | 0.061 | YOUR_ADDRBUS[23]    |       SPEF |   4.019 | 0.000 |   3.992 | 
     +--------------------------------------------------------------------------------------------------------------------------+ 
Path 10: MET Setup Check with Pin my_core_adapter/clk 
Endpoint:   my_core_adapter/addr_in[22] (v) checked with  leading edge of 'CLK'
Beginpoint: EXT_BUSY                    (^) triggered by  leading edge of 'CLK'
Path Groups: {CLK}
Analysis View: ensc450_av
Other End Arrival Time          0.000
- Setup                         5.602
+ Phase Shift                  12.000
= Required Time                 6.398
- Arrival Time                  3.995
= Slack Time                    2.402
     Clock Rise Edge                      0.000
     + Input Delay                        0.800
     = Beginpoint Arrival Time            0.800
     +--------------------------------------------------------------------------------------------------------------------------+ 
     |      Instance       |     Arc      |     Cell     |  Slew |         Net         |    Arc     |  Load   | Delay | Arrival | 
     |                     |              |              |       |                     | Annotation |         |       |  Time   | 
     |---------------------+--------------+--------------+-------+---------------------+------------+---------+-------+---------| 
     |                     | EXT_BUSY ^   |              | 0.002 | EXT_BUSY            |       SPEF |  27.146 |       |   0.800 | 
     | My_bus/U624         |              | AOI22_X1     | 0.007 | EXT_BUSY            |       SPEF |  27.146 | 0.008 |   0.808 | 
     | My_bus/U624         | B1 ^ -> ZN v | AOI22_X1     | 0.051 | My_bus/n302         |            |   2.552 | 0.042 |   0.849 | 
     | My_bus/U623         |              | NOR3_X1      | 0.051 | My_bus/n302         |       SPEF |   2.552 | 0.000 |   0.849 | 
     | My_bus/U623         | A3 v -> ZN ^ | NOR3_X1      | 0.287 | My_bus/n96          |            |   8.522 | 0.412 |   1.262 | 
     | My_bus/U616         |              | AOI211_X1    | 0.287 | My_bus/n96          |       SPEF |   8.522 | 0.000 |   1.262 | 
     | My_bus/U616         | A ^ -> ZN v  | AOI211_X1    | 0.075 | My_bus/n4           |            |   3.237 | 0.111 |   1.373 | 
     | My_bus/U615         |              | INV_X1       | 0.075 | My_bus/n4           |       SPEF |   3.237 | 0.000 |   1.373 | 
     | My_bus/U615         | A v -> ZN ^  | INV_X1       | 0.279 | My_bus/n55          |            |  34.600 | 0.341 |   1.714 | 
     | My_bus/U24          |              | NOR2_X4      | 0.279 | My_bus/n55          |       SPEF |  34.600 | 0.003 |   1.717 | 
     | My_bus/U24          | A1 ^ -> ZN v | NOR2_X4      | 0.096 | My_bus/n94          |            |  64.073 | 0.153 |   1.870 | 
     | My_bus/U614         |              | INV_X1       | 0.096 | My_bus/n94          |       SPEF |  64.073 | 0.000 |   1.871 | 
     | My_bus/U614         | A v -> ZN ^  | INV_X1       | 0.038 | My_bus/n297         |            |   1.885 | 0.081 |   1.952 | 
     | My_bus/U15          |              | OAI21_X1     | 0.038 | My_bus/n297         |       SPEF |   1.885 | 0.000 |   1.952 | 
     | My_bus/U15          | A ^ -> ZN v  | OAI21_X1     | 0.065 | My_bus/n97          |            |   2.179 | 0.056 |   2.007 | 
     | My_bus/FE_OFC72_n97 |              | CLKBUF_X2    | 0.065 | My_bus/n97          |       SPEF |   2.179 | 0.000 |   2.007 | 
     | My_bus/FE_OFC72_n97 | A v -> Z v   | CLKBUF_X2    | 0.163 | My_bus/FE_OFN72_n97 |            |  67.352 | 0.273 |   2.280 | 
     | My_bus/U594         |              | AOI22_X1     | 0.164 | My_bus/FE_OFN72_n97 |       SPEF |  67.352 | 0.020 |   2.300 | 
     | My_bus/U594         | A2 v -> ZN ^ | AOI22_X1     | 0.188 | My_bus/n82          |            |   7.163 | 0.312 |   2.612 | 
     | My_bus/U593         |              | AND4_X1      | 0.188 | My_bus/n82          |       SPEF |   7.163 | 0.000 |   2.612 | 
     | My_bus/U593         | A4 ^ -> ZN ^ | AND4_X1      | 0.038 | My_bus/n294         |            |   1.800 | 0.219 |   2.831 | 
     | My_bus/U592         |              | NAND2_X1     | 0.038 | My_bus/n294         |       SPEF |   1.800 | 0.000 |   2.831 | 
     | My_bus/U592         | A2 ^ -> ZN v | NAND2_X1     | 0.036 | My_bus/n271         |            |   6.638 | 0.068 |   2.899 | 
     | My_bus/U589         |              | NOR3_X1      | 0.036 | My_bus/n271         |       SPEF |   6.638 | 0.000 |   2.899 | 
     | My_bus/U589         | A2 v -> ZN ^ | NOR3_X1      | 0.093 | My_bus/n290         |            |   1.315 | 0.168 |   3.068 | 
     | My_bus/U583         |              | AND4_X1      | 0.093 | My_bus/n290         |       SPEF |   1.315 | 0.000 |   3.068 | 
     | My_bus/U583         | A3 ^ -> ZN ^ | AND4_X1      | 0.058 | My_bus/n278         |            |   4.499 | 0.223 |   3.290 | 
     | My_bus/U574         |              | NAND3_X1     | 0.058 | My_bus/n278         |       SPEF |   4.499 | 0.000 |   3.291 | 
     | My_bus/U574         | A2 ^ -> ZN v | NAND3_X1     | 0.054 | My_bus/n261         |            |   5.011 | 0.095 |   3.386 | 
     | My_bus/U17          |              | NAND2_X1     | 0.054 | My_bus/n261         |       SPEF |   5.011 | 0.000 |   3.386 | 
     | My_bus/U17          | A1 v -> ZN ^ | NAND2_X1     | 0.104 | My_bus/n260         |            |  10.905 | 0.142 |   3.528 | 
     | My_bus/U16          |              | NOR2_X2      | 0.104 | My_bus/n260         |       SPEF |  10.905 | 0.001 |   3.529 | 
     | My_bus/U16          | A1 ^ -> ZN v | NOR2_X2      | 0.040 | YOUR_ADDRBUS[29]    |            |  19.134 | 0.084 |   3.612 | 
     | My_bus/U23          |              | INV_X4       | 0.040 | YOUR_ADDRBUS[29]    |       SPEF |  19.134 | 0.003 |   3.615 | 
     | My_bus/U23          | A v -> ZN ^  | INV_X4       | 0.258 | My_bus/n90          |            | 122.438 | 0.280 |   3.895 | 
     | My_bus/U217         |              | NOR2_X1      | 0.259 | My_bus/n90          |       SPEF | 122.438 | 0.010 |   3.905 | 
     | My_bus/U217         | A2 ^ -> ZN v | NOR2_X1      | 0.061 | YOUR_ADDRBUS[22]    |            |   4.283 | 0.090 |   3.995 | 
     | my_core_adapter     |              | core_adapter | 0.061 | YOUR_ADDRBUS[22]    |       SPEF |   4.283 | 0.000 |   3.995 | 
     +--------------------------------------------------------------------------------------------------------------------------+ 

