###############################################################
#  Generated by:      Cadence Innovus 18.10-p002_1
#  OS:                Linux x86_64(Host ID ensc-esil-03)
#  Generated on:      Tue Apr 20 01:21:16 2021
#  Design:            ensc450
#  Command:           report_timing -net -format {instance arc cell slew net annotation load delay arrival} -max_paths 10 > results/timing/pt5-05-postPlaceOpt.rpt
###############################################################
Path 1: MET Setup Check with Pin my_core_adapter/clk 
Endpoint:   my_core_adapter/addr_in[31] (v) checked with  leading edge of 'CLK'
Beginpoint: EXT_BUSY                    (^) triggered by  leading edge of 'CLK'
Path Groups: {CLK}
Analysis View: ensc450_av
Other End Arrival Time          0.000
- Setup                         7.112
+ Phase Shift                  12.000
= Required Time                 4.888
- Arrival Time                  3.970
= Slack Time                    0.918
     Clock Rise Edge                      0.000
     + Input Delay                        0.800
     = Beginpoint Arrival Time            0.800
     +--------------------------------------------------------------------------------------------------------------------------+ 
     |      Instance       |     Arc      |     Cell     |  Slew |         Net         |    Arc     |  Load   | Delay | Arrival | 
     |                     |              |              |       |                     | Annotation |         |       |  Time   | 
     |---------------------+--------------+--------------+-------+---------------------+------------+---------+-------+---------| 
     |                     | EXT_BUSY ^   |              | 0.002 | EXT_BUSY            |       SPEF |  28.040 |       |   0.800 | 
     | My_bus/U624         |              | AOI22_X1     | 0.007 | EXT_BUSY            |       SPEF |  28.040 | 0.007 |   0.807 | 
     | My_bus/U624         | B1 ^ -> ZN v | AOI22_X1     | 0.051 | My_bus/n302         |            |   2.537 | 0.041 |   0.849 | 
     | My_bus/U623         |              | NOR3_X1      | 0.051 | My_bus/n302         |       SPEF |   2.537 | 0.000 |   0.849 | 
     | My_bus/U623         | A3 v -> ZN ^ | NOR3_X1      | 0.292 | My_bus/n96          |            |   8.695 | 0.418 |   1.267 | 
     | My_bus/U616         |              | AOI211_X1    | 0.292 | My_bus/n96          |       SPEF |   8.695 | 0.000 |   1.267 | 
     | My_bus/U616         | A ^ -> ZN v  | AOI211_X1    | 0.075 | My_bus/n4           |            |   3.220 | 0.112 |   1.379 | 
     | My_bus/U615         |              | INV_X1       | 0.075 | My_bus/n4           |       SPEF |   3.220 | 0.000 |   1.379 | 
     | My_bus/U615         | A v -> ZN ^  | INV_X1       | 0.279 | My_bus/n55          |            |  34.578 | 0.341 |   1.720 | 
     | My_bus/U24          |              | NOR2_X4      | 0.279 | My_bus/n55          |       SPEF |  34.578 | 0.003 |   1.723 | 
     | My_bus/U24          | A1 ^ -> ZN v | NOR2_X4      | 0.097 | My_bus/n94          |            |  64.133 | 0.152 |   1.875 | 
     | My_bus/U614         |              | INV_X1       | 0.097 | My_bus/n94          |       SPEF |  64.133 | 0.000 |   1.875 | 
     | My_bus/U614         | A v -> ZN ^  | INV_X1       | 0.038 | My_bus/n297         |            |   1.761 | 0.079 |   1.954 | 
     | My_bus/U15          |              | OAI21_X1     | 0.038 | My_bus/n297         |       SPEF |   1.761 | 0.000 |   1.955 | 
     | My_bus/U15          | A ^ -> ZN v  | OAI21_X1     | 0.064 | My_bus/n97          |            |   2.157 | 0.055 |   2.010 | 
     | My_bus/FE_OFC72_n97 |              | CLKBUF_X2    | 0.064 | My_bus/n97          |       SPEF |   2.157 | 0.000 |   2.010 | 
     | My_bus/FE_OFC72_n97 | A v -> Z v   | CLKBUF_X2    | 0.161 | My_bus/FE_OFN72_n97 |            |  66.231 | 0.269 |   2.279 | 
     | My_bus/U594         |              | AOI22_X1     | 0.162 | My_bus/FE_OFN72_n97 |       SPEF |  66.231 | 0.020 |   2.299 | 
     | My_bus/U594         | A2 v -> ZN ^ | AOI22_X1     | 0.184 | My_bus/n82          |            |   6.962 | 0.307 |   2.606 | 
     | My_bus/U593         |              | AND4_X1      | 0.184 | My_bus/n82          |       SPEF |   6.962 | 0.000 |   2.606 | 
     | My_bus/U593         | A4 ^ -> ZN ^ | AND4_X1      | 0.039 | My_bus/n294         |            |   1.884 | 0.219 |   2.825 | 
     | My_bus/U592         |              | NAND2_X1     | 0.039 | My_bus/n294         |       SPEF |   1.884 | 0.000 |   2.825 | 
     | My_bus/U592         | A2 ^ -> ZN v | NAND2_X1     | 0.035 | My_bus/n271         |            |   6.476 | 0.068 |   2.893 | 
     | My_bus/U589         |              | NOR3_X1      | 0.036 | My_bus/n271         |       SPEF |   6.476 | 0.000 |   2.893 | 
     | My_bus/U589         | A2 v -> ZN ^ | NOR3_X1      | 0.091 | My_bus/n290         |            |   1.265 | 0.166 |   3.059 | 
     | My_bus/U583         |              | AND4_X1      | 0.091 | My_bus/n290         |       SPEF |   1.265 | 0.000 |   3.059 | 
     | My_bus/U583         | A3 ^ -> ZN ^ | AND4_X1      | 0.058 | My_bus/n278         |            |   4.463 | 0.222 |   3.281 | 
     | My_bus/U574         |              | NAND3_X1     | 0.058 | My_bus/n278         |       SPEF |   4.463 | 0.000 |   3.281 | 
     | My_bus/U574         | A2 ^ -> ZN v | NAND3_X1     | 0.054 | My_bus/n261         |            |   5.053 | 0.095 |   3.377 | 
     | My_bus/U17          |              | NAND2_X1     | 0.054 | My_bus/n261         |       SPEF |   5.053 | 0.000 |   3.377 | 
     | My_bus/U17          | A1 v -> ZN ^ | NAND2_X1     | 0.103 | My_bus/n260         |            |  10.767 | 0.141 |   3.518 | 
     | My_bus/U16          |              | NOR2_X2      | 0.103 | My_bus/n260         |       SPEF |  10.767 | 0.001 |   3.519 | 
     | My_bus/U16          | A1 ^ -> ZN v | NOR2_X2      | 0.039 | YOUR_ADDRBUS[29]    |            |  18.651 | 0.082 |   3.601 | 
     | My_bus/U23          |              | INV_X4       | 0.040 | YOUR_ADDRBUS[29]    |       SPEF |  18.651 | 0.002 |   3.603 | 
     | My_bus/U23          | A v -> ZN ^  | INV_X4       | 0.259 | My_bus/n90          |            | 122.075 | 0.277 |   3.880 | 
     | My_bus/U208         |              | NOR2_X1      | 0.259 | My_bus/n90          |       SPEF | 122.075 | 0.001 |   3.882 | 
     | My_bus/U208         | A2 ^ -> ZN v | NOR2_X1      | 0.077 | YOUR_ADDRBUS[31]    |            |   4.025 | 0.088 |   3.969 | 
     | my_core_adapter     |              | core_adapter | 0.077 | YOUR_ADDRBUS[31]    |       SPEF |   4.025 | 0.000 |   3.970 | 
     +--------------------------------------------------------------------------------------------------------------------------+ 
Path 2: MET Setup Check with Pin my_core_adapter/clk 
Endpoint:   my_core_adapter/addr_in[30] (v) checked with  leading edge of 'CLK'
Beginpoint: EXT_BUSY                    (^) triggered by  leading edge of 'CLK'
Path Groups: {CLK}
Analysis View: ensc450_av
Other End Arrival Time          0.000
- Setup                         7.088
+ Phase Shift                  12.000
= Required Time                 4.912
- Arrival Time                  3.969
= Slack Time                    0.943
     Clock Rise Edge                      0.000
     + Input Delay                        0.800
     = Beginpoint Arrival Time            0.800
     +--------------------------------------------------------------------------------------------------------------------------+ 
     |      Instance       |     Arc      |     Cell     |  Slew |         Net         |    Arc     |  Load   | Delay | Arrival | 
     |                     |              |              |       |                     | Annotation |         |       |  Time   | 
     |---------------------+--------------+--------------+-------+---------------------+------------+---------+-------+---------| 
     |                     | EXT_BUSY ^   |              | 0.002 | EXT_BUSY            |       SPEF |  28.040 |       |   0.800 | 
     | My_bus/U624         |              | AOI22_X1     | 0.007 | EXT_BUSY            |       SPEF |  28.040 | 0.007 |   0.807 | 
     | My_bus/U624         | B1 ^ -> ZN v | AOI22_X1     | 0.051 | My_bus/n302         |            |   2.537 | 0.041 |   0.849 | 
     | My_bus/U623         |              | NOR3_X1      | 0.051 | My_bus/n302         |       SPEF |   2.537 | 0.000 |   0.849 | 
     | My_bus/U623         | A3 v -> ZN ^ | NOR3_X1      | 0.292 | My_bus/n96          |            |   8.695 | 0.418 |   1.267 | 
     | My_bus/U616         |              | AOI211_X1    | 0.292 | My_bus/n96          |       SPEF |   8.695 | 0.000 |   1.267 | 
     | My_bus/U616         | A ^ -> ZN v  | AOI211_X1    | 0.075 | My_bus/n4           |            |   3.220 | 0.112 |   1.379 | 
     | My_bus/U615         |              | INV_X1       | 0.075 | My_bus/n4           |       SPEF |   3.220 | 0.000 |   1.379 | 
     | My_bus/U615         | A v -> ZN ^  | INV_X1       | 0.279 | My_bus/n55          |            |  34.578 | 0.341 |   1.720 | 
     | My_bus/U24          |              | NOR2_X4      | 0.279 | My_bus/n55          |       SPEF |  34.578 | 0.003 |   1.723 | 
     | My_bus/U24          | A1 ^ -> ZN v | NOR2_X4      | 0.097 | My_bus/n94          |            |  64.133 | 0.152 |   1.875 | 
     | My_bus/U614         |              | INV_X1       | 0.097 | My_bus/n94          |       SPEF |  64.133 | 0.000 |   1.875 | 
     | My_bus/U614         | A v -> ZN ^  | INV_X1       | 0.038 | My_bus/n297         |            |   1.761 | 0.079 |   1.954 | 
     | My_bus/U15          |              | OAI21_X1     | 0.038 | My_bus/n297         |       SPEF |   1.761 | 0.000 |   1.955 | 
     | My_bus/U15          | A ^ -> ZN v  | OAI21_X1     | 0.064 | My_bus/n97          |            |   2.157 | 0.055 |   2.010 | 
     | My_bus/FE_OFC72_n97 |              | CLKBUF_X2    | 0.064 | My_bus/n97          |       SPEF |   2.157 | 0.000 |   2.010 | 
     | My_bus/FE_OFC72_n97 | A v -> Z v   | CLKBUF_X2    | 0.161 | My_bus/FE_OFN72_n97 |            |  66.231 | 0.269 |   2.279 | 
     | My_bus/U594         |              | AOI22_X1     | 0.162 | My_bus/FE_OFN72_n97 |       SPEF |  66.231 | 0.020 |   2.299 | 
     | My_bus/U594         | A2 v -> ZN ^ | AOI22_X1     | 0.184 | My_bus/n82          |            |   6.962 | 0.307 |   2.606 | 
     | My_bus/U593         |              | AND4_X1      | 0.184 | My_bus/n82          |       SPEF |   6.962 | 0.000 |   2.606 | 
     | My_bus/U593         | A4 ^ -> ZN ^ | AND4_X1      | 0.039 | My_bus/n294         |            |   1.884 | 0.219 |   2.825 | 
     | My_bus/U592         |              | NAND2_X1     | 0.039 | My_bus/n294         |       SPEF |   1.884 | 0.000 |   2.825 | 
     | My_bus/U592         | A2 ^ -> ZN v | NAND2_X1     | 0.035 | My_bus/n271         |            |   6.476 | 0.068 |   2.893 | 
     | My_bus/U589         |              | NOR3_X1      | 0.036 | My_bus/n271         |       SPEF |   6.476 | 0.000 |   2.893 | 
     | My_bus/U589         | A2 v -> ZN ^ | NOR3_X1      | 0.091 | My_bus/n290         |            |   1.265 | 0.166 |   3.059 | 
     | My_bus/U583         |              | AND4_X1      | 0.091 | My_bus/n290         |       SPEF |   1.265 | 0.000 |   3.059 | 
     | My_bus/U583         | A3 ^ -> ZN ^ | AND4_X1      | 0.058 | My_bus/n278         |            |   4.463 | 0.222 |   3.281 | 
     | My_bus/U574         |              | NAND3_X1     | 0.058 | My_bus/n278         |       SPEF |   4.463 | 0.000 |   3.282 | 
     | My_bus/U574         | A2 ^ -> ZN v | NAND3_X1     | 0.054 | My_bus/n261         |            |   5.053 | 0.095 |   3.377 | 
     | My_bus/U17          |              | NAND2_X1     | 0.054 | My_bus/n261         |       SPEF |   5.053 | 0.000 |   3.377 | 
     | My_bus/U17          | A1 v -> ZN ^ | NAND2_X1     | 0.103 | My_bus/n260         |            |  10.767 | 0.141 |   3.518 | 
     | My_bus/U16          |              | NOR2_X2      | 0.103 | My_bus/n260         |       SPEF |  10.767 | 0.001 |   3.519 | 
     | My_bus/U16          | A1 ^ -> ZN v | NOR2_X2      | 0.039 | YOUR_ADDRBUS[29]    |            |  18.651 | 0.082 |   3.601 | 
     | My_bus/U23          |              | INV_X4       | 0.040 | YOUR_ADDRBUS[29]    |       SPEF |  18.651 | 0.002 |   3.604 | 
     | My_bus/U23          | A v -> ZN ^  | INV_X4       | 0.259 | My_bus/n90          |            | 122.075 | 0.277 |   3.881 | 
     | My_bus/U209         |              | NOR2_X1      | 0.259 | My_bus/n90          |       SPEF | 122.075 | 0.003 |   3.884 | 
     | My_bus/U209         | A2 ^ -> ZN v | NOR2_X1      | 0.069 | YOUR_ADDRBUS[30]    |            |   3.725 | 0.085 |   3.969 | 
     | my_core_adapter     |              | core_adapter | 0.069 | YOUR_ADDRBUS[30]    |       SPEF |   3.725 | 0.000 |   3.969 | 
     +--------------------------------------------------------------------------------------------------------------------------+ 
Path 3: MET Setup Check with Pin my_core_adapter/clk 
Endpoint:   my_core_adapter/addr_in[29] (^) checked with  leading edge of 'CLK'
Beginpoint: EXT_BUSY                    (^) triggered by  leading edge of 'CLK'
Path Groups: {CLK}
Analysis View: ensc450_av
Other End Arrival Time          0.000
- Setup                         6.919
+ Phase Shift                  12.000
= Required Time                 5.081
- Arrival Time                  3.899
= Slack Time                    1.182
     Clock Rise Edge                      0.000
     + Input Delay                        0.800
     = Beginpoint Arrival Time            0.800
     +-------------------------------------------------------------------------------------------------------------------------+ 
     |      Instance       |     Arc      |     Cell     |  Slew |         Net         |    Arc     |  Load  | Delay | Arrival | 
     |                     |              |              |       |                     | Annotation |        |       |  Time   | 
     |---------------------+--------------+--------------+-------+---------------------+------------+--------+-------+---------| 
     |                     | EXT_BUSY ^   |              | 0.002 | EXT_BUSY            |       SPEF | 28.040 |       |   0.800 | 
     | My_bus/U624         |              | AOI22_X1     | 0.007 | EXT_BUSY            |       SPEF | 28.040 | 0.007 |   0.807 | 
     | My_bus/U624         | B1 ^ -> ZN v | AOI22_X1     | 0.051 | My_bus/n302         |            |  2.537 | 0.041 |   0.849 | 
     | My_bus/U623         |              | NOR3_X1      | 0.051 | My_bus/n302         |       SPEF |  2.537 | 0.000 |   0.849 | 
     | My_bus/U623         | A3 v -> ZN ^ | NOR3_X1      | 0.292 | My_bus/n96          |            |  8.695 | 0.418 |   1.267 | 
     | My_bus/U616         |              | AOI211_X1    | 0.292 | My_bus/n96          |       SPEF |  8.695 | 0.000 |   1.267 | 
     | My_bus/U616         | A ^ -> ZN v  | AOI211_X1    | 0.075 | My_bus/n4           |            |  3.220 | 0.112 |   1.379 | 
     | My_bus/U615         |              | INV_X1       | 0.075 | My_bus/n4           |       SPEF |  3.220 | 0.000 |   1.379 | 
     | My_bus/U615         | A v -> ZN ^  | INV_X1       | 0.279 | My_bus/n55          |            | 34.578 | 0.341 |   1.720 | 
     | My_bus/U24          |              | NOR2_X4      | 0.279 | My_bus/n55          |       SPEF | 34.578 | 0.003 |   1.723 | 
     | My_bus/U24          | A1 ^ -> ZN v | NOR2_X4      | 0.097 | My_bus/n94          |            | 64.133 | 0.152 |   1.875 | 
     | My_bus/U614         |              | INV_X1       | 0.097 | My_bus/n94          |       SPEF | 64.133 | 0.000 |   1.875 | 
     | My_bus/U614         | A v -> ZN ^  | INV_X1       | 0.038 | My_bus/n297         |            |  1.761 | 0.079 |   1.954 | 
     | My_bus/U15          |              | OAI21_X1     | 0.038 | My_bus/n297         |       SPEF |  1.761 | 0.000 |   1.955 | 
     | My_bus/U15          | A ^ -> ZN v  | OAI21_X1     | 0.064 | My_bus/n97          |            |  2.157 | 0.055 |   2.010 | 
     | My_bus/FE_OFC72_n97 |              | CLKBUF_X2    | 0.064 | My_bus/n97          |       SPEF |  2.157 | 0.000 |   2.010 | 
     | My_bus/FE_OFC72_n97 | A v -> Z v   | CLKBUF_X2    | 0.161 | My_bus/FE_OFN72_n97 |            | 66.231 | 0.269 |   2.279 | 
     | My_bus/U594         |              | AOI22_X1     | 0.162 | My_bus/FE_OFN72_n97 |       SPEF | 66.231 | 0.020 |   2.299 | 
     | My_bus/U594         | A2 v -> ZN ^ | AOI22_X1     | 0.184 | My_bus/n82          |            |  6.962 | 0.307 |   2.606 | 
     | My_bus/U593         |              | AND4_X1      | 0.184 | My_bus/n82          |       SPEF |  6.962 | 0.000 |   2.606 | 
     | My_bus/U593         | A4 ^ -> ZN ^ | AND4_X1      | 0.039 | My_bus/n294         |            |  1.884 | 0.219 |   2.825 | 
     | My_bus/U592         |              | NAND2_X1     | 0.039 | My_bus/n294         |       SPEF |  1.884 | 0.000 |   2.825 | 
     | My_bus/U592         | A2 ^ -> ZN v | NAND2_X1     | 0.035 | My_bus/n271         |            |  6.476 | 0.068 |   2.893 | 
     | My_bus/U589         |              | NOR3_X1      | 0.036 | My_bus/n271         |       SPEF |  6.476 | 0.000 |   2.893 | 
     | My_bus/U589         | A2 v -> ZN ^ | NOR3_X1      | 0.091 | My_bus/n290         |            |  1.265 | 0.166 |   3.059 | 
     | My_bus/U583         |              | AND4_X1      | 0.091 | My_bus/n290         |       SPEF |  1.265 | 0.000 |   3.059 | 
     | My_bus/U583         | A3 ^ -> ZN ^ | AND4_X1      | 0.058 | My_bus/n278         |            |  4.463 | 0.222 |   3.281 | 
     | My_bus/U559         |              | NAND4_X1     | 0.058 | My_bus/n278         |       SPEF |  4.463 | 0.000 |   3.281 | 
     | My_bus/U559         | A3 ^ -> ZN v | NAND4_X1     | 0.087 | My_bus/n264         |            |  3.442 | 0.113 |   3.395 | 
     | My_bus/U558         |              | NAND2_X1     | 0.087 | My_bus/n264         |       SPEF |  3.442 | 0.000 |   3.395 | 
     | My_bus/U558         | A2 v -> ZN ^ | NAND2_X1     | 0.093 | My_bus/n259         |            |  9.432 | 0.159 |   3.554 | 
     | My_bus/U18          |              | INV_X1       | 0.093 | My_bus/n259         |       SPEF |  9.432 | 0.001 |   3.554 | 
     | My_bus/U18          | A ^ -> ZN v  | INV_X1       | 0.036 | My_bus/n8           |            |  9.193 | 0.076 |   3.631 | 
     | My_bus/U16          |              | NOR2_X2      | 0.036 | My_bus/n8           |       SPEF |  9.193 | 0.000 |   3.631 | 
     | My_bus/U16          | A2 v -> ZN ^ | NOR2_X2      | 0.198 | YOUR_ADDRBUS[29]    |            | 19.513 | 0.265 |   3.896 | 
     | my_core_adapter     |              | core_adapter | 0.198 | YOUR_ADDRBUS[29]    |       SPEF | 19.513 | 0.003 |   3.899 | 
     +-------------------------------------------------------------------------------------------------------------------------+ 
Path 4: MET Setup Check with Pin my_core_adapter/clk 
Endpoint:   my_core_adapter/addr_in[28] (v) checked with  leading edge of 'CLK'
Beginpoint: EXT_BUSY                    (^) triggered by  leading edge of 'CLK'
Path Groups: {CLK}
Analysis View: ensc450_av
Other End Arrival Time          0.000
- Setup                         6.720
+ Phase Shift                  12.000
= Required Time                 5.280
- Arrival Time                  3.974
= Slack Time                    1.306
     Clock Rise Edge                      0.000
     + Input Delay                        0.800
     = Beginpoint Arrival Time            0.800
     +--------------------------------------------------------------------------------------------------------------------------+ 
     |      Instance       |     Arc      |     Cell     |  Slew |         Net         |    Arc     |  Load   | Delay | Arrival | 
     |                     |              |              |       |                     | Annotation |         |       |  Time   | 
     |---------------------+--------------+--------------+-------+---------------------+------------+---------+-------+---------| 
     |                     | EXT_BUSY ^   |              | 0.002 | EXT_BUSY            |       SPEF |  28.040 |       |   0.800 | 
     | My_bus/U624         |              | AOI22_X1     | 0.007 | EXT_BUSY            |       SPEF |  28.040 | 0.007 |   0.807 | 
     | My_bus/U624         | B1 ^ -> ZN v | AOI22_X1     | 0.051 | My_bus/n302         |            |   2.537 | 0.041 |   0.849 | 
     | My_bus/U623         |              | NOR3_X1      | 0.051 | My_bus/n302         |       SPEF |   2.537 | 0.000 |   0.849 | 
     | My_bus/U623         | A3 v -> ZN ^ | NOR3_X1      | 0.292 | My_bus/n96          |            |   8.695 | 0.418 |   1.267 | 
     | My_bus/U616         |              | AOI211_X1    | 0.292 | My_bus/n96          |       SPEF |   8.695 | 0.000 |   1.267 | 
     | My_bus/U616         | A ^ -> ZN v  | AOI211_X1    | 0.075 | My_bus/n4           |            |   3.220 | 0.112 |   1.379 | 
     | My_bus/U615         |              | INV_X1       | 0.075 | My_bus/n4           |       SPEF |   3.220 | 0.000 |   1.379 | 
     | My_bus/U615         | A v -> ZN ^  | INV_X1       | 0.279 | My_bus/n55          |            |  34.578 | 0.341 |   1.720 | 
     | My_bus/U24          |              | NOR2_X4      | 0.279 | My_bus/n55          |       SPEF |  34.578 | 0.003 |   1.723 | 
     | My_bus/U24          | A1 ^ -> ZN v | NOR2_X4      | 0.097 | My_bus/n94          |            |  64.133 | 0.152 |   1.875 | 
     | My_bus/U614         |              | INV_X1       | 0.097 | My_bus/n94          |       SPEF |  64.133 | 0.000 |   1.875 | 
     | My_bus/U614         | A v -> ZN ^  | INV_X1       | 0.038 | My_bus/n297         |            |   1.761 | 0.079 |   1.954 | 
     | My_bus/U15          |              | OAI21_X1     | 0.038 | My_bus/n297         |       SPEF |   1.761 | 0.000 |   1.955 | 
     | My_bus/U15          | A ^ -> ZN v  | OAI21_X1     | 0.064 | My_bus/n97          |            |   2.157 | 0.055 |   2.010 | 
     | My_bus/FE_OFC72_n97 |              | CLKBUF_X2    | 0.064 | My_bus/n97          |       SPEF |   2.157 | 0.000 |   2.010 | 
     | My_bus/FE_OFC72_n97 | A v -> Z v   | CLKBUF_X2    | 0.161 | My_bus/FE_OFN72_n97 |            |  66.231 | 0.269 |   2.279 | 
     | My_bus/U594         |              | AOI22_X1     | 0.162 | My_bus/FE_OFN72_n97 |       SPEF |  66.231 | 0.020 |   2.299 | 
     | My_bus/U594         | A2 v -> ZN ^ | AOI22_X1     | 0.184 | My_bus/n82          |            |   6.962 | 0.307 |   2.606 | 
     | My_bus/U593         |              | AND4_X1      | 0.184 | My_bus/n82          |       SPEF |   6.962 | 0.000 |   2.606 | 
     | My_bus/U593         | A4 ^ -> ZN ^ | AND4_X1      | 0.039 | My_bus/n294         |            |   1.884 | 0.219 |   2.825 | 
     | My_bus/U592         |              | NAND2_X1     | 0.039 | My_bus/n294         |       SPEF |   1.884 | 0.000 |   2.825 | 
     | My_bus/U592         | A2 ^ -> ZN v | NAND2_X1     | 0.035 | My_bus/n271         |            |   6.476 | 0.068 |   2.893 | 
     | My_bus/U589         |              | NOR3_X1      | 0.036 | My_bus/n271         |       SPEF |   6.476 | 0.000 |   2.893 | 
     | My_bus/U589         | A2 v -> ZN ^ | NOR3_X1      | 0.091 | My_bus/n290         |            |   1.265 | 0.166 |   3.059 | 
     | My_bus/U583         |              | AND4_X1      | 0.091 | My_bus/n290         |       SPEF |   1.265 | 0.000 |   3.059 | 
     | My_bus/U583         | A3 ^ -> ZN ^ | AND4_X1      | 0.058 | My_bus/n278         |            |   4.463 | 0.222 |   3.281 | 
     | My_bus/U574         |              | NAND3_X1     | 0.058 | My_bus/n278         |       SPEF |   4.463 | 0.000 |   3.282 | 
     | My_bus/U574         | A2 ^ -> ZN v | NAND3_X1     | 0.054 | My_bus/n261         |            |   5.053 | 0.095 |   3.377 | 
     | My_bus/U17          |              | NAND2_X1     | 0.054 | My_bus/n261         |       SPEF |   5.053 | 0.000 |   3.377 | 
     | My_bus/U17          | A1 v -> ZN ^ | NAND2_X1     | 0.103 | My_bus/n260         |            |  10.767 | 0.141 |   3.518 | 
     | My_bus/U16          |              | NOR2_X2      | 0.103 | My_bus/n260         |       SPEF |  10.767 | 0.001 |   3.519 | 
     | My_bus/U16          | A1 ^ -> ZN v | NOR2_X2      | 0.039 | YOUR_ADDRBUS[29]    |            |  18.651 | 0.082 |   3.601 | 
     | My_bus/U23          |              | INV_X4       | 0.040 | YOUR_ADDRBUS[29]    |       SPEF |  18.651 | 0.002 |   3.604 | 
     | My_bus/U23          | A v -> ZN ^  | INV_X4       | 0.259 | My_bus/n90          |            | 122.075 | 0.277 |   3.881 | 
     | My_bus/U211         |              | NOR2_X1      | 0.259 | My_bus/n90          |       SPEF | 122.075 | 0.005 |   3.885 | 
     | My_bus/U211         | A2 ^ -> ZN v | NOR2_X1      | 0.068 | YOUR_ADDRBUS[28]    |            |   4.059 | 0.088 |   3.973 | 
     | my_core_adapter     |              | core_adapter | 0.068 | YOUR_ADDRBUS[28]    |       SPEF |   4.059 | 0.000 |   3.974 | 
     +--------------------------------------------------------------------------------------------------------------------------+ 
Path 5: MET Setup Check with Pin my_core_adapter/clk 
Endpoint:   my_core_adapter/addr_in[27] (v) checked with  leading edge of 'CLK'
Beginpoint: EXT_BUSY                    (^) triggered by  leading edge of 'CLK'
Path Groups: {CLK}
Analysis View: ensc450_av
Other End Arrival Time          0.000
- Setup                         6.532
+ Phase Shift                  12.000
= Required Time                 5.468
- Arrival Time                  3.979
= Slack Time                    1.489
     Clock Rise Edge                      0.000
     + Input Delay                        0.800
     = Beginpoint Arrival Time            0.800
     +--------------------------------------------------------------------------------------------------------------------------+ 
     |      Instance       |     Arc      |     Cell     |  Slew |         Net         |    Arc     |  Load   | Delay | Arrival | 
     |                     |              |              |       |                     | Annotation |         |       |  Time   | 
     |---------------------+--------------+--------------+-------+---------------------+------------+---------+-------+---------| 
     |                     | EXT_BUSY ^   |              | 0.002 | EXT_BUSY            |       SPEF |  28.040 |       |   0.800 | 
     | My_bus/U624         |              | AOI22_X1     | 0.007 | EXT_BUSY            |       SPEF |  28.040 | 0.007 |   0.807 | 
     | My_bus/U624         | B1 ^ -> ZN v | AOI22_X1     | 0.051 | My_bus/n302         |            |   2.537 | 0.041 |   0.849 | 
     | My_bus/U623         |              | NOR3_X1      | 0.051 | My_bus/n302         |       SPEF |   2.537 | 0.000 |   0.849 | 
     | My_bus/U623         | A3 v -> ZN ^ | NOR3_X1      | 0.292 | My_bus/n96          |            |   8.695 | 0.418 |   1.267 | 
     | My_bus/U616         |              | AOI211_X1    | 0.292 | My_bus/n96          |       SPEF |   8.695 | 0.000 |   1.267 | 
     | My_bus/U616         | A ^ -> ZN v  | AOI211_X1    | 0.075 | My_bus/n4           |            |   3.220 | 0.112 |   1.379 | 
     | My_bus/U615         |              | INV_X1       | 0.075 | My_bus/n4           |       SPEF |   3.220 | 0.000 |   1.379 | 
     | My_bus/U615         | A v -> ZN ^  | INV_X1       | 0.279 | My_bus/n55          |            |  34.578 | 0.341 |   1.720 | 
     | My_bus/U24          |              | NOR2_X4      | 0.279 | My_bus/n55          |       SPEF |  34.578 | 0.003 |   1.723 | 
     | My_bus/U24          | A1 ^ -> ZN v | NOR2_X4      | 0.097 | My_bus/n94          |            |  64.133 | 0.152 |   1.875 | 
     | My_bus/U614         |              | INV_X1       | 0.097 | My_bus/n94          |       SPEF |  64.133 | 0.000 |   1.875 | 
     | My_bus/U614         | A v -> ZN ^  | INV_X1       | 0.038 | My_bus/n297         |            |   1.761 | 0.079 |   1.954 | 
     | My_bus/U15          |              | OAI21_X1     | 0.038 | My_bus/n297         |       SPEF |   1.761 | 0.000 |   1.955 | 
     | My_bus/U15          | A ^ -> ZN v  | OAI21_X1     | 0.064 | My_bus/n97          |            |   2.157 | 0.055 |   2.010 | 
     | My_bus/FE_OFC72_n97 |              | CLKBUF_X2    | 0.064 | My_bus/n97          |       SPEF |   2.157 | 0.000 |   2.010 | 
     | My_bus/FE_OFC72_n97 | A v -> Z v   | CLKBUF_X2    | 0.161 | My_bus/FE_OFN72_n97 |            |  66.231 | 0.269 |   2.279 | 
     | My_bus/U594         |              | AOI22_X1     | 0.162 | My_bus/FE_OFN72_n97 |       SPEF |  66.231 | 0.020 |   2.299 | 
     | My_bus/U594         | A2 v -> ZN ^ | AOI22_X1     | 0.184 | My_bus/n82          |            |   6.962 | 0.307 |   2.606 | 
     | My_bus/U593         |              | AND4_X1      | 0.184 | My_bus/n82          |       SPEF |   6.962 | 0.000 |   2.606 | 
     | My_bus/U593         | A4 ^ -> ZN ^ | AND4_X1      | 0.039 | My_bus/n294         |            |   1.884 | 0.219 |   2.825 | 
     | My_bus/U592         |              | NAND2_X1     | 0.039 | My_bus/n294         |       SPEF |   1.884 | 0.000 |   2.825 | 
     | My_bus/U592         | A2 ^ -> ZN v | NAND2_X1     | 0.035 | My_bus/n271         |            |   6.476 | 0.068 |   2.893 | 
     | My_bus/U589         |              | NOR3_X1      | 0.036 | My_bus/n271         |       SPEF |   6.476 | 0.000 |   2.893 | 
     | My_bus/U589         | A2 v -> ZN ^ | NOR3_X1      | 0.091 | My_bus/n290         |            |   1.265 | 0.166 |   3.059 | 
     | My_bus/U583         |              | AND4_X1      | 0.091 | My_bus/n290         |       SPEF |   1.265 | 0.000 |   3.059 | 
     | My_bus/U583         | A3 ^ -> ZN ^ | AND4_X1      | 0.058 | My_bus/n278         |            |   4.463 | 0.222 |   3.281 | 
     | My_bus/U574         |              | NAND3_X1     | 0.058 | My_bus/n278         |       SPEF |   4.463 | 0.000 |   3.282 | 
     | My_bus/U574         | A2 ^ -> ZN v | NAND3_X1     | 0.054 | My_bus/n261         |            |   5.053 | 0.095 |   3.377 | 
     | My_bus/U17          |              | NAND2_X1     | 0.054 | My_bus/n261         |       SPEF |   5.053 | 0.000 |   3.377 | 
     | My_bus/U17          | A1 v -> ZN ^ | NAND2_X1     | 0.103 | My_bus/n260         |            |  10.767 | 0.141 |   3.518 | 
     | My_bus/U16          |              | NOR2_X2      | 0.103 | My_bus/n260         |       SPEF |  10.767 | 0.001 |   3.519 | 
     | My_bus/U16          | A1 ^ -> ZN v | NOR2_X2      | 0.039 | YOUR_ADDRBUS[29]    |            |  18.651 | 0.082 |   3.601 | 
     | My_bus/U23          |              | INV_X4       | 0.040 | YOUR_ADDRBUS[29]    |       SPEF |  18.651 | 0.002 |   3.604 | 
     | My_bus/U23          | A v -> ZN ^  | INV_X4       | 0.259 | My_bus/n90          |            | 122.075 | 0.277 |   3.881 | 
     | My_bus/U212         |              | NOR2_X1      | 0.259 | My_bus/n90          |       SPEF | 122.075 | 0.004 |   3.885 | 
     | My_bus/U212         | A2 ^ -> ZN v | NOR2_X1      | 0.066 | YOUR_ADDRBUS[27]    |            |   4.709 | 0.094 |   3.978 | 
     | my_core_adapter     |              | core_adapter | 0.066 | YOUR_ADDRBUS[27]    |       SPEF |   4.709 | 0.000 |   3.979 | 
     +--------------------------------------------------------------------------------------------------------------------------+ 
Path 6: MET Setup Check with Pin my_core_adapter/clk 
Endpoint:   my_core_adapter/addr_in[26] (v) checked with  leading edge of 'CLK'
Beginpoint: EXT_BUSY                    (^) triggered by  leading edge of 'CLK'
Path Groups: {CLK}
Analysis View: ensc450_av
Other End Arrival Time          0.000
- Setup                         6.344
+ Phase Shift                  12.000
= Required Time                 5.656
- Arrival Time                  3.981
= Slack Time                    1.675
     Clock Rise Edge                      0.000
     + Input Delay                        0.800
     = Beginpoint Arrival Time            0.800
     +--------------------------------------------------------------------------------------------------------------------------+ 
     |      Instance       |     Arc      |     Cell     |  Slew |         Net         |    Arc     |  Load   | Delay | Arrival | 
     |                     |              |              |       |                     | Annotation |         |       |  Time   | 
     |---------------------+--------------+--------------+-------+---------------------+------------+---------+-------+---------| 
     |                     | EXT_BUSY ^   |              | 0.002 | EXT_BUSY            |       SPEF |  28.040 |       |   0.800 | 
     | My_bus/U624         |              | AOI22_X1     | 0.007 | EXT_BUSY            |       SPEF |  28.040 | 0.007 |   0.807 | 
     | My_bus/U624         | B1 ^ -> ZN v | AOI22_X1     | 0.051 | My_bus/n302         |            |   2.537 | 0.041 |   0.849 | 
     | My_bus/U623         |              | NOR3_X1      | 0.051 | My_bus/n302         |       SPEF |   2.537 | 0.000 |   0.849 | 
     | My_bus/U623         | A3 v -> ZN ^ | NOR3_X1      | 0.292 | My_bus/n96          |            |   8.695 | 0.418 |   1.267 | 
     | My_bus/U616         |              | AOI211_X1    | 0.292 | My_bus/n96          |       SPEF |   8.695 | 0.000 |   1.267 | 
     | My_bus/U616         | A ^ -> ZN v  | AOI211_X1    | 0.075 | My_bus/n4           |            |   3.220 | 0.112 |   1.379 | 
     | My_bus/U615         |              | INV_X1       | 0.075 | My_bus/n4           |       SPEF |   3.220 | 0.000 |   1.379 | 
     | My_bus/U615         | A v -> ZN ^  | INV_X1       | 0.279 | My_bus/n55          |            |  34.578 | 0.341 |   1.720 | 
     | My_bus/U24          |              | NOR2_X4      | 0.279 | My_bus/n55          |       SPEF |  34.578 | 0.003 |   1.723 | 
     | My_bus/U24          | A1 ^ -> ZN v | NOR2_X4      | 0.097 | My_bus/n94          |            |  64.133 | 0.152 |   1.875 | 
     | My_bus/U614         |              | INV_X1       | 0.097 | My_bus/n94          |       SPEF |  64.133 | 0.000 |   1.875 | 
     | My_bus/U614         | A v -> ZN ^  | INV_X1       | 0.038 | My_bus/n297         |            |   1.761 | 0.079 |   1.954 | 
     | My_bus/U15          |              | OAI21_X1     | 0.038 | My_bus/n297         |       SPEF |   1.761 | 0.000 |   1.955 | 
     | My_bus/U15          | A ^ -> ZN v  | OAI21_X1     | 0.064 | My_bus/n97          |            |   2.157 | 0.055 |   2.010 | 
     | My_bus/FE_OFC72_n97 |              | CLKBUF_X2    | 0.064 | My_bus/n97          |       SPEF |   2.157 | 0.000 |   2.010 | 
     | My_bus/FE_OFC72_n97 | A v -> Z v   | CLKBUF_X2    | 0.161 | My_bus/FE_OFN72_n97 |            |  66.231 | 0.269 |   2.279 | 
     | My_bus/U594         |              | AOI22_X1     | 0.162 | My_bus/FE_OFN72_n97 |       SPEF |  66.231 | 0.020 |   2.299 | 
     | My_bus/U594         | A2 v -> ZN ^ | AOI22_X1     | 0.184 | My_bus/n82          |            |   6.962 | 0.307 |   2.606 | 
     | My_bus/U593         |              | AND4_X1      | 0.184 | My_bus/n82          |       SPEF |   6.962 | 0.000 |   2.606 | 
     | My_bus/U593         | A4 ^ -> ZN ^ | AND4_X1      | 0.039 | My_bus/n294         |            |   1.884 | 0.219 |   2.825 | 
     | My_bus/U592         |              | NAND2_X1     | 0.039 | My_bus/n294         |       SPEF |   1.884 | 0.000 |   2.825 | 
     | My_bus/U592         | A2 ^ -> ZN v | NAND2_X1     | 0.035 | My_bus/n271         |            |   6.476 | 0.068 |   2.893 | 
     | My_bus/U589         |              | NOR3_X1      | 0.036 | My_bus/n271         |       SPEF |   6.476 | 0.000 |   2.893 | 
     | My_bus/U589         | A2 v -> ZN ^ | NOR3_X1      | 0.091 | My_bus/n290         |            |   1.265 | 0.166 |   3.059 | 
     | My_bus/U583         |              | AND4_X1      | 0.091 | My_bus/n290         |       SPEF |   1.265 | 0.000 |   3.059 | 
     | My_bus/U583         | A3 ^ -> ZN ^ | AND4_X1      | 0.058 | My_bus/n278         |            |   4.463 | 0.222 |   3.281 | 
     | My_bus/U574         |              | NAND3_X1     | 0.058 | My_bus/n278         |       SPEF |   4.463 | 0.000 |   3.281 | 
     | My_bus/U574         | A2 ^ -> ZN v | NAND3_X1     | 0.054 | My_bus/n261         |            |   5.053 | 0.095 |   3.377 | 
     | My_bus/U17          |              | NAND2_X1     | 0.054 | My_bus/n261         |       SPEF |   5.053 | 0.000 |   3.377 | 
     | My_bus/U17          | A1 v -> ZN ^ | NAND2_X1     | 0.103 | My_bus/n260         |            |  10.767 | 0.141 |   3.518 | 
     | My_bus/U16          |              | NOR2_X2      | 0.103 | My_bus/n260         |       SPEF |  10.767 | 0.001 |   3.519 | 
     | My_bus/U16          | A1 ^ -> ZN v | NOR2_X2      | 0.039 | YOUR_ADDRBUS[29]    |            |  18.651 | 0.082 |   3.601 | 
     | My_bus/U23          |              | INV_X4       | 0.040 | YOUR_ADDRBUS[29]    |       SPEF |  18.651 | 0.002 |   3.603 | 
     | My_bus/U23          | A v -> ZN ^  | INV_X4       | 0.259 | My_bus/n90          |            | 122.075 | 0.277 |   3.880 | 
     | My_bus/U213         |              | NOR2_X1      | 0.259 | My_bus/n90          |       SPEF | 122.075 | 0.006 |   3.886 | 
     | My_bus/U213         | A2 ^ -> ZN v | NOR2_X1      | 0.063 | YOUR_ADDRBUS[26]    |            |   4.806 | 0.095 |   3.981 | 
     | my_core_adapter     |              | core_adapter | 0.063 | YOUR_ADDRBUS[26]    |       SPEF |   4.806 | 0.000 |   3.981 | 
     +--------------------------------------------------------------------------------------------------------------------------+ 
Path 7: MET Setup Check with Pin my_core_adapter/clk 
Endpoint:   my_core_adapter/addr_in[25] (v) checked with  leading edge of 'CLK'
Beginpoint: EXT_BUSY                    (^) triggered by  leading edge of 'CLK'
Path Groups: {CLK}
Analysis View: ensc450_av
Other End Arrival Time          0.000
- Setup                         6.160
+ Phase Shift                  12.000
= Required Time                 5.840
- Arrival Time                  3.980
= Slack Time                    1.860
     Clock Rise Edge                      0.000
     + Input Delay                        0.800
     = Beginpoint Arrival Time            0.800
     +--------------------------------------------------------------------------------------------------------------------------+ 
     |      Instance       |     Arc      |     Cell     |  Slew |         Net         |    Arc     |  Load   | Delay | Arrival | 
     |                     |              |              |       |                     | Annotation |         |       |  Time   | 
     |---------------------+--------------+--------------+-------+---------------------+------------+---------+-------+---------| 
     |                     | EXT_BUSY ^   |              | 0.002 | EXT_BUSY            |       SPEF |  28.040 |       |   0.800 | 
     | My_bus/U624         |              | AOI22_X1     | 0.007 | EXT_BUSY            |       SPEF |  28.040 | 0.007 |   0.807 | 
     | My_bus/U624         | B1 ^ -> ZN v | AOI22_X1     | 0.051 | My_bus/n302         |            |   2.537 | 0.041 |   0.849 | 
     | My_bus/U623         |              | NOR3_X1      | 0.051 | My_bus/n302         |       SPEF |   2.537 | 0.000 |   0.849 | 
     | My_bus/U623         | A3 v -> ZN ^ | NOR3_X1      | 0.292 | My_bus/n96          |            |   8.695 | 0.418 |   1.267 | 
     | My_bus/U616         |              | AOI211_X1    | 0.292 | My_bus/n96          |       SPEF |   8.695 | 0.000 |   1.267 | 
     | My_bus/U616         | A ^ -> ZN v  | AOI211_X1    | 0.075 | My_bus/n4           |            |   3.220 | 0.112 |   1.379 | 
     | My_bus/U615         |              | INV_X1       | 0.075 | My_bus/n4           |       SPEF |   3.220 | 0.000 |   1.379 | 
     | My_bus/U615         | A v -> ZN ^  | INV_X1       | 0.279 | My_bus/n55          |            |  34.578 | 0.341 |   1.720 | 
     | My_bus/U24          |              | NOR2_X4      | 0.279 | My_bus/n55          |       SPEF |  34.578 | 0.003 |   1.723 | 
     | My_bus/U24          | A1 ^ -> ZN v | NOR2_X4      | 0.097 | My_bus/n94          |            |  64.133 | 0.152 |   1.875 | 
     | My_bus/U614         |              | INV_X1       | 0.097 | My_bus/n94          |       SPEF |  64.133 | 0.000 |   1.875 | 
     | My_bus/U614         | A v -> ZN ^  | INV_X1       | 0.038 | My_bus/n297         |            |   1.761 | 0.079 |   1.954 | 
     | My_bus/U15          |              | OAI21_X1     | 0.038 | My_bus/n297         |       SPEF |   1.761 | 0.000 |   1.955 | 
     | My_bus/U15          | A ^ -> ZN v  | OAI21_X1     | 0.064 | My_bus/n97          |            |   2.157 | 0.055 |   2.010 | 
     | My_bus/FE_OFC72_n97 |              | CLKBUF_X2    | 0.064 | My_bus/n97          |       SPEF |   2.157 | 0.000 |   2.010 | 
     | My_bus/FE_OFC72_n97 | A v -> Z v   | CLKBUF_X2    | 0.161 | My_bus/FE_OFN72_n97 |            |  66.231 | 0.269 |   2.279 | 
     | My_bus/U594         |              | AOI22_X1     | 0.162 | My_bus/FE_OFN72_n97 |       SPEF |  66.231 | 0.020 |   2.299 | 
     | My_bus/U594         | A2 v -> ZN ^ | AOI22_X1     | 0.184 | My_bus/n82          |            |   6.962 | 0.307 |   2.606 | 
     | My_bus/U593         |              | AND4_X1      | 0.184 | My_bus/n82          |       SPEF |   6.962 | 0.000 |   2.606 | 
     | My_bus/U593         | A4 ^ -> ZN ^ | AND4_X1      | 0.039 | My_bus/n294         |            |   1.884 | 0.219 |   2.825 | 
     | My_bus/U592         |              | NAND2_X1     | 0.039 | My_bus/n294         |       SPEF |   1.884 | 0.000 |   2.825 | 
     | My_bus/U592         | A2 ^ -> ZN v | NAND2_X1     | 0.035 | My_bus/n271         |            |   6.476 | 0.068 |   2.893 | 
     | My_bus/U589         |              | NOR3_X1      | 0.036 | My_bus/n271         |       SPEF |   6.476 | 0.000 |   2.893 | 
     | My_bus/U589         | A2 v -> ZN ^ | NOR3_X1      | 0.091 | My_bus/n290         |            |   1.265 | 0.166 |   3.059 | 
     | My_bus/U583         |              | AND4_X1      | 0.091 | My_bus/n290         |       SPEF |   1.265 | 0.000 |   3.059 | 
     | My_bus/U583         | A3 ^ -> ZN ^ | AND4_X1      | 0.058 | My_bus/n278         |            |   4.463 | 0.222 |   3.281 | 
     | My_bus/U574         |              | NAND3_X1     | 0.058 | My_bus/n278         |       SPEF |   4.463 | 0.000 |   3.281 | 
     | My_bus/U574         | A2 ^ -> ZN v | NAND3_X1     | 0.054 | My_bus/n261         |            |   5.053 | 0.095 |   3.377 | 
     | My_bus/U17          |              | NAND2_X1     | 0.054 | My_bus/n261         |       SPEF |   5.053 | 0.000 |   3.377 | 
     | My_bus/U17          | A1 v -> ZN ^ | NAND2_X1     | 0.103 | My_bus/n260         |            |  10.767 | 0.141 |   3.518 | 
     | My_bus/U16          |              | NOR2_X2      | 0.103 | My_bus/n260         |       SPEF |  10.767 | 0.001 |   3.519 | 
     | My_bus/U16          | A1 ^ -> ZN v | NOR2_X2      | 0.039 | YOUR_ADDRBUS[29]    |            |  18.651 | 0.082 |   3.601 | 
     | My_bus/U23          |              | INV_X4       | 0.040 | YOUR_ADDRBUS[29]    |       SPEF |  18.651 | 0.002 |   3.603 | 
     | My_bus/U23          | A v -> ZN ^  | INV_X4       | 0.259 | My_bus/n90          |            | 122.075 | 0.277 |   3.880 | 
     | My_bus/U214         |              | NOR2_X1      | 0.259 | My_bus/n90          |       SPEF | 122.075 | 0.007 |   3.887 | 
     | My_bus/U214         | A2 ^ -> ZN v | NOR2_X1      | 0.062 | YOUR_ADDRBUS[25]    |            |   4.604 | 0.093 |   3.980 | 
     | my_core_adapter     |              | core_adapter | 0.062 | YOUR_ADDRBUS[25]    |       SPEF |   4.604 | 0.000 |   3.980 | 
     +--------------------------------------------------------------------------------------------------------------------------+ 
Path 8: MET Setup Check with Pin my_core_adapter/clk 
Endpoint:   my_core_adapter/addr_in[24] (v) checked with  leading edge of 'CLK'
Beginpoint: EXT_BUSY                    (^) triggered by  leading edge of 'CLK'
Path Groups: {CLK}
Analysis View: ensc450_av
Other End Arrival Time          0.000
- Setup                         5.977
+ Phase Shift                  12.000
= Required Time                 6.023
- Arrival Time                  3.982
= Slack Time                    2.041
     Clock Rise Edge                      0.000
     + Input Delay                        0.800
     = Beginpoint Arrival Time            0.800
     +--------------------------------------------------------------------------------------------------------------------------+ 
     |      Instance       |     Arc      |     Cell     |  Slew |         Net         |    Arc     |  Load   | Delay | Arrival | 
     |                     |              |              |       |                     | Annotation |         |       |  Time   | 
     |---------------------+--------------+--------------+-------+---------------------+------------+---------+-------+---------| 
     |                     | EXT_BUSY ^   |              | 0.002 | EXT_BUSY            |       SPEF |  28.040 |       |   0.800 | 
     | My_bus/U624         |              | AOI22_X1     | 0.007 | EXT_BUSY            |       SPEF |  28.040 | 0.007 |   0.807 | 
     | My_bus/U624         | B1 ^ -> ZN v | AOI22_X1     | 0.051 | My_bus/n302         |            |   2.537 | 0.041 |   0.849 | 
     | My_bus/U623         |              | NOR3_X1      | 0.051 | My_bus/n302         |       SPEF |   2.537 | 0.000 |   0.849 | 
     | My_bus/U623         | A3 v -> ZN ^ | NOR3_X1      | 0.292 | My_bus/n96          |            |   8.695 | 0.418 |   1.267 | 
     | My_bus/U616         |              | AOI211_X1    | 0.292 | My_bus/n96          |       SPEF |   8.695 | 0.000 |   1.267 | 
     | My_bus/U616         | A ^ -> ZN v  | AOI211_X1    | 0.075 | My_bus/n4           |            |   3.220 | 0.112 |   1.379 | 
     | My_bus/U615         |              | INV_X1       | 0.075 | My_bus/n4           |       SPEF |   3.220 | 0.000 |   1.379 | 
     | My_bus/U615         | A v -> ZN ^  | INV_X1       | 0.279 | My_bus/n55          |            |  34.578 | 0.341 |   1.720 | 
     | My_bus/U24          |              | NOR2_X4      | 0.279 | My_bus/n55          |       SPEF |  34.578 | 0.003 |   1.723 | 
     | My_bus/U24          | A1 ^ -> ZN v | NOR2_X4      | 0.097 | My_bus/n94          |            |  64.133 | 0.152 |   1.875 | 
     | My_bus/U614         |              | INV_X1       | 0.097 | My_bus/n94          |       SPEF |  64.133 | 0.000 |   1.875 | 
     | My_bus/U614         | A v -> ZN ^  | INV_X1       | 0.038 | My_bus/n297         |            |   1.761 | 0.079 |   1.954 | 
     | My_bus/U15          |              | OAI21_X1     | 0.038 | My_bus/n297         |       SPEF |   1.761 | 0.000 |   1.955 | 
     | My_bus/U15          | A ^ -> ZN v  | OAI21_X1     | 0.064 | My_bus/n97          |            |   2.157 | 0.055 |   2.010 | 
     | My_bus/FE_OFC72_n97 |              | CLKBUF_X2    | 0.064 | My_bus/n97          |       SPEF |   2.157 | 0.000 |   2.010 | 
     | My_bus/FE_OFC72_n97 | A v -> Z v   | CLKBUF_X2    | 0.161 | My_bus/FE_OFN72_n97 |            |  66.231 | 0.269 |   2.279 | 
     | My_bus/U594         |              | AOI22_X1     | 0.162 | My_bus/FE_OFN72_n97 |       SPEF |  66.231 | 0.020 |   2.299 | 
     | My_bus/U594         | A2 v -> ZN ^ | AOI22_X1     | 0.184 | My_bus/n82          |            |   6.962 | 0.307 |   2.606 | 
     | My_bus/U593         |              | AND4_X1      | 0.184 | My_bus/n82          |       SPEF |   6.962 | 0.000 |   2.606 | 
     | My_bus/U593         | A4 ^ -> ZN ^ | AND4_X1      | 0.039 | My_bus/n294         |            |   1.884 | 0.219 |   2.825 | 
     | My_bus/U592         |              | NAND2_X1     | 0.039 | My_bus/n294         |       SPEF |   1.884 | 0.000 |   2.825 | 
     | My_bus/U592         | A2 ^ -> ZN v | NAND2_X1     | 0.035 | My_bus/n271         |            |   6.476 | 0.068 |   2.893 | 
     | My_bus/U589         |              | NOR3_X1      | 0.036 | My_bus/n271         |       SPEF |   6.476 | 0.000 |   2.893 | 
     | My_bus/U589         | A2 v -> ZN ^ | NOR3_X1      | 0.091 | My_bus/n290         |            |   1.265 | 0.166 |   3.059 | 
     | My_bus/U583         |              | AND4_X1      | 0.091 | My_bus/n290         |       SPEF |   1.265 | 0.000 |   3.059 | 
     | My_bus/U583         | A3 ^ -> ZN ^ | AND4_X1      | 0.058 | My_bus/n278         |            |   4.463 | 0.222 |   3.281 | 
     | My_bus/U574         |              | NAND3_X1     | 0.058 | My_bus/n278         |       SPEF |   4.463 | 0.000 |   3.282 | 
     | My_bus/U574         | A2 ^ -> ZN v | NAND3_X1     | 0.054 | My_bus/n261         |            |   5.053 | 0.095 |   3.377 | 
     | My_bus/U17          |              | NAND2_X1     | 0.054 | My_bus/n261         |       SPEF |   5.053 | 0.000 |   3.377 | 
     | My_bus/U17          | A1 v -> ZN ^ | NAND2_X1     | 0.103 | My_bus/n260         |            |  10.767 | 0.141 |   3.518 | 
     | My_bus/U16          |              | NOR2_X2      | 0.103 | My_bus/n260         |       SPEF |  10.767 | 0.001 |   3.519 | 
     | My_bus/U16          | A1 ^ -> ZN v | NOR2_X2      | 0.039 | YOUR_ADDRBUS[29]    |            |  18.651 | 0.082 |   3.601 | 
     | My_bus/U23          |              | INV_X4       | 0.040 | YOUR_ADDRBUS[29]    |       SPEF |  18.651 | 0.002 |   3.604 | 
     | My_bus/U23          | A v -> ZN ^  | INV_X4       | 0.259 | My_bus/n90          |            | 122.075 | 0.277 |   3.881 | 
     | My_bus/U215         |              | NOR2_X1      | 0.259 | My_bus/n90          |       SPEF | 122.075 | 0.007 |   3.888 | 
     | My_bus/U215         | A2 ^ -> ZN v | NOR2_X1      | 0.063 | YOUR_ADDRBUS[24]    |            |   4.733 | 0.094 |   3.982 | 
     | my_core_adapter     |              | core_adapter | 0.063 | YOUR_ADDRBUS[24]    |       SPEF |   4.733 | 0.000 |   3.982 | 
     +--------------------------------------------------------------------------------------------------------------------------+ 
Path 9: MET Setup Check with Pin my_core_adapter/clk 
Endpoint:   my_core_adapter/addr_in[23] (v) checked with  leading edge of 'CLK'
Beginpoint: EXT_BUSY                    (^) triggered by  leading edge of 'CLK'
Path Groups: {CLK}
Analysis View: ensc450_av
Other End Arrival Time          0.000
- Setup                         5.789
+ Phase Shift                  12.000
= Required Time                 6.211
- Arrival Time                  3.982
= Slack Time                    2.229
     Clock Rise Edge                      0.000
     + Input Delay                        0.800
     = Beginpoint Arrival Time            0.800
     +--------------------------------------------------------------------------------------------------------------------------+ 
     |      Instance       |     Arc      |     Cell     |  Slew |         Net         |    Arc     |  Load   | Delay | Arrival | 
     |                     |              |              |       |                     | Annotation |         |       |  Time   | 
     |---------------------+--------------+--------------+-------+---------------------+------------+---------+-------+---------| 
     |                     | EXT_BUSY ^   |              | 0.002 | EXT_BUSY            |       SPEF |  28.040 |       |   0.800 | 
     | My_bus/U624         |              | AOI22_X1     | 0.007 | EXT_BUSY            |       SPEF |  28.040 | 0.007 |   0.807 | 
     | My_bus/U624         | B1 ^ -> ZN v | AOI22_X1     | 0.051 | My_bus/n302         |            |   2.537 | 0.041 |   0.849 | 
     | My_bus/U623         |              | NOR3_X1      | 0.051 | My_bus/n302         |       SPEF |   2.537 | 0.000 |   0.849 | 
     | My_bus/U623         | A3 v -> ZN ^ | NOR3_X1      | 0.292 | My_bus/n96          |            |   8.695 | 0.418 |   1.267 | 
     | My_bus/U616         |              | AOI211_X1    | 0.292 | My_bus/n96          |       SPEF |   8.695 | 0.000 |   1.267 | 
     | My_bus/U616         | A ^ -> ZN v  | AOI211_X1    | 0.075 | My_bus/n4           |            |   3.220 | 0.112 |   1.379 | 
     | My_bus/U615         |              | INV_X1       | 0.075 | My_bus/n4           |       SPEF |   3.220 | 0.000 |   1.379 | 
     | My_bus/U615         | A v -> ZN ^  | INV_X1       | 0.279 | My_bus/n55          |            |  34.578 | 0.341 |   1.720 | 
     | My_bus/U24          |              | NOR2_X4      | 0.279 | My_bus/n55          |       SPEF |  34.578 | 0.003 |   1.723 | 
     | My_bus/U24          | A1 ^ -> ZN v | NOR2_X4      | 0.097 | My_bus/n94          |            |  64.133 | 0.152 |   1.875 | 
     | My_bus/U614         |              | INV_X1       | 0.097 | My_bus/n94          |       SPEF |  64.133 | 0.000 |   1.875 | 
     | My_bus/U614         | A v -> ZN ^  | INV_X1       | 0.038 | My_bus/n297         |            |   1.761 | 0.079 |   1.954 | 
     | My_bus/U15          |              | OAI21_X1     | 0.038 | My_bus/n297         |       SPEF |   1.761 | 0.000 |   1.955 | 
     | My_bus/U15          | A ^ -> ZN v  | OAI21_X1     | 0.064 | My_bus/n97          |            |   2.157 | 0.055 |   2.010 | 
     | My_bus/FE_OFC72_n97 |              | CLKBUF_X2    | 0.064 | My_bus/n97          |       SPEF |   2.157 | 0.000 |   2.010 | 
     | My_bus/FE_OFC72_n97 | A v -> Z v   | CLKBUF_X2    | 0.161 | My_bus/FE_OFN72_n97 |            |  66.231 | 0.269 |   2.279 | 
     | My_bus/U594         |              | AOI22_X1     | 0.162 | My_bus/FE_OFN72_n97 |       SPEF |  66.231 | 0.020 |   2.299 | 
     | My_bus/U594         | A2 v -> ZN ^ | AOI22_X1     | 0.184 | My_bus/n82          |            |   6.962 | 0.307 |   2.606 | 
     | My_bus/U593         |              | AND4_X1      | 0.184 | My_bus/n82          |       SPEF |   6.962 | 0.000 |   2.606 | 
     | My_bus/U593         | A4 ^ -> ZN ^ | AND4_X1      | 0.039 | My_bus/n294         |            |   1.884 | 0.219 |   2.825 | 
     | My_bus/U592         |              | NAND2_X1     | 0.039 | My_bus/n294         |       SPEF |   1.884 | 0.000 |   2.825 | 
     | My_bus/U592         | A2 ^ -> ZN v | NAND2_X1     | 0.035 | My_bus/n271         |            |   6.476 | 0.068 |   2.893 | 
     | My_bus/U589         |              | NOR3_X1      | 0.036 | My_bus/n271         |       SPEF |   6.476 | 0.000 |   2.893 | 
     | My_bus/U589         | A2 v -> ZN ^ | NOR3_X1      | 0.091 | My_bus/n290         |            |   1.265 | 0.166 |   3.059 | 
     | My_bus/U583         |              | AND4_X1      | 0.091 | My_bus/n290         |       SPEF |   1.265 | 0.000 |   3.059 | 
     | My_bus/U583         | A3 ^ -> ZN ^ | AND4_X1      | 0.058 | My_bus/n278         |            |   4.463 | 0.222 |   3.281 | 
     | My_bus/U574         |              | NAND3_X1     | 0.058 | My_bus/n278         |       SPEF |   4.463 | 0.000 |   3.281 | 
     | My_bus/U574         | A2 ^ -> ZN v | NAND3_X1     | 0.054 | My_bus/n261         |            |   5.053 | 0.095 |   3.377 | 
     | My_bus/U17          |              | NAND2_X1     | 0.054 | My_bus/n261         |       SPEF |   5.053 | 0.000 |   3.377 | 
     | My_bus/U17          | A1 v -> ZN ^ | NAND2_X1     | 0.103 | My_bus/n260         |            |  10.767 | 0.141 |   3.518 | 
     | My_bus/U16          |              | NOR2_X2      | 0.103 | My_bus/n260         |       SPEF |  10.767 | 0.001 |   3.519 | 
     | My_bus/U16          | A1 ^ -> ZN v | NOR2_X2      | 0.039 | YOUR_ADDRBUS[29]    |            |  18.651 | 0.082 |   3.601 | 
     | My_bus/U23          |              | INV_X4       | 0.040 | YOUR_ADDRBUS[29]    |       SPEF |  18.651 | 0.002 |   3.603 | 
     | My_bus/U23          | A v -> ZN ^  | INV_X4       | 0.259 | My_bus/n90          |            | 122.075 | 0.277 |   3.880 | 
     | My_bus/U216         |              | NOR2_X1      | 0.259 | My_bus/n90          |       SPEF | 122.075 | 0.009 |   3.890 | 
     | My_bus/U216         | A2 ^ -> ZN v | NOR2_X1      | 0.062 | YOUR_ADDRBUS[23]    |            |   4.513 | 0.092 |   3.982 | 
     | my_core_adapter     |              | core_adapter | 0.062 | YOUR_ADDRBUS[23]    |       SPEF |   4.513 | 0.000 |   3.982 | 
     +--------------------------------------------------------------------------------------------------------------------------+ 
Path 10: MET Setup Check with Pin my_core_adapter/clk 
Endpoint:   my_core_adapter/addr_in[22] (v) checked with  leading edge of 'CLK'
Beginpoint: EXT_BUSY                    (^) triggered by  leading edge of 'CLK'
Path Groups: {CLK}
Analysis View: ensc450_av
Other End Arrival Time          0.000
- Setup                         5.603
+ Phase Shift                  12.000
= Required Time                 6.397
- Arrival Time                  3.985
= Slack Time                    2.412
     Clock Rise Edge                      0.000
     + Input Delay                        0.800
     = Beginpoint Arrival Time            0.800
     +--------------------------------------------------------------------------------------------------------------------------+ 
     |      Instance       |     Arc      |     Cell     |  Slew |         Net         |    Arc     |  Load   | Delay | Arrival | 
     |                     |              |              |       |                     | Annotation |         |       |  Time   | 
     |---------------------+--------------+--------------+-------+---------------------+------------+---------+-------+---------| 
     |                     | EXT_BUSY ^   |              | 0.002 | EXT_BUSY            |       SPEF |  28.040 |       |   0.800 | 
     | My_bus/U624         |              | AOI22_X1     | 0.007 | EXT_BUSY            |       SPEF |  28.040 | 0.007 |   0.807 | 
     | My_bus/U624         | B1 ^ -> ZN v | AOI22_X1     | 0.051 | My_bus/n302         |            |   2.537 | 0.041 |   0.849 | 
     | My_bus/U623         |              | NOR3_X1      | 0.051 | My_bus/n302         |       SPEF |   2.537 | 0.000 |   0.849 | 
     | My_bus/U623         | A3 v -> ZN ^ | NOR3_X1      | 0.292 | My_bus/n96          |            |   8.695 | 0.418 |   1.267 | 
     | My_bus/U616         |              | AOI211_X1    | 0.292 | My_bus/n96          |       SPEF |   8.695 | 0.000 |   1.267 | 
     | My_bus/U616         | A ^ -> ZN v  | AOI211_X1    | 0.075 | My_bus/n4           |            |   3.220 | 0.112 |   1.379 | 
     | My_bus/U615         |              | INV_X1       | 0.075 | My_bus/n4           |       SPEF |   3.220 | 0.000 |   1.379 | 
     | My_bus/U615         | A v -> ZN ^  | INV_X1       | 0.279 | My_bus/n55          |            |  34.578 | 0.341 |   1.720 | 
     | My_bus/U24          |              | NOR2_X4      | 0.279 | My_bus/n55          |       SPEF |  34.578 | 0.003 |   1.723 | 
     | My_bus/U24          | A1 ^ -> ZN v | NOR2_X4      | 0.097 | My_bus/n94          |            |  64.133 | 0.152 |   1.875 | 
     | My_bus/U614         |              | INV_X1       | 0.097 | My_bus/n94          |       SPEF |  64.133 | 0.000 |   1.875 | 
     | My_bus/U614         | A v -> ZN ^  | INV_X1       | 0.038 | My_bus/n297         |            |   1.761 | 0.079 |   1.955 | 
     | My_bus/U15          |              | OAI21_X1     | 0.038 | My_bus/n297         |       SPEF |   1.761 | 0.000 |   1.955 | 
     | My_bus/U15          | A ^ -> ZN v  | OAI21_X1     | 0.064 | My_bus/n97          |            |   2.157 | 0.055 |   2.010 | 
     | My_bus/FE_OFC72_n97 |              | CLKBUF_X2    | 0.064 | My_bus/n97          |       SPEF |   2.157 | 0.000 |   2.010 | 
     | My_bus/FE_OFC72_n97 | A v -> Z v   | CLKBUF_X2    | 0.161 | My_bus/FE_OFN72_n97 |            |  66.231 | 0.269 |   2.279 | 
     | My_bus/U594         |              | AOI22_X1     | 0.162 | My_bus/FE_OFN72_n97 |       SPEF |  66.231 | 0.020 |   2.299 | 
     | My_bus/U594         | A2 v -> ZN ^ | AOI22_X1     | 0.184 | My_bus/n82          |            |   6.962 | 0.307 |   2.606 | 
     | My_bus/U593         |              | AND4_X1      | 0.184 | My_bus/n82          |       SPEF |   6.962 | 0.000 |   2.606 | 
     | My_bus/U593         | A4 ^ -> ZN ^ | AND4_X1      | 0.039 | My_bus/n294         |            |   1.884 | 0.219 |   2.825 | 
     | My_bus/U592         |              | NAND2_X1     | 0.039 | My_bus/n294         |       SPEF |   1.884 | 0.000 |   2.825 | 
     | My_bus/U592         | A2 ^ -> ZN v | NAND2_X1     | 0.035 | My_bus/n271         |            |   6.476 | 0.068 |   2.893 | 
     | My_bus/U589         |              | NOR3_X1      | 0.036 | My_bus/n271         |       SPEF |   6.476 | 0.000 |   2.893 | 
     | My_bus/U589         | A2 v -> ZN ^ | NOR3_X1      | 0.091 | My_bus/n290         |            |   1.265 | 0.166 |   3.059 | 
     | My_bus/U583         |              | AND4_X1      | 0.091 | My_bus/n290         |       SPEF |   1.265 | 0.000 |   3.059 | 
     | My_bus/U583         | A3 ^ -> ZN ^ | AND4_X1      | 0.058 | My_bus/n278         |            |   4.463 | 0.222 |   3.281 | 
     | My_bus/U574         |              | NAND3_X1     | 0.058 | My_bus/n278         |       SPEF |   4.463 | 0.000 |   3.282 | 
     | My_bus/U574         | A2 ^ -> ZN v | NAND3_X1     | 0.054 | My_bus/n261         |            |   5.053 | 0.095 |   3.377 | 
     | My_bus/U17          |              | NAND2_X1     | 0.054 | My_bus/n261         |       SPEF |   5.053 | 0.000 |   3.377 | 
     | My_bus/U17          | A1 v -> ZN ^ | NAND2_X1     | 0.103 | My_bus/n260         |            |  10.767 | 0.141 |   3.518 | 
     | My_bus/U16          |              | NOR2_X2      | 0.103 | My_bus/n260         |       SPEF |  10.767 | 0.001 |   3.519 | 
     | My_bus/U16          | A1 ^ -> ZN v | NOR2_X2      | 0.039 | YOUR_ADDRBUS[29]    |            |  18.651 | 0.082 |   3.601 | 
     | My_bus/U23          |              | INV_X4       | 0.040 | YOUR_ADDRBUS[29]    |       SPEF |  18.651 | 0.002 |   3.604 | 
     | My_bus/U23          | A v -> ZN ^  | INV_X4       | 0.259 | My_bus/n90          |            | 122.075 | 0.277 |   3.881 | 
     | My_bus/U217         |              | NOR2_X1      | 0.259 | My_bus/n90          |       SPEF | 122.075 | 0.010 |   3.890 | 
     | My_bus/U217         | A2 ^ -> ZN v | NOR2_X1      | 0.063 | YOUR_ADDRBUS[22]    |            |   4.800 | 0.095 |   3.985 | 
     | my_core_adapter     |              | core_adapter | 0.063 | YOUR_ADDRBUS[22]    |       SPEF |   4.800 | 0.000 |   3.985 | 
     +--------------------------------------------------------------------------------------------------------------------------+ 

