Information: Updating graph... (UID-83)
 
****************************************
Report : reference
Design : ensc450
Version: O-2018.06-SP5
Date   : Sat Apr 17 15:34:46 2021
****************************************

Attributes:
    b - black box (unknown)
   bo - allows boundary optimization
    d - dont_touch
   mo - map_only
    h - hierarchical
    n - noncombinational
    r - removable
    s - synthetic operator
    u - contains unmapped logic

Reference          Library       Unit Area   Count    Total Area   Attributes
-----------------------------------------------------------------------------
DMA_1_32_32                    2458.371977       1   2458.371977  h, n
INV_X2             NangateOpenCellLibrary
                                  0.798000       2      1.596000  
SRAM               SRAM       14884.000000       1  14884.000000  b, d
core_adapter       core_adapter
                              67574.000000       1  67574.000000  d
counter_32_4_1                 2234.932009       1   2234.932009  h, n
ubus_32_32_40001000_400017ff_20000000_200000ff_a0000000_a000000f_b0000000_b00000ff
                                677.501997       1    677.501997  h, n
-----------------------------------------------------------------------------
Total 6 references                                  87830.401983

****************************************
Design: DMA_1_32_32 
****************************************
Reference          Library       Unit Area   Count    Total Area   Attributes
-----------------------------------------------------------------------------
AND2_X1            NangateOpenCellLibrary
                                  1.064000       3      3.192000  
AND2_X2            NangateOpenCellLibrary
                                  1.330000       2      2.660000  
AND2_X4            NangateOpenCellLibrary
                                  2.394000       1      2.394000  
AND3_X2            NangateOpenCellLibrary
                                  1.596000       3      4.788000  
AND4_X1            NangateOpenCellLibrary
                                  1.596000       1      1.596000  
AOI21_X1           NangateOpenCellLibrary
                                  1.064000       1      1.064000  
AOI22_X1           NangateOpenCellLibrary
                                  1.330000      97    129.010004  
AOI222_X1          NangateOpenCellLibrary
                                  2.128000      32     68.096001  
DFF_X1             NangateOpenCellLibrary
                                  4.522000     261   1180.241957  n
DFF_X2             NangateOpenCellLibrary
                                  5.054000       1      5.054000  n
DMA_1_32_32_DW01_add_0          137.522001       1    137.522001  h
DMA_1_32_32_DW01_add_1          137.522001       1    137.522001  h
DMA_1_32_32_DW01_sub_0          176.358003       1    176.358003  h
INV_X1             NangateOpenCellLibrary
                                  0.532000      79     42.028000  
INV_X2             NangateOpenCellLibrary
                                  0.798000       4      3.192000  
INV_X4             NangateOpenCellLibrary
                                  1.330000       1      1.330000  
NAND2_X1           NangateOpenCellLibrary
                                  0.798000      35     27.929999  
NAND2_X2           NangateOpenCellLibrary
                                  1.330000       9     11.970000  
NAND2_X4           NangateOpenCellLibrary
                                  2.394000       3      7.182000  
NAND3_X1           NangateOpenCellLibrary
                                  1.064000       9      9.576000  
NAND3_X2           NangateOpenCellLibrary
                                  1.862000       1      1.862000  
NAND4_X1           NangateOpenCellLibrary
                                  1.330000      19     25.270001  
NOR2_X1            NangateOpenCellLibrary
                                  0.798000      39     31.121999  
NOR3_X1            NangateOpenCellLibrary
                                  1.064000       3      3.192000  
NOR4_X1            NangateOpenCellLibrary
                                  1.330000      12     15.960001  
OAI21_X1           NangateOpenCellLibrary
                                  1.064000      65     69.160001  
OAI22_X1           NangateOpenCellLibrary
                                  1.330000     192    255.360008  
OAI211_X1          NangateOpenCellLibrary
                                  1.330000      32     42.560001  
OAI221_X1          NangateOpenCellLibrary
                                  1.596000      37     59.051998  
OR2_X1             NangateOpenCellLibrary
                                  1.064000       2      2.128000  
-----------------------------------------------------------------------------
Total 30 references                                  2458.371977

****************************************
Design: DMA_1_32_32_DW01_add_0 
****************************************
Reference          Library       Unit Area   Count    Total Area   Attributes
-----------------------------------------------------------------------------
FA_X1              NangateOpenCellLibrary
                                  4.256000      31    131.936001  r
INV_X2             NangateOpenCellLibrary
                                  0.798000       2      1.596000  
NAND2_X2           NangateOpenCellLibrary
                                  1.330000       1      1.330000  
XNOR2_X2           NangateOpenCellLibrary
                                  2.660000       1      2.660000  
-----------------------------------------------------------------------------
Total 4 references                                    137.522001

****************************************
Design: DMA_1_32_32_DW01_add_1 
****************************************
Reference          Library       Unit Area   Count    Total Area   Attributes
-----------------------------------------------------------------------------
FA_X1              NangateOpenCellLibrary
                                  4.256000      31    131.936001  r
INV_X2             NangateOpenCellLibrary
                                  0.798000       2      1.596000  
NAND2_X2           NangateOpenCellLibrary
                                  1.330000       1      1.330000  
XNOR2_X2           NangateOpenCellLibrary
                                  2.660000       1      2.660000  
-----------------------------------------------------------------------------
Total 4 references                                    137.522001

****************************************
Design: DMA_1_32_32_DW01_sub_0 
****************************************
Reference          Library       Unit Area   Count    Total Area   Attributes
-----------------------------------------------------------------------------
INV_X1             NangateOpenCellLibrary
                                  0.532000       1      0.532000  
INV_X2             NangateOpenCellLibrary
                                  0.798000      62     49.475999  
NAND2_X2           NangateOpenCellLibrary
                                  1.330000      31     41.230001  
XNOR2_X2           NangateOpenCellLibrary
                                  2.660000      32     85.120003  
-----------------------------------------------------------------------------
Total 4 references                                    176.358003

****************************************
Design: counter_32_4_1 
****************************************
Reference          Library       Unit Area   Count    Total Area   Attributes
-----------------------------------------------------------------------------
AND2_X1            NangateOpenCellLibrary
                                  1.064000       1      1.064000  
AND2_X2            NangateOpenCellLibrary
                                  1.330000       4      5.320000  
AND4_X1            NangateOpenCellLibrary
                                  1.596000       8     12.768000  
AOI21_X1           NangateOpenCellLibrary
                                  1.064000       4      4.256000  
AOI22_X1           NangateOpenCellLibrary
                                  1.330000     192    255.360008  
AOI211_X1          NangateOpenCellLibrary
                                  1.330000       4      5.320000  
DFF_X1             NangateOpenCellLibrary
                                  4.522000     138    624.035977  n
INV_X1             NangateOpenCellLibrary
                                  0.532000      55     29.260000  
INV_X2             NangateOpenCellLibrary
                                  0.798000       8      6.384000  
NAND2_X1           NangateOpenCellLibrary
                                  0.798000      39     31.121999  
NAND2_X2           NangateOpenCellLibrary
                                  1.330000       4      5.320000  
NAND3_X1           NangateOpenCellLibrary
                                  1.064000       4      4.256000  
NAND4_X1           NangateOpenCellLibrary
                                  1.330000       1      1.330000  
NOR2_X1            NangateOpenCellLibrary
                                  0.798000      18     14.364000  
NOR3_X1            NangateOpenCellLibrary
                                  1.064000       1      1.064000  
NOR4_X1            NangateOpenCellLibrary
                                  1.330000      32     42.560001  
OAI21_X1           NangateOpenCellLibrary
                                  1.064000     130    138.320001  
OAI22_X1           NangateOpenCellLibrary
                                  1.330000       8     10.640000  
OR2_X1             NangateOpenCellLibrary
                                  1.064000       7      7.448000  
XNOR2_X1           NangateOpenCellLibrary
                                  1.596000       1      1.596000  
counter_32_4_1_DW01_inc_0        81.928003       1     81.928003  h
counter_32_4_1_DW01_inc_1        81.928003       1     81.928003  h
counter_32_4_1_DW01_inc_2        81.928003       1     81.928003  h
counter_32_4_1_DW01_inc_3        81.928003       1     81.928003  h
counter_32_4_1_DW01_sub_0       176.358003       1    176.358003  h
counter_32_4_1_DW01_sub_1       176.358003       1    176.358003  h
counter_32_4_1_DW01_sub_2       176.358003       1    176.358003  h
counter_32_4_1_DW01_sub_3       176.358003       1    176.358003  h
-----------------------------------------------------------------------------
Total 28 references                                  2234.932009

****************************************
Design: counter_32_4_1_DW01_inc_0 
****************************************
Reference          Library       Unit Area   Count    Total Area   Attributes
-----------------------------------------------------------------------------
HA_X1              NangateOpenCellLibrary
                                  2.660000      30     79.800003  r
INV_X1             NangateOpenCellLibrary
                                  0.532000       1      0.532000  
XOR2_X1            NangateOpenCellLibrary
                                  1.596000       1      1.596000  
-----------------------------------------------------------------------------
Total 3 references                                     81.928003

****************************************
Design: counter_32_4_1_DW01_inc_1 
****************************************
Reference          Library       Unit Area   Count    Total Area   Attributes
-----------------------------------------------------------------------------
HA_X1              NangateOpenCellLibrary
                                  2.660000      30     79.800003  r
INV_X1             NangateOpenCellLibrary
                                  0.532000       1      0.532000  
XOR2_X1            NangateOpenCellLibrary
                                  1.596000       1      1.596000  
-----------------------------------------------------------------------------
Total 3 references                                     81.928003

****************************************
Design: counter_32_4_1_DW01_inc_2 
****************************************
Reference          Library       Unit Area   Count    Total Area   Attributes
-----------------------------------------------------------------------------
HA_X1              NangateOpenCellLibrary
                                  2.660000      30     79.800003  r
INV_X1             NangateOpenCellLibrary
                                  0.532000       1      0.532000  
XOR2_X1            NangateOpenCellLibrary
                                  1.596000       1      1.596000  
-----------------------------------------------------------------------------
Total 3 references                                     81.928003

****************************************
Design: counter_32_4_1_DW01_inc_3 
****************************************
Reference          Library       Unit Area   Count    Total Area   Attributes
-----------------------------------------------------------------------------
HA_X1              NangateOpenCellLibrary
                                  2.660000      30     79.800003  r
INV_X1             NangateOpenCellLibrary
                                  0.532000       1      0.532000  
XOR2_X1            NangateOpenCellLibrary
                                  1.596000       1      1.596000  
-----------------------------------------------------------------------------
Total 3 references                                     81.928003

****************************************
Design: counter_32_4_1_DW01_sub_0 
****************************************
Reference          Library       Unit Area   Count    Total Area   Attributes
-----------------------------------------------------------------------------
INV_X1             NangateOpenCellLibrary
                                  0.532000       1      0.532000  
INV_X2             NangateOpenCellLibrary
                                  0.798000      62     49.475999  
NAND2_X2           NangateOpenCellLibrary
                                  1.330000      31     41.230001  
XNOR2_X2           NangateOpenCellLibrary
                                  2.660000      32     85.120003  
-----------------------------------------------------------------------------
Total 4 references                                    176.358003

****************************************
Design: counter_32_4_1_DW01_sub_1 
****************************************
Reference          Library       Unit Area   Count    Total Area   Attributes
-----------------------------------------------------------------------------
INV_X1             NangateOpenCellLibrary
                                  0.532000       1      0.532000  
INV_X2             NangateOpenCellLibrary
                                  0.798000      62     49.475999  
NAND2_X2           NangateOpenCellLibrary
                                  1.330000      31     41.230001  
XNOR2_X2           NangateOpenCellLibrary
                                  2.660000      32     85.120003  
-----------------------------------------------------------------------------
Total 4 references                                    176.358003

****************************************
Design: counter_32_4_1_DW01_sub_2 
****************************************
Reference          Library       Unit Area   Count    Total Area   Attributes
-----------------------------------------------------------------------------
INV_X1             NangateOpenCellLibrary
                                  0.532000       1      0.532000  
INV_X2             NangateOpenCellLibrary
                                  0.798000      62     49.475999  
NAND2_X2           NangateOpenCellLibrary
                                  1.330000      31     41.230001  
XNOR2_X2           NangateOpenCellLibrary
                                  2.660000      32     85.120003  
-----------------------------------------------------------------------------
Total 4 references                                    176.358003

****************************************
Design: counter_32_4_1_DW01_sub_3 
****************************************
Reference          Library       Unit Area   Count    Total Area   Attributes
-----------------------------------------------------------------------------
INV_X1             NangateOpenCellLibrary
                                  0.532000       1      0.532000  
INV_X2             NangateOpenCellLibrary
                                  0.798000      62     49.475999  
NAND2_X2           NangateOpenCellLibrary
                                  1.330000      31     41.230001  
XNOR2_X2           NangateOpenCellLibrary
                                  2.660000      32     85.120003  
-----------------------------------------------------------------------------
Total 4 references                                    176.358003

****************************************
Design: ubus_32_32_40001000_400017ff_20000000_200000ff_a0000000_a000000f_b0000000_b00000ff 
****************************************
Reference          Library       Unit Area   Count    Total Area   Attributes
-----------------------------------------------------------------------------
AND2_X1            NangateOpenCellLibrary
                                  1.064000       1      1.064000  
AND2_X2            NangateOpenCellLibrary
                                  1.330000       5      6.650000  
AND3_X1            NangateOpenCellLibrary
                                  1.330000       3      3.990000  
AND4_X1            NangateOpenCellLibrary
                                  1.596000       7     11.172000  
AND4_X2            NangateOpenCellLibrary
                                  1.862000       1      1.862000  
AOI21_X1           NangateOpenCellLibrary
                                  1.064000       1      1.064000  
AOI22_X1           NangateOpenCellLibrary
                                  1.330000     129    171.570006  
AOI211_X2          NangateOpenCellLibrary
                                  2.394000       1      2.394000  
AOI221_X1          NangateOpenCellLibrary
                                  1.596000       1      1.596000  
DFF_X1             NangateOpenCellLibrary
                                  4.522000       7     31.653999  n
INV_X1             NangateOpenCellLibrary
                                  0.532000      88     46.816000  
INV_X2             NangateOpenCellLibrary
                                  0.798000       5      3.990000  
INV_X4             NangateOpenCellLibrary
                                  1.330000       3      3.990000  
INV_X8             NangateOpenCellLibrary
                                  2.394000       1      2.394000  
MUX2_X1            NangateOpenCellLibrary
                                  1.862000       3      5.586000  
NAND2_X1           NangateOpenCellLibrary
                                  0.798000      12      9.576000  
NAND2_X2           NangateOpenCellLibrary
                                  1.330000       5      6.650000  
NAND3_X1           NangateOpenCellLibrary
                                  1.064000       8      8.512000  
NAND4_X1           NangateOpenCellLibrary
                                  1.330000       5      6.650000  
NOR2_X1            NangateOpenCellLibrary
                                  0.798000     263    209.873994  
NOR2_X2            NangateOpenCellLibrary
                                  1.330000       1      1.330000  
NOR2_X4            NangateOpenCellLibrary
                                  2.394000       3      7.182000  
NOR3_X1            NangateOpenCellLibrary
                                  1.064000       9      9.576000  
NOR3_X2            NangateOpenCellLibrary
                                  1.862000       1      1.862000  
NOR4_X1            NangateOpenCellLibrary
                                  1.330000       2      2.660000  
OAI21_X1           NangateOpenCellLibrary
                                  1.064000       2      2.128000  
OAI21_X4           NangateOpenCellLibrary
                                  3.458000       2      6.916000  
OAI22_X1           NangateOpenCellLibrary
                                  1.330000       5      6.650000  
OAI221_X1          NangateOpenCellLibrary
                                  1.596000      64    102.143997  
-----------------------------------------------------------------------------
Total 29 references                                   677.501997
1
Information: Updating design information... (UID-85)
 
****************************************
Report : timing
        -path full
        -delay max
        -max_paths 1
        -transition_time
        -capacitance
Design : ensc450
Version: O-2018.06-SP5
Date   : Sat Apr 17 15:34:46 2021
****************************************

Operating Conditions: slow   Library: NangateOpenCellLibrary
Wire Load Model Mode: top

  Startpoint: My_DMA/DMA_State_reg[0]
              (rising edge-triggered flip-flop clocked by CLK)
  Endpoint: my_core_adapter
            (rising edge-triggered flip-flop clocked by CLK)
  Path Group: CLK
  Path Type: max

  Des/Clust/Port     Wire Load Model       Library
  ------------------------------------------------
  ensc450            5K_hvratio_1_1        NangateOpenCellLibrary

  Point                                          Cap     Trans      Incr       Path
  ------------------------------------------------------------------------------------
  clock CLK (rise edge)                                             0.00       0.00
  clock network delay (ideal)                                       0.00       0.00
  My_DMA/DMA_State_reg[0]/CK (DFF_X2)                     0.00      0.00       0.00 r
  My_DMA/DMA_State_reg[0]/Q (DFF_X2)           20.32      0.09      0.47       0.47 r
  My_DMA/U676/ZN (NAND2_X4)                   151.50      0.16      0.30       0.77 f
  My_DMA/U637/ZN (INV_X1)                      10.89      0.11      0.24       1.01 r
  My_DMA/M1_MW (DMA_1_32_32)                                        0.00       1.01 r
  My_bus/M2_MW (ubus_32_32_40001000_400017ff_20000000_200000ff_a0000000_a000000f_b0000000_b00000ff)
                                                                    0.00       1.01 r
  My_bus/U625/ZN (NOR2_X1)                      4.92      0.03      0.08       1.09 f
  My_bus/U623/ZN (NOR3_X1)                      3.45      0.15      0.27       1.36 r
  My_bus/U30/ZN (INV_X2)                       19.86      0.05      0.12       1.47 f
  My_bus/U22/ZN (NAND2_X2)                     15.59      0.08      0.15       1.63 r
  My_bus/U34/ZN (NOR2_X4)                      71.73      0.05      0.15       1.78 f
  My_bus/U23/ZN (INV_X2)                        6.32      0.04      0.12       1.90 r
  My_bus/U26/ZN (OAI21_X4)                     68.04      0.10      0.17       2.07 f
  My_bus/U610/ZN (AOI22_X1)                    11.01      0.26      0.39       2.45 r
  My_bus/U607/ZN (AND4_X1)                      1.88      0.04      0.27       2.72 r
  My_bus/U602/ZN (NAND2_X1)                     4.78      0.03      0.07       2.79 f
  My_bus/U599/ZN (NOR3_X1)                      1.22      0.09      0.18       2.97 r
  My_bus/U593/ZN (AND4_X1)                      3.91      0.06      0.22       3.19 r
  My_bus/U584/ZN (NAND3_X1)                     5.50      0.06      0.11       3.30 f
  My_bus/U20/ZN (NAND2_X1)                      5.49      0.06      0.11       3.42 r
  My_bus/U27/ZN (NOR2_X2)                      15.29      0.03      0.08       3.50 f
  My_bus/U33/ZN (INV_X8)                      156.12      0.17      0.28       3.78 r
  My_bus/U218/ZN (NOR2_X1)                      2.07      0.06      0.10       3.88 f
  My_bus/S2_ADDRBUS[31] (ubus_32_32_40001000_400017ff_20000000_200000ff_a0000000_a000000f_b0000000_b00000ff)
                                                                    0.00       3.88 f
  my_core_adapter/addr_in[31] (core_adapter)              0.06      0.01       3.89 f
  data arrival time                                                            3.89

  clock CLK (rise edge)                                            11.00      11.00
  clock network delay (ideal)                                       0.00      11.00
  my_core_adapter/clk (core_adapter)                                0.00      11.00 r
  library setup time                                               -7.10       3.90
  data required time                                                           3.90
  ------------------------------------------------------------------------------------
  data required time                                                           3.90
  data arrival time                                                           -3.89
  ------------------------------------------------------------------------------------
  slack (MET)                                                                  0.01


1
Loading db file '/CMC/setups/ensc450/SOCLAB/LIBRARIES/NangateOpenCellLibrary_PDKv1_3_v2010_12/Front_End/DB/NangateOpenCellLibrary_slow.db'
Information: Propagating switching activity (low effort zero delay simulation). (PWR-6)
Warning: Design has unannotated primary inputs. (PWR-414)
Warning: Design has unannotated sequential cell outputs. (PWR-415)
Warning: Design has unannotated black box outputs. (PWR-428)
 
****************************************
Report : power
        -analysis_effort low
Design : ensc450
Version: O-2018.06-SP5
Date   : Sat Apr 17 15:34:47 2021
****************************************


Library(s) Used:

    NangateOpenCellLibrary (File: /CMC/setups/ensc450/SOCLAB/LIBRARIES/NangateOpenCellLibrary_PDKv1_3_v2010_12/Front_End/DB/NangateOpenCellLibrary_slow.db)
    core_adapter (File: /local-scratch/localhome/escmc38/Desktop/ensc450/project/ensc450_system/BE_045/best_part2_results/core_adapter_slow.db)
    SRAM (File: /CMC/setups/ensc450/Project/SRAM_Lib/SRAM.db)

Information: The library cell 'SRAM' in the library 'SRAM' is not characterized for internal power. (PWR-227)
Information: The library cell 'core_adapter' in the library 'core_adapter' is not characterized for internal power. (PWR-227)
Information: The design contains cells, other than constants and black boxes, that are not characterized for internal power. (PWR-228)

Operating Conditions: slow   Library: NangateOpenCellLibrary
Wire Load Model Mode: top

Design        Wire Load Model            Library
------------------------------------------------
ensc450                5K_hvratio_1_1    NangateOpenCellLibrary


Global Operating Voltage = 0.95 
Power-specific unit information :
    Voltage Units = 1V
    Capacitance Units = 1.000000ff
    Time Units = 1ns
    Dynamic Power Units = 1uW    (derived from V,C,T units)
    Leakage Power Units = 1nW


  Cell Internal Power  = 195.4938 uW   (95%)
  Net Switching Power  =   9.3467 uW    (5%)
                         ---------
Total Dynamic Power    = 204.8405 uW  (100%)

Cell Leakage Power     =  74.8459 uW


                 Internal         Switching           Leakage            Total
Power Group      Power            Power               Power              Power   (   %    )  Attrs
--------------------------------------------------------------------------------------------------
io_pad             0.0000            0.0000            0.0000            0.0000  (   0.00%)
memory             0.0000            0.0000            0.0000            0.0000  (   0.00%)
black_box          0.0000            0.5024            0.0000            0.5024  (   0.18%)
clock_network      0.1988            1.4516        7.0962e+03            8.7466  (   3.13%)
register         193.1202            0.1833        2.1369e+04          214.6725  (  76.75%)
sequential         0.0000            0.0000            0.0000            0.0000  (   0.00%)
combinational      2.1749            7.2094        4.6381e+04           55.7651  (  19.94%)
--------------------------------------------------------------------------------------------------
Total            195.4939 uW         9.3467 uW     7.4846e+04 nW       279.6866 uW
1
 
****************************************
Report : clocks
Design : ensc450
Version: O-2018.06-SP5
Date   : Sat Apr 17 15:34:47 2021
****************************************

Attributes:
    d - dont_touch_network
    f - fix_hold
    p - propagated_clock
    G - generated_clock
    g - lib_generated_clock

Clock          Period   Waveform            Attrs     Sources
--------------------------------------------------------------------------------
CLK             11.00   {0 5.5}             d         {clk}
--------------------------------------------------------------------------------
1
