###############################################################
#  Generated by:      Cadence Innovus 18.10-p002_1
#  OS:                Linux x86_64(Host ID ensc-esil-03)
#  Generated on:      Sat Apr 17 14:46:59 2021
#  Design:            core_adapter
#  Command:           report_timing -net -format {instance arc cell slew net annotation load delay arrival} -max_paths 10 > results/timing/09-finishing.hold.rpt
###############################################################
Path 1: MET Hold Check with Pin my_fpu_double/i_fpu_round/round_out_reg[1]/CK 
Endpoint:   my_fpu_double/i_fpu_round/round_out_reg[1]/D  (v) checked with  
leading edge of 'CLK'
Beginpoint: my_fpu_double/i_fpu_round/round_out_reg[1]/QN (^) triggered by  
leading edge of 'CLK'
Path Groups: {CLK}
Analysis View: core_adapter_av
Other End Arrival Time          0.000
+ Hold                          0.003
+ Phase Shift                   0.000
= Required Time                 0.003
  Arrival Time                  0.218
  Slack Time                    0.215
     Clock Rise Edge                 0.000
     + Clock Network Latency (Ideal) 0.000
     = Beginpoint Arrival Time       0.000
     +---------------------------------------------------------------------------------------------------------------------------------------------------------+ 
     |                  Instance                  |     Arc      |   Cell   |  Slew |              Net               |    Arc     |   Load   | Delay | Arrival | 
     |                                            |              |          |       |                                | Annotation |          |       |  Time   | 
     |--------------------------------------------+--------------+----------+-------+--------------------------------+------------+----------+-------+---------| 
     | my_fpu_double/i_fpu_round/round_out_reg[1] | CK ^         |          | 0.000 | clk                            |            | 5601.173 |       |   0.000 | 
     | my_fpu_double/i_fpu_round/round_out_reg[1] | CK ^ -> QN ^ | DFF_X1   | 0.030 | my_fpu_double/i_fpu_round/n121 |            |    1.648 | 0.183 |   0.183 | 
     | my_fpu_double/i_fpu_round/U78              |              | OAI22_X1 | 0.030 | my_fpu_double/i_fpu_round/n121 |       SPEF |    1.648 | 0.000 |   0.183 | 
     | my_fpu_double/i_fpu_round/U78              | A2 ^ -> ZN v | OAI22_X1 | 0.016 | my_fpu_double/i_fpu_round/n403 |            |    1.317 | 0.035 |   0.218 | 
     | my_fpu_double/i_fpu_round/round_out_reg[1] |              | DFF_X1   | 0.016 | my_fpu_double/i_fpu_round/n403 |       SPEF |    1.317 | 0.000 |   0.218 | 
     +---------------------------------------------------------------------------------------------------------------------------------------------------------+ 
Path 2: MET Hold Check with Pin my_fpu_double/i_fpu_sub/subtra_shift_3_reg[28]/
CK 
Endpoint:   my_fpu_double/i_fpu_sub/subtra_shift_3_reg[28]/D  (v) checked with  
leading edge of 'CLK'
Beginpoint: my_fpu_double/i_fpu_sub/subtra_shift_3_reg[28]/QN (^) triggered by  
leading edge of 'CLK'
Path Groups: {CLK}
Analysis View: core_adapter_av
Other End Arrival Time          0.000
+ Hold                          0.003
+ Phase Shift                   0.000
= Required Time                 0.003
  Arrival Time                  0.218
  Slack Time                    0.215
     Clock Rise Edge                 0.000
     + Clock Network Latency (Ideal) 0.000
     = Beginpoint Arrival Time       0.000
     +------------------------------------------------------------------------------------------------------------------------------------------------------------+ 
     |                    Instance                    |     Arc      |   Cell   |  Slew |              Net              |    Arc     |   Load   | Delay | Arrival | 
     |                                                |              |          |       |                               | Annotation |          |       |  Time   | 
     |------------------------------------------------+--------------+----------+-------+-------------------------------+------------+----------+-------+---------| 
     | my_fpu_double/i_fpu_sub/subtra_shift_3_reg[28] | CK ^         |          | 0.000 | clk                           |            | 5601.173 |       |   0.000 | 
     | my_fpu_double/i_fpu_sub/subtra_shift_3_reg[28] | CK ^ -> QN ^ | DFF_X1   | 0.030 | my_fpu_double/i_fpu_sub/n2766 |            |    1.669 | 0.184 |   0.184 | 
     | my_fpu_double/i_fpu_sub/U1283                  |              | OAI22_X1 | 0.030 | my_fpu_double/i_fpu_sub/n2766 |       SPEF |    1.669 | 0.000 |   0.184 | 
     | my_fpu_double/i_fpu_sub/U1283                  | A2 ^ -> ZN v | OAI22_X1 | 0.016 | my_fpu_double/i_fpu_sub/n1240 |            |    1.314 | 0.035 |   0.218 | 
     | my_fpu_double/i_fpu_sub/subtra_shift_3_reg[28] |              | DFF_X1   | 0.016 | my_fpu_double/i_fpu_sub/n1240 |       SPEF |    1.314 | 0.000 |   0.218 | 
     +------------------------------------------------------------------------------------------------------------------------------------------------------------+ 
Path 3: MET Hold Check with Pin my_fpu_double/i_fpu_sub/minuend_reg[39]/CK 
Endpoint:   my_fpu_double/i_fpu_sub/minuend_reg[39]/D  (v) checked with  
leading edge of 'CLK'
Beginpoint: my_fpu_double/i_fpu_sub/minuend_reg[39]/QN (^) triggered by  
leading edge of 'CLK'
Path Groups: {CLK}
Analysis View: core_adapter_av
Other End Arrival Time          0.000
+ Hold                          0.003
+ Phase Shift                   0.000
= Required Time                 0.003
  Arrival Time                  0.218
  Slack Time                    0.215
     Clock Rise Edge                 0.000
     + Clock Network Latency (Ideal) 0.000
     = Beginpoint Arrival Time       0.000
     +-----------------------------------------------------------------------------------------------------------------------------------------------------+ 
     |                Instance                 |     Arc      |   Cell   |  Slew |              Net              |    Arc     |   Load   | Delay | Arrival | 
     |                                         |              |          |       |                               | Annotation |          |       |  Time   | 
     |-----------------------------------------+--------------+----------+-------+-------------------------------+------------+----------+-------+---------| 
     | my_fpu_double/i_fpu_sub/minuend_reg[39] | CK ^         |          | 0.000 | clk                           |            | 5601.173 |       |   0.000 | 
     | my_fpu_double/i_fpu_sub/minuend_reg[39] | CK ^ -> QN ^ | DFF_X1   | 0.032 | my_fpu_double/i_fpu_sub/n2830 |            |    1.849 | 0.186 |   0.186 | 
     | my_fpu_double/i_fpu_sub/U691            |              | OAI22_X1 | 0.032 | my_fpu_double/i_fpu_sub/n2830 |       SPEF |    1.849 | 0.000 |   0.186 | 
     | my_fpu_double/i_fpu_sub/U691            | A1 ^ -> ZN v | OAI22_X1 | 0.014 | my_fpu_double/i_fpu_sub/n1412 |            |    1.308 | 0.032 |   0.218 | 
     | my_fpu_double/i_fpu_sub/minuend_reg[39] |              | DFF_X1   | 0.014 | my_fpu_double/i_fpu_sub/n1412 |       SPEF |    1.308 | 0.000 |   0.218 | 
     +-----------------------------------------------------------------------------------------------------------------------------------------------------+ 
Path 4: MET Hold Check with Pin my_fpu_double/i_fpu_sub/minuend_reg[51]/CK 
Endpoint:   my_fpu_double/i_fpu_sub/minuend_reg[51]/D  (v) checked with  
leading edge of 'CLK'
Beginpoint: my_fpu_double/i_fpu_sub/minuend_reg[51]/QN (^) triggered by  
leading edge of 'CLK'
Path Groups: {CLK}
Analysis View: core_adapter_av
Other End Arrival Time          0.000
+ Hold                          0.003
+ Phase Shift                   0.000
= Required Time                 0.003
  Arrival Time                  0.218
  Slack Time                    0.215
     Clock Rise Edge                 0.000
     + Clock Network Latency (Ideal) 0.000
     = Beginpoint Arrival Time       0.000
     +-----------------------------------------------------------------------------------------------------------------------------------------------------+ 
     |                Instance                 |     Arc      |   Cell   |  Slew |              Net              |    Arc     |   Load   | Delay | Arrival | 
     |                                         |              |          |       |                               | Annotation |          |       |  Time   | 
     |-----------------------------------------+--------------+----------+-------+-------------------------------+------------+----------+-------+---------| 
     | my_fpu_double/i_fpu_sub/minuend_reg[51] | CK ^         |          | 0.000 | clk                           |            | 5601.173 |       |   0.000 | 
     | my_fpu_double/i_fpu_sub/minuend_reg[51] | CK ^ -> QN ^ | DFF_X1   | 0.032 | my_fpu_double/i_fpu_sub/n2842 |            |    1.879 | 0.186 |   0.186 | 
     | my_fpu_double/i_fpu_sub/U679            |              | OAI22_X1 | 0.032 | my_fpu_double/i_fpu_sub/n2842 |       SPEF |    1.879 | 0.000 |   0.186 | 
     | my_fpu_double/i_fpu_sub/U679            | A1 ^ -> ZN v | OAI22_X1 | 0.014 | my_fpu_double/i_fpu_sub/n1424 |            |    1.216 | 0.032 |   0.218 | 
     | my_fpu_double/i_fpu_sub/minuend_reg[51] |              | DFF_X1   | 0.014 | my_fpu_double/i_fpu_sub/n1424 |       SPEF |    1.216 | 0.000 |   0.218 | 
     +-----------------------------------------------------------------------------------------------------------------------------------------------------+ 
Path 5: MET Hold Check with Pin my_fpu_double/i_fpu_sub/minuend_reg[50]/CK 
Endpoint:   my_fpu_double/i_fpu_sub/minuend_reg[50]/D  (v) checked with  
leading edge of 'CLK'
Beginpoint: my_fpu_double/i_fpu_sub/minuend_reg[50]/QN (^) triggered by  
leading edge of 'CLK'
Path Groups: {CLK}
Analysis View: core_adapter_av
Other End Arrival Time          0.000
+ Hold                          0.003
+ Phase Shift                   0.000
= Required Time                 0.003
  Arrival Time                  0.218
  Slack Time                    0.215
     Clock Rise Edge                 0.000
     + Clock Network Latency (Ideal) 0.000
     = Beginpoint Arrival Time       0.000
     +-----------------------------------------------------------------------------------------------------------------------------------------------------+ 
     |                Instance                 |     Arc      |   Cell   |  Slew |              Net              |    Arc     |   Load   | Delay | Arrival | 
     |                                         |              |          |       |                               | Annotation |          |       |  Time   | 
     |-----------------------------------------+--------------+----------+-------+-------------------------------+------------+----------+-------+---------| 
     | my_fpu_double/i_fpu_sub/minuend_reg[50] | CK ^         |          | 0.000 | clk                           |            | 5601.173 |       |   0.000 | 
     | my_fpu_double/i_fpu_sub/minuend_reg[50] | CK ^ -> QN ^ | DFF_X1   | 0.032 | my_fpu_double/i_fpu_sub/n2841 |            |    1.854 | 0.186 |   0.186 | 
     | my_fpu_double/i_fpu_sub/U680            |              | OAI22_X1 | 0.032 | my_fpu_double/i_fpu_sub/n2841 |       SPEF |    1.854 | 0.000 |   0.186 | 
     | my_fpu_double/i_fpu_sub/U680            | A1 ^ -> ZN v | OAI22_X1 | 0.014 | my_fpu_double/i_fpu_sub/n1423 |            |    1.321 | 0.032 |   0.218 | 
     | my_fpu_double/i_fpu_sub/minuend_reg[50] |              | DFF_X1   | 0.014 | my_fpu_double/i_fpu_sub/n1423 |       SPEF |    1.321 | 0.000 |   0.218 | 
     +-----------------------------------------------------------------------------------------------------------------------------------------------------+ 
Path 6: MET Hold Check with Pin my_fpu_double/i_fpu_sub/large_norm_small_denorm_
reg/CK 
Endpoint:   my_fpu_double/i_fpu_sub/large_norm_small_denorm_reg/D  (v) checked 
with  leading edge of 'CLK'
Beginpoint: my_fpu_double/i_fpu_sub/large_norm_small_denorm_reg/QN (^) 
triggered by  leading edge of 'CLK'
Path Groups: {CLK}
Analysis View: core_adapter_av
Other End Arrival Time          0.000
+ Hold                          0.003
+ Phase Shift                   0.000
= Required Time                 0.003
  Arrival Time                  0.218
  Slack Time                    0.215
     Clock Rise Edge                 0.000
     + Clock Network Latency (Ideal) 0.000
     = Beginpoint Arrival Time       0.000
     +----------------------------------------------------------------------------------------------------------------------------------------------------------------+ 
     |                      Instance                      |     Arc      |   Cell   |  Slew |              Net              |    Arc     |   Load   | Delay | Arrival | 
     |                                                    |              |          |       |                               | Annotation |          |       |  Time   | 
     |----------------------------------------------------+--------------+----------+-------+-------------------------------+------------+----------+-------+---------| 
     | my_fpu_double/i_fpu_sub/large_norm_small_denorm_re | CK ^         |          | 0.000 | clk                           |            | 5601.173 |       |   0.000 | 
     | g                                                  |              |          |       |                               |            |          |       |         | 
     | my_fpu_double/i_fpu_sub/large_norm_small_denorm_re | CK ^ -> QN ^ | DFF_X1   | 0.032 | my_fpu_double/i_fpu_sub/n2847 |            |    1.827 | 0.185 |   0.185 | 
     | g                                                  |              |          |       |                               |            |          |       |         | 
     | my_fpu_double/i_fpu_sub/U630                       |              | OAI22_X1 | 0.032 | my_fpu_double/i_fpu_sub/n2847 |       SPEF |    1.827 | 0.000 |   0.185 | 
     | my_fpu_double/i_fpu_sub/U630                       | A1 ^ -> ZN v | OAI22_X1 | 0.014 | my_fpu_double/i_fpu_sub/n1440 |            |    1.382 | 0.033 |   0.218 | 
     | my_fpu_double/i_fpu_sub/large_norm_small_denorm_re |              | DFF_X1   | 0.014 | my_fpu_double/i_fpu_sub/n1440 |       SPEF |    1.382 | 0.000 |   0.218 | 
     | g                                                  |              |          |       |                               |            |          |       |         | 
     +----------------------------------------------------------------------------------------------------------------------------------------------------------------+ 
Path 7: MET Hold Check with Pin my_fpu_double/i_fpu_round/round_out_reg[10]/CK 
Endpoint:   my_fpu_double/i_fpu_round/round_out_reg[10]/D  (v) checked with  
leading edge of 'CLK'
Beginpoint: my_fpu_double/i_fpu_round/round_out_reg[10]/QN (^) triggered by  
leading edge of 'CLK'
Path Groups: {CLK}
Analysis View: core_adapter_av
Other End Arrival Time          0.000
+ Hold                          0.003
+ Phase Shift                   0.000
= Required Time                 0.003
  Arrival Time                  0.219
  Slack Time                    0.215
     Clock Rise Edge                 0.000
     + Clock Network Latency (Ideal) 0.000
     = Beginpoint Arrival Time       0.000
     +----------------------------------------------------------------------------------------------------------------------------------------------------------+ 
     |                  Instance                   |     Arc      |   Cell   |  Slew |              Net               |    Arc     |   Load   | Delay | Arrival | 
     |                                             |              |          |       |                                | Annotation |          |       |  Time   | 
     |---------------------------------------------+--------------+----------+-------+--------------------------------+------------+----------+-------+---------| 
     | my_fpu_double/i_fpu_round/round_out_reg[10] | CK ^         |          | 0.000 | clk                            |            | 5601.173 |       |   0.000 | 
     | my_fpu_double/i_fpu_round/round_out_reg[10] | CK ^ -> QN ^ | DFF_X1   | 0.031 | my_fpu_double/i_fpu_round/n103 |            |    1.682 | 0.184 |   0.184 | 
     | my_fpu_double/i_fpu_round/U69               |              | OAI22_X1 | 0.031 | my_fpu_double/i_fpu_round/n103 |       SPEF |    1.682 | 0.000 |   0.184 | 
     | my_fpu_double/i_fpu_round/U69               | A2 ^ -> ZN v | OAI22_X1 | 0.016 | my_fpu_double/i_fpu_round/n394 |            |    1.328 | 0.035 |   0.219 | 
     | my_fpu_double/i_fpu_round/round_out_reg[10] |              | DFF_X1   | 0.016 | my_fpu_double/i_fpu_round/n394 |       SPEF |    1.328 | 0.000 |   0.219 | 
     +----------------------------------------------------------------------------------------------------------------------------------------------------------+ 
Path 8: MET Hold Check with Pin my_fpu_double/i_fpu_sub/minuend_reg[20]/CK 
Endpoint:   my_fpu_double/i_fpu_sub/minuend_reg[20]/D  (v) checked with  
leading edge of 'CLK'
Beginpoint: my_fpu_double/i_fpu_sub/minuend_reg[20]/QN (^) triggered by  
leading edge of 'CLK'
Path Groups: {CLK}
Analysis View: core_adapter_av
Other End Arrival Time          0.000
+ Hold                          0.003
+ Phase Shift                   0.000
= Required Time                 0.003
  Arrival Time                  0.218
  Slack Time                    0.215
     Clock Rise Edge                 0.000
     + Clock Network Latency (Ideal) 0.000
     = Beginpoint Arrival Time       0.000
     +-----------------------------------------------------------------------------------------------------------------------------------------------------+ 
     |                Instance                 |     Arc      |   Cell   |  Slew |              Net              |    Arc     |   Load   | Delay | Arrival | 
     |                                         |              |          |       |                               | Annotation |          |       |  Time   | 
     |-----------------------------------------+--------------+----------+-------+-------------------------------+------------+----------+-------+---------| 
     | my_fpu_double/i_fpu_sub/minuend_reg[20] | CK ^         |          | 0.000 | clk                           |            | 5601.173 |       |   0.000 | 
     | my_fpu_double/i_fpu_sub/minuend_reg[20] | CK ^ -> QN ^ | DFF_X1   | 0.032 | my_fpu_double/i_fpu_sub/n2811 |            |    1.913 | 0.186 |   0.186 | 
     | my_fpu_double/i_fpu_sub/U710            |              | OAI22_X1 | 0.032 | my_fpu_double/i_fpu_sub/n2811 |       SPEF |    1.913 | 0.000 |   0.186 | 
     | my_fpu_double/i_fpu_sub/U710            | A1 ^ -> ZN v | OAI22_X1 | 0.014 | my_fpu_double/i_fpu_sub/n1393 |            |    1.172 | 0.032 |   0.218 | 
     | my_fpu_double/i_fpu_sub/minuend_reg[20] |              | DFF_X1   | 0.014 | my_fpu_double/i_fpu_sub/n1393 |       SPEF |    1.172 | 0.000 |   0.218 | 
     +-----------------------------------------------------------------------------------------------------------------------------------------------------+ 
Path 9: MET Hold Check with Pin my_fpu_double/i_fpu_sub/minuend_reg[26]/CK 
Endpoint:   my_fpu_double/i_fpu_sub/minuend_reg[26]/D  (v) checked with  
leading edge of 'CLK'
Beginpoint: my_fpu_double/i_fpu_sub/minuend_reg[26]/QN (^) triggered by  
leading edge of 'CLK'
Path Groups: {CLK}
Analysis View: core_adapter_av
Other End Arrival Time          0.000
+ Hold                          0.003
+ Phase Shift                   0.000
= Required Time                 0.003
  Arrival Time                  0.218
  Slack Time                    0.215
     Clock Rise Edge                 0.000
     + Clock Network Latency (Ideal) 0.000
     = Beginpoint Arrival Time       0.000
     +-----------------------------------------------------------------------------------------------------------------------------------------------------+ 
     |                Instance                 |     Arc      |   Cell   |  Slew |              Net              |    Arc     |   Load   | Delay | Arrival | 
     |                                         |              |          |       |                               | Annotation |          |       |  Time   | 
     |-----------------------------------------+--------------+----------+-------+-------------------------------+------------+----------+-------+---------| 
     | my_fpu_double/i_fpu_sub/minuend_reg[26] | CK ^         |          | 0.000 | clk                           |            | 5601.173 |       |   0.000 | 
     | my_fpu_double/i_fpu_sub/minuend_reg[26] | CK ^ -> QN ^ | DFF_X1   | 0.032 | my_fpu_double/i_fpu_sub/n2817 |            |    1.895 | 0.186 |   0.186 | 
     | my_fpu_double/i_fpu_sub/U704            |              | OAI22_X1 | 0.032 | my_fpu_double/i_fpu_sub/n2817 |       SPEF |    1.895 | 0.000 |   0.186 | 
     | my_fpu_double/i_fpu_sub/U704            | A1 ^ -> ZN v | OAI22_X1 | 0.014 | my_fpu_double/i_fpu_sub/n1399 |            |    1.206 | 0.032 |   0.218 | 
     | my_fpu_double/i_fpu_sub/minuend_reg[26] |              | DFF_X1   | 0.014 | my_fpu_double/i_fpu_sub/n1399 |       SPEF |    1.206 | 0.000 |   0.218 | 
     +-----------------------------------------------------------------------------------------------------------------------------------------------------+ 
Path 10: MET Hold Check with Pin my_fpu_double/i_fpu_sub/minuend_reg[36]/CK 
Endpoint:   my_fpu_double/i_fpu_sub/minuend_reg[36]/D  (v) checked with  
leading edge of 'CLK'
Beginpoint: my_fpu_double/i_fpu_sub/minuend_reg[36]/QN (^) triggered by  
leading edge of 'CLK'
Path Groups: {CLK}
Analysis View: core_adapter_av
Other End Arrival Time          0.000
+ Hold                          0.003
+ Phase Shift                   0.000
= Required Time                 0.003
  Arrival Time                  0.218
  Slack Time                    0.215
     Clock Rise Edge                 0.000
     + Clock Network Latency (Ideal) 0.000
     = Beginpoint Arrival Time       0.000
     +-----------------------------------------------------------------------------------------------------------------------------------------------------+ 
     |                Instance                 |     Arc      |   Cell   |  Slew |              Net              |    Arc     |   Load   | Delay | Arrival | 
     |                                         |              |          |       |                               | Annotation |          |       |  Time   | 
     |-----------------------------------------+--------------+----------+-------+-------------------------------+------------+----------+-------+---------| 
     | my_fpu_double/i_fpu_sub/minuend_reg[36] | CK ^         |          | 0.000 | clk                           |            | 5601.173 |       |   0.000 | 
     | my_fpu_double/i_fpu_sub/minuend_reg[36] | CK ^ -> QN ^ | DFF_X1   | 0.032 | my_fpu_double/i_fpu_sub/n2827 |            |    1.906 | 0.186 |   0.186 | 
     | my_fpu_double/i_fpu_sub/U694            |              | OAI22_X1 | 0.032 | my_fpu_double/i_fpu_sub/n2827 |       SPEF |    1.906 | 0.000 |   0.186 | 
     | my_fpu_double/i_fpu_sub/U694            | A1 ^ -> ZN v | OAI22_X1 | 0.014 | my_fpu_double/i_fpu_sub/n1409 |            |    1.174 | 0.032 |   0.218 | 
     | my_fpu_double/i_fpu_sub/minuend_reg[36] |              | DFF_X1   | 0.014 | my_fpu_double/i_fpu_sub/n1409 |       SPEF |    1.174 | 0.000 |   0.218 | 
     +-----------------------------------------------------------------------------------------------------------------------------------------------------+ 

