###############################################################
#  Generated by:      Cadence Innovus 18.10-p002_1
#  OS:                Linux x86_64(Host ID ensc-esil-03)
#  Generated on:      Tue Apr 20 13:29:38 2021
#  Design:            ensc450
#  Command:           report_timing -net -format {instance arc cell slew net annotation load delay arrival} -max_paths 10 > results/timing/04-place.setup.rpt
###############################################################
Path 1: MET Setup Check with Pin my_core_adapter/clk 
Endpoint:   my_core_adapter/addr_in[31] (v) checked with  leading edge of 'CLK'
Beginpoint: EXT_BUSY                    (^) triggered by  leading edge of 'CLK'
Path Groups: {CLK}
Analysis View: ensc450_av
Other End Arrival Time          0.000
- Setup                         7.117
+ Phase Shift                  12.000
= Required Time                 4.883
- Arrival Time                  3.967
= Slack Time                    0.916
     Clock Rise Edge                      0.000
     + Input Delay                        0.800
     = Beginpoint Arrival Time            0.800
     +-------------------------------------------------------------------------------------------------------------------+ 
     |    Instance     |     Arc      |     Cell     |  Slew |       Net        |    Arc     |  Load   | Delay | Arrival | 
     |                 |              |              |       |                  | Annotation |         |       |  Time   | 
     |-----------------+--------------+--------------+-------+------------------+------------+---------+-------+---------| 
     |                 | EXT_BUSY ^   |              | 0.002 | EXT_BUSY         |       SPEF |  26.408 |       |   0.800 | 
     | My_bus/U624     |              | AOI22_X1     | 0.006 | EXT_BUSY         |       SPEF |  26.408 | 0.006 |   0.806 | 
     | My_bus/U624     | B1 ^ -> ZN v | AOI22_X1     | 0.053 | My_bus/n302      |            |   3.043 | 0.044 |   0.850 | 
     | My_bus/U623     |              | NOR3_X1      | 0.053 | My_bus/n302      |       SPEF |   3.043 | 0.000 |   0.850 | 
     | My_bus/U623     | A3 v -> ZN ^ | NOR3_X1      | 0.312 | My_bus/n96       |            |   9.398 | 0.441 |   1.291 | 
     | My_bus/U616     |              | AOI211_X1    | 0.312 | My_bus/n96       |       SPEF |   9.398 | 0.000 |   1.291 | 
     | My_bus/U616     | A ^ -> ZN v  | AOI211_X1    | 0.079 | My_bus/n4        |            |   3.201 | 0.114 |   1.405 | 
     | My_bus/U615     |              | INV_X1       | 0.079 | My_bus/n4        |       SPEF |   3.201 | 0.000 |   1.405 | 
     | My_bus/U615     | A v -> ZN ^  | INV_X1       | 0.298 | My_bus/n55       |            |  36.893 | 0.363 |   1.768 | 
     | My_bus/U22      |              | NOR2_X4      | 0.298 | My_bus/n55       |       SPEF |  36.893 | 0.003 |   1.771 | 
     | My_bus/U22      | A2 ^ -> ZN v | NOR2_X4      | 0.106 | My_bus/n95       |            |  70.036 | 0.170 |   1.941 | 
     | My_bus/U21      |              | INV_X2       | 0.106 | My_bus/n95       |       SPEF |  70.036 | 0.001 |   1.942 | 
     | My_bus/U21      | A v -> ZN ^  | INV_X2       | 0.048 | My_bus/n296      |            |   6.294 | 0.101 |   2.043 | 
     | My_bus/U19      |              | OAI21_X4     | 0.048 | My_bus/n296      |       SPEF |   6.294 | 0.000 |   2.043 | 
     | My_bus/U19      | A ^ -> ZN v  | OAI21_X4     | 0.148 | My_bus/n98       |            |  74.323 | 0.125 |   2.169 | 
     | My_bus/U569     |              | AOI22_X1     | 0.150 | My_bus/n98       |       SPEF |  74.323 | 0.032 |   2.200 | 
     | My_bus/U569     | B2 v -> ZN ^ | AOI22_X1     | 0.503 | My_bus/n61       |            |  25.299 | 0.688 |   2.888 | 
     | My_bus/U566     |              | NAND4_X1     | 0.503 | My_bus/n61       |       SPEF |  25.299 | 0.004 |   2.892 | 
     | My_bus/U566     | A2 ^ -> ZN v | NAND4_X1     | 0.162 | My_bus/n285      |            |   4.984 | 0.250 |   3.141 | 
     | My_bus/U564     |              | NOR4_X1      | 0.162 | My_bus/n285      |       SPEF |   4.984 | 0.000 |   3.142 | 
     | My_bus/U564     | A1 v -> ZN ^ | NOR4_X1      | 0.182 | My_bus/n284      |            |   2.162 | 0.267 |   3.409 | 
     | My_bus/U563     |              | NAND4_X1     | 0.182 | My_bus/n284      |       SPEF |   2.162 | 0.000 |   3.409 | 
     | My_bus/U563     | A4 ^ -> ZN v | NAND4_X1     | 0.081 | My_bus/n262      |            |   5.548 | 0.171 |   3.580 | 
     | My_bus/U17      |              | NAND2_X2     | 0.081 | My_bus/n262      |       SPEF |   5.548 | 0.000 |   3.580 | 
     | My_bus/U17      | A2 v -> ZN ^ | NAND2_X2     | 0.049 | My_bus/n260      |            |   6.844 | 0.105 |   3.685 | 
     | My_bus/U16      |              | NOR2_X2      | 0.049 | My_bus/n260      |       SPEF |   6.844 | 0.000 |   3.685 | 
     | My_bus/U16      | A1 ^ -> ZN v | NOR2_X2      | 0.033 | YOUR_ADDRBUS[29] |            |  20.993 | 0.061 |   3.746 | 
     | My_bus/U23      |              | INV_X8       | 0.034 | YOUR_ADDRBUS[29] |       SPEF |  20.993 | 0.002 |   3.748 | 
     | My_bus/U23      | A v -> ZN ^  | INV_X8       | 0.134 | My_bus/n90       |            | 120.491 | 0.149 |   3.897 | 
     | My_bus/U208     |              | NOR2_X1      | 0.135 | My_bus/n90       |       SPEF | 120.491 | 0.001 |   3.899 | 
     | My_bus/U208     | A2 ^ -> ZN v | NOR2_X1      | 0.086 | YOUR_ADDRBUS[31] |            |   3.819 | 0.069 |   3.967 | 
     | my_core_adapter |              | core_adapter | 0.086 | YOUR_ADDRBUS[31] |       SPEF |   3.819 | 0.000 |   3.967 | 
     +-------------------------------------------------------------------------------------------------------------------+ 
Path 2: MET Setup Check with Pin my_core_adapter/clk 
Endpoint:   my_core_adapter/addr_in[30] (v) checked with  leading edge of 'CLK'
Beginpoint: EXT_BUSY                    (^) triggered by  leading edge of 'CLK'
Path Groups: {CLK}
Analysis View: ensc450_av
Other End Arrival Time          0.000
- Setup                         7.095
+ Phase Shift                  12.000
= Required Time                 4.905
- Arrival Time                  3.966
= Slack Time                    0.939
     Clock Rise Edge                      0.000
     + Input Delay                        0.800
     = Beginpoint Arrival Time            0.800
     +-------------------------------------------------------------------------------------------------------------------+ 
     |    Instance     |     Arc      |     Cell     |  Slew |       Net        |    Arc     |  Load   | Delay | Arrival | 
     |                 |              |              |       |                  | Annotation |         |       |  Time   | 
     |-----------------+--------------+--------------+-------+------------------+------------+---------+-------+---------| 
     |                 | EXT_BUSY ^   |              | 0.002 | EXT_BUSY         |       SPEF |  26.408 |       |   0.800 | 
     | My_bus/U624     |              | AOI22_X1     | 0.006 | EXT_BUSY         |       SPEF |  26.408 | 0.006 |   0.806 | 
     | My_bus/U624     | B1 ^ -> ZN v | AOI22_X1     | 0.053 | My_bus/n302      |            |   3.043 | 0.044 |   0.850 | 
     | My_bus/U623     |              | NOR3_X1      | 0.053 | My_bus/n302      |       SPEF |   3.043 | 0.000 |   0.850 | 
     | My_bus/U623     | A3 v -> ZN ^ | NOR3_X1      | 0.312 | My_bus/n96       |            |   9.398 | 0.441 |   1.291 | 
     | My_bus/U616     |              | AOI211_X1    | 0.312 | My_bus/n96       |       SPEF |   9.398 | 0.000 |   1.291 | 
     | My_bus/U616     | A ^ -> ZN v  | AOI211_X1    | 0.079 | My_bus/n4        |            |   3.201 | 0.114 |   1.405 | 
     | My_bus/U615     |              | INV_X1       | 0.079 | My_bus/n4        |       SPEF |   3.201 | 0.000 |   1.405 | 
     | My_bus/U615     | A v -> ZN ^  | INV_X1       | 0.298 | My_bus/n55       |            |  36.893 | 0.363 |   1.768 | 
     | My_bus/U22      |              | NOR2_X4      | 0.298 | My_bus/n55       |       SPEF |  36.893 | 0.003 |   1.771 | 
     | My_bus/U22      | A2 ^ -> ZN v | NOR2_X4      | 0.106 | My_bus/n95       |            |  70.036 | 0.170 |   1.941 | 
     | My_bus/U21      |              | INV_X2       | 0.106 | My_bus/n95       |       SPEF |  70.036 | 0.001 |   1.942 | 
     | My_bus/U21      | A v -> ZN ^  | INV_X2       | 0.048 | My_bus/n296      |            |   6.294 | 0.101 |   2.043 | 
     | My_bus/U19      |              | OAI21_X4     | 0.048 | My_bus/n296      |       SPEF |   6.294 | 0.000 |   2.043 | 
     | My_bus/U19      | A ^ -> ZN v  | OAI21_X4     | 0.148 | My_bus/n98       |            |  74.323 | 0.125 |   2.169 | 
     | My_bus/U569     |              | AOI22_X1     | 0.150 | My_bus/n98       |       SPEF |  74.323 | 0.032 |   2.200 | 
     | My_bus/U569     | B2 v -> ZN ^ | AOI22_X1     | 0.503 | My_bus/n61       |            |  25.299 | 0.688 |   2.888 | 
     | My_bus/U566     |              | NAND4_X1     | 0.503 | My_bus/n61       |       SPEF |  25.299 | 0.004 |   2.892 | 
     | My_bus/U566     | A2 ^ -> ZN v | NAND4_X1     | 0.162 | My_bus/n285      |            |   4.984 | 0.250 |   3.141 | 
     | My_bus/U564     |              | NOR4_X1      | 0.162 | My_bus/n285      |       SPEF |   4.984 | 0.000 |   3.142 | 
     | My_bus/U564     | A1 v -> ZN ^ | NOR4_X1      | 0.182 | My_bus/n284      |            |   2.162 | 0.267 |   3.409 | 
     | My_bus/U563     |              | NAND4_X1     | 0.182 | My_bus/n284      |       SPEF |   2.162 | 0.000 |   3.409 | 
     | My_bus/U563     | A4 ^ -> ZN v | NAND4_X1     | 0.081 | My_bus/n262      |            |   5.548 | 0.171 |   3.580 | 
     | My_bus/U17      |              | NAND2_X2     | 0.081 | My_bus/n262      |       SPEF |   5.548 | 0.000 |   3.580 | 
     | My_bus/U17      | A2 v -> ZN ^ | NAND2_X2     | 0.049 | My_bus/n260      |            |   6.844 | 0.105 |   3.685 | 
     | My_bus/U16      |              | NOR2_X2      | 0.049 | My_bus/n260      |       SPEF |   6.844 | 0.000 |   3.685 | 
     | My_bus/U16      | A1 ^ -> ZN v | NOR2_X2      | 0.033 | YOUR_ADDRBUS[29] |            |  20.993 | 0.061 |   3.746 | 
     | My_bus/U23      |              | INV_X8       | 0.034 | YOUR_ADDRBUS[29] |       SPEF |  20.993 | 0.002 |   3.748 | 
     | My_bus/U23      | A v -> ZN ^  | INV_X8       | 0.134 | My_bus/n90       |            | 120.491 | 0.149 |   3.897 | 
     | My_bus/U209     |              | NOR2_X1      | 0.135 | My_bus/n90       |       SPEF | 120.491 | 0.003 |   3.901 | 
     | My_bus/U209     | A2 ^ -> ZN v | NOR2_X1      | 0.081 | YOUR_ADDRBUS[30] |            |   3.265 | 0.065 |   3.966 | 
     | my_core_adapter |              | core_adapter | 0.081 | YOUR_ADDRBUS[30] |       SPEF |   3.265 | 0.000 |   3.966 | 
     +-------------------------------------------------------------------------------------------------------------------+ 
Path 3: MET Setup Check with Pin my_core_adapter/clk 
Endpoint:   my_core_adapter/addr_in[29] (^) checked with  leading edge of 'CLK'
Beginpoint: EXT_BUSY                    (^) triggered by  leading edge of 'CLK'
Path Groups: {CLK}
Analysis View: ensc450_av
Other End Arrival Time          0.000
- Setup                         6.921
+ Phase Shift                  12.000
= Required Time                 5.079
- Arrival Time                  4.092
= Slack Time                    0.987
     Clock Rise Edge                      0.000
     + Input Delay                        0.800
     = Beginpoint Arrival Time            0.800
     +------------------------------------------------------------------------------------------------------------------+ 
     |    Instance     |     Arc      |     Cell     |  Slew |       Net        |    Arc     |  Load  | Delay | Arrival | 
     |                 |              |              |       |                  | Annotation |        |       |  Time   | 
     |-----------------+--------------+--------------+-------+------------------+------------+--------+-------+---------| 
     |                 | EXT_BUSY ^   |              | 0.002 | EXT_BUSY         |       SPEF | 26.408 |       |   0.800 | 
     | My_bus/U624     |              | AOI22_X1     | 0.006 | EXT_BUSY         |       SPEF | 26.408 | 0.006 |   0.806 | 
     | My_bus/U624     | B1 ^ -> ZN v | AOI22_X1     | 0.053 | My_bus/n302      |            |  3.043 | 0.044 |   0.850 | 
     | My_bus/U623     |              | NOR3_X1      | 0.053 | My_bus/n302      |       SPEF |  3.043 | 0.000 |   0.850 | 
     | My_bus/U623     | A3 v -> ZN ^ | NOR3_X1      | 0.312 | My_bus/n96       |            |  9.398 | 0.441 |   1.291 | 
     | My_bus/U616     |              | AOI211_X1    | 0.312 | My_bus/n96       |       SPEF |  9.398 | 0.000 |   1.291 | 
     | My_bus/U616     | A ^ -> ZN v  | AOI211_X1    | 0.079 | My_bus/n4        |            |  3.201 | 0.114 |   1.405 | 
     | My_bus/U615     |              | INV_X1       | 0.079 | My_bus/n4        |       SPEF |  3.201 | 0.000 |   1.405 | 
     | My_bus/U615     | A v -> ZN ^  | INV_X1       | 0.298 | My_bus/n55       |            | 36.893 | 0.363 |   1.768 | 
     | My_bus/U22      |              | NOR2_X4      | 0.298 | My_bus/n55       |       SPEF | 36.893 | 0.003 |   1.771 | 
     | My_bus/U22      | A2 ^ -> ZN v | NOR2_X4      | 0.106 | My_bus/n95       |            | 70.036 | 0.170 |   1.941 | 
     | My_bus/U21      |              | INV_X2       | 0.106 | My_bus/n95       |       SPEF | 70.036 | 0.001 |   1.942 | 
     | My_bus/U21      | A v -> ZN ^  | INV_X2       | 0.048 | My_bus/n296      |            |  6.294 | 0.101 |   2.043 | 
     | My_bus/U19      |              | OAI21_X4     | 0.048 | My_bus/n296      |       SPEF |  6.294 | 0.000 |   2.043 | 
     | My_bus/U19      | A ^ -> ZN v  | OAI21_X4     | 0.148 | My_bus/n98       |            | 74.323 | 0.125 |   2.169 | 
     | My_bus/U586     |              | AOI22_X1     | 0.150 | My_bus/n98       |       SPEF | 74.323 | 0.031 |   2.200 | 
     | My_bus/U586     | B2 v -> ZN ^ | AOI22_X1     | 0.555 | My_bus/n85       |            | 28.091 | 0.742 |   2.942 | 
     | My_bus/U584     |              | AND4_X1      | 0.555 | My_bus/n85       |       SPEF | 28.091 | 0.005 |   2.947 | 
     | My_bus/U584     | A3 ^ -> ZN ^ | AND4_X1      | 0.045 | My_bus/n291      |            |  1.661 | 0.303 |   3.250 | 
     | My_bus/U583     |              | AND4_X1      | 0.045 | My_bus/n291      |       SPEF |  1.661 | 0.000 |   3.250 | 
     | My_bus/U583     | A4 ^ -> ZN ^ | AND4_X1      | 0.063 | My_bus/n278      |            |  4.800 | 0.210 |   3.460 | 
     | My_bus/U559     |              | NAND4_X1     | 0.063 | My_bus/n278      |       SPEF |  4.800 | 0.000 |   3.460 | 
     | My_bus/U559     | A3 ^ -> ZN v | NAND4_X1     | 0.111 | My_bus/n264      |            |  3.912 | 0.120 |   3.580 | 
     | My_bus/U558     |              | NAND2_X1     | 0.111 | My_bus/n264      |       SPEF |  3.912 | 0.000 |   3.580 | 
     | My_bus/U558     | A2 v -> ZN ^ | NAND2_X1     | 0.080 | My_bus/n259      |            |  7.578 | 0.157 |   3.738 | 
     | My_bus/U18      |              | INV_X2       | 0.080 | My_bus/n259      |       SPEF |  7.578 | 0.000 |   3.738 | 
     | My_bus/U18      | A ^ -> ZN v  | INV_X2       | 0.030 | My_bus/n8        |            | 14.423 | 0.064 |   3.802 | 
     | My_bus/U16      |              | NOR2_X2      | 0.030 | My_bus/n8        |       SPEF | 14.423 | 0.001 |   3.802 | 
     | My_bus/U16      | A2 v -> ZN ^ | NOR2_X2      | 0.221 | YOUR_ADDRBUS[29] |            | 22.399 | 0.287 |   4.090 | 
     | my_core_adapter |              | core_adapter | 0.221 | YOUR_ADDRBUS[29] |       SPEF | 22.399 | 0.002 |   4.092 | 
     +------------------------------------------------------------------------------------------------------------------+ 
Path 4: MET Setup Check with Pin my_core_adapter/clk 
Endpoint:   my_core_adapter/addr_in[28] (v) checked with  leading edge of 'CLK'
Beginpoint: EXT_BUSY                    (^) triggered by  leading edge of 'CLK'
Path Groups: {CLK}
Analysis View: ensc450_av
Other End Arrival Time          0.000
- Setup                         6.727
+ Phase Shift                  12.000
= Required Time                 5.273
- Arrival Time                  3.970
= Slack Time                    1.303
     Clock Rise Edge                      0.000
     + Input Delay                        0.800
     = Beginpoint Arrival Time            0.800
     +-------------------------------------------------------------------------------------------------------------------+ 
     |    Instance     |     Arc      |     Cell     |  Slew |       Net        |    Arc     |  Load   | Delay | Arrival | 
     |                 |              |              |       |                  | Annotation |         |       |  Time   | 
     |-----------------+--------------+--------------+-------+------------------+------------+---------+-------+---------| 
     |                 | EXT_BUSY ^   |              | 0.002 | EXT_BUSY         |       SPEF |  26.408 |       |   0.800 | 
     | My_bus/U624     |              | AOI22_X1     | 0.006 | EXT_BUSY         |       SPEF |  26.408 | 0.006 |   0.806 | 
     | My_bus/U624     | B1 ^ -> ZN v | AOI22_X1     | 0.053 | My_bus/n302      |            |   3.043 | 0.044 |   0.850 | 
     | My_bus/U623     |              | NOR3_X1      | 0.053 | My_bus/n302      |       SPEF |   3.043 | 0.000 |   0.850 | 
     | My_bus/U623     | A3 v -> ZN ^ | NOR3_X1      | 0.312 | My_bus/n96       |            |   9.398 | 0.441 |   1.291 | 
     | My_bus/U616     |              | AOI211_X1    | 0.312 | My_bus/n96       |       SPEF |   9.398 | 0.000 |   1.291 | 
     | My_bus/U616     | A ^ -> ZN v  | AOI211_X1    | 0.079 | My_bus/n4        |            |   3.201 | 0.114 |   1.405 | 
     | My_bus/U615     |              | INV_X1       | 0.079 | My_bus/n4        |       SPEF |   3.201 | 0.000 |   1.405 | 
     | My_bus/U615     | A v -> ZN ^  | INV_X1       | 0.298 | My_bus/n55       |            |  36.893 | 0.363 |   1.768 | 
     | My_bus/U22      |              | NOR2_X4      | 0.298 | My_bus/n55       |       SPEF |  36.893 | 0.003 |   1.771 | 
     | My_bus/U22      | A2 ^ -> ZN v | NOR2_X4      | 0.106 | My_bus/n95       |            |  70.036 | 0.170 |   1.941 | 
     | My_bus/U21      |              | INV_X2       | 0.106 | My_bus/n95       |       SPEF |  70.036 | 0.001 |   1.942 | 
     | My_bus/U21      | A v -> ZN ^  | INV_X2       | 0.048 | My_bus/n296      |            |   6.294 | 0.101 |   2.043 | 
     | My_bus/U19      |              | OAI21_X4     | 0.048 | My_bus/n296      |       SPEF |   6.294 | 0.000 |   2.043 | 
     | My_bus/U19      | A ^ -> ZN v  | OAI21_X4     | 0.148 | My_bus/n98       |            |  74.323 | 0.125 |   2.169 | 
     | My_bus/U569     |              | AOI22_X1     | 0.150 | My_bus/n98       |       SPEF |  74.323 | 0.032 |   2.200 | 
     | My_bus/U569     | B2 v -> ZN ^ | AOI22_X1     | 0.503 | My_bus/n61       |            |  25.299 | 0.688 |   2.888 | 
     | My_bus/U566     |              | NAND4_X1     | 0.503 | My_bus/n61       |       SPEF |  25.299 | 0.004 |   2.892 | 
     | My_bus/U566     | A2 ^ -> ZN v | NAND4_X1     | 0.162 | My_bus/n285      |            |   4.984 | 0.250 |   3.141 | 
     | My_bus/U564     |              | NOR4_X1      | 0.162 | My_bus/n285      |       SPEF |   4.984 | 0.000 |   3.142 | 
     | My_bus/U564     | A1 v -> ZN ^ | NOR4_X1      | 0.182 | My_bus/n284      |            |   2.162 | 0.267 |   3.409 | 
     | My_bus/U563     |              | NAND4_X1     | 0.182 | My_bus/n284      |       SPEF |   2.162 | 0.000 |   3.409 | 
     | My_bus/U563     | A4 ^ -> ZN v | NAND4_X1     | 0.081 | My_bus/n262      |            |   5.548 | 0.171 |   3.580 | 
     | My_bus/U17      |              | NAND2_X2     | 0.081 | My_bus/n262      |       SPEF |   5.548 | 0.000 |   3.580 | 
     | My_bus/U17      | A2 v -> ZN ^ | NAND2_X2     | 0.049 | My_bus/n260      |            |   6.844 | 0.105 |   3.685 | 
     | My_bus/U16      |              | NOR2_X2      | 0.049 | My_bus/n260      |       SPEF |   6.844 | 0.000 |   3.685 | 
     | My_bus/U16      | A1 ^ -> ZN v | NOR2_X2      | 0.033 | YOUR_ADDRBUS[29] |            |  20.993 | 0.061 |   3.746 | 
     | My_bus/U23      |              | INV_X8       | 0.034 | YOUR_ADDRBUS[29] |       SPEF |  20.993 | 0.002 |   3.748 | 
     | My_bus/U23      | A v -> ZN ^  | INV_X8       | 0.134 | My_bus/n90       |            | 120.491 | 0.149 |   3.897 | 
     | My_bus/U211     |              | NOR2_X1      | 0.135 | My_bus/n90       |       SPEF | 120.491 | 0.005 |   3.902 | 
     | My_bus/U211     | A2 ^ -> ZN v | NOR2_X1      | 0.080 | YOUR_ADDRBUS[28] |            |   3.670 | 0.068 |   3.970 | 
     | my_core_adapter |              | core_adapter | 0.080 | YOUR_ADDRBUS[28] |       SPEF |   3.670 | 0.000 |   3.970 | 
     +-------------------------------------------------------------------------------------------------------------------+ 
Path 5: MET Setup Check with Pin my_core_adapter/clk 
Endpoint:   my_core_adapter/addr_in[27] (v) checked with  leading edge of 'CLK'
Beginpoint: EXT_BUSY                    (^) triggered by  leading edge of 'CLK'
Path Groups: {CLK}
Analysis View: ensc450_av
Other End Arrival Time          0.000
- Setup                         6.542
+ Phase Shift                  12.000
= Required Time                 5.458
- Arrival Time                  3.970
= Slack Time                    1.487
     Clock Rise Edge                      0.000
     + Input Delay                        0.800
     = Beginpoint Arrival Time            0.800
     +-------------------------------------------------------------------------------------------------------------------+ 
     |    Instance     |     Arc      |     Cell     |  Slew |       Net        |    Arc     |  Load   | Delay | Arrival | 
     |                 |              |              |       |                  | Annotation |         |       |  Time   | 
     |-----------------+--------------+--------------+-------+------------------+------------+---------+-------+---------| 
     |                 | EXT_BUSY ^   |              | 0.002 | EXT_BUSY         |       SPEF |  26.408 |       |   0.800 | 
     | My_bus/U624     |              | AOI22_X1     | 0.006 | EXT_BUSY         |       SPEF |  26.408 | 0.006 |   0.806 | 
     | My_bus/U624     | B1 ^ -> ZN v | AOI22_X1     | 0.053 | My_bus/n302      |            |   3.043 | 0.044 |   0.850 | 
     | My_bus/U623     |              | NOR3_X1      | 0.053 | My_bus/n302      |       SPEF |   3.043 | 0.000 |   0.850 | 
     | My_bus/U623     | A3 v -> ZN ^ | NOR3_X1      | 0.312 | My_bus/n96       |            |   9.398 | 0.441 |   1.291 | 
     | My_bus/U616     |              | AOI211_X1    | 0.312 | My_bus/n96       |       SPEF |   9.398 | 0.000 |   1.291 | 
     | My_bus/U616     | A ^ -> ZN v  | AOI211_X1    | 0.079 | My_bus/n4        |            |   3.201 | 0.114 |   1.405 | 
     | My_bus/U615     |              | INV_X1       | 0.079 | My_bus/n4        |       SPEF |   3.201 | 0.000 |   1.405 | 
     | My_bus/U615     | A v -> ZN ^  | INV_X1       | 0.298 | My_bus/n55       |            |  36.893 | 0.363 |   1.768 | 
     | My_bus/U22      |              | NOR2_X4      | 0.298 | My_bus/n55       |       SPEF |  36.893 | 0.003 |   1.771 | 
     | My_bus/U22      | A2 ^ -> ZN v | NOR2_X4      | 0.106 | My_bus/n95       |            |  70.036 | 0.170 |   1.941 | 
     | My_bus/U21      |              | INV_X2       | 0.106 | My_bus/n95       |       SPEF |  70.036 | 0.001 |   1.942 | 
     | My_bus/U21      | A v -> ZN ^  | INV_X2       | 0.048 | My_bus/n296      |            |   6.294 | 0.101 |   2.043 | 
     | My_bus/U19      |              | OAI21_X4     | 0.048 | My_bus/n296      |       SPEF |   6.294 | 0.000 |   2.043 | 
     | My_bus/U19      | A ^ -> ZN v  | OAI21_X4     | 0.148 | My_bus/n98       |            |  74.323 | 0.125 |   2.169 | 
     | My_bus/U569     |              | AOI22_X1     | 0.150 | My_bus/n98       |       SPEF |  74.323 | 0.032 |   2.200 | 
     | My_bus/U569     | B2 v -> ZN ^ | AOI22_X1     | 0.503 | My_bus/n61       |            |  25.299 | 0.688 |   2.888 | 
     | My_bus/U566     |              | NAND4_X1     | 0.503 | My_bus/n61       |       SPEF |  25.299 | 0.004 |   2.892 | 
     | My_bus/U566     | A2 ^ -> ZN v | NAND4_X1     | 0.162 | My_bus/n285      |            |   4.984 | 0.250 |   3.141 | 
     | My_bus/U564     |              | NOR4_X1      | 0.162 | My_bus/n285      |       SPEF |   4.984 | 0.000 |   3.142 | 
     | My_bus/U564     | A1 v -> ZN ^ | NOR4_X1      | 0.182 | My_bus/n284      |            |   2.162 | 0.267 |   3.409 | 
     | My_bus/U563     |              | NAND4_X1     | 0.182 | My_bus/n284      |       SPEF |   2.162 | 0.000 |   3.409 | 
     | My_bus/U563     | A4 ^ -> ZN v | NAND4_X1     | 0.081 | My_bus/n262      |            |   5.548 | 0.171 |   3.580 | 
     | My_bus/U17      |              | NAND2_X2     | 0.081 | My_bus/n262      |       SPEF |   5.548 | 0.000 |   3.580 | 
     | My_bus/U17      | A2 v -> ZN ^ | NAND2_X2     | 0.049 | My_bus/n260      |            |   6.844 | 0.105 |   3.685 | 
     | My_bus/U16      |              | NOR2_X2      | 0.049 | My_bus/n260      |       SPEF |   6.844 | 0.000 |   3.685 | 
     | My_bus/U16      | A1 ^ -> ZN v | NOR2_X2      | 0.033 | YOUR_ADDRBUS[29] |            |  20.993 | 0.061 |   3.746 | 
     | My_bus/U23      |              | INV_X8       | 0.034 | YOUR_ADDRBUS[29] |       SPEF |  20.993 | 0.002 |   3.748 | 
     | My_bus/U23      | A v -> ZN ^  | INV_X8       | 0.134 | My_bus/n90       |            | 120.491 | 0.149 |   3.897 | 
     | My_bus/U212     |              | NOR2_X1      | 0.135 | My_bus/n90       |       SPEF | 120.491 | 0.006 |   3.904 | 
     | My_bus/U212     | A2 ^ -> ZN v | NOR2_X1      | 0.084 | YOUR_ADDRBUS[27] |            |   3.488 | 0.066 |   3.970 | 
     | my_core_adapter |              | core_adapter | 0.084 | YOUR_ADDRBUS[27] |       SPEF |   3.488 | 0.000 |   3.970 | 
     +-------------------------------------------------------------------------------------------------------------------+ 
Path 6: MET Setup Check with Pin my_core_adapter/clk 
Endpoint:   my_core_adapter/addr_in[26] (v) checked with  leading edge of 'CLK'
Beginpoint: EXT_BUSY                    (^) triggered by  leading edge of 'CLK'
Path Groups: {CLK}
Analysis View: ensc450_av
Other End Arrival Time          0.000
- Setup                         6.352
+ Phase Shift                  12.000
= Required Time                 5.648
- Arrival Time                  3.972
= Slack Time                    1.676
     Clock Rise Edge                      0.000
     + Input Delay                        0.800
     = Beginpoint Arrival Time            0.800
     +-------------------------------------------------------------------------------------------------------------------+ 
     |    Instance     |     Arc      |     Cell     |  Slew |       Net        |    Arc     |  Load   | Delay | Arrival | 
     |                 |              |              |       |                  | Annotation |         |       |  Time   | 
     |-----------------+--------------+--------------+-------+------------------+------------+---------+-------+---------| 
     |                 | EXT_BUSY ^   |              | 0.002 | EXT_BUSY         |       SPEF |  26.408 |       |   0.800 | 
     | My_bus/U624     |              | AOI22_X1     | 0.006 | EXT_BUSY         |       SPEF |  26.408 | 0.006 |   0.806 | 
     | My_bus/U624     | B1 ^ -> ZN v | AOI22_X1     | 0.053 | My_bus/n302      |            |   3.043 | 0.044 |   0.850 | 
     | My_bus/U623     |              | NOR3_X1      | 0.053 | My_bus/n302      |       SPEF |   3.043 | 0.000 |   0.850 | 
     | My_bus/U623     | A3 v -> ZN ^ | NOR3_X1      | 0.312 | My_bus/n96       |            |   9.398 | 0.441 |   1.291 | 
     | My_bus/U616     |              | AOI211_X1    | 0.312 | My_bus/n96       |       SPEF |   9.398 | 0.000 |   1.291 | 
     | My_bus/U616     | A ^ -> ZN v  | AOI211_X1    | 0.079 | My_bus/n4        |            |   3.201 | 0.114 |   1.405 | 
     | My_bus/U615     |              | INV_X1       | 0.079 | My_bus/n4        |       SPEF |   3.201 | 0.000 |   1.405 | 
     | My_bus/U615     | A v -> ZN ^  | INV_X1       | 0.298 | My_bus/n55       |            |  36.893 | 0.363 |   1.768 | 
     | My_bus/U22      |              | NOR2_X4      | 0.298 | My_bus/n55       |       SPEF |  36.893 | 0.003 |   1.771 | 
     | My_bus/U22      | A2 ^ -> ZN v | NOR2_X4      | 0.106 | My_bus/n95       |            |  70.036 | 0.170 |   1.941 | 
     | My_bus/U21      |              | INV_X2       | 0.106 | My_bus/n95       |       SPEF |  70.036 | 0.001 |   1.942 | 
     | My_bus/U21      | A v -> ZN ^  | INV_X2       | 0.048 | My_bus/n296      |            |   6.294 | 0.101 |   2.043 | 
     | My_bus/U19      |              | OAI21_X4     | 0.048 | My_bus/n296      |       SPEF |   6.294 | 0.000 |   2.043 | 
     | My_bus/U19      | A ^ -> ZN v  | OAI21_X4     | 0.148 | My_bus/n98       |            |  74.323 | 0.125 |   2.169 | 
     | My_bus/U569     |              | AOI22_X1     | 0.150 | My_bus/n98       |       SPEF |  74.323 | 0.032 |   2.200 | 
     | My_bus/U569     | B2 v -> ZN ^ | AOI22_X1     | 0.503 | My_bus/n61       |            |  25.299 | 0.688 |   2.888 | 
     | My_bus/U566     |              | NAND4_X1     | 0.503 | My_bus/n61       |       SPEF |  25.299 | 0.004 |   2.892 | 
     | My_bus/U566     | A2 ^ -> ZN v | NAND4_X1     | 0.162 | My_bus/n285      |            |   4.984 | 0.250 |   3.141 | 
     | My_bus/U564     |              | NOR4_X1      | 0.162 | My_bus/n285      |       SPEF |   4.984 | 0.000 |   3.142 | 
     | My_bus/U564     | A1 v -> ZN ^ | NOR4_X1      | 0.182 | My_bus/n284      |            |   2.162 | 0.267 |   3.409 | 
     | My_bus/U563     |              | NAND4_X1     | 0.182 | My_bus/n284      |       SPEF |   2.162 | 0.000 |   3.409 | 
     | My_bus/U563     | A4 ^ -> ZN v | NAND4_X1     | 0.081 | My_bus/n262      |            |   5.548 | 0.171 |   3.580 | 
     | My_bus/U17      |              | NAND2_X2     | 0.081 | My_bus/n262      |       SPEF |   5.548 | 0.000 |   3.580 | 
     | My_bus/U17      | A2 v -> ZN ^ | NAND2_X2     | 0.049 | My_bus/n260      |            |   6.844 | 0.105 |   3.685 | 
     | My_bus/U16      |              | NOR2_X2      | 0.049 | My_bus/n260      |       SPEF |   6.844 | 0.000 |   3.685 | 
     | My_bus/U16      | A1 ^ -> ZN v | NOR2_X2      | 0.033 | YOUR_ADDRBUS[29] |            |  20.993 | 0.061 |   3.746 | 
     | My_bus/U23      |              | INV_X8       | 0.034 | YOUR_ADDRBUS[29] |       SPEF |  20.993 | 0.002 |   3.748 | 
     | My_bus/U23      | A v -> ZN ^  | INV_X8       | 0.134 | My_bus/n90       |            | 120.491 | 0.149 |   3.897 | 
     | My_bus/U213     |              | NOR2_X1      | 0.135 | My_bus/n90       |       SPEF | 120.491 | 0.006 |   3.904 | 
     | My_bus/U213     | A2 ^ -> ZN v | NOR2_X1      | 0.077 | YOUR_ADDRBUS[26] |            |   3.772 | 0.068 |   3.972 | 
     | my_core_adapter |              | core_adapter | 0.077 | YOUR_ADDRBUS[26] |       SPEF |   3.772 | 0.000 |   3.972 | 
     +-------------------------------------------------------------------------------------------------------------------+ 
Path 7: MET Setup Check with Pin my_core_adapter/clk 
Endpoint:   my_core_adapter/addr_in[25] (v) checked with  leading edge of 'CLK'
Beginpoint: EXT_BUSY                    (^) triggered by  leading edge of 'CLK'
Path Groups: {CLK}
Analysis View: ensc450_av
Other End Arrival Time          0.000
- Setup                         6.167
+ Phase Shift                  12.000
= Required Time                 5.833
- Arrival Time                  3.973
= Slack Time                    1.860
     Clock Rise Edge                      0.000
     + Input Delay                        0.800
     = Beginpoint Arrival Time            0.800
     +-------------------------------------------------------------------------------------------------------------------+ 
     |    Instance     |     Arc      |     Cell     |  Slew |       Net        |    Arc     |  Load   | Delay | Arrival | 
     |                 |              |              |       |                  | Annotation |         |       |  Time   | 
     |-----------------+--------------+--------------+-------+------------------+------------+---------+-------+---------| 
     |                 | EXT_BUSY ^   |              | 0.002 | EXT_BUSY         |       SPEF |  26.408 |       |   0.800 | 
     | My_bus/U624     |              | AOI22_X1     | 0.006 | EXT_BUSY         |       SPEF |  26.408 | 0.006 |   0.806 | 
     | My_bus/U624     | B1 ^ -> ZN v | AOI22_X1     | 0.053 | My_bus/n302      |            |   3.043 | 0.044 |   0.850 | 
     | My_bus/U623     |              | NOR3_X1      | 0.053 | My_bus/n302      |       SPEF |   3.043 | 0.000 |   0.850 | 
     | My_bus/U623     | A3 v -> ZN ^ | NOR3_X1      | 0.312 | My_bus/n96       |            |   9.398 | 0.441 |   1.291 | 
     | My_bus/U616     |              | AOI211_X1    | 0.312 | My_bus/n96       |       SPEF |   9.398 | 0.000 |   1.291 | 
     | My_bus/U616     | A ^ -> ZN v  | AOI211_X1    | 0.079 | My_bus/n4        |            |   3.201 | 0.114 |   1.405 | 
     | My_bus/U615     |              | INV_X1       | 0.079 | My_bus/n4        |       SPEF |   3.201 | 0.000 |   1.405 | 
     | My_bus/U615     | A v -> ZN ^  | INV_X1       | 0.298 | My_bus/n55       |            |  36.893 | 0.363 |   1.767 | 
     | My_bus/U22      |              | NOR2_X4      | 0.298 | My_bus/n55       |       SPEF |  36.893 | 0.003 |   1.770 | 
     | My_bus/U22      | A2 ^ -> ZN v | NOR2_X4      | 0.106 | My_bus/n95       |            |  70.036 | 0.170 |   1.941 | 
     | My_bus/U21      |              | INV_X2       | 0.106 | My_bus/n95       |       SPEF |  70.036 | 0.001 |   1.942 | 
     | My_bus/U21      | A v -> ZN ^  | INV_X2       | 0.048 | My_bus/n296      |            |   6.294 | 0.101 |   2.043 | 
     | My_bus/U19      |              | OAI21_X4     | 0.048 | My_bus/n296      |       SPEF |   6.294 | 0.000 |   2.043 | 
     | My_bus/U19      | A ^ -> ZN v  | OAI21_X4     | 0.148 | My_bus/n98       |            |  74.323 | 0.125 |   2.169 | 
     | My_bus/U569     |              | AOI22_X1     | 0.150 | My_bus/n98       |       SPEF |  74.323 | 0.032 |   2.200 | 
     | My_bus/U569     | B2 v -> ZN ^ | AOI22_X1     | 0.503 | My_bus/n61       |            |  25.299 | 0.688 |   2.888 | 
     | My_bus/U566     |              | NAND4_X1     | 0.503 | My_bus/n61       |       SPEF |  25.299 | 0.004 |   2.892 | 
     | My_bus/U566     | A2 ^ -> ZN v | NAND4_X1     | 0.162 | My_bus/n285      |            |   4.984 | 0.250 |   3.141 | 
     | My_bus/U564     |              | NOR4_X1      | 0.162 | My_bus/n285      |       SPEF |   4.984 | 0.000 |   3.142 | 
     | My_bus/U564     | A1 v -> ZN ^ | NOR4_X1      | 0.182 | My_bus/n284      |            |   2.162 | 0.267 |   3.409 | 
     | My_bus/U563     |              | NAND4_X1     | 0.182 | My_bus/n284      |       SPEF |   2.162 | 0.000 |   3.409 | 
     | My_bus/U563     | A4 ^ -> ZN v | NAND4_X1     | 0.081 | My_bus/n262      |            |   5.548 | 0.171 |   3.580 | 
     | My_bus/U17      |              | NAND2_X2     | 0.081 | My_bus/n262      |       SPEF |   5.548 | 0.000 |   3.580 | 
     | My_bus/U17      | A2 v -> ZN ^ | NAND2_X2     | 0.049 | My_bus/n260      |            |   6.844 | 0.105 |   3.685 | 
     | My_bus/U16      |              | NOR2_X2      | 0.049 | My_bus/n260      |       SPEF |   6.844 | 0.000 |   3.685 | 
     | My_bus/U16      | A1 ^ -> ZN v | NOR2_X2      | 0.033 | YOUR_ADDRBUS[29] |            |  20.993 | 0.061 |   3.746 | 
     | My_bus/U23      |              | INV_X8       | 0.034 | YOUR_ADDRBUS[29] |       SPEF |  20.993 | 0.002 |   3.748 | 
     | My_bus/U23      | A v -> ZN ^  | INV_X8       | 0.134 | My_bus/n90       |            | 120.491 | 0.149 |   3.897 | 
     | My_bus/U214     |              | NOR2_X1      | 0.135 | My_bus/n90       |       SPEF | 120.491 | 0.007 |   3.905 | 
     | My_bus/U214     | A2 ^ -> ZN v | NOR2_X1      | 0.075 | YOUR_ADDRBUS[25] |            |   3.732 | 0.068 |   3.973 | 
     | my_core_adapter |              | core_adapter | 0.075 | YOUR_ADDRBUS[25] |       SPEF |   3.732 | 0.000 |   3.973 | 
     +-------------------------------------------------------------------------------------------------------------------+ 
Path 8: MET Setup Check with Pin my_core_adapter/clk 
Endpoint:   my_core_adapter/addr_in[24] (v) checked with  leading edge of 'CLK'
Beginpoint: EXT_BUSY                    (^) triggered by  leading edge of 'CLK'
Path Groups: {CLK}
Analysis View: ensc450_av
Other End Arrival Time          0.000
- Setup                         5.981
+ Phase Shift                  12.000
= Required Time                 6.019
- Arrival Time                  3.975
= Slack Time                    2.044
     Clock Rise Edge                      0.000
     + Input Delay                        0.800
     = Beginpoint Arrival Time            0.800
     +-------------------------------------------------------------------------------------------------------------------+ 
     |    Instance     |     Arc      |     Cell     |  Slew |       Net        |    Arc     |  Load   | Delay | Arrival | 
     |                 |              |              |       |                  | Annotation |         |       |  Time   | 
     |-----------------+--------------+--------------+-------+------------------+------------+---------+-------+---------| 
     |                 | EXT_BUSY ^   |              | 0.002 | EXT_BUSY         |       SPEF |  26.408 |       |   0.800 | 
     | My_bus/U624     |              | AOI22_X1     | 0.006 | EXT_BUSY         |       SPEF |  26.408 | 0.006 |   0.806 | 
     | My_bus/U624     | B1 ^ -> ZN v | AOI22_X1     | 0.053 | My_bus/n302      |            |   3.043 | 0.044 |   0.850 | 
     | My_bus/U623     |              | NOR3_X1      | 0.053 | My_bus/n302      |       SPEF |   3.043 | 0.000 |   0.850 | 
     | My_bus/U623     | A3 v -> ZN ^ | NOR3_X1      | 0.312 | My_bus/n96       |            |   9.398 | 0.441 |   1.291 | 
     | My_bus/U616     |              | AOI211_X1    | 0.312 | My_bus/n96       |       SPEF |   9.398 | 0.000 |   1.291 | 
     | My_bus/U616     | A ^ -> ZN v  | AOI211_X1    | 0.079 | My_bus/n4        |            |   3.201 | 0.114 |   1.405 | 
     | My_bus/U615     |              | INV_X1       | 0.079 | My_bus/n4        |       SPEF |   3.201 | 0.000 |   1.405 | 
     | My_bus/U615     | A v -> ZN ^  | INV_X1       | 0.298 | My_bus/n55       |            |  36.893 | 0.363 |   1.767 | 
     | My_bus/U22      |              | NOR2_X4      | 0.298 | My_bus/n55       |       SPEF |  36.893 | 0.003 |   1.770 | 
     | My_bus/U22      | A2 ^ -> ZN v | NOR2_X4      | 0.106 | My_bus/n95       |            |  70.036 | 0.170 |   1.941 | 
     | My_bus/U21      |              | INV_X2       | 0.106 | My_bus/n95       |       SPEF |  70.036 | 0.001 |   1.942 | 
     | My_bus/U21      | A v -> ZN ^  | INV_X2       | 0.048 | My_bus/n296      |            |   6.294 | 0.101 |   2.043 | 
     | My_bus/U19      |              | OAI21_X4     | 0.048 | My_bus/n296      |       SPEF |   6.294 | 0.000 |   2.043 | 
     | My_bus/U19      | A ^ -> ZN v  | OAI21_X4     | 0.148 | My_bus/n98       |            |  74.323 | 0.125 |   2.169 | 
     | My_bus/U569     |              | AOI22_X1     | 0.150 | My_bus/n98       |       SPEF |  74.323 | 0.032 |   2.200 | 
     | My_bus/U569     | B2 v -> ZN ^ | AOI22_X1     | 0.503 | My_bus/n61       |            |  25.299 | 0.688 |   2.888 | 
     | My_bus/U566     |              | NAND4_X1     | 0.503 | My_bus/n61       |       SPEF |  25.299 | 0.004 |   2.892 | 
     | My_bus/U566     | A2 ^ -> ZN v | NAND4_X1     | 0.162 | My_bus/n285      |            |   4.984 | 0.250 |   3.141 | 
     | My_bus/U564     |              | NOR4_X1      | 0.162 | My_bus/n285      |       SPEF |   4.984 | 0.000 |   3.142 | 
     | My_bus/U564     | A1 v -> ZN ^ | NOR4_X1      | 0.182 | My_bus/n284      |            |   2.162 | 0.267 |   3.409 | 
     | My_bus/U563     |              | NAND4_X1     | 0.182 | My_bus/n284      |       SPEF |   2.162 | 0.000 |   3.409 | 
     | My_bus/U563     | A4 ^ -> ZN v | NAND4_X1     | 0.081 | My_bus/n262      |            |   5.548 | 0.171 |   3.580 | 
     | My_bus/U17      |              | NAND2_X2     | 0.081 | My_bus/n262      |       SPEF |   5.548 | 0.000 |   3.580 | 
     | My_bus/U17      | A2 v -> ZN ^ | NAND2_X2     | 0.049 | My_bus/n260      |            |   6.844 | 0.105 |   3.685 | 
     | My_bus/U16      |              | NOR2_X2      | 0.049 | My_bus/n260      |       SPEF |   6.844 | 0.000 |   3.685 | 
     | My_bus/U16      | A1 ^ -> ZN v | NOR2_X2      | 0.033 | YOUR_ADDRBUS[29] |            |  20.993 | 0.061 |   3.746 | 
     | My_bus/U23      |              | INV_X8       | 0.034 | YOUR_ADDRBUS[29] |       SPEF |  20.993 | 0.002 |   3.748 | 
     | My_bus/U23      | A v -> ZN ^  | INV_X8       | 0.134 | My_bus/n90       |            | 120.491 | 0.149 |   3.897 | 
     | My_bus/U215     |              | NOR2_X1      | 0.135 | My_bus/n90       |       SPEF | 120.491 | 0.009 |   3.906 | 
     | My_bus/U215     | A2 ^ -> ZN v | NOR2_X1      | 0.070 | YOUR_ADDRBUS[24] |            |   3.867 | 0.069 |   3.975 | 
     | my_core_adapter |              | core_adapter | 0.070 | YOUR_ADDRBUS[24] |       SPEF |   3.867 | 0.000 |   3.975 | 
     +-------------------------------------------------------------------------------------------------------------------+ 
Path 9: MET Setup Check with Pin my_core_adapter/clk 
Endpoint:   my_core_adapter/addr_in[23] (v) checked with  leading edge of 'CLK'
Beginpoint: EXT_BUSY                    (^) triggered by  leading edge of 'CLK'
Path Groups: {CLK}
Analysis View: ensc450_av
Other End Arrival Time          0.000
- Setup                         5.795
+ Phase Shift                  12.000
= Required Time                 6.205
- Arrival Time                  3.974
= Slack Time                    2.231
     Clock Rise Edge                      0.000
     + Input Delay                        0.800
     = Beginpoint Arrival Time            0.800
     +-------------------------------------------------------------------------------------------------------------------+ 
     |    Instance     |     Arc      |     Cell     |  Slew |       Net        |    Arc     |  Load   | Delay | Arrival | 
     |                 |              |              |       |                  | Annotation |         |       |  Time   | 
     |-----------------+--------------+--------------+-------+------------------+------------+---------+-------+---------| 
     |                 | EXT_BUSY ^   |              | 0.002 | EXT_BUSY         |       SPEF |  26.408 |       |   0.800 | 
     | My_bus/U624     |              | AOI22_X1     | 0.006 | EXT_BUSY         |       SPEF |  26.408 | 0.006 |   0.806 | 
     | My_bus/U624     | B1 ^ -> ZN v | AOI22_X1     | 0.053 | My_bus/n302      |            |   3.043 | 0.044 |   0.850 | 
     | My_bus/U623     |              | NOR3_X1      | 0.053 | My_bus/n302      |       SPEF |   3.043 | 0.000 |   0.850 | 
     | My_bus/U623     | A3 v -> ZN ^ | NOR3_X1      | 0.312 | My_bus/n96       |            |   9.398 | 0.441 |   1.291 | 
     | My_bus/U616     |              | AOI211_X1    | 0.312 | My_bus/n96       |       SPEF |   9.398 | 0.000 |   1.291 | 
     | My_bus/U616     | A ^ -> ZN v  | AOI211_X1    | 0.079 | My_bus/n4        |            |   3.201 | 0.114 |   1.405 | 
     | My_bus/U615     |              | INV_X1       | 0.079 | My_bus/n4        |       SPEF |   3.201 | 0.000 |   1.405 | 
     | My_bus/U615     | A v -> ZN ^  | INV_X1       | 0.298 | My_bus/n55       |            |  36.893 | 0.363 |   1.768 | 
     | My_bus/U22      |              | NOR2_X4      | 0.298 | My_bus/n55       |       SPEF |  36.893 | 0.003 |   1.771 | 
     | My_bus/U22      | A2 ^ -> ZN v | NOR2_X4      | 0.106 | My_bus/n95       |            |  70.036 | 0.170 |   1.941 | 
     | My_bus/U21      |              | INV_X2       | 0.106 | My_bus/n95       |       SPEF |  70.036 | 0.001 |   1.942 | 
     | My_bus/U21      | A v -> ZN ^  | INV_X2       | 0.048 | My_bus/n296      |            |   6.294 | 0.101 |   2.043 | 
     | My_bus/U19      |              | OAI21_X4     | 0.048 | My_bus/n296      |       SPEF |   6.294 | 0.000 |   2.043 | 
     | My_bus/U19      | A ^ -> ZN v  | OAI21_X4     | 0.148 | My_bus/n98       |            |  74.323 | 0.125 |   2.169 | 
     | My_bus/U569     |              | AOI22_X1     | 0.150 | My_bus/n98       |       SPEF |  74.323 | 0.032 |   2.200 | 
     | My_bus/U569     | B2 v -> ZN ^ | AOI22_X1     | 0.503 | My_bus/n61       |            |  25.299 | 0.688 |   2.888 | 
     | My_bus/U566     |              | NAND4_X1     | 0.503 | My_bus/n61       |       SPEF |  25.299 | 0.004 |   2.892 | 
     | My_bus/U566     | A2 ^ -> ZN v | NAND4_X1     | 0.162 | My_bus/n285      |            |   4.984 | 0.250 |   3.141 | 
     | My_bus/U564     |              | NOR4_X1      | 0.162 | My_bus/n285      |       SPEF |   4.984 | 0.000 |   3.142 | 
     | My_bus/U564     | A1 v -> ZN ^ | NOR4_X1      | 0.182 | My_bus/n284      |            |   2.162 | 0.267 |   3.409 | 
     | My_bus/U563     |              | NAND4_X1     | 0.182 | My_bus/n284      |       SPEF |   2.162 | 0.000 |   3.409 | 
     | My_bus/U563     | A4 ^ -> ZN v | NAND4_X1     | 0.081 | My_bus/n262      |            |   5.548 | 0.171 |   3.580 | 
     | My_bus/U17      |              | NAND2_X2     | 0.081 | My_bus/n262      |       SPEF |   5.548 | 0.000 |   3.580 | 
     | My_bus/U17      | A2 v -> ZN ^ | NAND2_X2     | 0.049 | My_bus/n260      |            |   6.844 | 0.105 |   3.685 | 
     | My_bus/U16      |              | NOR2_X2      | 0.049 | My_bus/n260      |       SPEF |   6.844 | 0.000 |   3.685 | 
     | My_bus/U16      | A1 ^ -> ZN v | NOR2_X2      | 0.033 | YOUR_ADDRBUS[29] |            |  20.993 | 0.061 |   3.746 | 
     | My_bus/U23      |              | INV_X8       | 0.034 | YOUR_ADDRBUS[29] |       SPEF |  20.993 | 0.002 |   3.748 | 
     | My_bus/U23      | A v -> ZN ^  | INV_X8       | 0.134 | My_bus/n90       |            | 120.491 | 0.149 |   3.897 | 
     | My_bus/U216     |              | NOR2_X1      | 0.135 | My_bus/n90       |       SPEF | 120.491 | 0.010 |   3.908 | 
     | My_bus/U216     | A2 ^ -> ZN v | NOR2_X1      | 0.072 | YOUR_ADDRBUS[23] |            |   3.421 | 0.066 |   3.974 | 
     | my_core_adapter |              | core_adapter | 0.072 | YOUR_ADDRBUS[23] |       SPEF |   3.421 | 0.000 |   3.974 | 
     +-------------------------------------------------------------------------------------------------------------------+ 
Path 10: MET Setup Check with Pin My_DMA/raddr_reg_reg[31]/CK 
Endpoint:   My_DMA/raddr_reg_reg[31]/D (v) checked with  leading edge of 'CLK'
Beginpoint: My_DMA/raddr_reg_reg[0]/Q  (v) triggered by  leading edge of 'CLK'
Path Groups: {CLK}
Analysis View: ensc450_av
Other End Arrival Time          0.000
- Setup                         0.184
+ Phase Shift                  12.000
= Required Time                11.816
- Arrival Time                  9.427
= Slack Time                    2.389
     Clock Rise Edge                 0.000
     + Clock Network Latency (Ideal) 0.000
     = Beginpoint Arrival Time       0.000
     +---------------------------------------------------------------------------------------------------------------------------------+ 
     |         Instance         |     Arc      |   Cell   |  Slew |           Net            |    Arc     |   Load   | Delay | Arrival | 
     |                          |              |          |       |                          | Annotation |          |       |  Time   | 
     |--------------------------+--------------+----------+-------+--------------------------+------------+----------+-------+---------| 
     | My_DMA/raddr_reg_reg[0]  | CK ^         |          | 0.000 | clk                      |            | 6237.293 |       |   0.000 | 
     | My_DMA/raddr_reg_reg[0]  | CK ^ -> Q v  | DFF_X1   | 0.036 | My_DMA/raddr_reg[0]      |            |   10.192 | 0.271 |   0.271 | 
     | My_DMA/add_115/U1        |              | NAND2_X2 | 0.036 | My_DMA/raddr_reg[0]      |       SPEF |   10.192 | 0.000 |   0.271 | 
     | My_DMA/add_115/U1        | A2 v -> ZN ^ | NAND2_X2 | 0.035 | My_DMA/add_115/n1        |            |    4.277 | 0.067 |   0.338 | 
     | My_DMA/add_115/U2        |              | INV_X2   | 0.035 | My_DMA/add_115/n1        |       SPEF |    4.277 | 0.000 |   0.339 | 
     | My_DMA/add_115/U2        | A ^ -> ZN v  | INV_X2   | 0.011 | My_DMA/add_115/carry[1]  |            |    3.309 | 0.025 |   0.364 | 
     | My_DMA/add_115/U1_1      |              | FA_X1    | 0.011 | My_DMA/add_115/carry[1]  |       SPEF |    3.309 | 0.000 |   0.364 | 
     | My_DMA/add_115/U1_1      | CI v -> CO v | FA_X1    | 0.058 | My_DMA/add_115/carry[2]  |            |    4.989 | 0.278 |   0.642 | 
     | My_DMA/add_115/U1_2      |              | FA_X1    | 0.058 | My_DMA/add_115/carry[2]  |       SPEF |    4.989 | 0.000 |   0.643 | 
     | My_DMA/add_115/U1_2      | CI v -> CO v | FA_X1    | 0.050 | My_DMA/add_115/carry[3]  |            |    2.971 | 0.282 |   0.925 | 
     | My_DMA/add_115/U1_3      |              | FA_X1    | 0.050 | My_DMA/add_115/carry[3]  |       SPEF |    2.971 | 0.000 |   0.925 | 
     | My_DMA/add_115/U1_3      | CI v -> CO v | FA_X1    | 0.051 | My_DMA/add_115/carry[4]  |            |    3.403 | 0.282 |   1.207 | 
     | My_DMA/add_115/U1_4      |              | FA_X1    | 0.051 | My_DMA/add_115/carry[4]  |       SPEF |    3.403 | 0.000 |   1.207 | 
     | My_DMA/add_115/U1_4      | CI v -> CO v | FA_X1    | 0.052 | My_DMA/add_115/carry[5]  |            |    3.419 | 0.283 |   1.490 | 
     | My_DMA/add_115/U1_5      |              | FA_X1    | 0.052 | My_DMA/add_115/carry[5]  |       SPEF |    3.419 | 0.000 |   1.490 | 
     | My_DMA/add_115/U1_5      | CI v -> CO v | FA_X1    | 0.051 | My_DMA/add_115/carry[6]  |            |    3.406 | 0.283 |   1.773 | 
     | My_DMA/add_115/U1_6      |              | FA_X1    | 0.051 | My_DMA/add_115/carry[6]  |       SPEF |    3.406 | 0.000 |   1.773 | 
     | My_DMA/add_115/U1_6      | CI v -> CO v | FA_X1    | 0.053 | My_DMA/add_115/carry[7]  |            |    3.794 | 0.286 |   2.059 | 
     | My_DMA/add_115/U1_7      |              | FA_X1    | 0.053 | My_DMA/add_115/carry[7]  |       SPEF |    3.794 | 0.000 |   2.059 | 
     | My_DMA/add_115/U1_7      | CI v -> CO v | FA_X1    | 0.054 | My_DMA/add_115/carry[8]  |            |    3.991 | 0.288 |   2.347 | 
     | My_DMA/add_115/U1_8      |              | FA_X1    | 0.054 | My_DMA/add_115/carry[8]  |       SPEF |    3.991 | 0.000 |   2.347 | 
     | My_DMA/add_115/U1_8      | CI v -> CO v | FA_X1    | 0.051 | My_DMA/add_115/carry[9]  |            |    3.388 | 0.284 |   2.631 | 
     | My_DMA/add_115/U1_9      |              | FA_X1    | 0.051 | My_DMA/add_115/carry[9]  |       SPEF |    3.388 | 0.000 |   2.631 | 
     | My_DMA/add_115/U1_9      | CI v -> CO v | FA_X1    | 0.052 | My_DMA/add_115/carry[10] |            |    3.522 | 0.284 |   2.915 | 
     | My_DMA/add_115/U1_10     |              | FA_X1    | 0.052 | My_DMA/add_115/carry[10] |       SPEF |    3.522 | 0.000 |   2.915 | 
     | My_DMA/add_115/U1_10     | CI v -> CO v | FA_X1    | 0.049 | My_DMA/add_115/carry[11] |            |    2.952 | 0.279 |   3.194 | 
     | My_DMA/add_115/U1_11     |              | FA_X1    | 0.049 | My_DMA/add_115/carry[11] |       SPEF |    2.952 | 0.000 |   3.194 | 
     | My_DMA/add_115/U1_11     | CI v -> CO v | FA_X1    | 0.052 | My_DMA/add_115/carry[12] |            |    3.694 | 0.284 |   3.479 | 
     | My_DMA/add_115/U1_12     |              | FA_X1    | 0.053 | My_DMA/add_115/carry[12] |       SPEF |    3.694 | 0.000 |   3.479 | 
     | My_DMA/add_115/U1_12     | CI v -> CO v | FA_X1    | 0.051 | My_DMA/add_115/carry[13] |            |    3.262 | 0.282 |   3.761 | 
     | My_DMA/add_115/U1_13     |              | FA_X1    | 0.051 | My_DMA/add_115/carry[13] |       SPEF |    3.262 | 0.000 |   3.761 | 
     | My_DMA/add_115/U1_13     | CI v -> CO v | FA_X1    | 0.051 | My_DMA/add_115/carry[14] |            |    3.389 | 0.282 |   4.043 | 
     | My_DMA/add_115/U1_14     |              | FA_X1    | 0.051 | My_DMA/add_115/carry[14] |       SPEF |    3.389 | 0.000 |   4.043 | 
     | My_DMA/add_115/U1_14     | CI v -> CO v | FA_X1    | 0.052 | My_DMA/add_115/carry[15] |            |    3.535 | 0.284 |   4.327 | 
     | My_DMA/add_115/U1_15     |              | FA_X1    | 0.052 | My_DMA/add_115/carry[15] |       SPEF |    3.535 | 0.000 |   4.327 | 
     | My_DMA/add_115/U1_15     | CI v -> CO v | FA_X1    | 0.051 | My_DMA/add_115/carry[16] |            |    3.389 | 0.283 |   4.610 | 
     | My_DMA/add_115/U1_16     |              | FA_X1    | 0.051 | My_DMA/add_115/carry[16] |       SPEF |    3.389 | 0.000 |   4.610 | 
     | My_DMA/add_115/U1_16     | CI v -> CO v | FA_X1    | 0.052 | My_DMA/add_115/carry[17] |            |    3.476 | 0.283 |   4.894 | 
     | My_DMA/add_115/U1_17     |              | FA_X1    | 0.052 | My_DMA/add_115/carry[17] |       SPEF |    3.476 | 0.000 |   4.894 | 
     | My_DMA/add_115/U1_17     | CI v -> CO v | FA_X1    | 0.052 | My_DMA/add_115/carry[18] |            |    3.485 | 0.284 |   5.178 | 
     | My_DMA/add_115/U1_18     |              | FA_X1    | 0.052 | My_DMA/add_115/carry[18] |       SPEF |    3.485 | 0.000 |   5.178 | 
     | My_DMA/add_115/U1_18     | CI v -> CO v | FA_X1    | 0.052 | My_DMA/add_115/carry[19] |            |    3.591 | 0.284 |   5.462 | 
     | My_DMA/add_115/U1_19     |              | FA_X1    | 0.052 | My_DMA/add_115/carry[19] |       SPEF |    3.591 | 0.000 |   5.462 | 
     | My_DMA/add_115/U1_19     | CI v -> CO v | FA_X1    | 0.052 | My_DMA/add_115/carry[20] |            |    3.424 | 0.283 |   5.746 | 
     | My_DMA/add_115/U1_20     |              | FA_X1    | 0.052 | My_DMA/add_115/carry[20] |       SPEF |    3.424 | 0.000 |   5.746 | 
     | My_DMA/add_115/U1_20     | CI v -> CO v | FA_X1    | 0.051 | My_DMA/add_115/carry[21] |            |    3.346 | 0.282 |   6.028 | 
     | My_DMA/add_115/U1_21     |              | FA_X1    | 0.051 | My_DMA/add_115/carry[21] |       SPEF |    3.346 | 0.000 |   6.028 | 
     | My_DMA/add_115/U1_21     | CI v -> CO v | FA_X1    | 0.052 | My_DMA/add_115/carry[22] |            |    3.471 | 0.283 |   6.311 | 
     | My_DMA/add_115/U1_22     |              | FA_X1    | 0.052 | My_DMA/add_115/carry[22] |       SPEF |    3.471 | 0.000 |   6.312 | 
     | My_DMA/add_115/U1_22     | CI v -> CO v | FA_X1    | 0.055 | My_DMA/add_115/carry[23] |            |    4.202 | 0.289 |   6.601 | 
     | My_DMA/add_115/U1_23     |              | FA_X1    | 0.055 | My_DMA/add_115/carry[23] |       SPEF |    4.202 | 0.000 |   6.601 | 
     | My_DMA/add_115/U1_23     | CI v -> CO v | FA_X1    | 0.052 | My_DMA/add_115/carry[24] |            |    3.631 | 0.286 |   6.887 | 
     | My_DMA/add_115/U1_24     |              | FA_X1    | 0.052 | My_DMA/add_115/carry[24] |       SPEF |    3.631 | 0.000 |   6.887 | 
     | My_DMA/add_115/U1_24     | CI v -> CO v | FA_X1    | 0.053 | My_DMA/add_115/carry[25] |            |    3.823 | 0.286 |   7.174 | 
     | My_DMA/add_115/U1_25     |              | FA_X1    | 0.053 | My_DMA/add_115/carry[25] |       SPEF |    3.823 | 0.000 |   7.174 | 
     | My_DMA/add_115/U1_25     | CI v -> CO v | FA_X1    | 0.050 | My_DMA/add_115/carry[26] |            |    3.074 | 0.281 |   7.455 | 
     | My_DMA/add_115/U1_26     |              | FA_X1    | 0.050 | My_DMA/add_115/carry[26] |       SPEF |    3.074 | 0.000 |   7.455 | 
     | My_DMA/add_115/U1_26     | CI v -> CO v | FA_X1    | 0.051 | My_DMA/add_115/carry[27] |            |    3.397 | 0.282 |   7.737 | 
     | My_DMA/add_115/U1_27     |              | FA_X1    | 0.051 | My_DMA/add_115/carry[27] |       SPEF |    3.397 | 0.000 |   7.737 | 
     | My_DMA/add_115/U1_27     | CI v -> CO v | FA_X1    | 0.051 | My_DMA/add_115/carry[28] |            |    3.215 | 0.281 |   8.018 | 
     | My_DMA/add_115/U1_28     |              | FA_X1    | 0.051 | My_DMA/add_115/carry[28] |       SPEF |    3.215 | 0.000 |   8.018 | 
     | My_DMA/add_115/U1_28     | CI v -> CO v | FA_X1    | 0.052 | My_DMA/add_115/carry[29] |            |    3.511 | 0.283 |   8.302 | 
     | My_DMA/add_115/U1_29     |              | FA_X1    | 0.052 | My_DMA/add_115/carry[29] |       SPEF |    3.511 | 0.000 |   8.302 | 
     | My_DMA/add_115/U1_29     | CI v -> CO v | FA_X1    | 0.050 | My_DMA/add_115/carry[30] |            |    3.096 | 0.280 |   8.582 | 
     | My_DMA/add_115/U1_30     |              | FA_X1    | 0.050 | My_DMA/add_115/carry[30] |       SPEF |    3.096 | 0.000 |   8.582 | 
     | My_DMA/add_115/U1_30     | CI v -> CO v | FA_X1    | 0.051 | My_DMA/add_115/carry[31] |            |    3.301 | 0.281 |   8.864 | 
     | My_DMA/add_115/U1_31     |              | FA_X1    | 0.051 | My_DMA/add_115/carry[31] |       SPEF |    3.301 | 0.000 |   8.864 | 
     | My_DMA/add_115/U1_31     | CI v -> S v  | FA_X1    | 0.056 | My_DMA/N71               |            |    2.111 | 0.355 |   9.219 | 
     | My_DMA/U13               |              | AOI22_X1 | 0.056 | My_DMA/N71               |       SPEF |    2.111 | 0.000 |   9.219 | 
     | My_DMA/U13               | A1 v -> ZN ^ | AOI22_X1 | 0.097 | My_DMA/n23               |            |    2.051 | 0.135 |   9.354 | 
     | My_DMA/U12               |              | OAI21_X1 | 0.097 | My_DMA/n23               |       SPEF |    2.051 | 0.000 |   9.355 | 
     | My_DMA/U12               | A ^ -> ZN v  | OAI21_X1 | 0.068 | My_DMA/n580              |            |    1.255 | 0.073 |   9.427 | 
     | My_DMA/raddr_reg_reg[31] |              | DFF_X1   | 0.068 | My_DMA/n580              |       SPEF |    1.255 | 0.000 |   9.427 | 
     +---------------------------------------------------------------------------------------------------------------------------------+ 

