###############################################################
#  Generated by:      Cadence Innovus 18.10-p002_1
#  OS:                Linux x86_64(Host ID ensc-esil-03)
#  Generated on:      Tue Apr 20 13:31:14 2021
#  Design:            ensc450
#  Command:           report_timing -net -format {instance arc cell slew net annotation load delay arrival} -max_paths 10 > results/timing/pt5-09-finishing.setup.rpt
###############################################################
Path 1: MET Setup Check with Pin my_core_adapter/clk 
Endpoint:   my_core_adapter/addr_in[31] (v) checked with  leading edge of 'CLK'
Beginpoint: EXT_BUSY                    (^) triggered by  leading edge of 'CLK'
Path Groups: {CLK}
Analysis View: ensc450_av
Other End Arrival Time          0.000
- Setup                         7.113
+ Phase Shift                  12.000
= Required Time                 4.887
- Arrival Time                  3.976
= Slack Time                    0.911
     Clock Rise Edge                      0.000
     + Input Delay                        0.800
     = Beginpoint Arrival Time            0.800
     +--------------------------------------------------------------------------------------------------------------------------+ 
     |      Instance       |     Arc      |     Cell     |  Slew |         Net         |    Arc     |  Load   | Delay | Arrival | 
     |                     |              |              |       |                     | Annotation |         |       |  Time   | 
     |---------------------+--------------+--------------+-------+---------------------+------------+---------+-------+---------| 
     |                     | EXT_BUSY ^   |              | 0.002 | EXT_BUSY            |       SPEF |  25.797 |       |   0.800 | 
     | My_bus/FE_RC_0_0    |              | NAND2_X1     | 0.013 | EXT_BUSY            |       SPEF |  25.797 | 0.014 |   0.814 | 
     | My_bus/FE_RC_0_0    | A1 ^ -> ZN v | NAND2_X1     | 0.049 | My_bus/n302         |            |   2.540 | 0.032 |   0.846 | 
     | My_bus/U623         |              | NOR3_X1      | 0.049 | My_bus/n302         |       SPEF |   2.540 | 0.000 |   0.847 | 
     | My_bus/U623         | A3 v -> ZN ^ | NOR3_X1      | 0.294 | My_bus/n96          |            |   8.533 | 0.420 |   1.266 | 
     | My_bus/U616         |              | AOI211_X1    | 0.294 | My_bus/n96          |       SPEF |   8.533 | 0.000 |   1.266 | 
     | My_bus/U616         | A ^ -> ZN v  | AOI211_X1    | 0.076 | My_bus/n4           |            |   3.294 | 0.111 |   1.377 | 
     | My_bus/U615         |              | INV_X1       | 0.076 | My_bus/n4           |       SPEF |   3.294 | 0.000 |   1.377 | 
     | My_bus/U615         | A v -> ZN ^  | INV_X1       | 0.281 | My_bus/n55          |            |  33.490 | 0.344 |   1.721 | 
     | My_bus/U24          |              | NOR2_X4      | 0.281 | My_bus/n55          |       SPEF |  33.490 | 0.003 |   1.724 | 
     | My_bus/U24          | A1 ^ -> ZN v | NOR2_X4      | 0.096 | My_bus/n94          |            |  61.779 | 0.149 |   1.873 | 
     | My_bus/U614         |              | INV_X1       | 0.096 | My_bus/n94          |       SPEF |  61.779 | 0.000 |   1.874 | 
     | My_bus/U614         | A v -> ZN ^  | INV_X1       | 0.039 | My_bus/n297         |            |   1.925 | 0.082 |   1.956 | 
     | My_bus/U15          |              | OAI21_X1     | 0.039 | My_bus/n297         |       SPEF |   1.925 | 0.000 |   1.957 | 
     | My_bus/U15          | A ^ -> ZN v  | OAI21_X1     | 0.061 | My_bus/n97          |            |   1.995 | 0.054 |   2.011 | 
     | My_bus/FE_OFC72_n97 |              | CLKBUF_X2    | 0.061 | My_bus/n97          |       SPEF |   1.995 | 0.000 |   2.011 | 
     | My_bus/FE_OFC72_n97 | A v -> Z v   | CLKBUF_X2    | 0.161 | My_bus/FE_OFN72_n97 |            |  65.429 | 0.258 |   2.270 | 
     | My_bus/U594         |              | AOI22_X1     | 0.163 | My_bus/FE_OFN72_n97 |       SPEF |  65.429 | 0.030 |   2.300 | 
     | My_bus/U594         | A2 v -> ZN ^ | AOI22_X1     | 0.192 | My_bus/n82          |            |   7.233 | 0.316 |   2.616 | 
     | My_bus/U593         |              | AND4_X1      | 0.192 | My_bus/n82          |       SPEF |   7.233 | 0.000 |   2.616 | 
     | My_bus/U593         | A4 ^ -> ZN ^ | AND4_X1      | 0.038 | My_bus/n294         |            |   1.713 | 0.220 |   2.836 | 
     | My_bus/U592         |              | NAND2_X1     | 0.038 | My_bus/n294         |       SPEF |   1.713 | 0.000 |   2.836 | 
     | My_bus/U592         | A2 ^ -> ZN v | NAND2_X1     | 0.033 | My_bus/n271         |            |   6.147 | 0.065 |   2.901 | 
     | My_bus/U589         |              | NOR3_X1      | 0.033 | My_bus/n271         |       SPEF |   6.147 | 0.000 |   2.901 | 
     | My_bus/U589         | A2 v -> ZN ^ | NOR3_X1      | 0.093 | My_bus/n290         |            |   1.291 | 0.167 |   3.068 | 
     | My_bus/U583         |              | AND4_X1      | 0.093 | My_bus/n290         |       SPEF |   1.291 | 0.000 |   3.068 | 
     | My_bus/U583         | A3 ^ -> ZN ^ | AND4_X1      | 0.058 | My_bus/n278         |            |   4.279 | 0.222 |   3.290 | 
     | My_bus/U574         |              | NAND3_X1     | 0.058 | My_bus/n278         |       SPEF |   4.279 | 0.000 |   3.291 | 
     | My_bus/U574         | A2 ^ -> ZN v | NAND3_X1     | 0.053 | My_bus/n261         |            |   4.829 | 0.092 |   3.383 | 
     | My_bus/U17          |              | NAND2_X1     | 0.053 | My_bus/n261         |       SPEF |   4.829 | 0.000 |   3.383 | 
     | My_bus/U17          | A1 v -> ZN ^ | NAND2_X1     | 0.098 | My_bus/n260         |            |   9.874 | 0.135 |   3.518 | 
     | My_bus/U16          |              | NOR2_X2      | 0.098 | My_bus/n260         |       SPEF |   9.874 | 0.001 |   3.520 | 
     | My_bus/U16          | A1 ^ -> ZN v | NOR2_X2      | 0.038 | YOUR_ADDRBUS[29]    |            |  17.961 | 0.077 |   3.597 | 
     | My_bus/U23          |              | INV_X4       | 0.038 | YOUR_ADDRBUS[29]    |       SPEF |  17.961 | 0.003 |   3.599 | 
     | My_bus/U23          | A v -> ZN ^  | INV_X4       | 0.271 | My_bus/n90          |            | 124.190 | 0.286 |   3.885 | 
     | My_bus/U208         |              | NOR2_X1      | 0.271 | My_bus/n90          |       SPEF | 124.190 | 0.001 |   3.886 | 
     | My_bus/U208         | A2 ^ -> ZN v | NOR2_X1      | 0.078 | YOUR_ADDRBUS[31]    |            |   4.054 | 0.089 |   3.975 | 
     | my_core_adapter     |              | core_adapter | 0.078 | YOUR_ADDRBUS[31]    |       SPEF |   4.054 | 0.000 |   3.976 | 
     +--------------------------------------------------------------------------------------------------------------------------+ 
Path 2: MET Setup Check with Pin my_core_adapter/clk 
Endpoint:   my_core_adapter/addr_in[30] (v) checked with  leading edge of 'CLK'
Beginpoint: EXT_BUSY                    (^) triggered by  leading edge of 'CLK'
Path Groups: {CLK}
Analysis View: ensc450_av
Other End Arrival Time          0.000
- Setup                         7.087
+ Phase Shift                  12.000
= Required Time                 4.913
- Arrival Time                  3.973
= Slack Time                    0.940
     Clock Rise Edge                      0.000
     + Input Delay                        0.800
     = Beginpoint Arrival Time            0.800
     +--------------------------------------------------------------------------------------------------------------------------+ 
     |      Instance       |     Arc      |     Cell     |  Slew |         Net         |    Arc     |  Load   | Delay | Arrival | 
     |                     |              |              |       |                     | Annotation |         |       |  Time   | 
     |---------------------+--------------+--------------+-------+---------------------+------------+---------+-------+---------| 
     |                     | EXT_BUSY ^   |              | 0.002 | EXT_BUSY            |       SPEF |  25.797 |       |   0.800 | 
     | My_bus/FE_RC_0_0    |              | NAND2_X1     | 0.013 | EXT_BUSY            |       SPEF |  25.797 | 0.014 |   0.814 | 
     | My_bus/FE_RC_0_0    | A1 ^ -> ZN v | NAND2_X1     | 0.049 | My_bus/n302         |            |   2.540 | 0.032 |   0.846 | 
     | My_bus/U623         |              | NOR3_X1      | 0.049 | My_bus/n302         |       SPEF |   2.540 | 0.000 |   0.847 | 
     | My_bus/U623         | A3 v -> ZN ^ | NOR3_X1      | 0.294 | My_bus/n96          |            |   8.533 | 0.420 |   1.266 | 
     | My_bus/U616         |              | AOI211_X1    | 0.294 | My_bus/n96          |       SPEF |   8.533 | 0.000 |   1.266 | 
     | My_bus/U616         | A ^ -> ZN v  | AOI211_X1    | 0.076 | My_bus/n4           |            |   3.294 | 0.111 |   1.377 | 
     | My_bus/U615         |              | INV_X1       | 0.076 | My_bus/n4           |       SPEF |   3.294 | 0.000 |   1.377 | 
     | My_bus/U615         | A v -> ZN ^  | INV_X1       | 0.281 | My_bus/n55          |            |  33.490 | 0.344 |   1.721 | 
     | My_bus/U24          |              | NOR2_X4      | 0.281 | My_bus/n55          |       SPEF |  33.490 | 0.003 |   1.724 | 
     | My_bus/U24          | A1 ^ -> ZN v | NOR2_X4      | 0.096 | My_bus/n94          |            |  61.779 | 0.149 |   1.873 | 
     | My_bus/U614         |              | INV_X1       | 0.096 | My_bus/n94          |       SPEF |  61.779 | 0.000 |   1.874 | 
     | My_bus/U614         | A v -> ZN ^  | INV_X1       | 0.039 | My_bus/n297         |            |   1.925 | 0.082 |   1.956 | 
     | My_bus/U15          |              | OAI21_X1     | 0.039 | My_bus/n297         |       SPEF |   1.925 | 0.000 |   1.957 | 
     | My_bus/U15          | A ^ -> ZN v  | OAI21_X1     | 0.061 | My_bus/n97          |            |   1.995 | 0.054 |   2.011 | 
     | My_bus/FE_OFC72_n97 |              | CLKBUF_X2    | 0.061 | My_bus/n97          |       SPEF |   1.995 | 0.000 |   2.011 | 
     | My_bus/FE_OFC72_n97 | A v -> Z v   | CLKBUF_X2    | 0.161 | My_bus/FE_OFN72_n97 |            |  65.429 | 0.258 |   2.270 | 
     | My_bus/U594         |              | AOI22_X1     | 0.163 | My_bus/FE_OFN72_n97 |       SPEF |  65.429 | 0.030 |   2.300 | 
     | My_bus/U594         | A2 v -> ZN ^ | AOI22_X1     | 0.192 | My_bus/n82          |            |   7.233 | 0.316 |   2.616 | 
     | My_bus/U593         |              | AND4_X1      | 0.192 | My_bus/n82          |       SPEF |   7.233 | 0.000 |   2.616 | 
     | My_bus/U593         | A4 ^ -> ZN ^ | AND4_X1      | 0.038 | My_bus/n294         |            |   1.713 | 0.220 |   2.836 | 
     | My_bus/U592         |              | NAND2_X1     | 0.038 | My_bus/n294         |       SPEF |   1.713 | 0.000 |   2.836 | 
     | My_bus/U592         | A2 ^ -> ZN v | NAND2_X1     | 0.033 | My_bus/n271         |            |   6.147 | 0.065 |   2.901 | 
     | My_bus/U589         |              | NOR3_X1      | 0.033 | My_bus/n271         |       SPEF |   6.147 | 0.000 |   2.901 | 
     | My_bus/U589         | A2 v -> ZN ^ | NOR3_X1      | 0.093 | My_bus/n290         |            |   1.291 | 0.167 |   3.068 | 
     | My_bus/U583         |              | AND4_X1      | 0.093 | My_bus/n290         |       SPEF |   1.291 | 0.000 |   3.068 | 
     | My_bus/U583         | A3 ^ -> ZN ^ | AND4_X1      | 0.058 | My_bus/n278         |            |   4.279 | 0.222 |   3.290 | 
     | My_bus/U574         |              | NAND3_X1     | 0.058 | My_bus/n278         |       SPEF |   4.279 | 0.000 |   3.291 | 
     | My_bus/U574         | A2 ^ -> ZN v | NAND3_X1     | 0.053 | My_bus/n261         |            |   4.829 | 0.092 |   3.383 | 
     | My_bus/U17          |              | NAND2_X1     | 0.053 | My_bus/n261         |       SPEF |   4.829 | 0.000 |   3.383 | 
     | My_bus/U17          | A1 v -> ZN ^ | NAND2_X1     | 0.098 | My_bus/n260         |            |   9.874 | 0.135 |   3.518 | 
     | My_bus/U16          |              | NOR2_X2      | 0.098 | My_bus/n260         |       SPEF |   9.874 | 0.001 |   3.520 | 
     | My_bus/U16          | A1 ^ -> ZN v | NOR2_X2      | 0.038 | YOUR_ADDRBUS[29]    |            |  17.961 | 0.077 |   3.597 | 
     | My_bus/U23          |              | INV_X4       | 0.038 | YOUR_ADDRBUS[29]    |       SPEF |  17.961 | 0.003 |   3.599 | 
     | My_bus/U23          | A v -> ZN ^  | INV_X4       | 0.271 | My_bus/n90          |            | 124.190 | 0.286 |   3.885 | 
     | My_bus/U209         |              | NOR2_X1      | 0.271 | My_bus/n90          |       SPEF | 124.190 | 0.003 |   3.887 | 
     | My_bus/U209         | A2 ^ -> ZN v | NOR2_X1      | 0.067 | YOUR_ADDRBUS[30]    |            |   3.644 | 0.085 |   3.973 | 
     | my_core_adapter     |              | core_adapter | 0.067 | YOUR_ADDRBUS[30]    |       SPEF |   3.644 | 0.000 |   3.973 | 
     +--------------------------------------------------------------------------------------------------------------------------+ 
Path 3: MET Setup Check with Pin my_core_adapter/clk 
Endpoint:   my_core_adapter/addr_in[29] (^) checked with  leading edge of 'CLK'
Beginpoint: EXT_BUSY                    (^) triggered by  leading edge of 'CLK'
Path Groups: {CLK}
Analysis View: ensc450_av
Other End Arrival Time          0.000
- Setup                         6.919
+ Phase Shift                  12.000
= Required Time                 5.081
- Arrival Time                  3.893
= Slack Time                    1.188
     Clock Rise Edge                      0.000
     + Input Delay                        0.800
     = Beginpoint Arrival Time            0.800
     +-------------------------------------------------------------------------------------------------------------------------+ 
     |      Instance       |     Arc      |     Cell     |  Slew |         Net         |    Arc     |  Load  | Delay | Arrival | 
     |                     |              |              |       |                     | Annotation |        |       |  Time   | 
     |---------------------+--------------+--------------+-------+---------------------+------------+--------+-------+---------| 
     |                     | EXT_BUSY ^   |              | 0.002 | EXT_BUSY            |       SPEF | 25.797 |       |   0.800 | 
     | My_bus/FE_RC_0_0    |              | NAND2_X1     | 0.013 | EXT_BUSY            |       SPEF | 25.797 | 0.014 |   0.814 | 
     | My_bus/FE_RC_0_0    | A1 ^ -> ZN v | NAND2_X1     | 0.049 | My_bus/n302         |            |  2.540 | 0.032 |   0.846 | 
     | My_bus/U623         |              | NOR3_X1      | 0.049 | My_bus/n302         |       SPEF |  2.540 | 0.000 |   0.846 | 
     | My_bus/U623         | A3 v -> ZN ^ | NOR3_X1      | 0.294 | My_bus/n96          |            |  8.533 | 0.420 |   1.266 | 
     | My_bus/U616         |              | AOI211_X1    | 0.294 | My_bus/n96          |       SPEF |  8.533 | 0.000 |   1.266 | 
     | My_bus/U616         | A ^ -> ZN v  | AOI211_X1    | 0.076 | My_bus/n4           |            |  3.294 | 0.111 |   1.377 | 
     | My_bus/U615         |              | INV_X1       | 0.076 | My_bus/n4           |       SPEF |  3.294 | 0.000 |   1.377 | 
     | My_bus/U615         | A v -> ZN ^  | INV_X1       | 0.281 | My_bus/n55          |            | 33.490 | 0.344 |   1.721 | 
     | My_bus/U24          |              | NOR2_X4      | 0.281 | My_bus/n55          |       SPEF | 33.490 | 0.003 |   1.724 | 
     | My_bus/U24          | A1 ^ -> ZN v | NOR2_X4      | 0.096 | My_bus/n94          |            | 61.779 | 0.149 |   1.873 | 
     | My_bus/U614         |              | INV_X1       | 0.096 | My_bus/n94          |       SPEF | 61.779 | 0.000 |   1.874 | 
     | My_bus/U614         | A v -> ZN ^  | INV_X1       | 0.039 | My_bus/n297         |            |  1.925 | 0.082 |   1.956 | 
     | My_bus/U15          |              | OAI21_X1     | 0.039 | My_bus/n297         |       SPEF |  1.925 | 0.000 |   1.956 | 
     | My_bus/U15          | A ^ -> ZN v  | OAI21_X1     | 0.061 | My_bus/n97          |            |  1.995 | 0.054 |   2.011 | 
     | My_bus/FE_OFC72_n97 |              | CLKBUF_X2    | 0.061 | My_bus/n97          |       SPEF |  1.995 | 0.000 |   2.011 | 
     | My_bus/FE_OFC72_n97 | A v -> Z v   | CLKBUF_X2    | 0.161 | My_bus/FE_OFN72_n97 |            | 65.429 | 0.258 |   2.269 | 
     | My_bus/U594         |              | AOI22_X1     | 0.163 | My_bus/FE_OFN72_n97 |       SPEF | 65.429 | 0.030 |   2.300 | 
     | My_bus/U594         | A2 v -> ZN ^ | AOI22_X1     | 0.192 | My_bus/n82          |            |  7.233 | 0.316 |   2.616 | 
     | My_bus/U593         |              | AND4_X1      | 0.192 | My_bus/n82          |       SPEF |  7.233 | 0.000 |   2.616 | 
     | My_bus/U593         | A4 ^ -> ZN ^ | AND4_X1      | 0.038 | My_bus/n294         |            |  1.713 | 0.220 |   2.836 | 
     | My_bus/U592         |              | NAND2_X1     | 0.038 | My_bus/n294         |       SPEF |  1.713 | 0.000 |   2.836 | 
     | My_bus/U592         | A2 ^ -> ZN v | NAND2_X1     | 0.033 | My_bus/n271         |            |  6.147 | 0.065 |   2.901 | 
     | My_bus/U589         |              | NOR3_X1      | 0.033 | My_bus/n271         |       SPEF |  6.147 | 0.000 |   2.901 | 
     | My_bus/U589         | A2 v -> ZN ^ | NOR3_X1      | 0.093 | My_bus/n290         |            |  1.291 | 0.167 |   3.068 | 
     | My_bus/U583         |              | AND4_X1      | 0.093 | My_bus/n290         |       SPEF |  1.291 | 0.000 |   3.068 | 
     | My_bus/U583         | A3 ^ -> ZN ^ | AND4_X1      | 0.058 | My_bus/n278         |            |  4.279 | 0.222 |   3.290 | 
     | My_bus/U559         |              | NAND4_X1     | 0.058 | My_bus/n278         |       SPEF |  4.279 | 0.000 |   3.290 | 
     | My_bus/U559         | A3 ^ -> ZN v | NAND4_X1     | 0.085 | My_bus/n264         |            |  3.208 | 0.109 |   3.399 | 
     | My_bus/U558         |              | NAND2_X1     | 0.085 | My_bus/n264         |       SPEF |  3.208 | 0.000 |   3.399 | 
     | My_bus/U558         | A2 v -> ZN ^ | NAND2_X1     | 0.090 | My_bus/n259         |            |  8.828 | 0.154 |   3.553 | 
     | My_bus/U18          |              | INV_X1       | 0.090 | My_bus/n259         |       SPEF |  8.828 | 0.001 |   3.554 | 
     | My_bus/U18          | A ^ -> ZN v  | INV_X1       | 0.035 | My_bus/n8           |            |  9.020 | 0.073 |   3.627 | 
     | My_bus/U16          |              | NOR2_X2      | 0.035 | My_bus/n8           |       SPEF |  9.020 | 0.000 |   3.628 | 
     | My_bus/U16          | A2 v -> ZN ^ | NOR2_X2      | 0.196 | YOUR_ADDRBUS[29]    |            | 18.823 | 0.262 |   3.889 | 
     | my_core_adapter     |              | core_adapter | 0.196 | YOUR_ADDRBUS[29]    |       SPEF | 18.823 | 0.003 |   3.893 | 
     +-------------------------------------------------------------------------------------------------------------------------+ 
Path 4: MET Setup Check with Pin my_core_adapter/clk 
Endpoint:   my_core_adapter/addr_in[28] (v) checked with  leading edge of 'CLK'
Beginpoint: EXT_BUSY                    (^) triggered by  leading edge of 'CLK'
Path Groups: {CLK}
Analysis View: ensc450_av
Other End Arrival Time          0.000
- Setup                         6.720
+ Phase Shift                  12.000
= Required Time                 5.280
- Arrival Time                  3.979
= Slack Time                    1.301
     Clock Rise Edge                      0.000
     + Input Delay                        0.800
     = Beginpoint Arrival Time            0.800
     +--------------------------------------------------------------------------------------------------------------------------+ 
     |      Instance       |     Arc      |     Cell     |  Slew |         Net         |    Arc     |  Load   | Delay | Arrival | 
     |                     |              |              |       |                     | Annotation |         |       |  Time   | 
     |---------------------+--------------+--------------+-------+---------------------+------------+---------+-------+---------| 
     |                     | EXT_BUSY ^   |              | 0.002 | EXT_BUSY            |       SPEF |  25.797 |       |   0.800 | 
     | My_bus/FE_RC_0_0    |              | NAND2_X1     | 0.013 | EXT_BUSY            |       SPEF |  25.797 | 0.014 |   0.814 | 
     | My_bus/FE_RC_0_0    | A1 ^ -> ZN v | NAND2_X1     | 0.049 | My_bus/n302         |            |   2.540 | 0.032 |   0.846 | 
     | My_bus/U623         |              | NOR3_X1      | 0.049 | My_bus/n302         |       SPEF |   2.540 | 0.000 |   0.847 | 
     | My_bus/U623         | A3 v -> ZN ^ | NOR3_X1      | 0.294 | My_bus/n96          |            |   8.533 | 0.420 |   1.266 | 
     | My_bus/U616         |              | AOI211_X1    | 0.294 | My_bus/n96          |       SPEF |   8.533 | 0.000 |   1.266 | 
     | My_bus/U616         | A ^ -> ZN v  | AOI211_X1    | 0.076 | My_bus/n4           |            |   3.294 | 0.111 |   1.377 | 
     | My_bus/U615         |              | INV_X1       | 0.076 | My_bus/n4           |       SPEF |   3.294 | 0.000 |   1.377 | 
     | My_bus/U615         | A v -> ZN ^  | INV_X1       | 0.281 | My_bus/n55          |            |  33.490 | 0.344 |   1.721 | 
     | My_bus/U24          |              | NOR2_X4      | 0.281 | My_bus/n55          |       SPEF |  33.490 | 0.003 |   1.724 | 
     | My_bus/U24          | A1 ^ -> ZN v | NOR2_X4      | 0.096 | My_bus/n94          |            |  61.779 | 0.149 |   1.873 | 
     | My_bus/U614         |              | INV_X1       | 0.096 | My_bus/n94          |       SPEF |  61.779 | 0.000 |   1.874 | 
     | My_bus/U614         | A v -> ZN ^  | INV_X1       | 0.039 | My_bus/n297         |            |   1.925 | 0.082 |   1.956 | 
     | My_bus/U15          |              | OAI21_X1     | 0.039 | My_bus/n297         |       SPEF |   1.925 | 0.000 |   1.957 | 
     | My_bus/U15          | A ^ -> ZN v  | OAI21_X1     | 0.061 | My_bus/n97          |            |   1.995 | 0.054 |   2.011 | 
     | My_bus/FE_OFC72_n97 |              | CLKBUF_X2    | 0.061 | My_bus/n97          |       SPEF |   1.995 | 0.000 |   2.011 | 
     | My_bus/FE_OFC72_n97 | A v -> Z v   | CLKBUF_X2    | 0.161 | My_bus/FE_OFN72_n97 |            |  65.429 | 0.258 |   2.270 | 
     | My_bus/U594         |              | AOI22_X1     | 0.163 | My_bus/FE_OFN72_n97 |       SPEF |  65.429 | 0.030 |   2.300 | 
     | My_bus/U594         | A2 v -> ZN ^ | AOI22_X1     | 0.192 | My_bus/n82          |            |   7.233 | 0.316 |   2.616 | 
     | My_bus/U593         |              | AND4_X1      | 0.192 | My_bus/n82          |       SPEF |   7.233 | 0.000 |   2.616 | 
     | My_bus/U593         | A4 ^ -> ZN ^ | AND4_X1      | 0.038 | My_bus/n294         |            |   1.713 | 0.220 |   2.836 | 
     | My_bus/U592         |              | NAND2_X1     | 0.038 | My_bus/n294         |       SPEF |   1.713 | 0.000 |   2.836 | 
     | My_bus/U592         | A2 ^ -> ZN v | NAND2_X1     | 0.033 | My_bus/n271         |            |   6.147 | 0.065 |   2.901 | 
     | My_bus/U589         |              | NOR3_X1      | 0.033 | My_bus/n271         |       SPEF |   6.147 | 0.000 |   2.901 | 
     | My_bus/U589         | A2 v -> ZN ^ | NOR3_X1      | 0.093 | My_bus/n290         |            |   1.291 | 0.167 |   3.068 | 
     | My_bus/U583         |              | AND4_X1      | 0.093 | My_bus/n290         |       SPEF |   1.291 | 0.000 |   3.068 | 
     | My_bus/U583         | A3 ^ -> ZN ^ | AND4_X1      | 0.058 | My_bus/n278         |            |   4.279 | 0.222 |   3.290 | 
     | My_bus/U574         |              | NAND3_X1     | 0.058 | My_bus/n278         |       SPEF |   4.279 | 0.000 |   3.291 | 
     | My_bus/U574         | A2 ^ -> ZN v | NAND3_X1     | 0.053 | My_bus/n261         |            |   4.829 | 0.092 |   3.383 | 
     | My_bus/U17          |              | NAND2_X1     | 0.053 | My_bus/n261         |       SPEF |   4.829 | 0.000 |   3.383 | 
     | My_bus/U17          | A1 v -> ZN ^ | NAND2_X1     | 0.098 | My_bus/n260         |            |   9.874 | 0.135 |   3.518 | 
     | My_bus/U16          |              | NOR2_X2      | 0.098 | My_bus/n260         |       SPEF |   9.874 | 0.001 |   3.520 | 
     | My_bus/U16          | A1 ^ -> ZN v | NOR2_X2      | 0.038 | YOUR_ADDRBUS[29]    |            |  17.961 | 0.077 |   3.597 | 
     | My_bus/U23          |              | INV_X4       | 0.038 | YOUR_ADDRBUS[29]    |       SPEF |  17.961 | 0.003 |   3.599 | 
     | My_bus/U23          | A v -> ZN ^  | INV_X4       | 0.271 | My_bus/n90          |            | 124.190 | 0.286 |   3.885 | 
     | My_bus/U211         |              | NOR2_X1      | 0.271 | My_bus/n90          |       SPEF | 124.190 | 0.004 |   3.889 | 
     | My_bus/U211         | A2 ^ -> ZN v | NOR2_X1      | 0.067 | YOUR_ADDRBUS[28]    |            |   4.072 | 0.089 |   3.978 | 
     | my_core_adapter     |              | core_adapter | 0.067 | YOUR_ADDRBUS[28]    |       SPEF |   4.072 | 0.000 |   3.979 | 
     +--------------------------------------------------------------------------------------------------------------------------+ 
Path 5: MET Setup Check with Pin my_core_adapter/clk 
Endpoint:   my_core_adapter/addr_in[27] (v) checked with  leading edge of 'CLK'
Beginpoint: EXT_BUSY                    (^) triggered by  leading edge of 'CLK'
Path Groups: {CLK}
Analysis View: ensc450_av
Other End Arrival Time          0.000
- Setup                         6.531
+ Phase Shift                  12.000
= Required Time                 5.469
- Arrival Time                  3.978
= Slack Time                    1.491
     Clock Rise Edge                      0.000
     + Input Delay                        0.800
     = Beginpoint Arrival Time            0.800
     +--------------------------------------------------------------------------------------------------------------------------+ 
     |      Instance       |     Arc      |     Cell     |  Slew |         Net         |    Arc     |  Load   | Delay | Arrival | 
     |                     |              |              |       |                     | Annotation |         |       |  Time   | 
     |---------------------+--------------+--------------+-------+---------------------+------------+---------+-------+---------| 
     |                     | EXT_BUSY ^   |              | 0.002 | EXT_BUSY            |       SPEF |  25.797 |       |   0.800 | 
     | My_bus/FE_RC_0_0    |              | NAND2_X1     | 0.013 | EXT_BUSY            |       SPEF |  25.797 | 0.014 |   0.814 | 
     | My_bus/FE_RC_0_0    | A1 ^ -> ZN v | NAND2_X1     | 0.049 | My_bus/n302         |            |   2.540 | 0.032 |   0.846 | 
     | My_bus/U623         |              | NOR3_X1      | 0.049 | My_bus/n302         |       SPEF |   2.540 | 0.000 |   0.847 | 
     | My_bus/U623         | A3 v -> ZN ^ | NOR3_X1      | 0.294 | My_bus/n96          |            |   8.533 | 0.420 |   1.266 | 
     | My_bus/U616         |              | AOI211_X1    | 0.294 | My_bus/n96          |       SPEF |   8.533 | 0.000 |   1.266 | 
     | My_bus/U616         | A ^ -> ZN v  | AOI211_X1    | 0.076 | My_bus/n4           |            |   3.294 | 0.111 |   1.377 | 
     | My_bus/U615         |              | INV_X1       | 0.076 | My_bus/n4           |       SPEF |   3.294 | 0.000 |   1.377 | 
     | My_bus/U615         | A v -> ZN ^  | INV_X1       | 0.281 | My_bus/n55          |            |  33.490 | 0.344 |   1.721 | 
     | My_bus/U24          |              | NOR2_X4      | 0.281 | My_bus/n55          |       SPEF |  33.490 | 0.003 |   1.724 | 
     | My_bus/U24          | A1 ^ -> ZN v | NOR2_X4      | 0.096 | My_bus/n94          |            |  61.779 | 0.149 |   1.873 | 
     | My_bus/U614         |              | INV_X1       | 0.096 | My_bus/n94          |       SPEF |  61.779 | 0.000 |   1.874 | 
     | My_bus/U614         | A v -> ZN ^  | INV_X1       | 0.039 | My_bus/n297         |            |   1.925 | 0.082 |   1.956 | 
     | My_bus/U15          |              | OAI21_X1     | 0.039 | My_bus/n297         |       SPEF |   1.925 | 0.000 |   1.957 | 
     | My_bus/U15          | A ^ -> ZN v  | OAI21_X1     | 0.061 | My_bus/n97          |            |   1.995 | 0.054 |   2.011 | 
     | My_bus/FE_OFC72_n97 |              | CLKBUF_X2    | 0.061 | My_bus/n97          |       SPEF |   1.995 | 0.000 |   2.011 | 
     | My_bus/FE_OFC72_n97 | A v -> Z v   | CLKBUF_X2    | 0.161 | My_bus/FE_OFN72_n97 |            |  65.429 | 0.258 |   2.270 | 
     | My_bus/U594         |              | AOI22_X1     | 0.163 | My_bus/FE_OFN72_n97 |       SPEF |  65.429 | 0.030 |   2.300 | 
     | My_bus/U594         | A2 v -> ZN ^ | AOI22_X1     | 0.192 | My_bus/n82          |            |   7.233 | 0.316 |   2.616 | 
     | My_bus/U593         |              | AND4_X1      | 0.192 | My_bus/n82          |       SPEF |   7.233 | 0.000 |   2.616 | 
     | My_bus/U593         | A4 ^ -> ZN ^ | AND4_X1      | 0.038 | My_bus/n294         |            |   1.713 | 0.220 |   2.836 | 
     | My_bus/U592         |              | NAND2_X1     | 0.038 | My_bus/n294         |       SPEF |   1.713 | 0.000 |   2.836 | 
     | My_bus/U592         | A2 ^ -> ZN v | NAND2_X1     | 0.033 | My_bus/n271         |            |   6.147 | 0.065 |   2.901 | 
     | My_bus/U589         |              | NOR3_X1      | 0.033 | My_bus/n271         |       SPEF |   6.147 | 0.000 |   2.901 | 
     | My_bus/U589         | A2 v -> ZN ^ | NOR3_X1      | 0.093 | My_bus/n290         |            |   1.291 | 0.167 |   3.068 | 
     | My_bus/U583         |              | AND4_X1      | 0.093 | My_bus/n290         |       SPEF |   1.291 | 0.000 |   3.068 | 
     | My_bus/U583         | A3 ^ -> ZN ^ | AND4_X1      | 0.058 | My_bus/n278         |            |   4.279 | 0.222 |   3.290 | 
     | My_bus/U574         |              | NAND3_X1     | 0.058 | My_bus/n278         |       SPEF |   4.279 | 0.000 |   3.290 | 
     | My_bus/U574         | A2 ^ -> ZN v | NAND3_X1     | 0.053 | My_bus/n261         |            |   4.829 | 0.092 |   3.383 | 
     | My_bus/U17          |              | NAND2_X1     | 0.053 | My_bus/n261         |       SPEF |   4.829 | 0.000 |   3.383 | 
     | My_bus/U17          | A1 v -> ZN ^ | NAND2_X1     | 0.098 | My_bus/n260         |            |   9.874 | 0.135 |   3.518 | 
     | My_bus/U16          |              | NOR2_X2      | 0.098 | My_bus/n260         |       SPEF |   9.874 | 0.001 |   3.520 | 
     | My_bus/U16          | A1 ^ -> ZN v | NOR2_X2      | 0.038 | YOUR_ADDRBUS[29]    |            |  17.961 | 0.077 |   3.597 | 
     | My_bus/U23          |              | INV_X4       | 0.038 | YOUR_ADDRBUS[29]    |       SPEF |  17.961 | 0.003 |   3.599 | 
     | My_bus/U23          | A v -> ZN ^  | INV_X4       | 0.271 | My_bus/n90          |            | 124.190 | 0.286 |   3.885 | 
     | My_bus/U212         |              | NOR2_X1      | 0.271 | My_bus/n90          |       SPEF | 124.190 | 0.003 |   3.888 | 
     | My_bus/U212         | A2 ^ -> ZN v | NOR2_X1      | 0.064 | YOUR_ADDRBUS[27]    |            |   4.051 | 0.089 |   3.977 | 
     | my_core_adapter     |              | core_adapter | 0.064 | YOUR_ADDRBUS[27]    |       SPEF |   4.051 | 0.001 |   3.978 | 
     +--------------------------------------------------------------------------------------------------------------------------+ 
Path 6: MET Setup Check with Pin my_core_adapter/clk 
Endpoint:   my_core_adapter/addr_in[26] (v) checked with  leading edge of 'CLK'
Beginpoint: EXT_BUSY                    (^) triggered by  leading edge of 'CLK'
Path Groups: {CLK}
Analysis View: ensc450_av
Other End Arrival Time          0.000
- Setup                         6.344
+ Phase Shift                  12.000
= Required Time                 5.656
- Arrival Time                  3.982
= Slack Time                    1.673
     Clock Rise Edge                      0.000
     + Input Delay                        0.800
     = Beginpoint Arrival Time            0.800
     +--------------------------------------------------------------------------------------------------------------------------+ 
     |      Instance       |     Arc      |     Cell     |  Slew |         Net         |    Arc     |  Load   | Delay | Arrival | 
     |                     |              |              |       |                     | Annotation |         |       |  Time   | 
     |---------------------+--------------+--------------+-------+---------------------+------------+---------+-------+---------| 
     |                     | EXT_BUSY ^   |              | 0.002 | EXT_BUSY            |       SPEF |  25.797 |       |   0.800 | 
     | My_bus/FE_RC_0_0    |              | NAND2_X1     | 0.013 | EXT_BUSY            |       SPEF |  25.797 | 0.014 |   0.814 | 
     | My_bus/FE_RC_0_0    | A1 ^ -> ZN v | NAND2_X1     | 0.049 | My_bus/n302         |            |   2.540 | 0.032 |   0.846 | 
     | My_bus/U623         |              | NOR3_X1      | 0.049 | My_bus/n302         |       SPEF |   2.540 | 0.000 |   0.847 | 
     | My_bus/U623         | A3 v -> ZN ^ | NOR3_X1      | 0.294 | My_bus/n96          |            |   8.533 | 0.420 |   1.266 | 
     | My_bus/U616         |              | AOI211_X1    | 0.294 | My_bus/n96          |       SPEF |   8.533 | 0.000 |   1.266 | 
     | My_bus/U616         | A ^ -> ZN v  | AOI211_X1    | 0.076 | My_bus/n4           |            |   3.294 | 0.111 |   1.377 | 
     | My_bus/U615         |              | INV_X1       | 0.076 | My_bus/n4           |       SPEF |   3.294 | 0.000 |   1.377 | 
     | My_bus/U615         | A v -> ZN ^  | INV_X1       | 0.281 | My_bus/n55          |            |  33.490 | 0.344 |   1.721 | 
     | My_bus/U24          |              | NOR2_X4      | 0.281 | My_bus/n55          |       SPEF |  33.490 | 0.003 |   1.724 | 
     | My_bus/U24          | A1 ^ -> ZN v | NOR2_X4      | 0.096 | My_bus/n94          |            |  61.779 | 0.149 |   1.873 | 
     | My_bus/U614         |              | INV_X1       | 0.096 | My_bus/n94          |       SPEF |  61.779 | 0.000 |   1.874 | 
     | My_bus/U614         | A v -> ZN ^  | INV_X1       | 0.039 | My_bus/n297         |            |   1.925 | 0.082 |   1.956 | 
     | My_bus/U15          |              | OAI21_X1     | 0.039 | My_bus/n297         |       SPEF |   1.925 | 0.000 |   1.957 | 
     | My_bus/U15          | A ^ -> ZN v  | OAI21_X1     | 0.061 | My_bus/n97          |            |   1.995 | 0.054 |   2.011 | 
     | My_bus/FE_OFC72_n97 |              | CLKBUF_X2    | 0.061 | My_bus/n97          |       SPEF |   1.995 | 0.000 |   2.011 | 
     | My_bus/FE_OFC72_n97 | A v -> Z v   | CLKBUF_X2    | 0.161 | My_bus/FE_OFN72_n97 |            |  65.429 | 0.258 |   2.270 | 
     | My_bus/U594         |              | AOI22_X1     | 0.163 | My_bus/FE_OFN72_n97 |       SPEF |  65.429 | 0.030 |   2.300 | 
     | My_bus/U594         | A2 v -> ZN ^ | AOI22_X1     | 0.192 | My_bus/n82          |            |   7.233 | 0.316 |   2.616 | 
     | My_bus/U593         |              | AND4_X1      | 0.192 | My_bus/n82          |       SPEF |   7.233 | 0.000 |   2.616 | 
     | My_bus/U593         | A4 ^ -> ZN ^ | AND4_X1      | 0.038 | My_bus/n294         |            |   1.713 | 0.220 |   2.836 | 
     | My_bus/U592         |              | NAND2_X1     | 0.038 | My_bus/n294         |       SPEF |   1.713 | 0.000 |   2.836 | 
     | My_bus/U592         | A2 ^ -> ZN v | NAND2_X1     | 0.033 | My_bus/n271         |            |   6.147 | 0.065 |   2.901 | 
     | My_bus/U589         |              | NOR3_X1      | 0.033 | My_bus/n271         |       SPEF |   6.147 | 0.000 |   2.901 | 
     | My_bus/U589         | A2 v -> ZN ^ | NOR3_X1      | 0.093 | My_bus/n290         |            |   1.291 | 0.167 |   3.068 | 
     | My_bus/U583         |              | AND4_X1      | 0.093 | My_bus/n290         |       SPEF |   1.291 | 0.000 |   3.068 | 
     | My_bus/U583         | A3 ^ -> ZN ^ | AND4_X1      | 0.058 | My_bus/n278         |            |   4.279 | 0.222 |   3.290 | 
     | My_bus/U574         |              | NAND3_X1     | 0.058 | My_bus/n278         |       SPEF |   4.279 | 0.000 |   3.291 | 
     | My_bus/U574         | A2 ^ -> ZN v | NAND3_X1     | 0.053 | My_bus/n261         |            |   4.829 | 0.092 |   3.383 | 
     | My_bus/U17          |              | NAND2_X1     | 0.053 | My_bus/n261         |       SPEF |   4.829 | 0.000 |   3.383 | 
     | My_bus/U17          | A1 v -> ZN ^ | NAND2_X1     | 0.098 | My_bus/n260         |            |   9.874 | 0.135 |   3.518 | 
     | My_bus/U16          |              | NOR2_X2      | 0.098 | My_bus/n260         |       SPEF |   9.874 | 0.001 |   3.520 | 
     | My_bus/U16          | A1 ^ -> ZN v | NOR2_X2      | 0.038 | YOUR_ADDRBUS[29]    |            |  17.961 | 0.077 |   3.597 | 
     | My_bus/U23          |              | INV_X4       | 0.038 | YOUR_ADDRBUS[29]    |       SPEF |  17.961 | 0.003 |   3.599 | 
     | My_bus/U23          | A v -> ZN ^  | INV_X4       | 0.271 | My_bus/n90          |            | 124.190 | 0.286 |   3.885 | 
     | My_bus/U213         |              | NOR2_X1      | 0.271 | My_bus/n90          |       SPEF | 124.190 | 0.005 |   3.890 | 
     | My_bus/U213         | A2 ^ -> ZN v | NOR2_X1      | 0.064 | YOUR_ADDRBUS[26]    |            |   4.330 | 0.092 |   3.982 | 
     | my_core_adapter     |              | core_adapter | 0.064 | YOUR_ADDRBUS[26]    |       SPEF |   4.330 | 0.001 |   3.982 | 
     +--------------------------------------------------------------------------------------------------------------------------+ 
Path 7: MET Setup Check with Pin my_core_adapter/clk 
Endpoint:   my_core_adapter/addr_in[25] (v) checked with  leading edge of 'CLK'
Beginpoint: EXT_BUSY                    (^) triggered by  leading edge of 'CLK'
Path Groups: {CLK}
Analysis View: ensc450_av
Other End Arrival Time          0.000
- Setup                         6.160
+ Phase Shift                  12.000
= Required Time                 5.840
- Arrival Time                  3.982
= Slack Time                    1.858
     Clock Rise Edge                      0.000
     + Input Delay                        0.800
     = Beginpoint Arrival Time            0.800
     +--------------------------------------------------------------------------------------------------------------------------+ 
     |      Instance       |     Arc      |     Cell     |  Slew |         Net         |    Arc     |  Load   | Delay | Arrival | 
     |                     |              |              |       |                     | Annotation |         |       |  Time   | 
     |---------------------+--------------+--------------+-------+---------------------+------------+---------+-------+---------| 
     |                     | EXT_BUSY ^   |              | 0.002 | EXT_BUSY            |       SPEF |  25.797 |       |   0.800 | 
     | My_bus/FE_RC_0_0    |              | NAND2_X1     | 0.013 | EXT_BUSY            |       SPEF |  25.797 | 0.014 |   0.814 | 
     | My_bus/FE_RC_0_0    | A1 ^ -> ZN v | NAND2_X1     | 0.049 | My_bus/n302         |            |   2.540 | 0.032 |   0.846 | 
     | My_bus/U623         |              | NOR3_X1      | 0.049 | My_bus/n302         |       SPEF |   2.540 | 0.000 |   0.847 | 
     | My_bus/U623         | A3 v -> ZN ^ | NOR3_X1      | 0.294 | My_bus/n96          |            |   8.533 | 0.420 |   1.266 | 
     | My_bus/U616         |              | AOI211_X1    | 0.294 | My_bus/n96          |       SPEF |   8.533 | 0.000 |   1.266 | 
     | My_bus/U616         | A ^ -> ZN v  | AOI211_X1    | 0.076 | My_bus/n4           |            |   3.294 | 0.111 |   1.377 | 
     | My_bus/U615         |              | INV_X1       | 0.076 | My_bus/n4           |       SPEF |   3.294 | 0.000 |   1.377 | 
     | My_bus/U615         | A v -> ZN ^  | INV_X1       | 0.281 | My_bus/n55          |            |  33.490 | 0.344 |   1.721 | 
     | My_bus/U24          |              | NOR2_X4      | 0.281 | My_bus/n55          |       SPEF |  33.490 | 0.003 |   1.724 | 
     | My_bus/U24          | A1 ^ -> ZN v | NOR2_X4      | 0.096 | My_bus/n94          |            |  61.779 | 0.149 |   1.873 | 
     | My_bus/U614         |              | INV_X1       | 0.096 | My_bus/n94          |       SPEF |  61.779 | 0.000 |   1.874 | 
     | My_bus/U614         | A v -> ZN ^  | INV_X1       | 0.039 | My_bus/n297         |            |   1.925 | 0.082 |   1.956 | 
     | My_bus/U15          |              | OAI21_X1     | 0.039 | My_bus/n297         |       SPEF |   1.925 | 0.000 |   1.957 | 
     | My_bus/U15          | A ^ -> ZN v  | OAI21_X1     | 0.061 | My_bus/n97          |            |   1.995 | 0.054 |   2.011 | 
     | My_bus/FE_OFC72_n97 |              | CLKBUF_X2    | 0.061 | My_bus/n97          |       SPEF |   1.995 | 0.000 |   2.011 | 
     | My_bus/FE_OFC72_n97 | A v -> Z v   | CLKBUF_X2    | 0.161 | My_bus/FE_OFN72_n97 |            |  65.429 | 0.258 |   2.270 | 
     | My_bus/U594         |              | AOI22_X1     | 0.163 | My_bus/FE_OFN72_n97 |       SPEF |  65.429 | 0.030 |   2.300 | 
     | My_bus/U594         | A2 v -> ZN ^ | AOI22_X1     | 0.192 | My_bus/n82          |            |   7.233 | 0.316 |   2.616 | 
     | My_bus/U593         |              | AND4_X1      | 0.192 | My_bus/n82          |       SPEF |   7.233 | 0.000 |   2.616 | 
     | My_bus/U593         | A4 ^ -> ZN ^ | AND4_X1      | 0.038 | My_bus/n294         |            |   1.713 | 0.220 |   2.836 | 
     | My_bus/U592         |              | NAND2_X1     | 0.038 | My_bus/n294         |       SPEF |   1.713 | 0.000 |   2.836 | 
     | My_bus/U592         | A2 ^ -> ZN v | NAND2_X1     | 0.033 | My_bus/n271         |            |   6.147 | 0.065 |   2.901 | 
     | My_bus/U589         |              | NOR3_X1      | 0.033 | My_bus/n271         |       SPEF |   6.147 | 0.000 |   2.901 | 
     | My_bus/U589         | A2 v -> ZN ^ | NOR3_X1      | 0.093 | My_bus/n290         |            |   1.291 | 0.167 |   3.068 | 
     | My_bus/U583         |              | AND4_X1      | 0.093 | My_bus/n290         |       SPEF |   1.291 | 0.000 |   3.068 | 
     | My_bus/U583         | A3 ^ -> ZN ^ | AND4_X1      | 0.058 | My_bus/n278         |            |   4.279 | 0.222 |   3.290 | 
     | My_bus/U574         |              | NAND3_X1     | 0.058 | My_bus/n278         |       SPEF |   4.279 | 0.000 |   3.291 | 
     | My_bus/U574         | A2 ^ -> ZN v | NAND3_X1     | 0.053 | My_bus/n261         |            |   4.829 | 0.092 |   3.383 | 
     | My_bus/U17          |              | NAND2_X1     | 0.053 | My_bus/n261         |       SPEF |   4.829 | 0.000 |   3.383 | 
     | My_bus/U17          | A1 v -> ZN ^ | NAND2_X1     | 0.098 | My_bus/n260         |            |   9.874 | 0.135 |   3.518 | 
     | My_bus/U16          |              | NOR2_X2      | 0.098 | My_bus/n260         |       SPEF |   9.874 | 0.001 |   3.520 | 
     | My_bus/U16          | A1 ^ -> ZN v | NOR2_X2      | 0.038 | YOUR_ADDRBUS[29]    |            |  17.961 | 0.077 |   3.597 | 
     | My_bus/U23          |              | INV_X4       | 0.038 | YOUR_ADDRBUS[29]    |       SPEF |  17.961 | 0.003 |   3.599 | 
     | My_bus/U23          | A v -> ZN ^  | INV_X4       | 0.271 | My_bus/n90          |            | 124.190 | 0.286 |   3.885 | 
     | My_bus/U214         |              | NOR2_X1      | 0.271 | My_bus/n90          |       SPEF | 124.190 | 0.007 |   3.892 | 
     | My_bus/U214         | A2 ^ -> ZN v | NOR2_X1      | 0.063 | YOUR_ADDRBUS[25]    |            |   4.067 | 0.089 |   3.981 | 
     | my_core_adapter     |              | core_adapter | 0.063 | YOUR_ADDRBUS[25]    |       SPEF |   4.067 | 0.001 |   3.982 | 
     +--------------------------------------------------------------------------------------------------------------------------+ 
Path 8: MET Setup Check with Pin my_core_adapter/clk 
Endpoint:   my_core_adapter/addr_in[24] (v) checked with  leading edge of 'CLK'
Beginpoint: EXT_BUSY                    (^) triggered by  leading edge of 'CLK'
Path Groups: {CLK}
Analysis View: ensc450_av
Other End Arrival Time          0.000
- Setup                         5.978
+ Phase Shift                  12.000
= Required Time                 6.022
- Arrival Time                  3.990
= Slack Time                    2.032
     Clock Rise Edge                      0.000
     + Input Delay                        0.800
     = Beginpoint Arrival Time            0.800
     +--------------------------------------------------------------------------------------------------------------------------+ 
     |      Instance       |     Arc      |     Cell     |  Slew |         Net         |    Arc     |  Load   | Delay | Arrival | 
     |                     |              |              |       |                     | Annotation |         |       |  Time   | 
     |---------------------+--------------+--------------+-------+---------------------+------------+---------+-------+---------| 
     |                     | EXT_BUSY ^   |              | 0.002 | EXT_BUSY            |       SPEF |  25.797 |       |   0.800 | 
     | My_bus/FE_RC_0_0    |              | NAND2_X1     | 0.013 | EXT_BUSY            |       SPEF |  25.797 | 0.014 |   0.814 | 
     | My_bus/FE_RC_0_0    | A1 ^ -> ZN v | NAND2_X1     | 0.049 | My_bus/n302         |            |   2.540 | 0.032 |   0.846 | 
     | My_bus/U623         |              | NOR3_X1      | 0.049 | My_bus/n302         |       SPEF |   2.540 | 0.000 |   0.847 | 
     | My_bus/U623         | A3 v -> ZN ^ | NOR3_X1      | 0.294 | My_bus/n96          |            |   8.533 | 0.420 |   1.266 | 
     | My_bus/U616         |              | AOI211_X1    | 0.294 | My_bus/n96          |       SPEF |   8.533 | 0.000 |   1.266 | 
     | My_bus/U616         | A ^ -> ZN v  | AOI211_X1    | 0.076 | My_bus/n4           |            |   3.294 | 0.111 |   1.377 | 
     | My_bus/U615         |              | INV_X1       | 0.076 | My_bus/n4           |       SPEF |   3.294 | 0.000 |   1.377 | 
     | My_bus/U615         | A v -> ZN ^  | INV_X1       | 0.281 | My_bus/n55          |            |  33.490 | 0.344 |   1.721 | 
     | My_bus/U24          |              | NOR2_X4      | 0.281 | My_bus/n55          |       SPEF |  33.490 | 0.003 |   1.724 | 
     | My_bus/U24          | A1 ^ -> ZN v | NOR2_X4      | 0.096 | My_bus/n94          |            |  61.779 | 0.149 |   1.873 | 
     | My_bus/U614         |              | INV_X1       | 0.096 | My_bus/n94          |       SPEF |  61.779 | 0.000 |   1.874 | 
     | My_bus/U614         | A v -> ZN ^  | INV_X1       | 0.039 | My_bus/n297         |            |   1.925 | 0.082 |   1.956 | 
     | My_bus/U15          |              | OAI21_X1     | 0.039 | My_bus/n297         |       SPEF |   1.925 | 0.000 |   1.957 | 
     | My_bus/U15          | A ^ -> ZN v  | OAI21_X1     | 0.061 | My_bus/n97          |            |   1.995 | 0.054 |   2.011 | 
     | My_bus/FE_OFC72_n97 |              | CLKBUF_X2    | 0.061 | My_bus/n97          |       SPEF |   1.995 | 0.000 |   2.011 | 
     | My_bus/FE_OFC72_n97 | A v -> Z v   | CLKBUF_X2    | 0.161 | My_bus/FE_OFN72_n97 |            |  65.429 | 0.258 |   2.270 | 
     | My_bus/U594         |              | AOI22_X1     | 0.163 | My_bus/FE_OFN72_n97 |       SPEF |  65.429 | 0.030 |   2.300 | 
     | My_bus/U594         | A2 v -> ZN ^ | AOI22_X1     | 0.192 | My_bus/n82          |            |   7.233 | 0.316 |   2.616 | 
     | My_bus/U593         |              | AND4_X1      | 0.192 | My_bus/n82          |       SPEF |   7.233 | 0.000 |   2.616 | 
     | My_bus/U593         | A4 ^ -> ZN ^ | AND4_X1      | 0.038 | My_bus/n294         |            |   1.713 | 0.220 |   2.836 | 
     | My_bus/U592         |              | NAND2_X1     | 0.038 | My_bus/n294         |       SPEF |   1.713 | 0.000 |   2.836 | 
     | My_bus/U592         | A2 ^ -> ZN v | NAND2_X1     | 0.033 | My_bus/n271         |            |   6.147 | 0.065 |   2.901 | 
     | My_bus/U589         |              | NOR3_X1      | 0.033 | My_bus/n271         |       SPEF |   6.147 | 0.000 |   2.901 | 
     | My_bus/U589         | A2 v -> ZN ^ | NOR3_X1      | 0.093 | My_bus/n290         |            |   1.291 | 0.167 |   3.068 | 
     | My_bus/U583         |              | AND4_X1      | 0.093 | My_bus/n290         |       SPEF |   1.291 | 0.000 |   3.068 | 
     | My_bus/U583         | A3 ^ -> ZN ^ | AND4_X1      | 0.058 | My_bus/n278         |            |   4.279 | 0.222 |   3.290 | 
     | My_bus/U574         |              | NAND3_X1     | 0.058 | My_bus/n278         |       SPEF |   4.279 | 0.000 |   3.291 | 
     | My_bus/U574         | A2 ^ -> ZN v | NAND3_X1     | 0.053 | My_bus/n261         |            |   4.829 | 0.092 |   3.383 | 
     | My_bus/U17          |              | NAND2_X1     | 0.053 | My_bus/n261         |       SPEF |   4.829 | 0.000 |   3.383 | 
     | My_bus/U17          | A1 v -> ZN ^ | NAND2_X1     | 0.098 | My_bus/n260         |            |   9.874 | 0.135 |   3.518 | 
     | My_bus/U16          |              | NOR2_X2      | 0.098 | My_bus/n260         |       SPEF |   9.874 | 0.001 |   3.520 | 
     | My_bus/U16          | A1 ^ -> ZN v | NOR2_X2      | 0.038 | YOUR_ADDRBUS[29]    |            |  17.961 | 0.077 |   3.597 | 
     | My_bus/U23          |              | INV_X4       | 0.038 | YOUR_ADDRBUS[29]    |       SPEF |  17.961 | 0.003 |   3.599 | 
     | My_bus/U23          | A v -> ZN ^  | INV_X4       | 0.271 | My_bus/n90          |            | 124.190 | 0.286 |   3.885 | 
     | My_bus/U215         |              | NOR2_X1      | 0.271 | My_bus/n90          |       SPEF | 124.190 | 0.009 |   3.894 | 
     | My_bus/U215         | A2 ^ -> ZN v | NOR2_X1      | 0.065 | YOUR_ADDRBUS[24]    |            |   4.729 | 0.095 |   3.989 | 
     | my_core_adapter     |              | core_adapter | 0.065 | YOUR_ADDRBUS[24]    |       SPEF |   4.729 | 0.001 |   3.990 | 
     +--------------------------------------------------------------------------------------------------------------------------+ 
Path 9: MET Setup Check with Pin my_core_adapter/clk 
Endpoint:   my_core_adapter/addr_in[23] (v) checked with  leading edge of 'CLK'
Beginpoint: EXT_BUSY                    (^) triggered by  leading edge of 'CLK'
Path Groups: {CLK}
Analysis View: ensc450_av
Other End Arrival Time          0.000
- Setup                         5.790
+ Phase Shift                  12.000
= Required Time                 6.210
- Arrival Time                  3.987
= Slack Time                    2.223
     Clock Rise Edge                      0.000
     + Input Delay                        0.800
     = Beginpoint Arrival Time            0.800
     +--------------------------------------------------------------------------------------------------------------------------+ 
     |      Instance       |     Arc      |     Cell     |  Slew |         Net         |    Arc     |  Load   | Delay | Arrival | 
     |                     |              |              |       |                     | Annotation |         |       |  Time   | 
     |---------------------+--------------+--------------+-------+---------------------+------------+---------+-------+---------| 
     |                     | EXT_BUSY ^   |              | 0.002 | EXT_BUSY            |       SPEF |  25.797 |       |   0.800 | 
     | My_bus/FE_RC_0_0    |              | NAND2_X1     | 0.013 | EXT_BUSY            |       SPEF |  25.797 | 0.014 |   0.814 | 
     | My_bus/FE_RC_0_0    | A1 ^ -> ZN v | NAND2_X1     | 0.049 | My_bus/n302         |            |   2.540 | 0.032 |   0.846 | 
     | My_bus/U623         |              | NOR3_X1      | 0.049 | My_bus/n302         |       SPEF |   2.540 | 0.000 |   0.847 | 
     | My_bus/U623         | A3 v -> ZN ^ | NOR3_X1      | 0.294 | My_bus/n96          |            |   8.533 | 0.420 |   1.266 | 
     | My_bus/U616         |              | AOI211_X1    | 0.294 | My_bus/n96          |       SPEF |   8.533 | 0.000 |   1.266 | 
     | My_bus/U616         | A ^ -> ZN v  | AOI211_X1    | 0.076 | My_bus/n4           |            |   3.294 | 0.111 |   1.377 | 
     | My_bus/U615         |              | INV_X1       | 0.076 | My_bus/n4           |       SPEF |   3.294 | 0.000 |   1.377 | 
     | My_bus/U615         | A v -> ZN ^  | INV_X1       | 0.281 | My_bus/n55          |            |  33.490 | 0.344 |   1.721 | 
     | My_bus/U24          |              | NOR2_X4      | 0.281 | My_bus/n55          |       SPEF |  33.490 | 0.003 |   1.724 | 
     | My_bus/U24          | A1 ^ -> ZN v | NOR2_X4      | 0.096 | My_bus/n94          |            |  61.779 | 0.149 |   1.873 | 
     | My_bus/U614         |              | INV_X1       | 0.096 | My_bus/n94          |       SPEF |  61.779 | 0.000 |   1.874 | 
     | My_bus/U614         | A v -> ZN ^  | INV_X1       | 0.039 | My_bus/n297         |            |   1.925 | 0.082 |   1.956 | 
     | My_bus/U15          |              | OAI21_X1     | 0.039 | My_bus/n297         |       SPEF |   1.925 | 0.000 |   1.957 | 
     | My_bus/U15          | A ^ -> ZN v  | OAI21_X1     | 0.061 | My_bus/n97          |            |   1.995 | 0.054 |   2.011 | 
     | My_bus/FE_OFC72_n97 |              | CLKBUF_X2    | 0.061 | My_bus/n97          |       SPEF |   1.995 | 0.000 |   2.011 | 
     | My_bus/FE_OFC72_n97 | A v -> Z v   | CLKBUF_X2    | 0.161 | My_bus/FE_OFN72_n97 |            |  65.429 | 0.258 |   2.270 | 
     | My_bus/U594         |              | AOI22_X1     | 0.163 | My_bus/FE_OFN72_n97 |       SPEF |  65.429 | 0.030 |   2.300 | 
     | My_bus/U594         | A2 v -> ZN ^ | AOI22_X1     | 0.192 | My_bus/n82          |            |   7.233 | 0.316 |   2.616 | 
     | My_bus/U593         |              | AND4_X1      | 0.192 | My_bus/n82          |       SPEF |   7.233 | 0.000 |   2.616 | 
     | My_bus/U593         | A4 ^ -> ZN ^ | AND4_X1      | 0.038 | My_bus/n294         |            |   1.713 | 0.220 |   2.836 | 
     | My_bus/U592         |              | NAND2_X1     | 0.038 | My_bus/n294         |       SPEF |   1.713 | 0.000 |   2.836 | 
     | My_bus/U592         | A2 ^ -> ZN v | NAND2_X1     | 0.033 | My_bus/n271         |            |   6.147 | 0.065 |   2.901 | 
     | My_bus/U589         |              | NOR3_X1      | 0.033 | My_bus/n271         |       SPEF |   6.147 | 0.000 |   2.901 | 
     | My_bus/U589         | A2 v -> ZN ^ | NOR3_X1      | 0.093 | My_bus/n290         |            |   1.291 | 0.167 |   3.068 | 
     | My_bus/U583         |              | AND4_X1      | 0.093 | My_bus/n290         |       SPEF |   1.291 | 0.000 |   3.068 | 
     | My_bus/U583         | A3 ^ -> ZN ^ | AND4_X1      | 0.058 | My_bus/n278         |            |   4.279 | 0.222 |   3.290 | 
     | My_bus/U574         |              | NAND3_X1     | 0.058 | My_bus/n278         |       SPEF |   4.279 | 0.000 |   3.291 | 
     | My_bus/U574         | A2 ^ -> ZN v | NAND3_X1     | 0.053 | My_bus/n261         |            |   4.829 | 0.092 |   3.383 | 
     | My_bus/U17          |              | NAND2_X1     | 0.053 | My_bus/n261         |       SPEF |   4.829 | 0.000 |   3.383 | 
     | My_bus/U17          | A1 v -> ZN ^ | NAND2_X1     | 0.098 | My_bus/n260         |            |   9.874 | 0.135 |   3.518 | 
     | My_bus/U16          |              | NOR2_X2      | 0.098 | My_bus/n260         |       SPEF |   9.874 | 0.001 |   3.520 | 
     | My_bus/U16          | A1 ^ -> ZN v | NOR2_X2      | 0.038 | YOUR_ADDRBUS[29]    |            |  17.961 | 0.077 |   3.597 | 
     | My_bus/U23          |              | INV_X4       | 0.038 | YOUR_ADDRBUS[29]    |       SPEF |  17.961 | 0.003 |   3.599 | 
     | My_bus/U23          | A v -> ZN ^  | INV_X4       | 0.271 | My_bus/n90          |            | 124.190 | 0.286 |   3.885 | 
     | My_bus/U216         |              | NOR2_X1      | 0.271 | My_bus/n90          |       SPEF | 124.190 | 0.011 |   3.896 | 
     | My_bus/U216         | A2 ^ -> ZN v | NOR2_X1      | 0.063 | YOUR_ADDRBUS[23]    |            |   4.206 | 0.091 |   3.987 | 
     | my_core_adapter     |              | core_adapter | 0.063 | YOUR_ADDRBUS[23]    |       SPEF |   4.206 | 0.001 |   3.987 | 
     +--------------------------------------------------------------------------------------------------------------------------+ 
Path 10: MET Setup Check with Pin my_core_adapter/clk 
Endpoint:   my_core_adapter/addr_in[22] (v) checked with  leading edge of 'CLK'
Beginpoint: EXT_BUSY                    (^) triggered by  leading edge of 'CLK'
Path Groups: {CLK}
Analysis View: ensc450_av
Other End Arrival Time          0.000
- Setup                         5.604
+ Phase Shift                  12.000
= Required Time                 6.396
- Arrival Time                  3.992
= Slack Time                    2.404
     Clock Rise Edge                      0.000
     + Input Delay                        0.800
     = Beginpoint Arrival Time            0.800
     +--------------------------------------------------------------------------------------------------------------------------+ 
     |      Instance       |     Arc      |     Cell     |  Slew |         Net         |    Arc     |  Load   | Delay | Arrival | 
     |                     |              |              |       |                     | Annotation |         |       |  Time   | 
     |---------------------+--------------+--------------+-------+---------------------+------------+---------+-------+---------| 
     |                     | EXT_BUSY ^   |              | 0.002 | EXT_BUSY            |       SPEF |  25.797 |       |   0.800 | 
     | My_bus/FE_RC_0_0    |              | NAND2_X1     | 0.013 | EXT_BUSY            |       SPEF |  25.797 | 0.014 |   0.814 | 
     | My_bus/FE_RC_0_0    | A1 ^ -> ZN v | NAND2_X1     | 0.049 | My_bus/n302         |            |   2.540 | 0.032 |   0.846 | 
     | My_bus/U623         |              | NOR3_X1      | 0.049 | My_bus/n302         |       SPEF |   2.540 | 0.000 |   0.847 | 
     | My_bus/U623         | A3 v -> ZN ^ | NOR3_X1      | 0.294 | My_bus/n96          |            |   8.533 | 0.420 |   1.266 | 
     | My_bus/U616         |              | AOI211_X1    | 0.294 | My_bus/n96          |       SPEF |   8.533 | 0.000 |   1.266 | 
     | My_bus/U616         | A ^ -> ZN v  | AOI211_X1    | 0.076 | My_bus/n4           |            |   3.294 | 0.111 |   1.377 | 
     | My_bus/U615         |              | INV_X1       | 0.076 | My_bus/n4           |       SPEF |   3.294 | 0.000 |   1.377 | 
     | My_bus/U615         | A v -> ZN ^  | INV_X1       | 0.281 | My_bus/n55          |            |  33.490 | 0.344 |   1.721 | 
     | My_bus/U24          |              | NOR2_X4      | 0.281 | My_bus/n55          |       SPEF |  33.490 | 0.003 |   1.724 | 
     | My_bus/U24          | A1 ^ -> ZN v | NOR2_X4      | 0.096 | My_bus/n94          |            |  61.779 | 0.149 |   1.873 | 
     | My_bus/U614         |              | INV_X1       | 0.096 | My_bus/n94          |       SPEF |  61.779 | 0.000 |   1.874 | 
     | My_bus/U614         | A v -> ZN ^  | INV_X1       | 0.039 | My_bus/n297         |            |   1.925 | 0.082 |   1.956 | 
     | My_bus/U15          |              | OAI21_X1     | 0.039 | My_bus/n297         |       SPEF |   1.925 | 0.000 |   1.957 | 
     | My_bus/U15          | A ^ -> ZN v  | OAI21_X1     | 0.061 | My_bus/n97          |            |   1.995 | 0.054 |   2.011 | 
     | My_bus/FE_OFC72_n97 |              | CLKBUF_X2    | 0.061 | My_bus/n97          |       SPEF |   1.995 | 0.000 |   2.011 | 
     | My_bus/FE_OFC72_n97 | A v -> Z v   | CLKBUF_X2    | 0.161 | My_bus/FE_OFN72_n97 |            |  65.429 | 0.258 |   2.270 | 
     | My_bus/U594         |              | AOI22_X1     | 0.163 | My_bus/FE_OFN72_n97 |       SPEF |  65.429 | 0.030 |   2.300 | 
     | My_bus/U594         | A2 v -> ZN ^ | AOI22_X1     | 0.192 | My_bus/n82          |            |   7.233 | 0.316 |   2.616 | 
     | My_bus/U593         |              | AND4_X1      | 0.192 | My_bus/n82          |       SPEF |   7.233 | 0.000 |   2.616 | 
     | My_bus/U593         | A4 ^ -> ZN ^ | AND4_X1      | 0.038 | My_bus/n294         |            |   1.713 | 0.220 |   2.836 | 
     | My_bus/U592         |              | NAND2_X1     | 0.038 | My_bus/n294         |       SPEF |   1.713 | 0.000 |   2.836 | 
     | My_bus/U592         | A2 ^ -> ZN v | NAND2_X1     | 0.033 | My_bus/n271         |            |   6.147 | 0.065 |   2.901 | 
     | My_bus/U589         |              | NOR3_X1      | 0.033 | My_bus/n271         |       SPEF |   6.147 | 0.000 |   2.901 | 
     | My_bus/U589         | A2 v -> ZN ^ | NOR3_X1      | 0.093 | My_bus/n290         |            |   1.291 | 0.167 |   3.068 | 
     | My_bus/U583         |              | AND4_X1      | 0.093 | My_bus/n290         |       SPEF |   1.291 | 0.000 |   3.068 | 
     | My_bus/U583         | A3 ^ -> ZN ^ | AND4_X1      | 0.058 | My_bus/n278         |            |   4.279 | 0.222 |   3.290 | 
     | My_bus/U574         |              | NAND3_X1     | 0.058 | My_bus/n278         |       SPEF |   4.279 | 0.000 |   3.291 | 
     | My_bus/U574         | A2 ^ -> ZN v | NAND3_X1     | 0.053 | My_bus/n261         |            |   4.829 | 0.092 |   3.383 | 
     | My_bus/U17          |              | NAND2_X1     | 0.053 | My_bus/n261         |       SPEF |   4.829 | 0.000 |   3.383 | 
     | My_bus/U17          | A1 v -> ZN ^ | NAND2_X1     | 0.098 | My_bus/n260         |            |   9.874 | 0.135 |   3.518 | 
     | My_bus/U16          |              | NOR2_X2      | 0.098 | My_bus/n260         |       SPEF |   9.874 | 0.001 |   3.520 | 
     | My_bus/U16          | A1 ^ -> ZN v | NOR2_X2      | 0.038 | YOUR_ADDRBUS[29]    |            |  17.961 | 0.077 |   3.597 | 
     | My_bus/U23          |              | INV_X4       | 0.038 | YOUR_ADDRBUS[29]    |       SPEF |  17.961 | 0.003 |   3.599 | 
     | My_bus/U23          | A v -> ZN ^  | INV_X4       | 0.271 | My_bus/n90          |            | 124.190 | 0.286 |   3.885 | 
     | My_bus/U217         |              | NOR2_X1      | 0.271 | My_bus/n90          |       SPEF | 124.190 | 0.011 |   3.896 | 
     | My_bus/U217         | A2 ^ -> ZN v | NOR2_X1      | 0.065 | YOUR_ADDRBUS[22]    |            |   4.702 | 0.095 |   3.991 | 
     | my_core_adapter     |              | core_adapter | 0.065 | YOUR_ADDRBUS[22]    |       SPEF |   4.702 | 0.001 |   3.992 | 
     +--------------------------------------------------------------------------------------------------------------------------+ 

