Information: Updating graph... (UID-83)
 
****************************************
Report : reference
Design : ensc450
Version: O-2018.06-SP5
Date   : Sat Apr 17 15:36:09 2021
****************************************

Attributes:
    b - black box (unknown)
   bo - allows boundary optimization
    d - dont_touch
   mo - map_only
    h - hierarchical
    n - noncombinational
    r - removable
    s - synthetic operator
    u - contains unmapped logic

Reference          Library       Unit Area   Count    Total Area   Attributes
-----------------------------------------------------------------------------
DMA_1_32_32                    2468.479976       1   2468.479976  h, n
INV_X2             NangateOpenCellLibrary
                                  0.798000       2      1.596000  
SRAM               SRAM       14884.000000       1  14884.000000  b, d
core_adapter       core_adapter
                              67574.000000       1  67574.000000  d
counter_32_4_1                 2234.932009       1   2234.932009  h, n
ubus_32_32_40001000_400017ff_20000000_200000ff_a0000000_a000000f_b0000000_b00000ff
                                722.455997       1    722.455997  h, n
-----------------------------------------------------------------------------
Total 6 references                                  87885.463982

****************************************
Design: DMA_1_32_32 
****************************************
Reference          Library       Unit Area   Count    Total Area   Attributes
-----------------------------------------------------------------------------
AND2_X1            NangateOpenCellLibrary
                                  1.064000       3      3.192000  
AND2_X2            NangateOpenCellLibrary
                                  1.330000       3      3.990000  
AND2_X4            NangateOpenCellLibrary
                                  2.394000       1      2.394000  
AND3_X2            NangateOpenCellLibrary
                                  1.596000       3      4.788000  
AND4_X1            NangateOpenCellLibrary
                                  1.596000       1      1.596000  
AOI21_X1           NangateOpenCellLibrary
                                  1.064000       1      1.064000  
AOI22_X1           NangateOpenCellLibrary
                                  1.330000      97    129.010004  
AOI222_X1          NangateOpenCellLibrary
                                  2.128000      32     68.096001  
DFF_X1             NangateOpenCellLibrary
                                  4.522000     262   1184.763957  n
DMA_1_32_32_DW01_add_0          140.448001       1    140.448001  h
DMA_1_32_32_DW01_add_1          142.044001       1    142.044001  h
DMA_1_32_32_DW01_sub_0          176.358003       1    176.358003  h
INV_X1             NangateOpenCellLibrary
                                  0.532000      77     40.964000  
INV_X2             NangateOpenCellLibrary
                                  0.798000       4      3.192000  
INV_X4             NangateOpenCellLibrary
                                  1.330000       2      2.660000  
INV_X8             NangateOpenCellLibrary
                                  2.394000       1      2.394000  
NAND2_X1           NangateOpenCellLibrary
                                  0.798000      37     29.525999  
NAND2_X2           NangateOpenCellLibrary
                                  1.330000       9     11.970000  
NAND2_X4           NangateOpenCellLibrary
                                  2.394000       1      2.394000  
NAND3_X1           NangateOpenCellLibrary
                                  1.064000       9      9.576000  
NAND3_X2           NangateOpenCellLibrary
                                  1.862000       1      1.862000  
NAND4_X1           NangateOpenCellLibrary
                                  1.330000      19     25.270001  
NOR2_X1            NangateOpenCellLibrary
                                  0.798000      39     31.121999  
NOR2_X4            NangateOpenCellLibrary
                                  2.394000       1      2.394000  
NOR3_X1            NangateOpenCellLibrary
                                  1.064000       3      3.192000  
NOR4_X1            NangateOpenCellLibrary
                                  1.330000      12     15.960001  
OAI21_X1           NangateOpenCellLibrary
                                  1.064000      63     67.032001  
OAI22_X1           NangateOpenCellLibrary
                                  1.330000     192    255.360008  
OAI211_X1          NangateOpenCellLibrary
                                  1.330000      32     42.560001  
OAI221_X1          NangateOpenCellLibrary
                                  1.596000      37     59.051998  
OR2_X1             NangateOpenCellLibrary
                                  1.064000       4      4.256000  
-----------------------------------------------------------------------------
Total 31 references                                  2468.479976

****************************************
Design: DMA_1_32_32_DW01_add_0 
****************************************
Reference          Library       Unit Area   Count    Total Area   Attributes
-----------------------------------------------------------------------------
FA_X1              NangateOpenCellLibrary
                                  4.256000      29    123.424001  r
INV_X1             NangateOpenCellLibrary
                                  0.532000       1      0.532000  
INV_X2             NangateOpenCellLibrary
                                  0.798000       1      0.798000  
NAND2_X1           NangateOpenCellLibrary
                                  0.798000       7      5.586000  
NAND3_X1           NangateOpenCellLibrary
                                  1.064000       2      2.128000  
XNOR2_X1           NangateOpenCellLibrary
                                  1.596000       1      1.596000  
XOR2_X1            NangateOpenCellLibrary
                                  1.596000       4      6.384000  
-----------------------------------------------------------------------------
Total 7 references                                    140.448001

****************************************
Design: DMA_1_32_32_DW01_add_1 
****************************************
Reference          Library       Unit Area   Count    Total Area   Attributes
-----------------------------------------------------------------------------
FA_X1              NangateOpenCellLibrary
                                  4.256000      29    123.424001  r
INV_X1             NangateOpenCellLibrary
                                  0.532000       1      0.532000  
INV_X2             NangateOpenCellLibrary
                                  0.798000       1      0.798000  
NAND2_X1           NangateOpenCellLibrary
                                  0.798000       6      4.788000  
NAND2_X2           NangateOpenCellLibrary
                                  1.330000       1      1.330000  
NAND3_X1           NangateOpenCellLibrary
                                  1.064000       2      2.128000  
XNOR2_X2           NangateOpenCellLibrary
                                  2.660000       1      2.660000  
XOR2_X1            NangateOpenCellLibrary
                                  1.596000       4      6.384000  
-----------------------------------------------------------------------------
Total 8 references                                    142.044001

****************************************
Design: DMA_1_32_32_DW01_sub_0 
****************************************
Reference          Library       Unit Area   Count    Total Area   Attributes
-----------------------------------------------------------------------------
INV_X1             NangateOpenCellLibrary
                                  0.532000       1      0.532000  
INV_X2             NangateOpenCellLibrary
                                  0.798000      62     49.475999  
NAND2_X2           NangateOpenCellLibrary
                                  1.330000      31     41.230001  
XNOR2_X2           NangateOpenCellLibrary
                                  2.660000      32     85.120003  
-----------------------------------------------------------------------------
Total 4 references                                    176.358003

****************************************
Design: counter_32_4_1 
****************************************
Reference          Library       Unit Area   Count    Total Area   Attributes
-----------------------------------------------------------------------------
AND2_X1            NangateOpenCellLibrary
                                  1.064000       1      1.064000  
AND2_X2            NangateOpenCellLibrary
                                  1.330000       4      5.320000  
AND4_X1            NangateOpenCellLibrary
                                  1.596000       8     12.768000  
AOI21_X1           NangateOpenCellLibrary
                                  1.064000       4      4.256000  
AOI22_X1           NangateOpenCellLibrary
                                  1.330000     192    255.360008  
AOI211_X1          NangateOpenCellLibrary
                                  1.330000       4      5.320000  
DFF_X1             NangateOpenCellLibrary
                                  4.522000     138    624.035977  n
INV_X1             NangateOpenCellLibrary
                                  0.532000      55     29.260000  
INV_X2             NangateOpenCellLibrary
                                  0.798000       8      6.384000  
NAND2_X1           NangateOpenCellLibrary
                                  0.798000      39     31.121999  
NAND2_X2           NangateOpenCellLibrary
                                  1.330000       4      5.320000  
NAND3_X1           NangateOpenCellLibrary
                                  1.064000       4      4.256000  
NAND4_X1           NangateOpenCellLibrary
                                  1.330000       1      1.330000  
NOR2_X1            NangateOpenCellLibrary
                                  0.798000      18     14.364000  
NOR3_X1            NangateOpenCellLibrary
                                  1.064000       1      1.064000  
NOR4_X1            NangateOpenCellLibrary
                                  1.330000      32     42.560001  
OAI21_X1           NangateOpenCellLibrary
                                  1.064000     130    138.320001  
OAI22_X1           NangateOpenCellLibrary
                                  1.330000       8     10.640000  
OR2_X1             NangateOpenCellLibrary
                                  1.064000       7      7.448000  
XNOR2_X1           NangateOpenCellLibrary
                                  1.596000       1      1.596000  
counter_32_4_1_DW01_inc_0        81.928003       1     81.928003  h
counter_32_4_1_DW01_inc_1        81.928003       1     81.928003  h
counter_32_4_1_DW01_inc_2        81.928003       1     81.928003  h
counter_32_4_1_DW01_inc_3        81.928003       1     81.928003  h
counter_32_4_1_DW01_sub_0       176.358003       1    176.358003  h
counter_32_4_1_DW01_sub_1       176.358003       1    176.358003  h
counter_32_4_1_DW01_sub_2       176.358003       1    176.358003  h
counter_32_4_1_DW01_sub_3       176.358003       1    176.358003  h
-----------------------------------------------------------------------------
Total 28 references                                  2234.932009

****************************************
Design: counter_32_4_1_DW01_inc_0 
****************************************
Reference          Library       Unit Area   Count    Total Area   Attributes
-----------------------------------------------------------------------------
HA_X1              NangateOpenCellLibrary
                                  2.660000      30     79.800003  r
INV_X1             NangateOpenCellLibrary
                                  0.532000       1      0.532000  
XOR2_X1            NangateOpenCellLibrary
                                  1.596000       1      1.596000  
-----------------------------------------------------------------------------
Total 3 references                                     81.928003

****************************************
Design: counter_32_4_1_DW01_inc_1 
****************************************
Reference          Library       Unit Area   Count    Total Area   Attributes
-----------------------------------------------------------------------------
HA_X1              NangateOpenCellLibrary
                                  2.660000      30     79.800003  r
INV_X1             NangateOpenCellLibrary
                                  0.532000       1      0.532000  
XOR2_X1            NangateOpenCellLibrary
                                  1.596000       1      1.596000  
-----------------------------------------------------------------------------
Total 3 references                                     81.928003

****************************************
Design: counter_32_4_1_DW01_inc_2 
****************************************
Reference          Library       Unit Area   Count    Total Area   Attributes
-----------------------------------------------------------------------------
HA_X1              NangateOpenCellLibrary
                                  2.660000      30     79.800003  r
INV_X1             NangateOpenCellLibrary
                                  0.532000       1      0.532000  
XOR2_X1            NangateOpenCellLibrary
                                  1.596000       1      1.596000  
-----------------------------------------------------------------------------
Total 3 references                                     81.928003

****************************************
Design: counter_32_4_1_DW01_inc_3 
****************************************
Reference          Library       Unit Area   Count    Total Area   Attributes
-----------------------------------------------------------------------------
HA_X1              NangateOpenCellLibrary
                                  2.660000      30     79.800003  r
INV_X1             NangateOpenCellLibrary
                                  0.532000       1      0.532000  
XOR2_X1            NangateOpenCellLibrary
                                  1.596000       1      1.596000  
-----------------------------------------------------------------------------
Total 3 references                                     81.928003

****************************************
Design: counter_32_4_1_DW01_sub_0 
****************************************
Reference          Library       Unit Area   Count    Total Area   Attributes
-----------------------------------------------------------------------------
INV_X1             NangateOpenCellLibrary
                                  0.532000       1      0.532000  
INV_X2             NangateOpenCellLibrary
                                  0.798000      62     49.475999  
NAND2_X2           NangateOpenCellLibrary
                                  1.330000      31     41.230001  
XNOR2_X2           NangateOpenCellLibrary
                                  2.660000      32     85.120003  
-----------------------------------------------------------------------------
Total 4 references                                    176.358003

****************************************
Design: counter_32_4_1_DW01_sub_1 
****************************************
Reference          Library       Unit Area   Count    Total Area   Attributes
-----------------------------------------------------------------------------
INV_X1             NangateOpenCellLibrary
                                  0.532000       1      0.532000  
INV_X2             NangateOpenCellLibrary
                                  0.798000      62     49.475999  
NAND2_X2           NangateOpenCellLibrary
                                  1.330000      31     41.230001  
XNOR2_X2           NangateOpenCellLibrary
                                  2.660000      32     85.120003  
-----------------------------------------------------------------------------
Total 4 references                                    176.358003

****************************************
Design: counter_32_4_1_DW01_sub_2 
****************************************
Reference          Library       Unit Area   Count    Total Area   Attributes
-----------------------------------------------------------------------------
INV_X1             NangateOpenCellLibrary
                                  0.532000       1      0.532000  
INV_X2             NangateOpenCellLibrary
                                  0.798000      62     49.475999  
NAND2_X2           NangateOpenCellLibrary
                                  1.330000      31     41.230001  
XNOR2_X2           NangateOpenCellLibrary
                                  2.660000      32     85.120003  
-----------------------------------------------------------------------------
Total 4 references                                    176.358003

****************************************
Design: counter_32_4_1_DW01_sub_3 
****************************************
Reference          Library       Unit Area   Count    Total Area   Attributes
-----------------------------------------------------------------------------
INV_X1             NangateOpenCellLibrary
                                  0.532000       1      0.532000  
INV_X2             NangateOpenCellLibrary
                                  0.798000      62     49.475999  
NAND2_X2           NangateOpenCellLibrary
                                  1.330000      31     41.230001  
XNOR2_X2           NangateOpenCellLibrary
                                  2.660000      32     85.120003  
-----------------------------------------------------------------------------
Total 4 references                                    176.358003

****************************************
Design: ubus_32_32_40001000_400017ff_20000000_200000ff_a0000000_a000000f_b0000000_b00000ff 
****************************************
Reference          Library       Unit Area   Count    Total Area   Attributes
-----------------------------------------------------------------------------
AND2_X1            NangateOpenCellLibrary
                                  1.064000       1      1.064000  
AND2_X2            NangateOpenCellLibrary
                                  1.330000       6      7.980000  
AND3_X1            NangateOpenCellLibrary
                                  1.330000       3      3.990000  
AND4_X1            NangateOpenCellLibrary
                                  1.596000       5      7.980000  
AND4_X2            NangateOpenCellLibrary
                                  1.862000       3      5.586000  
AOI21_X2           NangateOpenCellLibrary
                                  1.862000       1      1.862000  
AOI22_X1           NangateOpenCellLibrary
                                  1.330000     128    170.240005  
AOI22_X4           NangateOpenCellLibrary
                                  4.522000       1      4.522000  
AOI211_X1          NangateOpenCellLibrary
                                  1.330000       1      1.330000  
AOI211_X2          NangateOpenCellLibrary
                                  2.394000       1      2.394000  
AOI221_X4          NangateOpenCellLibrary
                                  3.458000       1      3.458000  
CLKBUF_X1          NangateOpenCellLibrary
                                  0.798000      16     12.768000  
DFF_X1             NangateOpenCellLibrary
                                  4.522000       7     31.653999  n
INV_X1             NangateOpenCellLibrary
                                  0.532000     100     53.200001  
INV_X2             NangateOpenCellLibrary
                                  0.798000       6      4.788000  
INV_X4             NangateOpenCellLibrary
                                  1.330000       3      3.990000  
INV_X8             NangateOpenCellLibrary
                                  2.394000       1      2.394000  
MUX2_X1            NangateOpenCellLibrary
                                  1.862000       3      5.586000  
NAND2_X1           NangateOpenCellLibrary
                                  0.798000      14     11.172000  
NAND2_X2           NangateOpenCellLibrary
                                  1.330000       5      6.650000  
NAND3_X1           NangateOpenCellLibrary
                                  1.064000       7      7.448000  
NAND4_X1           NangateOpenCellLibrary
                                  1.330000       5      6.650000  
NOR2_X1            NangateOpenCellLibrary
                                  0.798000     268    213.863994  
NOR2_X2            NangateOpenCellLibrary
                                  1.330000       3      3.990000  
NOR3_X1            NangateOpenCellLibrary
                                  1.064000       7      7.448000  
NOR4_X1            NangateOpenCellLibrary
                                  1.330000       1      1.330000  
NOR4_X2            NangateOpenCellLibrary
                                  2.394000       1      2.394000  
OAI21_X1           NangateOpenCellLibrary
                                  1.064000       2      2.128000  
OAI21_X2           NangateOpenCellLibrary
                                  1.862000       3      5.586000  
OAI21_X4           NangateOpenCellLibrary
                                  3.458000       1      3.458000  
OAI22_X1           NangateOpenCellLibrary
                                  1.330000       5      6.650000  
OAI221_X1          NangateOpenCellLibrary
                                  1.596000      64    102.143997  
OR2_X1             NangateOpenCellLibrary
                                  1.064000       1      1.064000  
OR2_X2             NangateOpenCellLibrary
                                  1.330000       3      3.990000  
OR3_X4             NangateOpenCellLibrary
                                  2.926000       4     11.704000  
-----------------------------------------------------------------------------
Total 35 references                                   722.455997
1
Information: Updating design information... (UID-85)
 
****************************************
Report : timing
        -path full
        -delay max
        -max_paths 1
        -transition_time
        -capacitance
Design : ensc450
Version: O-2018.06-SP5
Date   : Sat Apr 17 15:36:10 2021
****************************************

Operating Conditions: slow   Library: NangateOpenCellLibrary
Wire Load Model Mode: top

  Startpoint: EXT_BUSY (input port clocked by CLK)
  Endpoint: my_core_adapter
            (rising edge-triggered flip-flop clocked by CLK)
  Path Group: CLK
  Path Type: max

  Des/Clust/Port     Wire Load Model       Library
  ------------------------------------------------
  ensc450            5K_hvratio_1_1        NangateOpenCellLibrary

  Point                                          Cap     Trans      Incr       Path
  ------------------------------------------------------------------------------------
  clock CLK (rise edge)                                             0.00       0.00
  clock network delay (ideal)                                       0.00       0.00
  input external delay                                              0.80       0.80 f
  EXT_BUSY (in)                                 6.04      0.00      0.00       0.80 f
  My_bus/M1_BUSY (ubus_32_32_40001000_400017ff_20000000_200000ff_a0000000_a000000f_b0000000_b00000ff)
                                                                    0.00       0.80 f
  My_bus/U74/ZN (AOI22_X4)                      7.58      0.09      0.16       0.96 r
  My_bus/U46/ZN (NOR2_X1)                       3.26      0.03      0.06       1.03 f
  My_bus/U21/ZN (AOI211_X2)                     1.95      0.12      0.25       1.27 r
  My_bus/U58/ZN (INV_X1)                        2.84      0.03      0.06       1.33 f
  My_bus/U23/ZN (OR2_X2)                        5.70      0.03      0.18       1.52 f
  My_bus/U88/ZN (OAI21_X4)                     75.49      0.37      0.25       1.77 r
  My_bus/U652/ZN (AOI22_X1)                    10.39      0.10      0.23       2.00 f
  My_bus/U87/ZN (AND4_X2)                       1.76      0.02      0.18       2.19 f
  My_bus/U651/ZN (NAND2_X1)                     3.10      0.04      0.07       2.26 r
  My_bus/U17/ZN (NOR2_X1)                       1.77      0.01      0.04       2.30 f
  My_bus/U60/ZN (AND4_X2)                       4.92      0.02      0.11       2.41 f
  My_bus/U622/ZN (NAND4_X1)                     3.12      0.06      0.08       2.50 r
  My_bus/U37/ZN (AND2_X2)                       3.05      0.03      0.12       2.61 r
  My_bus/U20/ZN (NOR2_X1)                       4.16      0.02      0.05       2.66 f
  My_bus/U19/ZN (INV_X2)                        3.45      0.02      0.06       2.72 r
  My_bus/U26/ZN (INV_X2)                       14.73      0.02      0.06       2.78 f
  My_bus/U27/ZN (INV_X1)                        1.90      0.02      0.06       2.84 r
  My_bus/U272/ZN (NOR2_X1)                      2.07      0.06      0.04       2.87 f
  My_bus/S2_ADDRBUS[31] (ubus_32_32_40001000_400017ff_20000000_200000ff_a0000000_a000000f_b0000000_b00000ff)
                                                                    0.00       2.87 f
  my_core_adapter/addr_in[31] (core_adapter)              0.06      0.01       2.89 f
  data arrival time                                                            2.89

  clock CLK (rise edge)                                            10.00      10.00
  clock network delay (ideal)                                       0.00      10.00
  my_core_adapter/clk (core_adapter)                                0.00      10.00 r
  library setup time                                               -7.10       2.90
  data required time                                                           2.90
  ------------------------------------------------------------------------------------
  data required time                                                           2.90
  data arrival time                                                           -2.89
  ------------------------------------------------------------------------------------
  slack (MET)                                                                  0.01


1
Loading db file '/CMC/setups/ensc450/SOCLAB/LIBRARIES/NangateOpenCellLibrary_PDKv1_3_v2010_12/Front_End/DB/NangateOpenCellLibrary_slow.db'
Information: Propagating switching activity (low effort zero delay simulation). (PWR-6)
Warning: Design has unannotated primary inputs. (PWR-414)
Warning: Design has unannotated sequential cell outputs. (PWR-415)
Warning: Design has unannotated black box outputs. (PWR-428)
 
****************************************
Report : power
        -analysis_effort low
Design : ensc450
Version: O-2018.06-SP5
Date   : Sat Apr 17 15:36:10 2021
****************************************


Library(s) Used:

    NangateOpenCellLibrary (File: /CMC/setups/ensc450/SOCLAB/LIBRARIES/NangateOpenCellLibrary_PDKv1_3_v2010_12/Front_End/DB/NangateOpenCellLibrary_slow.db)
    core_adapter (File: /local-scratch/localhome/escmc38/Desktop/ensc450/project/ensc450_system/BE_045/best_part2_results/core_adapter_slow.db)
    SRAM (File: /CMC/setups/ensc450/Project/SRAM_Lib/SRAM.db)

Information: The library cell 'SRAM' in the library 'SRAM' is not characterized for internal power. (PWR-227)
Information: The library cell 'core_adapter' in the library 'core_adapter' is not characterized for internal power. (PWR-227)
Information: The design contains cells, other than constants and black boxes, that are not characterized for internal power. (PWR-228)

Operating Conditions: slow   Library: NangateOpenCellLibrary
Wire Load Model Mode: top

Design        Wire Load Model            Library
------------------------------------------------
ensc450                5K_hvratio_1_1    NangateOpenCellLibrary


Global Operating Voltage = 0.95 
Power-specific unit information :
    Voltage Units = 1V
    Capacitance Units = 1.000000ff
    Time Units = 1ns
    Dynamic Power Units = 1uW    (derived from V,C,T units)
    Leakage Power Units = 1nW


  Cell Internal Power  = 215.5302 uW   (95%)
  Net Switching Power  =  10.6176 uW    (5%)
                         ---------
Total Dynamic Power    = 226.1479 uW  (100%)

Cell Leakage Power     =  75.9376 uW


                 Internal         Switching           Leakage            Total
Power Group      Power            Power               Power              Power   (   %    )  Attrs
--------------------------------------------------------------------------------------------------
io_pad             0.0000            0.0000            0.0000            0.0000  (   0.00%)
memory             0.0000            0.0000            0.0000            0.0000  (   0.00%)
black_box          0.0000            0.5526            0.0000            0.5526  (   0.18%)
clock_network      0.2267            1.6049        7.1292e+03            8.9608  (   2.97%)
register         212.4051            0.1705        2.1342e+04          233.9174  (  77.43%)
sequential         0.0000            0.0000            0.0000            0.0000  (   0.00%)
combinational      2.8982            8.2896        4.7466e+04           58.6542  (  19.42%)
--------------------------------------------------------------------------------------------------
Total            215.5300 uW        10.6176 uW     7.5938e+04 nW       302.0850 uW
1
 
****************************************
Report : clocks
Design : ensc450
Version: O-2018.06-SP5
Date   : Sat Apr 17 15:36:10 2021
****************************************

Attributes:
    d - dont_touch_network
    f - fix_hold
    p - propagated_clock
    G - generated_clock
    g - lib_generated_clock

Clock          Period   Waveform            Attrs     Sources
--------------------------------------------------------------------------------
CLK             10.00   {0 5}               d         {clk}
--------------------------------------------------------------------------------
1
